--------------------------------------------------------------------------------
 Project integration - START (2014-06-18 00:42:30) 
--------------------------------------------------------------------------------
FE snapshot name: DCDV
BE snapshot name: PCB_Layout_Temp
Top level block: (2-1-5)
Parameters: BAConnectivity,BAConstraints,FEWin,
--------------------------------------------------------------------------------
--------------------------------------------------------------------------------
 Connection synchronization - START (2014-06-18 00:42:30) 
--------------------------------------------------------------------------------
[Skipped][Modification] - [BE->FE] [P: Block,Schematic1,(2-1-5)] [O: FlatComp,STM32L151CB;4,(1023-1-8)]
	Property: Cell Name, Operation: Change
[Skipped][Modification] - [BE->FE] [P: Block,Schematic1,(2-1-5)] [O: FlatComp,NMOS;6,(1023-2-8)]
	Property: Cell Name, Operation: Change
[Skipped][Modification] - [BE->FE] [P: Block,Schematic1,(2-1-5)] [O: FlatComp,NMOS;6,(1023-3-8)]
	Property: Cell Name, Operation: Change
[Skipped][Modification] - [BE->FE] [P: Block,Schematic1,(2-1-5)] [O: FlatComp,NMOS;6,(1023-4-8)]
	Property: Cell Name, Operation: Change
[Skipped][Modification] - [BE->FE] [P: Block,Schematic1,(2-1-5)] [O: FlatComp,NMOS;6,(1023-5-8)]
	Property: Cell Name, Operation: Change
[Skipped][Modification] - [BE->FE] [P: Block,Schematic1,(2-1-5)] [O: FlatComp,NMOS;6,(1023-6-8)]
	Property: Cell Name, Operation: Change
[Skipped][Modification] - [BE->FE] [P: Block,Schematic1,(2-1-5)] [O: FlatComp,NMOS;6,(1023-7-8)]
	Property: Cell Name, Operation: Change
[Skipped][Modification] - [BE->FE] [P: Block,Schematic1,(2-1-5)] [O: FlatComp,EKMB1301111K;3,(1023-8-8)]
	Property: Cell Name, Operation: Change
[Skipped][Modification] - [BE->FE] [P: Block,Schematic1,(2-1-5)] [O: FlatComp,LT1763;1,(1023-9-8)]
	Property: Cell Name, Operation: Change
[Skipped][Modification] - [BE->FE] [P: Block,Schematic1,(2-1-5)] [O: FlatComp,CAP_NP;5,(1023-10-8)]
	Property: Cell Name, Operation: Change
[Skipped][Modification] - [BE->FE] [P: Block,Schematic1,(2-1-5)] [O: FlatComp,CAP_NP;5,(1023-11-8)]
	Property: Cell Name, Operation: Change
[Skipped][Modification] - [BE->FE] [P: Block,Schematic1,(2-1-5)] [O: FlatComp,MODULE_NRF24L01;3,(1023-12-8)]
	Property: Cell Name, Operation: Change
[Skipped][Modification] - [BE->FE] [P: Block,Schematic1,(2-1-5)] [O: FlatComp,RES;8,(1023-13-8)]
	Property: Cell Name, Operation: Change
[Skipped][Modification] - [BE->FE] [P: Block,Schematic1,(2-1-5)] [O: FlatComp,RES;8,(1023-14-8)]
	Property: Cell Name, Operation: Change
[Skipped][Modification] - [BE->FE] [P: Block,Schematic1,(2-1-5)] [O: FlatComp,RES;8,(1023-15-8)]
	Property: Cell Name, Operation: Change
[Skipped][Modification] - [BE->FE] [P: Block,Schematic1,(2-1-5)] [O: FlatComp,RES;8,(1023-16-8)]
	Property: Cell Name, Operation: Change
[Skipped][Modification] - [BE->FE] [P: Block,Schematic1,(2-1-5)] [O: FlatComp,RES;8,(1023-17-8)]
	Property: Cell Name, Operation: Change
[Skipped][Modification] - [BE->FE] [P: Block,Schematic1,(2-1-5)] [O: FlatComp,RES;8,(1023-18-8)]
	Property: Cell Name, Operation: Change
[Skipped][Modification] - [BE->FE] [P: Block,Schematic1,(2-1-5)] [O: FlatComp,DIODE;5,(1023-19-8)]
	Property: Cell Name, Operation: Change
[Skipped][Modification] - [BE->FE] [P: Block,Schematic1,(2-1-5)] [O: FlatComp,DIODE;5,(1023-20-8)]
	Property: Cell Name, Operation: Change
[Skipped][Modification] - [BE->FE] [P: Block,Schematic1,(2-1-5)] [O: FlatComp,RES;8,(1023-21-8)]
	Property: Cell Name, Operation: Change
[Skipped][Modification] - [BE->FE] [P: Block,Schematic1,(2-1-5)] [O: FlatComp,RES;8,(1023-22-8)]
	Property: Cell Name, Operation: Change
[Skipped][Modification] - [BE->FE] [P: Block,Schematic1,(2-1-5)] [O: FlatComp,NMOS;6,(1023-23-8)]
	Property: Cell Name, Operation: Change
[Skipped][Modification] - [BE->FE] [P: Block,Schematic1,(2-1-5)] [O: FlatComp,NMOS;6,(1023-24-8)]
	Property: Cell Name, Operation: Change
[Skipped][Modification] - [BE->FE] [P: Block,Schematic1,(2-1-5)] [O: FlatComp,CON10_HE10_SWD;2,(1023-25-8)]
	Property: Cell Name, Operation: Change
[Skipped][Modification] - [BE->FE] [P: Block,Schematic1,(2-1-5)] [O: FlatComp,LED_3_RGB_A1_C3;5,(1023-26-8)]
	Property: Cell Name, Operation: Change
[Skipped][Modification] - [BE->FE] [P: Block,Schematic1,(2-1-5)] [O: FlatComp,LED_3_RGB_A1_C3;5,(1023-27-8)]
	Property: Cell Name, Operation: Change
[Skipped][Modification] - [BE->FE] [P: Block,Schematic1,(2-1-5)] [O: FlatComp,CAP_NP;5,(1023-28-8)]
	Property: Cell Name, Operation: Change
[Skipped][Modification] - [BE->FE] [P: Block,Schematic1,(2-1-5)] [O: FlatComp,RES;8,(1023-29-8)]
	Property: Cell Name, Operation: Change
[Skipped][Modification] - [BE->FE] [P: Block,Schematic1,(2-1-5)] [O: FlatComp,CAP_NP;5,(1023-30-8)]
	Property: Cell Name, Operation: Change
--------------------------------------------------------------------------------
 Connection synchronization - END (2014-06-18 00:42:30) 
--------------------------------------------------------------------------------
--------------------------------------------------------------------------------
 CES synchronization - START (2014-06-18 00:42:30) 
--------------------------------------------------------------------------------

--------------------------------------------------------------------------------
 TOPOLOGY synchronization - START (2014-06-18 00:42:30) 
--------------------------------------------------------------------------------
--------------------------------------------------------------------------------
 TOPOLOGY synchronization - END (2014-06-18 00:42:30) 
--------------------------------------------------------------------------------
[Ok][Modification] - [BE->FE] [P: CesLayerRule,CesLayerRule,(4-1-40)] [O: CesConstraint,TYP_TRACE_WIDTH,(4-84-22)]
[Ok][Modification] - [BE->FE] [P: CesLayerRule,CesLayerRule,(4-3-40)] [O: CesConstraint,TYP_TRACE_WIDTH,(4-90-22)]
[Ok][Modification] - [BE->FE] [P: CesSchemeNetClassRule,(Default),(2-1-38)] [O: CesConstraint,TYP_TRACE_WIDTH,(162-1-22)]
--------------------------------------------------------------------------------
 CES synchronization - END (2014-06-18 00:42:30) 
--------------------------------------------------------------------------------
--------------------------------------------------------------------------------
 VMVariant synchronization - START (2014-06-18 00:42:30) 
--------------------------------------------------------------------------------
--------------------------------------------------------------------------------
 VMVariant synchronization - END (2014-06-18 00:42:30) 
--------------------------------------------------------------------------------
--------------------------------------------------------------------------------
 Project integration - END (2014-06-18 00:42:30) 
--------------------------------------------------------------------------------
