--------------------------------------------------------------------------------
 Project integration - START (2014-06-20 01:16:03) 
--------------------------------------------------------------------------------
FE snapshot name: DCDV
BE snapshot name: PCB_Layout_Temp
Top level block: (2-1-5)
Parameters: BAConnectivity,BAConstraints,FEWin,
--------------------------------------------------------------------------------
--------------------------------------------------------------------------------
 Connection synchronization - START (2014-06-20 01:16:03) 
--------------------------------------------------------------------------------
[Ok][Modification] - [BE->FE] [P: Block,Schematic1,(2-1-5)] [O: FlatComp,STM32L151CB;4,(1023-1-8)]
	Property: Cell Name, Operation: Change
[Ok][Modification] - [BE->FE] [P: Block,Schematic1,(2-1-5)] [O: FlatComp,PAD;5,(1059-1-8)]
	Property: Cell Name, Operation: Change
[Ok][Modification] - [BE->FE] [P: Block,Schematic1,(2-1-5)] [O: FlatComp,CON4_188275;2,(1073-1-8)]
	Property: Cell Name, Operation: Change
[Ok][Modification] - [BE->FE] [P: Block,Schematic1,(2-1-5)] [O: FlatComp,PAD;5,(1194-1-8)]
	Property: Cell Name, Operation: Change
[Ok][Modification] - [BE->FE] [P: Block,Schematic1,(2-1-5)] [O: FlatComp,RES;8,(1202-1-8)]
	Property: Cell Name, Operation: Change
[Ok][Modification] - [BE->FE] [P: Block,Schematic1,(2-1-5)] [O: FlatComp,RES;8,(1210-1-8)]
	Property: Cell Name, Operation: Change
[Ok][Modification] - [BE->FE] [P: Block,Schematic1,(2-1-5)] [O: FlatComp,LDR;1,(1224-1-8)]
	Property: Cell Name, Operation: Change
[Ok][Modification] - [BE->FE] [P: Block,Schematic1,(2-1-5)] [O: FlatComp,NMOS;6,(1023-2-8)]
	Property: Cell Name, Operation: Change
[Ok][Modification] - [BE->FE] [P: Block,Schematic1,(2-1-5)] [O: FlatComp,PAD;5,(1059-2-8)]
	Property: Cell Name, Operation: Change
[Ok][Modification] - [BE->FE] [P: Block,Schematic1,(2-1-5)] [O: FlatComp,CAP_NP;5,(1073-2-8)]
	Property: Cell Name, Operation: Change
[Ok][Modification] - [BE->FE] [P: Block,Schematic1,(2-1-5)] [O: FlatComp,PAD;5,(1194-2-8)]
	Property: Cell Name, Operation: Change
[Ok][Modification] - [BE->FE] [P: Block,Schematic1,(2-1-5)] [O: FlatComp,RES;8,(1224-2-8)]
	Property: Cell Name, Operation: Change
[Ok][Modification] - [BE->FE] [P: Block,Schematic1,(2-1-5)] [O: FlatComp,NMOS;6,(1023-3-8)]
	Property: Cell Name, Operation: Change
[Ok][Modification] - [BE->FE] [P: Block,Schematic1,(2-1-5)] [O: FlatComp,CAP_NP;5,(1073-3-8)]
	Property: Cell Name, Operation: Change
[Ok][Modification] - [BE->FE] [P: Block,Schematic1,(2-1-5)] [O: FlatComp,PAD;5,(1194-3-8)]
	Property: Cell Name, Operation: Change
[Ok][Modification] - [BE->FE] [P: Block,Schematic1,(2-1-5)] [O: FlatComp,NMOS;6,(1023-4-8)]
	Property: Cell Name, Operation: Change
[Ok][Modification] - [BE->FE] [P: Block,Schematic1,(2-1-5)] [O: FlatComp,CAP_NP;5,(1073-4-8)]
	Property: Cell Name, Operation: Change
[Ok][Modification] - [BE->FE] [P: Block,Schematic1,(2-1-5)] [O: FlatComp,PAD;5,(1194-4-8)]
	Property: Cell Name, Operation: Change
[Ok][Modification] - [BE->FE] [P: Block,Schematic1,(2-1-5)] [O: FlatComp,NMOS;6,(1023-5-8)]
	Property: Cell Name, Operation: Change
[Ok][Modification] - [BE->FE] [P: Block,Schematic1,(2-1-5)] [O: FlatComp,NMOS;6,(1023-6-8)]
	Property: Cell Name, Operation: Change
[Ok][Modification] - [BE->FE] [P: Block,Schematic1,(2-1-5)] [O: FlatComp,CAP_NP;5,(1059-6-8)]
	Property: Cell Name, Operation: Change
[Ok][Modification] - [BE->FE] [P: Block,Schematic1,(2-1-5)] [O: FlatComp,NMOS;6,(1023-7-8)]
	Property: Cell Name, Operation: Change
[Ok][Modification] - [BE->FE] [P: Block,Schematic1,(2-1-5)] [O: FlatComp,EKMB1301111K;3,(1023-8-8)]
	Property: Cell Name, Operation: Change
[Ok][Modification] - [BE->FE] [P: Block,Schematic1,(2-1-5)] [O: FlatComp,LT1763;1,(1023-9-8)]
	Property: Cell Name, Operation: Change
[Ok][Modification] - [BE->FE] [P: Block,Schematic1,(2-1-5)] [O: FlatComp,CAP_NP;5,(1023-10-8)]
	Property: Cell Name, Operation: Change
[Ok][Modification] - [BE->FE] [P: Block,Schematic1,(2-1-5)] [O: FlatComp,CAP_NP;5,(1023-11-8)]
	Property: Cell Name, Operation: Change
[Ok][Modification] - [BE->FE] [P: Block,Schematic1,(2-1-5)] [O: FlatComp,MODULE_NRF24L01;3,(1023-12-8)]
	Property: Cell Name, Operation: Change
[Ok][Modification] - [BE->FE] [P: Block,Schematic1,(2-1-5)] [O: FlatComp,RES;8,(1023-13-8)]
	Property: Cell Name, Operation: Change
[Ok][Modification] - [BE->FE] [P: Block,Schematic1,(2-1-5)] [O: FlatComp,RES;8,(1023-14-8)]
	Property: Cell Name, Operation: Change
[Ok][Modification] - [BE->FE] [P: Block,Schematic1,(2-1-5)] [O: FlatComp,RES;8,(1023-15-8)]
	Property: Cell Name, Operation: Change
[Ok][Modification] - [BE->FE] [P: Block,Schematic1,(2-1-5)] [O: FlatComp,RES;8,(1023-16-8)]
	Property: Cell Name, Operation: Change
[Ok][Modification] - [BE->FE] [P: Block,Schematic1,(2-1-5)] [O: FlatComp,RES;8,(1023-17-8)]
	Property: Cell Name, Operation: Change
[Ok][Modification] - [BE->FE] [P: Block,Schematic1,(2-1-5)] [O: FlatComp,RES;8,(1023-18-8)]
	Property: Cell Name, Operation: Change
[Ok][Modification] - [BE->FE] [P: Block,Schematic1,(2-1-5)] [O: FlatComp,RES;8,(1023-21-8)]
	Property: Cell Name, Operation: Change
[Ok][Modification] - [BE->FE] [P: Block,Schematic1,(2-1-5)] [O: FlatComp,NMOS;6,(1023-23-8)]
	Property: Cell Name, Operation: Change
[Ok][Modification] - [BE->FE] [P: Block,Schematic1,(2-1-5)] [O: FlatComp,NMOS;6,(1023-24-8)]
	Property: Cell Name, Operation: Change
[Ok][Modification] - [BE->FE] [P: Block,Schematic1,(2-1-5)] [O: FlatComp,CON10_HE10_SWD;2,(1023-25-8)]
	Property: Cell Name, Operation: Change
[Ok][Modification] - [BE->FE] [P: Block,Schematic1,(2-1-5)] [O: FlatComp,LED_3_RGB_A1_C3;5,(1023-26-8)]
	Property: Cell Name, Operation: Change
[Ok][Modification] - [BE->FE] [P: Block,Schematic1,(2-1-5)] [O: FlatComp,LED_3_RGB_A1_C3;5,(1023-27-8)]
	Property: Cell Name, Operation: Change
[Ok][Modification] - [BE->FE] [P: Block,Schematic1,(2-1-5)] [O: FlatComp,CAP_NP;5,(1023-28-8)]
	Property: Cell Name, Operation: Change
[Ok][Modification] - [BE->FE] [P: Block,Schematic1,(2-1-5)] [O: FlatComp,RES;8,(1023-29-8)]
	Property: Cell Name, Operation: Change
[Ok][Modification] - [BE->FE] [P: Block,Schematic1,(2-1-5)] [O: FlatComp,CAP_NP;5,(1023-30-8)]
	Property: Cell Name, Operation: Change
--------------------------------------------------------------------------------
 Connection synchronization - END (2014-06-20 01:16:03) 
--------------------------------------------------------------------------------
--------------------------------------------------------------------------------
 CES synchronization - START (2014-06-20 01:16:03) 
--------------------------------------------------------------------------------

--------------------------------------------------------------------------------
 TOPOLOGY synchronization - START (2014-06-20 01:16:03) 
--------------------------------------------------------------------------------
--------------------------------------------------------------------------------
 TOPOLOGY synchronization - END (2014-06-20 01:16:03) 
--------------------------------------------------------------------------------
[Ok][Modification] - [BE->FE] [P: CesViaSpan,Through,(4-1-27)] [O: CesConstraint,DEFAULT_VIA,(4-32-22)]
[Ok][Modification] - [BE->FE] [P: CesLayerClearRule,CesLayerClearRule,(4-1-42)] [O: CesConstraint,PAD_TO_PLANE,(4-43-22)]
[Ok][Modification] - [BE->FE] [P: CesLayerClearRule,CesLayerClearRule,(4-1-42)] [O: CesConstraint,PLANE_TO_PLANE,(4-44-22)]
[Ok][Modification] - [BE->FE] [P: CesLayerClearRule,CesLayerClearRule,(4-1-42)] [O: CesConstraint,TRACE_TO_PLANE,(4-45-22)]
[Ok][Modification] - [BE->FE] [P: CesLayerClearRule,CesLayerClearRule,(4-1-42)] [O: CesConstraint,VIA_TO_PLANE,(4-46-22)]
[Ok][Modification] - [BE->FE] [P: CesLayerClearRule,CesLayerClearRule,(4-1-42)] [O: CesConstraint,TRACE_TO_PAD,(4-47-22)]
[Ok][Modification] - [BE->FE] [P: CesLayerClearRule,CesLayerClearRule,(4-1-42)] [O: CesConstraint,TRACE_TO_TRACE,(4-48-22)]
[Ok][Modification] - [BE->FE] [P: CesLayerClearRule,CesLayerClearRule,(4-1-42)] [O: CesConstraint,TRACE_TO_VIA,(4-49-22)]
[Ok][Modification] - [BE->FE] [P: CesLayerClearRule,CesLayerClearRule,(4-1-42)] [O: CesConstraint,SMDPAD_TO_VIA,(4-61-22)]
[Ok][Modification] - [BE->FE] [P: CesLayerClearRule,CesLayerClearRule,(4-3-42)] [O: CesConstraint,PAD_TO_PLANE,(4-63-22)]
[Ok][Modification] - [BE->FE] [P: CesLayerClearRule,CesLayerClearRule,(4-3-42)] [O: CesConstraint,PLANE_TO_PLANE,(4-64-22)]
[Ok][Modification] - [BE->FE] [P: CesLayerClearRule,CesLayerClearRule,(4-3-42)] [O: CesConstraint,TRACE_TO_PLANE,(4-65-22)]
[Ok][Modification] - [BE->FE] [P: CesLayerClearRule,CesLayerClearRule,(4-3-42)] [O: CesConstraint,VIA_TO_PLANE,(4-66-22)]
[Ok][Modification] - [BE->FE] [P: CesLayerClearRule,CesLayerClearRule,(4-3-42)] [O: CesConstraint,TRACE_TO_PAD,(4-67-22)]
[Ok][Modification] - [BE->FE] [P: CesLayerClearRule,CesLayerClearRule,(4-3-42)] [O: CesConstraint,TRACE_TO_TRACE,(4-68-22)]
[Ok][Modification] - [BE->FE] [P: CesLayerClearRule,CesLayerClearRule,(4-3-42)] [O: CesConstraint,TRACE_TO_VIA,(4-69-22)]
[Ok][Modification] - [BE->FE] [P: CesLayerClearRule,CesLayerClearRule,(4-3-42)] [O: CesConstraint,SMDPAD_TO_VIA,(4-81-22)]
[Ok][Modification] - [BE->FE] [P: CesSchemeClearRule,(Default Rule),(2-1-41)] [O: CesConstraint,TRACE_TO_TRACE,(83-1-22)]
[Ok][Modification] - [BE->FE] [P: CesSchemeClearRule,(Default Rule),(2-1-41)] [O: CesConstraint,TRACE_TO_PAD,(83-3-22)]
[Ok][Modification] - [BE->FE] [P: CesSchemeClearRule,(Default Rule),(2-1-41)] [O: CesConstraint,TRACE_TO_PLANE,(684-1-22)]
[Ok][Modification] - [BE->FE] [P: CesSchemeClearRule,(Default Rule),(2-1-41)] [O: CesConstraint,TRACE_TO_VIA,(684-3-22)]
[Ok][Modification] - [BE->FE] [P: CesSchemeClearRule,(Default Rule),(2-1-41)] [O: CesConstraint,PAD_TO_PLANE,(684-9-22)]
[Ok][Modification] - [BE->FE] [P: CesSchemeClearRule,(Default Rule),(2-1-41)] [O: CesConstraint,VIA_TO_PLANE,(684-13-22)]
[Ok][Modification] - [BE->FE] [P: CesSchemeClearRule,(Default Rule),(2-1-41)] [O: CesConstraint,SMDPAD_TO_VIA,(684-15-22)]
[Ok][Modification] - [BE->FE] [P: CesSchemeClearRule,(Default Rule),(2-1-41)] [O: CesConstraint,PLANE_TO_PLANE,(684-17-22)]
--------------------------------------------------------------------------------
 CES synchronization - END (2014-06-20 01:16:03) 
--------------------------------------------------------------------------------
--------------------------------------------------------------------------------
 VMVariant synchronization - START (2014-06-20 01:16:03) 
--------------------------------------------------------------------------------
--------------------------------------------------------------------------------
 VMVariant synchronization - END (2014-06-20 01:16:03) 
--------------------------------------------------------------------------------
--------------------------------------------------------------------------------
 Project integration - END (2014-06-20 01:16:03) 
--------------------------------------------------------------------------------
