ARM GAS  /tmp/ccDLAfcZ.s 			page 1


   1              		.syntax unified
   2              		.cpu cortex-m3
   3              		.fpu softvfp
   4              		.eabi_attribute 20, 1
   5              		.eabi_attribute 21, 1
   6              		.eabi_attribute 23, 3
   7              		.eabi_attribute 24, 1
   8              		.eabi_attribute 25, 1
   9              		.eabi_attribute 26, 1
  10              		.eabi_attribute 30, 2
  11              		.eabi_attribute 34, 1
  12              		.eabi_attribute 18, 4
  13              		.thumb
  14              		.file	"board.c"
  15              		.text
  16              	.Ltext0:
  17              		.cfi_sections	.debug_frame
  18              		.section	.text.__early_init,"ax",%progbits
  19              		.align	2
  20              		.global	__early_init
  21              		.thumb
  22              		.thumb_func
  23              		.type	__early_init, %function
  24              	__early_init:
  25              	.LFB63:
  26              		.file 1 "../ChibiOS_2.6.4/boards/ST_STM32L_DISCOVERY/board.c"
  27              		.loc 1 48 0
  28              		.cfi_startproc
  29              		@ args = 0, pretend = 0, frame = 0
  30              		@ frame_needed = 0, uses_anonymous_args = 0
  31              		@ link register save eliminated.
  32              		.loc 1 50 0
  33 0000 FFF7FEBF 		b	stm32_clock_init
  34              	.LVL0:
  35              		.cfi_endproc
  36              	.LFE63:
  37              		.size	__early_init, .-__early_init
  38              		.section	.text.boardInit,"ax",%progbits
  39              		.align	2
  40              		.global	boardInit
  41              		.thumb
  42              		.thumb_func
  43              		.type	boardInit, %function
  44              	boardInit:
  45              	.LFB64:
  46              		.loc 1 101 0
  47              		.cfi_startproc
  48              		@ args = 0, pretend = 0, frame = 0
  49              		@ frame_needed = 0, uses_anonymous_args = 0
  50              		@ link register save eliminated.
  51 0000 7047     		bx	lr
  52              		.cfi_endproc
  53              	.LFE64:
  54              		.size	boardInit, .-boardInit
  55              		.global	pal_default_config
  56 0002 00BF     		.section	.rodata.pal_default_config,"a",%progbits
  57              		.align	2
ARM GAS  /tmp/ccDLAfcZ.s 			page 2


  58              		.type	pal_default_config, %object
  59              		.size	pal_default_config, 168
  60              	pal_default_config:
  61 0000 000000A8 		.word	-1476395008
  62 0004 00000000 		.word	0
  63 0008 000000FC 		.word	-67108864
  64 000c 54555565 		.word	1700091220
  65 0010 FFFF0000 		.word	65535
  66 0014 00000000 		.word	0
  67 0018 00000000 		.word	0
  68 001c 80520000 		.word	21120
  69 0020 00000000 		.word	0
  70 0024 F0F30000 		.word	62448
  71 0028 05055555 		.word	1431635205
  72 002c 3FFF0000 		.word	65343
  73 0030 00000000 		.word	0
  74 0034 00000000 		.word	0
  75 0038 00000000 		.word	0
  76 003c 00000000 		.word	0
  77 0040 000000F0 		.word	-268435456
  78 0044 55555505 		.word	89478485
  79 0048 FFFF0000 		.word	65535
  80 004c 00000000 		.word	0
  81 0050 00000000 		.word	0
  82 0054 00000000 		.word	0
  83 0058 00000000 		.word	0
  84 005c 00000000 		.word	0
  85 0060 55555555 		.word	1431655765
  86 0064 FFFF0000 		.word	65535
  87 0068 00000000 		.word	0
  88 006c 00000000 		.word	0
  89 0070 00000000 		.word	0
  90 0074 00000000 		.word	0
  91 0078 00000000 		.word	0
  92 007c 55555555 		.word	1431655765
  93 0080 FFFF0000 		.word	65535
  94 0084 00000000 		.word	0
  95 0088 00000000 		.word	0
  96 008c 00000000 		.word	0
  97 0090 00000000 		.word	0
  98 0094 0F000000 		.word	15
  99 0098 50555555 		.word	1431655760
 100 009c FFFF0000 		.word	65535
 101 00a0 00000000 		.word	0
 102 00a4 00000000 		.word	0
 103              		.text
 104              	.Letext0:
 105              		.file 2 "/usr/include/newlib/machine/_default_types.h"
 106              		.file 3 "/usr/include/newlib/stdint.h"
 107              		.file 4 "../ChibiOS_2.6.4/os/hal/platforms/STM32/GPIOv2/pal_lld.h"
 108              		.file 5 "../ChibiOS_2.6.4/os/ports/common/ARMCMx/CMSIS/include/core_cm3.h"
 109              		.file 6 "../ChibiOS_2.6.4/os/hal/platforms/STM32L1xx/hal_lld.h"
 110              		.section	.debug_info,"",%progbits
 111              	.Ldebug_info0:
 112 0000 CC010000 		.4byte	0x1cc
 113 0004 0400     		.2byte	0x4
 114 0006 00000000 		.4byte	.Ldebug_abbrev0
ARM GAS  /tmp/ccDLAfcZ.s 			page 3


 115 000a 04       		.byte	0x4
 116 000b 01       		.uleb128 0x1
 117 000c A9000000 		.4byte	.LASF32
 118 0010 01       		.byte	0x1
 119 0011 4E000000 		.4byte	.LASF33
 120 0015 0E000000 		.4byte	.LASF34
 121 0019 00000000 		.4byte	.Ldebug_ranges0+0
 122 001d 00000000 		.4byte	0
 123 0021 00000000 		.4byte	.Ldebug_line0
 124 0025 02       		.uleb128 0x2
 125 0026 04       		.byte	0x4
 126 0027 05       		.byte	0x5
 127 0028 696E7400 		.ascii	"int\000"
 128 002c 03       		.uleb128 0x3
 129 002d 04       		.byte	0x4
 130 002e 07       		.byte	0x7
 131 002f 95000000 		.4byte	.LASF0
 132 0033 03       		.uleb128 0x3
 133 0034 01       		.byte	0x1
 134 0035 06       		.byte	0x6
 135 0036 44020000 		.4byte	.LASF1
 136 003a 03       		.uleb128 0x3
 137 003b 01       		.byte	0x1
 138 003c 08       		.byte	0x8
 139 003d 4F010000 		.4byte	.LASF2
 140 0041 03       		.uleb128 0x3
 141 0042 02       		.byte	0x2
 142 0043 05       		.byte	0x5
 143 0044 1D020000 		.4byte	.LASF3
 144 0048 03       		.uleb128 0x3
 145 0049 02       		.byte	0x2
 146 004a 07       		.byte	0x7
 147 004b 82000000 		.4byte	.LASF4
 148 004f 04       		.uleb128 0x4
 149 0050 44000000 		.4byte	.LASF6
 150 0054 02       		.byte	0x2
 151 0055 37       		.byte	0x37
 152 0056 5A000000 		.4byte	0x5a
 153 005a 03       		.uleb128 0x3
 154 005b 04       		.byte	0x4
 155 005c 05       		.byte	0x5
 156 005d 35020000 		.4byte	.LASF5
 157 0061 04       		.uleb128 0x4
 158 0062 D0010000 		.4byte	.LASF7
 159 0066 02       		.byte	0x2
 160 0067 38       		.byte	0x38
 161 0068 6C000000 		.4byte	0x6c
 162 006c 03       		.uleb128 0x3
 163 006d 04       		.byte	0x4
 164 006e 07       		.byte	0x7
 165 006f 81010000 		.4byte	.LASF8
 166 0073 03       		.uleb128 0x3
 167 0074 08       		.byte	0x8
 168 0075 05       		.byte	0x5
 169 0076 00000000 		.4byte	.LASF9
 170 007a 03       		.uleb128 0x3
 171 007b 08       		.byte	0x8
ARM GAS  /tmp/ccDLAfcZ.s 			page 4


 172 007c 07       		.byte	0x7
 173 007d 31010000 		.4byte	.LASF10
 174 0081 04       		.uleb128 0x4
 175 0082 04020000 		.4byte	.LASF11
 176 0086 03       		.byte	0x3
 177 0087 41       		.byte	0x41
 178 0088 4F000000 		.4byte	0x4f
 179 008c 04       		.uleb128 0x4
 180 008d 98010000 		.4byte	.LASF12
 181 0091 03       		.byte	0x3
 182 0092 42       		.byte	0x42
 183 0093 61000000 		.4byte	0x61
 184 0097 03       		.uleb128 0x3
 185 0098 01       		.byte	0x1
 186 0099 02       		.byte	0x2
 187 009a 50020000 		.4byte	.LASF13
 188 009e 03       		.uleb128 0x3
 189 009f 04       		.byte	0x4
 190 00a0 07       		.byte	0x7
 191 00a1 0C020000 		.4byte	.LASF14
 192 00a5 03       		.uleb128 0x3
 193 00a6 01       		.byte	0x1
 194 00a7 08       		.byte	0x8
 195 00a8 E8010000 		.4byte	.LASF15
 196 00ac 05       		.uleb128 0x5
 197 00ad 1C       		.byte	0x1c
 198 00ae 04       		.byte	0x4
 199 00af A3       		.byte	0xa3
 200 00b0 09010000 		.4byte	0x109
 201 00b4 06       		.uleb128 0x6
 202 00b5 3E020000 		.4byte	.LASF16
 203 00b9 04       		.byte	0x4
 204 00ba A5       		.byte	0xa5
 205 00bb 8C000000 		.4byte	0x8c
 206 00bf 00       		.byte	0
 207 00c0 06       		.uleb128 0x6
 208 00c1 A2000000 		.4byte	.LASF17
 209 00c5 04       		.byte	0x4
 210 00c6 A7       		.byte	0xa7
 211 00c7 8C000000 		.4byte	0x8c
 212 00cb 04       		.byte	0x4
 213 00cc 06       		.uleb128 0x6
 214 00cd 15020000 		.4byte	.LASF18
 215 00d1 04       		.byte	0x4
 216 00d2 A9       		.byte	0xa9
 217 00d3 8C000000 		.4byte	0x8c
 218 00d7 08       		.byte	0x8
 219 00d8 06       		.uleb128 0x6
 220 00d9 DB010000 		.4byte	.LASF19
 221 00dd 04       		.byte	0x4
 222 00de AB       		.byte	0xab
 223 00df 8C000000 		.4byte	0x8c
 224 00e3 0C       		.byte	0xc
 225 00e4 07       		.uleb128 0x7
 226 00e5 6F647200 		.ascii	"odr\000"
 227 00e9 04       		.byte	0x4
 228 00ea AD       		.byte	0xad
ARM GAS  /tmp/ccDLAfcZ.s 			page 5


 229 00eb 8C000000 		.4byte	0x8c
 230 00ef 10       		.byte	0x10
 231 00f0 06       		.uleb128 0x6
 232 00f1 A1010000 		.4byte	.LASF20
 233 00f5 04       		.byte	0x4
 234 00f6 AF       		.byte	0xaf
 235 00f7 8C000000 		.4byte	0x8c
 236 00fb 14       		.byte	0x14
 237 00fc 06       		.uleb128 0x6
 238 00fd 93010000 		.4byte	.LASF21
 239 0101 04       		.byte	0x4
 240 0102 B1       		.byte	0xb1
 241 0103 8C000000 		.4byte	0x8c
 242 0107 18       		.byte	0x18
 243 0108 00       		.byte	0
 244 0109 04       		.uleb128 0x4
 245 010a 5D010000 		.4byte	.LASF22
 246 010e 04       		.byte	0x4
 247 010f B2       		.byte	0xb2
 248 0110 AC000000 		.4byte	0xac
 249 0114 05       		.uleb128 0x5
 250 0115 A8       		.byte	0xa8
 251 0116 04       		.byte	0x4
 252 0117 BB       		.byte	0xbb
 253 0118 65010000 		.4byte	0x165
 254 011c 06       		.uleb128 0x6
 255 011d 2E020000 		.4byte	.LASF23
 256 0121 04       		.byte	0x4
 257 0122 BE       		.byte	0xbe
 258 0123 09010000 		.4byte	0x109
 259 0127 00       		.byte	0
 260 0128 06       		.uleb128 0x6
 261 0129 E1010000 		.4byte	.LASF24
 262 012d 04       		.byte	0x4
 263 012e C2       		.byte	0xc2
 264 012f 09010000 		.4byte	0x109
 265 0133 1C       		.byte	0x1c
 266 0134 06       		.uleb128 0x6
 267 0135 27020000 		.4byte	.LASF25
 268 0139 04       		.byte	0x4
 269 013a C6       		.byte	0xc6
 270 013b 09010000 		.4byte	0x109
 271 013f 38       		.byte	0x38
 272 0140 06       		.uleb128 0x6
 273 0141 3D000000 		.4byte	.LASF26
 274 0145 04       		.byte	0x4
 275 0146 CA       		.byte	0xca
 276 0147 09010000 		.4byte	0x109
 277 014b 54       		.byte	0x54
 278 014c 06       		.uleb128 0x6
 279 014d 48010000 		.4byte	.LASF27
 280 0151 04       		.byte	0x4
 281 0152 CE       		.byte	0xce
 282 0153 09010000 		.4byte	0x109
 283 0157 70       		.byte	0x70
 284 0158 06       		.uleb128 0x6
 285 0159 36000000 		.4byte	.LASF28
ARM GAS  /tmp/ccDLAfcZ.s 			page 6


 286 015d 04       		.byte	0x4
 287 015e DA       		.byte	0xda
 288 015f 09010000 		.4byte	0x109
 289 0163 8C       		.byte	0x8c
 290 0164 00       		.byte	0
 291 0165 04       		.uleb128 0x4
 292 0166 B3010000 		.4byte	.LASF29
 293 016a 04       		.byte	0x4
 294 016b E0       		.byte	0xe0
 295 016c 14010000 		.4byte	0x114
 296 0170 08       		.uleb128 0x8
 297 0171 F7010000 		.4byte	.LASF35
 298 0175 01       		.byte	0x1
 299 0176 30       		.byte	0x30
 300 0177 00000000 		.4byte	.LFB63
 301 017b 04000000 		.4byte	.LFE63-.LFB63
 302 017f 01       		.uleb128 0x1
 303 0180 9C       		.byte	0x9c
 304 0181 8F010000 		.4byte	0x18f
 305 0185 09       		.uleb128 0x9
 306 0186 04000000 		.4byte	.LVL0
 307 018a C7010000 		.4byte	0x1c7
 308 018e 00       		.byte	0
 309 018f 0A       		.uleb128 0xa
 310 0190 ED010000 		.4byte	.LASF36
 311 0194 01       		.byte	0x1
 312 0195 65       		.byte	0x65
 313 0196 00000000 		.4byte	.LFB64
 314 019a 02000000 		.4byte	.LFE64-.LFB64
 315 019e 01       		.uleb128 0x1
 316 019f 9C       		.byte	0x9c
 317 01a0 0B       		.uleb128 0xb
 318 01a1 A6010000 		.4byte	.LASF30
 319 01a5 05       		.byte	0x5
 320 01a6 0706     		.2byte	0x607
 321 01a8 AC010000 		.4byte	0x1ac
 322 01ac 0C       		.uleb128 0xc
 323 01ad 81000000 		.4byte	0x81
 324 01b1 0D       		.uleb128 0xd
 325 01b2 BD010000 		.4byte	.LASF31
 326 01b6 01       		.byte	0x1
 327 01b7 1A       		.byte	0x1a
 328 01b8 C2010000 		.4byte	0x1c2
 329 01bc 05       		.uleb128 0x5
 330 01bd 03       		.byte	0x3
 331 01be 00000000 		.4byte	pal_default_config
 332 01c2 0E       		.uleb128 0xe
 333 01c3 65010000 		.4byte	0x165
 334 01c7 0F       		.uleb128 0xf
 335 01c8 70010000 		.4byte	.LASF37
 336 01cc 06       		.byte	0x6
 337 01cd 3504     		.2byte	0x435
 338 01cf 00       		.byte	0
 339              		.section	.debug_abbrev,"",%progbits
 340              	.Ldebug_abbrev0:
 341 0000 01       		.uleb128 0x1
 342 0001 11       		.uleb128 0x11
ARM GAS  /tmp/ccDLAfcZ.s 			page 7


 343 0002 01       		.byte	0x1
 344 0003 25       		.uleb128 0x25
 345 0004 0E       		.uleb128 0xe
 346 0005 13       		.uleb128 0x13
 347 0006 0B       		.uleb128 0xb
 348 0007 03       		.uleb128 0x3
 349 0008 0E       		.uleb128 0xe
 350 0009 1B       		.uleb128 0x1b
 351 000a 0E       		.uleb128 0xe
 352 000b 55       		.uleb128 0x55
 353 000c 17       		.uleb128 0x17
 354 000d 11       		.uleb128 0x11
 355 000e 01       		.uleb128 0x1
 356 000f 10       		.uleb128 0x10
 357 0010 17       		.uleb128 0x17
 358 0011 00       		.byte	0
 359 0012 00       		.byte	0
 360 0013 02       		.uleb128 0x2
 361 0014 24       		.uleb128 0x24
 362 0015 00       		.byte	0
 363 0016 0B       		.uleb128 0xb
 364 0017 0B       		.uleb128 0xb
 365 0018 3E       		.uleb128 0x3e
 366 0019 0B       		.uleb128 0xb
 367 001a 03       		.uleb128 0x3
 368 001b 08       		.uleb128 0x8
 369 001c 00       		.byte	0
 370 001d 00       		.byte	0
 371 001e 03       		.uleb128 0x3
 372 001f 24       		.uleb128 0x24
 373 0020 00       		.byte	0
 374 0021 0B       		.uleb128 0xb
 375 0022 0B       		.uleb128 0xb
 376 0023 3E       		.uleb128 0x3e
 377 0024 0B       		.uleb128 0xb
 378 0025 03       		.uleb128 0x3
 379 0026 0E       		.uleb128 0xe
 380 0027 00       		.byte	0
 381 0028 00       		.byte	0
 382 0029 04       		.uleb128 0x4
 383 002a 16       		.uleb128 0x16
 384 002b 00       		.byte	0
 385 002c 03       		.uleb128 0x3
 386 002d 0E       		.uleb128 0xe
 387 002e 3A       		.uleb128 0x3a
 388 002f 0B       		.uleb128 0xb
 389 0030 3B       		.uleb128 0x3b
 390 0031 0B       		.uleb128 0xb
 391 0032 49       		.uleb128 0x49
 392 0033 13       		.uleb128 0x13
 393 0034 00       		.byte	0
 394 0035 00       		.byte	0
 395 0036 05       		.uleb128 0x5
 396 0037 13       		.uleb128 0x13
 397 0038 01       		.byte	0x1
 398 0039 0B       		.uleb128 0xb
 399 003a 0B       		.uleb128 0xb
ARM GAS  /tmp/ccDLAfcZ.s 			page 8


 400 003b 3A       		.uleb128 0x3a
 401 003c 0B       		.uleb128 0xb
 402 003d 3B       		.uleb128 0x3b
 403 003e 0B       		.uleb128 0xb
 404 003f 01       		.uleb128 0x1
 405 0040 13       		.uleb128 0x13
 406 0041 00       		.byte	0
 407 0042 00       		.byte	0
 408 0043 06       		.uleb128 0x6
 409 0044 0D       		.uleb128 0xd
 410 0045 00       		.byte	0
 411 0046 03       		.uleb128 0x3
 412 0047 0E       		.uleb128 0xe
 413 0048 3A       		.uleb128 0x3a
 414 0049 0B       		.uleb128 0xb
 415 004a 3B       		.uleb128 0x3b
 416 004b 0B       		.uleb128 0xb
 417 004c 49       		.uleb128 0x49
 418 004d 13       		.uleb128 0x13
 419 004e 38       		.uleb128 0x38
 420 004f 0B       		.uleb128 0xb
 421 0050 00       		.byte	0
 422 0051 00       		.byte	0
 423 0052 07       		.uleb128 0x7
 424 0053 0D       		.uleb128 0xd
 425 0054 00       		.byte	0
 426 0055 03       		.uleb128 0x3
 427 0056 08       		.uleb128 0x8
 428 0057 3A       		.uleb128 0x3a
 429 0058 0B       		.uleb128 0xb
 430 0059 3B       		.uleb128 0x3b
 431 005a 0B       		.uleb128 0xb
 432 005b 49       		.uleb128 0x49
 433 005c 13       		.uleb128 0x13
 434 005d 38       		.uleb128 0x38
 435 005e 0B       		.uleb128 0xb
 436 005f 00       		.byte	0
 437 0060 00       		.byte	0
 438 0061 08       		.uleb128 0x8
 439 0062 2E       		.uleb128 0x2e
 440 0063 01       		.byte	0x1
 441 0064 3F       		.uleb128 0x3f
 442 0065 19       		.uleb128 0x19
 443 0066 03       		.uleb128 0x3
 444 0067 0E       		.uleb128 0xe
 445 0068 3A       		.uleb128 0x3a
 446 0069 0B       		.uleb128 0xb
 447 006a 3B       		.uleb128 0x3b
 448 006b 0B       		.uleb128 0xb
 449 006c 27       		.uleb128 0x27
 450 006d 19       		.uleb128 0x19
 451 006e 11       		.uleb128 0x11
 452 006f 01       		.uleb128 0x1
 453 0070 12       		.uleb128 0x12
 454 0071 06       		.uleb128 0x6
 455 0072 40       		.uleb128 0x40
 456 0073 18       		.uleb128 0x18
ARM GAS  /tmp/ccDLAfcZ.s 			page 9


 457 0074 9742     		.uleb128 0x2117
 458 0076 19       		.uleb128 0x19
 459 0077 01       		.uleb128 0x1
 460 0078 13       		.uleb128 0x13
 461 0079 00       		.byte	0
 462 007a 00       		.byte	0
 463 007b 09       		.uleb128 0x9
 464 007c 898201   		.uleb128 0x4109
 465 007f 00       		.byte	0
 466 0080 11       		.uleb128 0x11
 467 0081 01       		.uleb128 0x1
 468 0082 9542     		.uleb128 0x2115
 469 0084 19       		.uleb128 0x19
 470 0085 31       		.uleb128 0x31
 471 0086 13       		.uleb128 0x13
 472 0087 00       		.byte	0
 473 0088 00       		.byte	0
 474 0089 0A       		.uleb128 0xa
 475 008a 2E       		.uleb128 0x2e
 476 008b 00       		.byte	0
 477 008c 3F       		.uleb128 0x3f
 478 008d 19       		.uleb128 0x19
 479 008e 03       		.uleb128 0x3
 480 008f 0E       		.uleb128 0xe
 481 0090 3A       		.uleb128 0x3a
 482 0091 0B       		.uleb128 0xb
 483 0092 3B       		.uleb128 0x3b
 484 0093 0B       		.uleb128 0xb
 485 0094 27       		.uleb128 0x27
 486 0095 19       		.uleb128 0x19
 487 0096 11       		.uleb128 0x11
 488 0097 01       		.uleb128 0x1
 489 0098 12       		.uleb128 0x12
 490 0099 06       		.uleb128 0x6
 491 009a 40       		.uleb128 0x40
 492 009b 18       		.uleb128 0x18
 493 009c 9742     		.uleb128 0x2117
 494 009e 19       		.uleb128 0x19
 495 009f 00       		.byte	0
 496 00a0 00       		.byte	0
 497 00a1 0B       		.uleb128 0xb
 498 00a2 34       		.uleb128 0x34
 499 00a3 00       		.byte	0
 500 00a4 03       		.uleb128 0x3
 501 00a5 0E       		.uleb128 0xe
 502 00a6 3A       		.uleb128 0x3a
 503 00a7 0B       		.uleb128 0xb
 504 00a8 3B       		.uleb128 0x3b
 505 00a9 05       		.uleb128 0x5
 506 00aa 49       		.uleb128 0x49
 507 00ab 13       		.uleb128 0x13
 508 00ac 3F       		.uleb128 0x3f
 509 00ad 19       		.uleb128 0x19
 510 00ae 3C       		.uleb128 0x3c
 511 00af 19       		.uleb128 0x19
 512 00b0 00       		.byte	0
 513 00b1 00       		.byte	0
ARM GAS  /tmp/ccDLAfcZ.s 			page 10


 514 00b2 0C       		.uleb128 0xc
 515 00b3 35       		.uleb128 0x35
 516 00b4 00       		.byte	0
 517 00b5 49       		.uleb128 0x49
 518 00b6 13       		.uleb128 0x13
 519 00b7 00       		.byte	0
 520 00b8 00       		.byte	0
 521 00b9 0D       		.uleb128 0xd
 522 00ba 34       		.uleb128 0x34
 523 00bb 00       		.byte	0
 524 00bc 03       		.uleb128 0x3
 525 00bd 0E       		.uleb128 0xe
 526 00be 3A       		.uleb128 0x3a
 527 00bf 0B       		.uleb128 0xb
 528 00c0 3B       		.uleb128 0x3b
 529 00c1 0B       		.uleb128 0xb
 530 00c2 49       		.uleb128 0x49
 531 00c3 13       		.uleb128 0x13
 532 00c4 3F       		.uleb128 0x3f
 533 00c5 19       		.uleb128 0x19
 534 00c6 02       		.uleb128 0x2
 535 00c7 18       		.uleb128 0x18
 536 00c8 00       		.byte	0
 537 00c9 00       		.byte	0
 538 00ca 0E       		.uleb128 0xe
 539 00cb 26       		.uleb128 0x26
 540 00cc 00       		.byte	0
 541 00cd 49       		.uleb128 0x49
 542 00ce 13       		.uleb128 0x13
 543 00cf 00       		.byte	0
 544 00d0 00       		.byte	0
 545 00d1 0F       		.uleb128 0xf
 546 00d2 2E       		.uleb128 0x2e
 547 00d3 00       		.byte	0
 548 00d4 3F       		.uleb128 0x3f
 549 00d5 19       		.uleb128 0x19
 550 00d6 03       		.uleb128 0x3
 551 00d7 0E       		.uleb128 0xe
 552 00d8 3A       		.uleb128 0x3a
 553 00d9 0B       		.uleb128 0xb
 554 00da 3B       		.uleb128 0x3b
 555 00db 05       		.uleb128 0x5
 556 00dc 27       		.uleb128 0x27
 557 00dd 19       		.uleb128 0x19
 558 00de 3C       		.uleb128 0x3c
 559 00df 19       		.uleb128 0x19
 560 00e0 00       		.byte	0
 561 00e1 00       		.byte	0
 562 00e2 00       		.byte	0
 563              		.section	.debug_aranges,"",%progbits
 564 0000 24000000 		.4byte	0x24
 565 0004 0200     		.2byte	0x2
 566 0006 00000000 		.4byte	.Ldebug_info0
 567 000a 04       		.byte	0x4
 568 000b 00       		.byte	0
 569 000c 0000     		.2byte	0
 570 000e 0000     		.2byte	0
ARM GAS  /tmp/ccDLAfcZ.s 			page 11


 571 0010 00000000 		.4byte	.LFB63
 572 0014 04000000 		.4byte	.LFE63-.LFB63
 573 0018 00000000 		.4byte	.LFB64
 574 001c 02000000 		.4byte	.LFE64-.LFB64
 575 0020 00000000 		.4byte	0
 576 0024 00000000 		.4byte	0
 577              		.section	.debug_ranges,"",%progbits
 578              	.Ldebug_ranges0:
 579 0000 00000000 		.4byte	.LFB63
 580 0004 04000000 		.4byte	.LFE63
 581 0008 00000000 		.4byte	.LFB64
 582 000c 02000000 		.4byte	.LFE64
 583 0010 00000000 		.4byte	0
 584 0014 00000000 		.4byte	0
 585              		.section	.debug_line,"",%progbits
 586              	.Ldebug_line0:
 587 0000 79010000 		.section	.debug_str,"MS",%progbits,1
 587      02005301 
 587      00000201 
 587      FB0E0D00 
 587      01010101 
 588              	.LASF9:
 589 0000 6C6F6E67 		.ascii	"long long int\000"
 589      206C6F6E 
 589      6720696E 
 589      7400
 590              	.LASF34:
 591 000e 2F686F6D 		.ascii	"/home/caroline/Documents/PAF/elfes/Code\000"
 591      652F6361 
 591      726F6C69 
 591      6E652F44 
 591      6F63756D 
 592              	.LASF28:
 593 0036 50484461 		.ascii	"PHData\000"
 593      746100
 594              	.LASF26:
 595 003d 50444461 		.ascii	"PDData\000"
 595      746100
 596              	.LASF6:
 597 0044 5F5F696E 		.ascii	"__int32_t\000"
 597      7433325F 
 597      7400
 598              	.LASF33:
 599 004e 2E2E2F43 		.ascii	"../ChibiOS_2.6.4/boards/ST_STM32L_DISCOVERY/board.c"
 599      68696269 
 599      4F535F32 
 599      2E362E34 
 599      2F626F61 
 600 0081 00       		.ascii	"\000"
 601              	.LASF4:
 602 0082 73686F72 		.ascii	"short unsigned int\000"
 602      7420756E 
 602      7369676E 
 602      65642069 
 602      6E7400
 603              	.LASF0:
 604 0095 756E7369 		.ascii	"unsigned int\000"
ARM GAS  /tmp/ccDLAfcZ.s 			page 12


 604      676E6564 
 604      20696E74 
 604      00
 605              	.LASF17:
 606 00a2 6F747970 		.ascii	"otyper\000"
 606      657200
 607              	.LASF32:
 608 00a9 474E5520 		.ascii	"GNU C 4.8.2 -mcpu=cortex-m3 -mno-thumb-interwork -m"
 608      4320342E 
 608      382E3220 
 608      2D6D6370 
 608      753D636F 
 609 00dc 7468756D 		.ascii	"thumb -ggdb -O2 -fomit-frame-pointer -ffunction-sec"
 609      62202D67 
 609      67646220 
 609      2D4F3220 
 609      2D666F6D 
 610 010f 74696F6E 		.ascii	"tions -fdata-sections -fno-common\000"
 610      73202D66 
 610      64617461 
 610      2D736563 
 610      74696F6E 
 611              	.LASF10:
 612 0131 6C6F6E67 		.ascii	"long long unsigned int\000"
 612      206C6F6E 
 612      6720756E 
 612      7369676E 
 612      65642069 
 613              	.LASF27:
 614 0148 50454461 		.ascii	"PEData\000"
 614      746100
 615              	.LASF2:
 616 014f 756E7369 		.ascii	"unsigned char\000"
 616      676E6564 
 616      20636861 
 616      7200
 617              	.LASF22:
 618 015d 73746D33 		.ascii	"stm32_gpio_setup_t\000"
 618      325F6770 
 618      696F5F73 
 618      65747570 
 618      5F7400
 619              	.LASF37:
 620 0170 73746D33 		.ascii	"stm32_clock_init\000"
 620      325F636C 
 620      6F636B5F 
 620      696E6974 
 620      00
 621              	.LASF8:
 622 0181 6C6F6E67 		.ascii	"long unsigned int\000"
 622      20756E73 
 622      69676E65 
 622      6420696E 
 622      7400
 623              	.LASF21:
 624 0193 61667268 		.ascii	"afrh\000"
 624      00
ARM GAS  /tmp/ccDLAfcZ.s 			page 13


 625              	.LASF12:
 626 0198 75696E74 		.ascii	"uint32_t\000"
 626      33325F74 
 626      00
 627              	.LASF20:
 628 01a1 6166726C 		.ascii	"afrl\000"
 628      00
 629              	.LASF30:
 630 01a6 49544D5F 		.ascii	"ITM_RxBuffer\000"
 630      52784275 
 630      66666572 
 630      00
 631              	.LASF29:
 632 01b3 50414C43 		.ascii	"PALConfig\000"
 632      6F6E6669 
 632      6700
 633              	.LASF31:
 634 01bd 70616C5F 		.ascii	"pal_default_config\000"
 634      64656661 
 634      756C745F 
 634      636F6E66 
 634      696700
 635              	.LASF7:
 636 01d0 5F5F7569 		.ascii	"__uint32_t\000"
 636      6E743332 
 636      5F7400
 637              	.LASF19:
 638 01db 70757064 		.ascii	"pupdr\000"
 638      7200
 639              	.LASF24:
 640 01e1 50424461 		.ascii	"PBData\000"
 640      746100
 641              	.LASF15:
 642 01e8 63686172 		.ascii	"char\000"
 642      00
 643              	.LASF36:
 644 01ed 626F6172 		.ascii	"boardInit\000"
 644      64496E69 
 644      7400
 645              	.LASF35:
 646 01f7 5F5F6561 		.ascii	"__early_init\000"
 646      726C795F 
 646      696E6974 
 646      00
 647              	.LASF11:
 648 0204 696E7433 		.ascii	"int32_t\000"
 648      325F7400 
 649              	.LASF14:
 650 020c 73697A65 		.ascii	"sizetype\000"
 650      74797065 
 650      00
 651              	.LASF18:
 652 0215 6F737065 		.ascii	"ospeedr\000"
 652      65647200 
 653              	.LASF3:
 654 021d 73686F72 		.ascii	"short int\000"
 654      7420696E 
ARM GAS  /tmp/ccDLAfcZ.s 			page 14


 654      7400
 655              	.LASF25:
 656 0227 50434461 		.ascii	"PCData\000"
 656      746100
 657              	.LASF23:
 658 022e 50414461 		.ascii	"PAData\000"
 658      746100
 659              	.LASF5:
 660 0235 6C6F6E67 		.ascii	"long int\000"
 660      20696E74 
 660      00
 661              	.LASF16:
 662 023e 6D6F6465 		.ascii	"moder\000"
 662      7200
 663              	.LASF1:
 664 0244 7369676E 		.ascii	"signed char\000"
 664      65642063 
 664      68617200 
 665              	.LASF13:
 666 0250 5F426F6F 		.ascii	"_Bool\000"
 666      6C00
 667              		.ident	"GCC: (4.8.2-14ubuntu1+6) 4.8.2"
ARM GAS  /tmp/ccDLAfcZ.s 			page 15


DEFINED SYMBOLS
                            *ABS*:0000000000000000 board.c
     /tmp/ccDLAfcZ.s:19     .text.__early_init:0000000000000000 $t
     /tmp/ccDLAfcZ.s:24     .text.__early_init:0000000000000000 __early_init
     /tmp/ccDLAfcZ.s:39     .text.boardInit:0000000000000000 $t
     /tmp/ccDLAfcZ.s:44     .text.boardInit:0000000000000000 boardInit
     /tmp/ccDLAfcZ.s:60     .rodata.pal_default_config:0000000000000000 pal_default_config
     /tmp/ccDLAfcZ.s:57     .rodata.pal_default_config:0000000000000000 $d
                     .debug_frame:0000000000000010 $d

UNDEFINED SYMBOLS
stm32_clock_init
