ARM GAS  /tmp/ccwfRvqN.s 			page 1


   1              		.syntax unified
   2              		.cpu cortex-m3
   3              		.fpu softvfp
   4              		.eabi_attribute 20, 1
   5              		.eabi_attribute 21, 1
   6              		.eabi_attribute 23, 3
   7              		.eabi_attribute 24, 1
   8              		.eabi_attribute 25, 1
   9              		.eabi_attribute 26, 1
  10              		.eabi_attribute 30, 2
  11              		.eabi_attribute 34, 1
  12              		.eabi_attribute 18, 4
  13              		.thumb
  14              		.file	"chheap.c"
  15              		.text
  16              	.Ltext0:
  17              		.cfi_sections	.debug_frame
  18              		.section	.text._heap_init,"ax",%progbits
  19              		.align	2
  20              		.global	_heap_init
  21              		.thumb
  22              		.thumb_func
  23              		.type	_heap_init, %function
  24              	_heap_init:
  25              	.LFB7:
  26              		.file 1 "../ChibiOS_2.6.4/os/kernel/src/chheap.c"
  27              		.loc 1 75 0
  28              		.cfi_startproc
  29              		@ args = 0, pretend = 0, frame = 0
  30              		@ frame_needed = 0, uses_anonymous_args = 0
  31              		@ link register save eliminated.
  32              		.loc 1 76 0
  33 0000 40F20003 		movw	r3, #:lower16:.LANCHOR0
  34 0004 C0F20003 		movt	r3, #:upper16:.LANCHOR0
  35 0008 40F20002 		movw	r2, #:lower16:chCoreAlloc
  36              		.loc 1 77 0
  37 000c 0021     		movs	r1, #0
  38              		.loc 1 76 0
  39 000e C0F20002 		movt	r2, #:upper16:chCoreAlloc
  40              		.loc 1 80 0
  41 0012 03F11000 		add	r0, r3, #16
  42              		.loc 1 76 0
  43 0016 1A60     		str	r2, [r3]
  44              		.loc 1 77 0
  45 0018 9960     		str	r1, [r3, #8]
  46              		.loc 1 78 0
  47 001a D960     		str	r1, [r3, #12]
  48              		.loc 1 80 0
  49 001c FFF7FEBF 		b	chMtxInit
  50              	.LVL0:
  51              		.cfi_endproc
  52              	.LFE7:
  53              		.size	_heap_init, .-_heap_init
  54              		.section	.text.chHeapInit,"ax",%progbits
  55              		.align	2
  56              		.global	chHeapInit
  57              		.thumb
ARM GAS  /tmp/ccwfRvqN.s 			page 2


  58              		.thumb_func
  59              		.type	chHeapInit, %function
  60              	chHeapInit:
  61              	.LFB8:
  62              		.loc 1 99 0
  63              		.cfi_startproc
  64              		@ args = 0, pretend = 0, frame = 0
  65              		@ frame_needed = 0, uses_anonymous_args = 0
  66              		@ link register save eliminated.
  67              	.LVL1:
  68              		.loc 1 104 0
  69 0000 0023     		movs	r3, #0
  70              		.loc 1 108 0
  71 0002 083A     		subs	r2, r2, #8
  72              	.LVL2:
  73              		.loc 1 105 0
  74 0004 8160     		str	r1, [r0, #8]
  75              		.loc 1 104 0
  76 0006 0360     		str	r3, [r0]
  77              	.LVL3:
  78              		.loc 1 106 0
  79 0008 C360     		str	r3, [r0, #12]
  80              		.loc 1 110 0
  81 000a 1030     		adds	r0, r0, #16
  82              	.LVL4:
  83              		.loc 1 108 0
  84 000c 4A60     		str	r2, [r1, #4]
  85              		.loc 1 107 0
  86 000e 0B60     		str	r3, [r1]
  87              		.loc 1 110 0
  88 0010 FFF7FEBF 		b	chMtxInit
  89              	.LVL5:
  90              		.cfi_endproc
  91              	.LFE8:
  92              		.size	chHeapInit, .-chHeapInit
  93              		.section	.text.chHeapAlloc,"ax",%progbits
  94              		.align	2
  95              		.global	chHeapAlloc
  96              		.thumb
  97              		.thumb_func
  98              		.type	chHeapAlloc, %function
  99              	chHeapAlloc:
 100              	.LFB9:
 101              		.loc 1 132 0
 102              		.cfi_startproc
 103              		@ args = 0, pretend = 0, frame = 0
 104              		@ frame_needed = 0, uses_anonymous_args = 0
 105              	.LVL6:
 106 0000 F8B5     		push	{r3, r4, r5, r6, r7, lr}
 107              		.cfi_def_cfa_offset 24
 108              		.cfi_offset 3, -24
 109              		.cfi_offset 4, -20
 110              		.cfi_offset 5, -16
 111              		.cfi_offset 6, -12
 112              		.cfi_offset 7, -8
 113              		.cfi_offset 14, -4
 114              		.loc 1 136 0
ARM GAS  /tmp/ccwfRvqN.s 			page 3


 115 0002 40F20006 		movw	r6, #:lower16:.LANCHOR0
 116 0006 C0F20006 		movt	r6, #:upper16:.LANCHOR0
 117 000a 0028     		cmp	r0, #0
 118 000c 18BF     		it	ne
 119 000e 0646     		movne	r6, r0
 120              	.LVL7:
 121              		.loc 1 138 0
 122 0010 0731     		adds	r1, r1, #7
 123              	.LVL8:
 124              		.loc 1 140 0
 125 0012 06F11000 		add	r0, r6, #16
 126              		.loc 1 138 0
 127 0016 21F00705 		bic	r5, r1, #7
 128              	.LVL9:
 129              		.loc 1 139 0
 130 001a 06F10804 		add	r4, r6, #8
 131              	.LVL10:
 132              		.loc 1 140 0
 133 001e FFF7FEFF 		bl	chMtxLock
 134              	.LVL11:
 135              		.loc 1 142 0
 136 0022 03E0     		b	.L5
 137              	.LVL12:
 138              	.L10:
 139              		.loc 1 144 0
 140 0024 5A68     		ldr	r2, [r3, #4]
 141 0026 9542     		cmp	r5, r2
 142 0028 11D9     		bls	.L18
 143 002a 1C46     		mov	r4, r3
 144              	.LVL13:
 145              	.L5:
 146              		.loc 1 142 0 discriminator 1
 147 002c 2368     		ldr	r3, [r4]
 148              	.LVL14:
 149 002e 002B     		cmp	r3, #0
 150 0030 F8D1     		bne	.L10
 151              		.loc 1 167 0
 152 0032 FFF7FEFF 		bl	chMtxUnlock
 153              	.LVL15:
 154              		.loc 1 171 0
 155 0036 3368     		ldr	r3, [r6]
 156 0038 1BB3     		cbz	r3, .L12
 157              		.loc 1 172 0
 158 003a 05F10800 		add	r0, r5, #8
 159 003e 9847     		blx	r3
 160              	.LVL16:
 161              		.loc 1 173 0
 162 0040 F8B1     		cbz	r0, .L12
 163              		.loc 1 174 0
 164 0042 0660     		str	r6, [r0]
 165              		.loc 1 175 0
 166 0044 4560     		str	r5, [r0, #4]
 167              	.LVL17:
 168              		.loc 1 177 0
 169 0046 00F10804 		add	r4, r0, #8
 170              	.LVL18:
 171              	.L9:
ARM GAS  /tmp/ccwfRvqN.s 			page 4


 172              		.loc 1 181 0
 173 004a 2046     		mov	r0, r4
 174 004c F8BD     		pop	{r3, r4, r5, r6, r7, pc}
 175              	.LVL19:
 176              	.L18:
 177              		.loc 1 145 0
 178 004e 05F10801 		add	r1, r5, #8
 179 0052 9142     		cmp	r1, r2
 180 0054 08D9     		bls	.L7
 181              		.loc 1 149 0
 182 0056 1A68     		ldr	r2, [r3]
 183 0058 2260     		str	r2, [r4]
 184              	.L8:
 185              		.loc 1 159 0
 186 005a 1C46     		mov	r4, r3
 187              	.LVL20:
 188 005c 44F8086B 		str	r6, [r4], #8
 189              		.loc 1 161 0
 190 0060 FFF7FEFF 		bl	chMtxUnlock
 191              	.LVL21:
 192              		.loc 1 181 0
 193 0064 2046     		mov	r0, r4
 194 0066 F8BD     		pop	{r3, r4, r5, r6, r7, pc}
 195              	.LVL22:
 196              	.L7:
 197              		.loc 1 155 0
 198 0068 4FF6F870 		movw	r0, #65528
 199 006c CFF6FF70 		movt	r0, 65535
 200              		.loc 1 154 0
 201 0070 1F68     		ldr	r7, [r3]
 202              		.loc 1 155 0
 203 0072 401B     		subs	r0, r0, r5
 204 0074 1044     		add	r0, r0, r2
 205              		.loc 1 153 0
 206 0076 5A18     		adds	r2, r3, r1
 207              	.LVL23:
 208              		.loc 1 154 0
 209 0078 5F50     		str	r7, [r3, r1]
 210              		.loc 1 155 0
 211 007a 5060     		str	r0, [r2, #4]
 212              		.loc 1 156 0
 213 007c 2260     		str	r2, [r4]
 214              		.loc 1 157 0
 215 007e 5D60     		str	r5, [r3, #4]
 216 0080 EBE7     		b	.L8
 217              	.LVL24:
 218              	.L12:
 219              		.loc 1 180 0
 220 0082 0024     		movs	r4, #0
 221              	.LVL25:
 222 0084 E1E7     		b	.L9
 223              		.cfi_endproc
 224              	.LFE9:
 225              		.size	chHeapAlloc, .-chHeapAlloc
 226 0086 00BF     		.section	.text.chHeapFree,"ax",%progbits
 227              		.align	2
 228              		.global	chHeapFree
ARM GAS  /tmp/ccwfRvqN.s 			page 5


 229              		.thumb
 230              		.thumb_func
 231              		.type	chHeapFree, %function
 232              	chHeapFree:
 233              	.LFB10:
 234              		.loc 1 194 0
 235              		.cfi_startproc
 236              		@ args = 0, pretend = 0, frame = 0
 237              		@ frame_needed = 0, uses_anonymous_args = 0
 238              	.LVL26:
 239 0000 70B5     		push	{r4, r5, r6, lr}
 240              		.cfi_def_cfa_offset 16
 241              		.cfi_offset 4, -16
 242              		.cfi_offset 5, -12
 243              		.cfi_offset 6, -8
 244              		.cfi_offset 14, -4
 245              		.loc 1 194 0
 246 0002 0646     		mov	r6, r0
 247              		.loc 1 201 0
 248 0004 50F8080C 		ldr	r0, [r0, #-8]
 249              	.LVL27:
 250              		.loc 1 200 0
 251 0008 A6F10804 		sub	r4, r6, #8
 252              	.LVL28:
 253              		.loc 1 202 0
 254 000c 00F10805 		add	r5, r0, #8
 255              	.LVL29:
 256              		.loc 1 203 0
 257 0010 1030     		adds	r0, r0, #16
 258              	.LVL30:
 259 0012 FFF7FEFF 		bl	chMtxLock
 260              	.LVL31:
 261              		.loc 1 202 0
 262 0016 2B46     		mov	r3, r5
 263              	.LVL32:
 264              	.L26:
 265              		.loc 1 210 0
 266 0018 AB42     		cmp	r3, r5
 267 001a 04D0     		beq	.L20
 268              	.L31:
 269              		.loc 1 210 0 is_stmt 0 discriminator 2
 270 001c A342     		cmp	r3, r4
 271 001e 02D3     		bcc	.L20
 272 0020 1B68     		ldr	r3, [r3]
 273              	.LVL33:
 274              		.loc 1 210 0
 275 0022 AB42     		cmp	r3, r5
 276 0024 FAD1     		bne	.L31
 277              	.L20:
 278              		.loc 1 211 0 is_stmt 1 discriminator 1
 279 0026 1A68     		ldr	r2, [r3]
 280              		.loc 1 210 0 discriminator 1
 281 0028 1AB1     		cbz	r2, .L22
 282              		.loc 1 211 0
 283 002a 9442     		cmp	r4, r2
 284 002c 01D3     		bcc	.L22
 285 002e 1346     		mov	r3, r2
ARM GAS  /tmp/ccwfRvqN.s 			page 6


 286              	.LVL34:
 287              		.loc 1 229 0
 288 0030 F2E7     		b	.L26
 289              	.LVL35:
 290              	.L22:
 291              		.loc 1 216 0
 292 0032 56F8041C 		ldr	r1, [r6, #-4]
 293              		.loc 1 213 0
 294 0036 46F8082C 		str	r2, [r6, #-8]
 295              		.loc 1 214 0
 296 003a 1C60     		str	r4, [r3]
 297              		.loc 1 216 0
 298 003c 01F10802 		add	r2, r1, #8
 299 0040 56F8085C 		ldr	r5, [r6, #-8]
 300              	.LVL36:
 301 0044 A018     		adds	r0, r4, r2
 302 0046 A842     		cmp	r0, r5
 303 0048 09D0     		beq	.L32
 304              		.loc 1 221 0
 305 004a 5A68     		ldr	r2, [r3, #4]
 306 004c 02F10801 		add	r1, r2, #8
 307 0050 1944     		add	r1, r1, r3
 308 0052 8C42     		cmp	r4, r1
 309 0054 11D0     		beq	.L33
 310              	.L25:
 311              		.loc 1 233 0
 312 0056 BDE87040 		pop	{r4, r5, r6, lr}
 313              	.LVL37:
 314              		.loc 1 231 0
 315 005a FFF7FEBF 		b	chMtxUnlock
 316              	.LVL38:
 317              	.L32:
 318              		.loc 1 218 0
 319 005e 4068     		ldr	r0, [r0, #4]
 320              		.loc 1 219 0
 321 0060 A258     		ldr	r2, [r4, r2]
 322              		.loc 1 218 0
 323 0062 0144     		add	r1, r1, r0
 324 0064 0831     		adds	r1, r1, #8
 325 0066 46F8041C 		str	r1, [r6, #-4]
 326              		.loc 1 219 0
 327 006a 46F8082C 		str	r2, [r6, #-8]
 328              		.loc 1 221 0
 329 006e 5A68     		ldr	r2, [r3, #4]
 330 0070 02F10801 		add	r1, r2, #8
 331 0074 1944     		add	r1, r1, r3
 332 0076 8C42     		cmp	r4, r1
 333 0078 EDD1     		bne	.L25
 334              	.L33:
 335              		.loc 1 223 0
 336 007a 56F8040C 		ldr	r0, [r6, #-4]
 337              		.loc 1 224 0
 338 007e 56F8081C 		ldr	r1, [r6, #-8]
 339              		.loc 1 223 0
 340 0082 0244     		add	r2, r2, r0
 341 0084 0832     		adds	r2, r2, #8
 342              		.loc 1 224 0
ARM GAS  /tmp/ccwfRvqN.s 			page 7


 343 0086 83E80600 		stmia	r3, {r1, r2}
 344              		.loc 1 233 0
 345 008a BDE87040 		pop	{r4, r5, r6, lr}
 346              	.LVL39:
 347              		.loc 1 231 0
 348 008e FFF7FEBF 		b	chMtxUnlock
 349              	.LVL40:
 350              		.cfi_endproc
 351              	.LFE10:
 352              		.size	chHeapFree, .-chHeapFree
 353 0092 00BF     		.section	.text.chHeapStatus,"ax",%progbits
 354              		.align	2
 355              		.global	chHeapStatus
 356              		.thumb
 357              		.thumb_func
 358              		.type	chHeapStatus, %function
 359              	chHeapStatus:
 360              	.LFB11:
 361              		.loc 1 250 0
 362              		.cfi_startproc
 363              		@ args = 0, pretend = 0, frame = 0
 364              		@ frame_needed = 0, uses_anonymous_args = 0
 365              	.LVL41:
 366 0000 38B5     		push	{r3, r4, r5, lr}
 367              		.cfi_def_cfa_offset 16
 368              		.cfi_offset 3, -16
 369              		.cfi_offset 4, -12
 370              		.cfi_offset 5, -8
 371              		.cfi_offset 14, -4
 372              		.loc 1 255 0
 373 0002 40F20003 		movw	r3, #:lower16:.LANCHOR0
 374 0006 C0F20003 		movt	r3, #:upper16:.LANCHOR0
 375 000a 0028     		cmp	r0, #0
 376 000c 14BF     		ite	ne
 377 000e 0446     		movne	r4, r0
 378 0010 1C46     		moveq	r4, r3
 379              	.LVL42:
 380              		.loc 1 257 0
 381 0012 04F11000 		add	r0, r4, #16
 382              		.loc 1 250 0
 383 0016 0D46     		mov	r5, r1
 384              		.loc 1 257 0
 385 0018 FFF7FEFF 		bl	chMtxLock
 386              	.LVL43:
 387              		.loc 1 260 0
 388 001c A368     		ldr	r3, [r4, #8]
 389 001e 6BB1     		cbz	r3, .L40
 390              		.loc 1 259 0
 391 0020 0022     		movs	r2, #0
 392              		.loc 1 260 0
 393 0022 1446     		mov	r4, r2
 394              	.LVL44:
 395              	.L37:
 396              		.loc 1 261 0 discriminator 2
 397 0024 5868     		ldr	r0, [r3, #4]
 398              		.loc 1 260 0 discriminator 2
 399 0026 1B68     		ldr	r3, [r3]
ARM GAS  /tmp/ccwfRvqN.s 			page 8


 400 0028 0134     		adds	r4, r4, #1
 401              	.LVL45:
 402              		.loc 1 261 0 discriminator 2
 403 002a 0244     		add	r2, r2, r0
 404              	.LVL46:
 405              		.loc 1 260 0 discriminator 2
 406 002c 002B     		cmp	r3, #0
 407 002e F9D1     		bne	.L37
 408              	.LVL47:
 409              	.L36:
 410              		.loc 1 262 0
 411 0030 05B1     		cbz	r5, .L38
 412              		.loc 1 263 0
 413 0032 2A60     		str	r2, [r5]
 414              	.L38:
 415              		.loc 1 265 0
 416 0034 FFF7FEFF 		bl	chMtxUnlock
 417              	.LVL48:
 418              		.loc 1 267 0
 419 0038 2046     		mov	r0, r4
 420 003a 38BD     		pop	{r3, r4, r5, pc}
 421              	.LVL49:
 422              	.L40:
 423              		.loc 1 259 0
 424 003c 1A46     		mov	r2, r3
 425              		.loc 1 260 0
 426 003e 1C46     		mov	r4, r3
 427              	.LVL50:
 428 0040 F6E7     		b	.L36
 429              		.cfi_endproc
 430              	.LFE11:
 431              		.size	chHeapStatus, .-chHeapStatus
 432 0042 00BF     		.section	.bss.default_heap,"aw",%nobits
 433              		.align	3
 434              		.set	.LANCHOR0,. + 0
 435              		.type	default_heap, %object
 436              		.size	default_heap, 32
 437              	default_heap:
 438 0000 00000000 		.space	32
 438      00000000 
 438      00000000 
 438      00000000 
 438      00000000 
 439              		.text
 440              	.Letext0:
 441              		.file 2 "/usr/lib/gcc/arm-none-eabi/4.8.2/include/stddef.h"
 442              		.file 3 "/usr/include/newlib/machine/_default_types.h"
 443              		.file 4 "/usr/include/newlib/stdint.h"
 444              		.file 5 "../ChibiOS_2.6.4/os/ports/GCC/ARMCMx/chtypes.h"
 445              		.file 6 "../ChibiOS_2.6.4/os/kernel/include/chlists.h"
 446              		.file 7 "../ChibiOS_2.6.4/os/kernel/include/chthreads.h"
 447              		.file 8 "../ChibiOS_2.6.4/os/ports/GCC/ARMCMx/chcore_v7m.h"
 448              		.file 9 "../ChibiOS_2.6.4/os/kernel/include/chmtx.h"
 449              		.file 10 "../ChibiOS_2.6.4/os/kernel/include/chmemcore.h"
 450              		.file 11 "../ChibiOS_2.6.4/os/kernel/include/chheap.h"
 451              		.section	.debug_info,"",%progbits
 452              	.Ldebug_info0:
ARM GAS  /tmp/ccwfRvqN.s 			page 9


 453 0000 F6060000 		.4byte	0x6f6
 454 0004 0400     		.2byte	0x4
 455 0006 00000000 		.4byte	.Ldebug_abbrev0
 456 000a 04       		.byte	0x4
 457 000b 01       		.uleb128 0x1
 458 000c 42010000 		.4byte	.LASF83
 459 0010 01       		.byte	0x1
 460 0011 69020000 		.4byte	.LASF84
 461 0015 FB010000 		.4byte	.LASF85
 462 0019 00000000 		.4byte	.Ldebug_ranges0+0
 463 001d 00000000 		.4byte	0
 464 0021 00000000 		.4byte	.Ldebug_line0
 465 0025 02       		.uleb128 0x2
 466 0026 04       		.byte	0x4
 467 0027 05       		.byte	0x5
 468 0028 696E7400 		.ascii	"int\000"
 469 002c 03       		.uleb128 0x3
 470 002d 06000000 		.4byte	.LASF2
 471 0031 02       		.byte	0x2
 472 0032 D4       		.byte	0xd4
 473 0033 37000000 		.4byte	0x37
 474 0037 04       		.uleb128 0x4
 475 0038 04       		.byte	0x4
 476 0039 07       		.byte	0x7
 477 003a FD000000 		.4byte	.LASF0
 478 003e 04       		.uleb128 0x4
 479 003f 01       		.byte	0x1
 480 0040 06       		.byte	0x6
 481 0041 92000000 		.4byte	.LASF1
 482 0045 03       		.uleb128 0x3
 483 0046 1D000000 		.4byte	.LASF3
 484 004a 03       		.byte	0x3
 485 004b 1C       		.byte	0x1c
 486 004c 50000000 		.4byte	0x50
 487 0050 04       		.uleb128 0x4
 488 0051 01       		.byte	0x1
 489 0052 08       		.byte	0x8
 490 0053 AE020000 		.4byte	.LASF4
 491 0057 04       		.uleb128 0x4
 492 0058 02       		.byte	0x2
 493 0059 05       		.byte	0x5
 494 005a D1020000 		.4byte	.LASF5
 495 005e 04       		.uleb128 0x4
 496 005f 02       		.byte	0x2
 497 0060 07       		.byte	0x7
 498 0061 29010000 		.4byte	.LASF6
 499 0065 03       		.uleb128 0x3
 500 0066 76030000 		.4byte	.LASF7
 501 006a 03       		.byte	0x3
 502 006b 37       		.byte	0x37
 503 006c 70000000 		.4byte	0x70
 504 0070 04       		.uleb128 0x4
 505 0071 04       		.byte	0x4
 506 0072 05       		.byte	0x5
 507 0073 C9000000 		.4byte	.LASF8
 508 0077 03       		.uleb128 0x3
 509 0078 E3000000 		.4byte	.LASF9
ARM GAS  /tmp/ccwfRvqN.s 			page 10


 510 007c 03       		.byte	0x3
 511 007d 38       		.byte	0x38
 512 007e 82000000 		.4byte	0x82
 513 0082 04       		.uleb128 0x4
 514 0083 04       		.byte	0x4
 515 0084 07       		.byte	0x7
 516 0085 0A010000 		.4byte	.LASF10
 517 0089 04       		.uleb128 0x4
 518 008a 08       		.byte	0x8
 519 008b 05       		.byte	0x5
 520 008c 84000000 		.4byte	.LASF11
 521 0090 03       		.uleb128 0x3
 522 0091 56020000 		.4byte	.LASF12
 523 0095 03       		.byte	0x3
 524 0096 4E       		.byte	0x4e
 525 0097 9B000000 		.4byte	0x9b
 526 009b 04       		.uleb128 0x4
 527 009c 08       		.byte	0x8
 528 009d 07       		.byte	0x7
 529 009e 34000000 		.4byte	.LASF13
 530 00a2 03       		.uleb128 0x3
 531 00a3 AA030000 		.4byte	.LASF14
 532 00a7 04       		.byte	0x4
 533 00a8 2A       		.byte	0x2a
 534 00a9 45000000 		.4byte	0x45
 535 00ad 03       		.uleb128 0x3
 536 00ae A6020000 		.4byte	.LASF15
 537 00b2 04       		.byte	0x4
 538 00b3 41       		.byte	0x41
 539 00b4 65000000 		.4byte	0x65
 540 00b8 03       		.uleb128 0x3
 541 00b9 2D030000 		.4byte	.LASF16
 542 00bd 04       		.byte	0x4
 543 00be 42       		.byte	0x42
 544 00bf 77000000 		.4byte	0x77
 545 00c3 03       		.uleb128 0x3
 546 00c4 14000000 		.4byte	.LASF17
 547 00c8 04       		.byte	0x4
 548 00c9 4E       		.byte	0x4e
 549 00ca 90000000 		.4byte	0x90
 550 00ce 04       		.uleb128 0x4
 551 00cf 01       		.byte	0x1
 552 00d0 02       		.byte	0x2
 553 00d1 A0020000 		.4byte	.LASF18
 554 00d5 03       		.uleb128 0x3
 555 00d6 CA010000 		.4byte	.LASF19
 556 00da 05       		.byte	0x5
 557 00db 2C       		.byte	0x2c
 558 00dc A2000000 		.4byte	0xa2
 559 00e0 03       		.uleb128 0x3
 560 00e1 D2000000 		.4byte	.LASF20
 561 00e5 05       		.byte	0x5
 562 00e6 2D       		.byte	0x2d
 563 00e7 A2000000 		.4byte	0xa2
 564 00eb 03       		.uleb128 0x3
 565 00ec 61020000 		.4byte	.LASF21
 566 00f0 05       		.byte	0x5
ARM GAS  /tmp/ccwfRvqN.s 			page 11


 567 00f1 2E       		.byte	0x2e
 568 00f2 A2000000 		.4byte	0xa2
 569 00f6 03       		.uleb128 0x3
 570 00f7 BF000000 		.4byte	.LASF22
 571 00fb 05       		.byte	0x5
 572 00fc 2F       		.byte	0x2f
 573 00fd A2000000 		.4byte	0xa2
 574 0101 03       		.uleb128 0x3
 575 0102 98020000 		.4byte	.LASF23
 576 0106 05       		.byte	0x5
 577 0107 30       		.byte	0x30
 578 0108 B8000000 		.4byte	0xb8
 579 010c 03       		.uleb128 0x3
 580 010d 3C010000 		.4byte	.LASF24
 581 0111 05       		.byte	0x5
 582 0112 31       		.byte	0x31
 583 0113 AD000000 		.4byte	0xad
 584 0117 03       		.uleb128 0x3
 585 0118 DE010000 		.4byte	.LASF25
 586 011c 05       		.byte	0x5
 587 011d 33       		.byte	0x33
 588 011e B8000000 		.4byte	0xb8
 589 0122 03       		.uleb128 0x3
 590 0123 61030000 		.4byte	.LASF26
 591 0127 05       		.byte	0x5
 592 0128 35       		.byte	0x35
 593 0129 B8000000 		.4byte	0xb8
 594 012d 03       		.uleb128 0x3
 595 012e 0F030000 		.4byte	.LASF27
 596 0132 06       		.byte	0x6
 597 0133 2A       		.byte	0x2a
 598 0134 38010000 		.4byte	0x138
 599 0138 05       		.uleb128 0x5
 600 0139 0F030000 		.4byte	.LASF27
 601 013d 48       		.byte	0x48
 602 013e 07       		.byte	0x7
 603 013f 5E       		.byte	0x5e
 604 0140 35020000 		.4byte	0x235
 605 0144 06       		.uleb128 0x6
 606 0145 00030000 		.4byte	.LASF28
 607 0149 07       		.byte	0x7
 608 014a 5F       		.byte	0x5f
 609 014b 56020000 		.4byte	0x256
 610 014f 00       		.byte	0
 611 0150 06       		.uleb128 0x6
 612 0151 91020000 		.4byte	.LASF29
 613 0155 07       		.byte	0x7
 614 0156 61       		.byte	0x61
 615 0157 56020000 		.4byte	0x256
 616 015b 04       		.byte	0x4
 617 015c 06       		.uleb128 0x6
 618 015d 7D000000 		.4byte	.LASF30
 619 0161 07       		.byte	0x7
 620 0162 63       		.byte	0x63
 621 0163 01010000 		.4byte	0x101
 622 0167 08       		.byte	0x8
 623 0168 06       		.uleb128 0x6
ARM GAS  /tmp/ccwfRvqN.s 			page 12


 624 0169 D9030000 		.4byte	.LASF31
 625 016d 07       		.byte	0x7
 626 016e 64       		.byte	0x64
 627 016f 1B030000 		.4byte	0x31b
 628 0173 0C       		.byte	0xc
 629 0174 06       		.uleb128 0x6
 630 0175 DB000000 		.4byte	.LASF32
 631 0179 07       		.byte	0x7
 632 017a 66       		.byte	0x66
 633 017b 56020000 		.4byte	0x256
 634 017f 10       		.byte	0x10
 635 0180 06       		.uleb128 0x6
 636 0181 36020000 		.4byte	.LASF33
 637 0185 07       		.byte	0x7
 638 0186 67       		.byte	0x67
 639 0187 56020000 		.4byte	0x256
 640 018b 14       		.byte	0x14
 641 018c 06       		.uleb128 0x6
 642 018d BF030000 		.4byte	.LASF34
 643 0191 07       		.byte	0x7
 644 0192 6E       		.byte	0x6e
 645 0193 86040000 		.4byte	0x486
 646 0197 18       		.byte	0x18
 647 0198 06       		.uleb128 0x6
 648 0199 DB020000 		.4byte	.LASF35
 649 019d 07       		.byte	0x7
 650 019e 79       		.byte	0x79
 651 019f E0000000 		.4byte	0xe0
 652 01a3 1C       		.byte	0x1c
 653 01a4 06       		.uleb128 0x6
 654 01a5 07030000 		.4byte	.LASF36
 655 01a9 07       		.byte	0x7
 656 01aa 7D       		.byte	0x7d
 657 01ab D5000000 		.4byte	0xd5
 658 01af 1D       		.byte	0x1d
 659 01b0 06       		.uleb128 0x6
 660 01b1 A3030000 		.4byte	.LASF37
 661 01b5 07       		.byte	0x7
 662 01b6 82       		.byte	0x82
 663 01b7 EB000000 		.4byte	0xeb
 664 01bb 1E       		.byte	0x1e
 665 01bc 06       		.uleb128 0x6
 666 01bd E3020000 		.4byte	.LASF38
 667 01c1 07       		.byte	0x7
 668 01c2 88       		.byte	0x88
 669 01c3 F6000000 		.4byte	0xf6
 670 01c7 1F       		.byte	0x1f
 671 01c8 06       		.uleb128 0x6
 672 01c9 80030000 		.4byte	.LASF39
 673 01cd 07       		.byte	0x7
 674 01ce 8F       		.byte	0x8f
 675 01cf 43030000 		.4byte	0x343
 676 01d3 20       		.byte	0x20
 677 01d4 07       		.uleb128 0x7
 678 01d5 705F7500 		.ascii	"p_u\000"
 679 01d9 07       		.byte	0x7
 680 01da B4       		.byte	0xb4
ARM GAS  /tmp/ccwfRvqN.s 			page 13


 681 01db 51040000 		.4byte	0x451
 682 01df 24       		.byte	0x24
 683 01e0 06       		.uleb128 0x6
 684 01e1 DF030000 		.4byte	.LASF40
 685 01e5 07       		.byte	0x7
 686 01e6 B9       		.byte	0xb9
 687 01e7 7C020000 		.4byte	0x27c
 688 01eb 28       		.byte	0x28
 689 01ec 06       		.uleb128 0x6
 690 01ed 8E030000 		.4byte	.LASF41
 691 01f1 07       		.byte	0x7
 692 01f2 BF       		.byte	0xbf
 693 01f3 5C020000 		.4byte	0x25c
 694 01f7 2C       		.byte	0x2c
 695 01f8 06       		.uleb128 0x6
 696 01f9 00000000 		.4byte	.LASF42
 697 01fd 07       		.byte	0x7
 698 01fe C3       		.byte	0xc3
 699 01ff 0C010000 		.4byte	0x10c
 700 0203 34       		.byte	0x34
 701 0204 06       		.uleb128 0x6
 702 0205 22030000 		.4byte	.LASF43
 703 0209 07       		.byte	0x7
 704 020a C9       		.byte	0xc9
 705 020b 17010000 		.4byte	0x117
 706 020f 38       		.byte	0x38
 707 0210 06       		.uleb128 0x6
 708 0211 C7020000 		.4byte	.LASF44
 709 0215 07       		.byte	0x7
 710 0216 D0       		.byte	0xd0
 711 0217 98040000 		.4byte	0x498
 712 021b 3C       		.byte	0x3c
 713 021c 06       		.uleb128 0x6
 714 021d 6B030000 		.4byte	.LASF45
 715 0221 07       		.byte	0x7
 716 0222 D4       		.byte	0xd4
 717 0223 01010000 		.4byte	0x101
 718 0227 40       		.byte	0x40
 719 0228 06       		.uleb128 0x6
 720 0229 A4000000 		.4byte	.LASF46
 721 022d 07       		.byte	0x7
 722 022e DA       		.byte	0xda
 723 022f 92020000 		.4byte	0x292
 724 0233 44       		.byte	0x44
 725 0234 00       		.byte	0
 726 0235 08       		.uleb128 0x8
 727 0236 08       		.byte	0x8
 728 0237 06       		.byte	0x6
 729 0238 61       		.byte	0x61
 730 0239 56020000 		.4byte	0x256
 731 023d 06       		.uleb128 0x6
 732 023e 00030000 		.4byte	.LASF28
 733 0242 06       		.byte	0x6
 734 0243 62       		.byte	0x62
 735 0244 56020000 		.4byte	0x256
 736 0248 00       		.byte	0
 737 0249 06       		.uleb128 0x6
ARM GAS  /tmp/ccwfRvqN.s 			page 14


 738 024a 91020000 		.4byte	.LASF29
 739 024e 06       		.byte	0x6
 740 024f 64       		.byte	0x64
 741 0250 56020000 		.4byte	0x256
 742 0254 04       		.byte	0x4
 743 0255 00       		.byte	0
 744 0256 09       		.uleb128 0x9
 745 0257 04       		.byte	0x4
 746 0258 2D010000 		.4byte	0x12d
 747 025c 03       		.uleb128 0x3
 748 025d 3E020000 		.4byte	.LASF47
 749 0261 06       		.byte	0x6
 750 0262 66       		.byte	0x66
 751 0263 35020000 		.4byte	0x235
 752 0267 08       		.uleb128 0x8
 753 0268 04       		.byte	0x4
 754 0269 06       		.byte	0x6
 755 026a 6B       		.byte	0x6b
 756 026b 7C020000 		.4byte	0x27c
 757 026f 06       		.uleb128 0x6
 758 0270 00030000 		.4byte	.LASF28
 759 0274 06       		.byte	0x6
 760 0275 6D       		.byte	0x6d
 761 0276 56020000 		.4byte	0x256
 762 027a 00       		.byte	0
 763 027b 00       		.byte	0
 764 027c 03       		.uleb128 0x3
 765 027d D2010000 		.4byte	.LASF48
 766 0281 06       		.byte	0x6
 767 0282 70       		.byte	0x70
 768 0283 67020000 		.4byte	0x267
 769 0287 03       		.uleb128 0x3
 770 0288 EE000000 		.4byte	.LASF49
 771 028c 08       		.byte	0x8
 772 028d E5       		.byte	0xe5
 773 028e 92020000 		.4byte	0x292
 774 0292 0A       		.uleb128 0xa
 775 0293 04       		.byte	0x4
 776 0294 03       		.uleb128 0x3
 777 0295 F0010000 		.4byte	.LASF50
 778 0299 08       		.byte	0x8
 779 029a EB       		.byte	0xeb
 780 029b C3000000 		.4byte	0xc3
 781 029f 0B       		.uleb128 0xb
 782 02a0 87030000 		.4byte	.LASF51
 783 02a4 24       		.byte	0x24
 784 02a5 08       		.byte	0x8
 785 02a6 0C01     		.2byte	0x10c
 786 02a8 1B030000 		.4byte	0x31b
 787 02ac 0C       		.uleb128 0xc
 788 02ad 723400   		.ascii	"r4\000"
 789 02b0 08       		.byte	0x8
 790 02b1 1F01     		.2byte	0x11f
 791 02b3 87020000 		.4byte	0x287
 792 02b7 00       		.byte	0
 793 02b8 0C       		.uleb128 0xc
 794 02b9 723500   		.ascii	"r5\000"
ARM GAS  /tmp/ccwfRvqN.s 			page 15


 795 02bc 08       		.byte	0x8
 796 02bd 2001     		.2byte	0x120
 797 02bf 87020000 		.4byte	0x287
 798 02c3 04       		.byte	0x4
 799 02c4 0C       		.uleb128 0xc
 800 02c5 723600   		.ascii	"r6\000"
 801 02c8 08       		.byte	0x8
 802 02c9 2101     		.2byte	0x121
 803 02cb 87020000 		.4byte	0x287
 804 02cf 08       		.byte	0x8
 805 02d0 0C       		.uleb128 0xc
 806 02d1 723700   		.ascii	"r7\000"
 807 02d4 08       		.byte	0x8
 808 02d5 2201     		.2byte	0x122
 809 02d7 87020000 		.4byte	0x287
 810 02db 0C       		.byte	0xc
 811 02dc 0C       		.uleb128 0xc
 812 02dd 723800   		.ascii	"r8\000"
 813 02e0 08       		.byte	0x8
 814 02e1 2301     		.2byte	0x123
 815 02e3 87020000 		.4byte	0x287
 816 02e7 10       		.byte	0x10
 817 02e8 0C       		.uleb128 0xc
 818 02e9 723900   		.ascii	"r9\000"
 819 02ec 08       		.byte	0x8
 820 02ed 2401     		.2byte	0x124
 821 02ef 87020000 		.4byte	0x287
 822 02f3 14       		.byte	0x14
 823 02f4 0C       		.uleb128 0xc
 824 02f5 72313000 		.ascii	"r10\000"
 825 02f9 08       		.byte	0x8
 826 02fa 2501     		.2byte	0x125
 827 02fc 87020000 		.4byte	0x287
 828 0300 18       		.byte	0x18
 829 0301 0C       		.uleb128 0xc
 830 0302 72313100 		.ascii	"r11\000"
 831 0306 08       		.byte	0x8
 832 0307 2601     		.2byte	0x126
 833 0309 87020000 		.4byte	0x287
 834 030d 1C       		.byte	0x1c
 835 030e 0C       		.uleb128 0xc
 836 030f 6C7200   		.ascii	"lr\000"
 837 0312 08       		.byte	0x8
 838 0313 2701     		.2byte	0x127
 839 0315 87020000 		.4byte	0x287
 840 0319 20       		.byte	0x20
 841 031a 00       		.byte	0
 842 031b 0B       		.uleb128 0xb
 843 031c 1C010000 		.4byte	.LASF52
 844 0320 04       		.byte	0x4
 845 0321 08       		.byte	0x8
 846 0322 3101     		.2byte	0x131
 847 0324 36030000 		.4byte	0x336
 848 0328 0C       		.uleb128 0xc
 849 0329 72313300 		.ascii	"r13\000"
 850 032d 08       		.byte	0x8
 851 032e 3201     		.2byte	0x132
ARM GAS  /tmp/ccwfRvqN.s 			page 16


 852 0330 36030000 		.4byte	0x336
 853 0334 00       		.byte	0
 854 0335 00       		.byte	0
 855 0336 09       		.uleb128 0x9
 856 0337 04       		.byte	0x4
 857 0338 9F020000 		.4byte	0x29f
 858 033c 04       		.uleb128 0x4
 859 033d 04       		.byte	0x4
 860 033e 07       		.byte	0x7
 861 033f 23020000 		.4byte	.LASF53
 862 0343 0D       		.uleb128 0xd
 863 0344 22010000 		.4byte	0x122
 864 0348 05       		.uleb128 0x5
 865 0349 EA010000 		.4byte	.LASF54
 866 034d 10       		.byte	0x10
 867 034e 09       		.byte	0x9
 868 034f 2C       		.byte	0x2c
 869 0350 79030000 		.4byte	0x379
 870 0354 06       		.uleb128 0x6
 871 0355 AC000000 		.4byte	.LASF55
 872 0359 09       		.byte	0x9
 873 035a 2D       		.byte	0x2d
 874 035b 5C020000 		.4byte	0x25c
 875 035f 00       		.byte	0
 876 0360 06       		.uleb128 0x6
 877 0361 D1030000 		.4byte	.LASF56
 878 0365 09       		.byte	0x9
 879 0366 2F       		.byte	0x2f
 880 0367 56020000 		.4byte	0x256
 881 036b 08       		.byte	0x8
 882 036c 06       		.uleb128 0x6
 883 036d 5A030000 		.4byte	.LASF57
 884 0371 09       		.byte	0x9
 885 0372 31       		.byte	0x31
 886 0373 79030000 		.4byte	0x379
 887 0377 0C       		.byte	0xc
 888 0378 00       		.byte	0
 889 0379 09       		.uleb128 0x9
 890 037a 04       		.byte	0x4
 891 037b 48030000 		.4byte	0x348
 892 037f 03       		.uleb128 0x3
 893 0380 EA010000 		.4byte	.LASF54
 894 0384 09       		.byte	0x9
 895 0385 33       		.byte	0x33
 896 0386 48030000 		.4byte	0x348
 897 038a 03       		.uleb128 0x3
 898 038b 27000000 		.4byte	.LASF58
 899 038f 0A       		.byte	0xa
 900 0390 2C       		.byte	0x2c
 901 0391 95030000 		.4byte	0x395
 902 0395 09       		.uleb128 0x9
 903 0396 04       		.byte	0x4
 904 0397 9B030000 		.4byte	0x39b
 905 039b 0E       		.uleb128 0xe
 906 039c 92020000 		.4byte	0x292
 907 03a0 AA030000 		.4byte	0x3aa
 908 03a4 0F       		.uleb128 0xf
ARM GAS  /tmp/ccwfRvqN.s 			page 17


 909 03a5 2C000000 		.4byte	0x2c
 910 03a9 00       		.byte	0
 911 03aa 03       		.uleb128 0x3
 912 03ab 4B020000 		.4byte	.LASF59
 913 03af 0B       		.byte	0xb
 914 03b0 34       		.byte	0x34
 915 03b1 B5030000 		.4byte	0x3b5
 916 03b5 05       		.uleb128 0x5
 917 03b6 E9030000 		.4byte	.LASF60
 918 03ba 20       		.byte	0x20
 919 03bb 0B       		.byte	0xb
 920 03bc 47       		.byte	0x47
 921 03bd E6030000 		.4byte	0x3e6
 922 03c1 06       		.uleb128 0x6
 923 03c2 BC020000 		.4byte	.LASF61
 924 03c6 0B       		.byte	0xb
 925 03c7 48       		.byte	0x48
 926 03c8 8A030000 		.4byte	0x38a
 927 03cc 00       		.byte	0
 928 03cd 06       		.uleb128 0x6
 929 03ce 54000000 		.4byte	.LASF62
 930 03d2 0B       		.byte	0xb
 931 03d3 4A       		.byte	0x4a
 932 03d4 05040000 		.4byte	0x405
 933 03d8 08       		.byte	0x8
 934 03d9 06       		.uleb128 0x6
 935 03da 9E000000 		.4byte	.LASF63
 936 03de 0B       		.byte	0xb
 937 03df 4C       		.byte	0x4c
 938 03e0 7F030000 		.4byte	0x37f
 939 03e4 10       		.byte	0x10
 940 03e5 00       		.byte	0
 941 03e6 10       		.uleb128 0x10
 942 03e7 04       		.byte	0x4
 943 03e8 0B       		.byte	0xb
 944 03e9 3C       		.byte	0x3c
 945 03ea 05040000 		.4byte	0x405
 946 03ee 11       		.uleb128 0x11
 947 03ef 78000000 		.4byte	.LASF64
 948 03f3 0B       		.byte	0xb
 949 03f4 3D       		.byte	0x3d
 950 03f5 26040000 		.4byte	0x426
 951 03f9 11       		.uleb128 0x11
 952 03fa 36030000 		.4byte	.LASF65
 953 03fe 0B       		.byte	0xb
 954 03ff 3E       		.byte	0x3e
 955 0400 2C040000 		.4byte	0x42c
 956 0404 00       		.byte	0
 957 0405 12       		.uleb128 0x12
 958 0406 ED020000 		.4byte	.LASF86
 959 040a 08       		.byte	0x8
 960 040b 0B       		.byte	0xb
 961 040c 39       		.byte	0x39
 962 040d 26040000 		.4byte	0x426
 963 0411 11       		.uleb128 0x11
 964 0412 F7000000 		.4byte	.LASF66
 965 0416 0B       		.byte	0xb
ARM GAS  /tmp/ccwfRvqN.s 			page 18


 966 0417 3A       		.byte	0x3a
 967 0418 94020000 		.4byte	0x294
 968 041c 13       		.uleb128 0x13
 969 041d 6800     		.ascii	"h\000"
 970 041f 0B       		.byte	0xb
 971 0420 41       		.byte	0x41
 972 0421 32040000 		.4byte	0x432
 973 0425 00       		.byte	0
 974 0426 09       		.uleb128 0x9
 975 0427 04       		.byte	0x4
 976 0428 05040000 		.4byte	0x405
 977 042c 09       		.uleb128 0x9
 978 042d 04       		.byte	0x4
 979 042e AA030000 		.4byte	0x3aa
 980 0432 08       		.uleb128 0x8
 981 0433 08       		.byte	0x8
 982 0434 0B       		.byte	0xb
 983 0435 3B       		.byte	0x3b
 984 0436 51040000 		.4byte	0x451
 985 043a 07       		.uleb128 0x7
 986 043b 7500     		.ascii	"u\000"
 987 043d 0B       		.byte	0xb
 988 043e 3F       		.byte	0x3f
 989 043f E6030000 		.4byte	0x3e6
 990 0443 00       		.byte	0
 991 0444 06       		.uleb128 0x6
 992 0445 24010000 		.4byte	.LASF67
 993 0449 0B       		.byte	0xb
 994 044a 40       		.byte	0x40
 995 044b 2C000000 		.4byte	0x2c
 996 044f 04       		.byte	0x4
 997 0450 00       		.byte	0
 998 0451 10       		.uleb128 0x10
 999 0452 04       		.byte	0x4
 1000 0453 07       		.byte	0x7
 1001 0454 96       		.byte	0x96
 1002 0455 86040000 		.4byte	0x486
 1003 0459 11       		.uleb128 0x11
 1004 045a 0D000000 		.4byte	.LASF68
 1005 045e 07       		.byte	0x7
 1006 045f 9D       		.byte	0x9d
 1007 0460 0C010000 		.4byte	0x10c
 1008 0464 11       		.uleb128 0x11
 1009 0465 4B000000 		.4byte	.LASF69
 1010 0469 07       		.byte	0x7
 1011 046a A4       		.byte	0xa4
 1012 046b 0C010000 		.4byte	0x10c
 1013 046f 11       		.uleb128 0x11
 1014 0470 B2030000 		.4byte	.LASF70
 1015 0474 07       		.byte	0x7
 1016 0475 AB       		.byte	0xab
 1017 0476 92020000 		.4byte	0x292
 1018 047a 11       		.uleb128 0x11
 1019 047b F9020000 		.4byte	.LASF71
 1020 047f 07       		.byte	0x7
 1021 0480 B2       		.byte	0xb2
 1022 0481 17010000 		.4byte	0x117
ARM GAS  /tmp/ccwfRvqN.s 			page 19


 1023 0485 00       		.byte	0
 1024 0486 09       		.uleb128 0x9
 1025 0487 04       		.byte	0x4
 1026 0488 8C040000 		.4byte	0x48c
 1027 048c 14       		.uleb128 0x14
 1028 048d 91040000 		.4byte	0x491
 1029 0491 04       		.uleb128 0x4
 1030 0492 01       		.byte	0x1
 1031 0493 08       		.byte	0x8
 1032 0494 48030000 		.4byte	.LASF72
 1033 0498 09       		.uleb128 0x9
 1034 0499 04       		.byte	0x4
 1035 049a 7F030000 		.4byte	0x37f
 1036 049e 15       		.uleb128 0x15
 1037 049f C6030000 		.4byte	.LASF73
 1038 04a3 01       		.byte	0x1
 1039 04a4 4B       		.byte	0x4b
 1040 04a5 00000000 		.4byte	.LFB7
 1041 04a9 20000000 		.4byte	.LFE7-.LFB7
 1042 04ad 01       		.uleb128 0x1
 1043 04ae 9C       		.byte	0x9c
 1044 04af C7040000 		.4byte	0x4c7
 1045 04b3 16       		.uleb128 0x16
 1046 04b4 20000000 		.4byte	.LVL0
 1047 04b8 CC060000 		.4byte	0x6cc
 1048 04bc 17       		.uleb128 0x17
 1049 04bd 01       		.uleb128 0x1
 1050 04be 50       		.byte	0x50
 1051 04bf 05       		.uleb128 0x5
 1052 04c0 03       		.byte	0x3
 1053 04c1 10000000 		.4byte	.LANCHOR0+16
 1054 04c5 00       		.byte	0
 1055 04c6 00       		.byte	0
 1056 04c7 15       		.uleb128 0x15
 1057 04c8 6D000000 		.4byte	.LASF74
 1058 04cc 01       		.byte	0x1
 1059 04cd 63       		.byte	0x63
 1060 04ce 00000000 		.4byte	.LFB8
 1061 04d2 14000000 		.4byte	.LFE8-.LFB8
 1062 04d6 01       		.uleb128 0x1
 1063 04d7 9C       		.byte	0x9c
 1064 04d8 2B050000 		.4byte	0x52b
 1065 04dc 18       		.uleb128 0x18
 1066 04dd 5B000000 		.4byte	.LASF75
 1067 04e1 01       		.byte	0x1
 1068 04e2 63       		.byte	0x63
 1069 04e3 2C040000 		.4byte	0x42c
 1070 04e7 00000000 		.4byte	.LLST0
 1071 04eb 19       		.uleb128 0x19
 1072 04ec 62756600 		.ascii	"buf\000"
 1073 04f0 01       		.byte	0x1
 1074 04f1 63       		.byte	0x63
 1075 04f2 92020000 		.4byte	0x292
 1076 04f6 2E000000 		.4byte	.LLST1
 1077 04fa 18       		.uleb128 0x18
 1078 04fb 24010000 		.4byte	.LASF67
 1079 04ff 01       		.byte	0x1
ARM GAS  /tmp/ccwfRvqN.s 			page 20


 1080 0500 63       		.byte	0x63
 1081 0501 2C000000 		.4byte	0x2c
 1082 0505 4F000000 		.4byte	.LLST2
 1083 0509 1A       		.uleb128 0x1a
 1084 050a 687000   		.ascii	"hp\000"
 1085 050d 01       		.byte	0x1
 1086 050e 64       		.byte	0x64
 1087 050f 26040000 		.4byte	0x426
 1088 0513 7D000000 		.4byte	.LLST3
 1089 0517 16       		.uleb128 0x16
 1090 0518 14000000 		.4byte	.LVL5
 1091 051c CC060000 		.4byte	0x6cc
 1092 0520 17       		.uleb128 0x17
 1093 0521 01       		.uleb128 0x1
 1094 0522 50       		.byte	0x50
 1095 0523 05       		.uleb128 0x5
 1096 0524 F3       		.byte	0xf3
 1097 0525 01       		.uleb128 0x1
 1098 0526 50       		.byte	0x50
 1099 0527 23       		.byte	0x23
 1100 0528 10       		.uleb128 0x10
 1101 0529 00       		.byte	0
 1102 052a 00       		.byte	0
 1103 052b 1B       		.uleb128 0x1b
 1104 052c 16030000 		.4byte	.LASF77
 1105 0530 01       		.byte	0x1
 1106 0531 84       		.byte	0x84
 1107 0532 92020000 		.4byte	0x292
 1108 0536 00000000 		.4byte	.LFB9
 1109 053a 86000000 		.4byte	.LFE9-.LFB9
 1110 053e 01       		.uleb128 0x1
 1111 053f 9C       		.byte	0x9c
 1112 0540 C3050000 		.4byte	0x5c3
 1113 0544 18       		.uleb128 0x18
 1114 0545 5B000000 		.4byte	.LASF75
 1115 0549 01       		.byte	0x1
 1116 054a 84       		.byte	0x84
 1117 054b 2C040000 		.4byte	0x42c
 1118 054f 9E000000 		.4byte	.LLST4
 1119 0553 18       		.uleb128 0x18
 1120 0554 24010000 		.4byte	.LASF67
 1121 0558 01       		.byte	0x1
 1122 0559 84       		.byte	0x84
 1123 055a 2C000000 		.4byte	0x2c
 1124 055e BC000000 		.4byte	.LLST5
 1125 0562 1A       		.uleb128 0x1a
 1126 0563 717000   		.ascii	"qp\000"
 1127 0566 01       		.byte	0x1
 1128 0567 85       		.byte	0x85
 1129 0568 26040000 		.4byte	0x426
 1130 056c E7000000 		.4byte	.LLST6
 1131 0570 1A       		.uleb128 0x1a
 1132 0571 687000   		.ascii	"hp\000"
 1133 0574 01       		.byte	0x1
 1134 0575 85       		.byte	0x85
 1135 0576 26040000 		.4byte	0x426
 1136 057a 10010000 		.4byte	.LLST7
ARM GAS  /tmp/ccwfRvqN.s 			page 21


 1137 057e 1A       		.uleb128 0x1a
 1138 057f 667000   		.ascii	"fp\000"
 1139 0582 01       		.byte	0x1
 1140 0583 85       		.byte	0x85
 1141 0584 26040000 		.4byte	0x426
 1142 0588 69010000 		.4byte	.LLST8
 1143 058c 1C       		.uleb128 0x1c
 1144 058d 22000000 		.4byte	.LVL11
 1145 0591 DD060000 		.4byte	0x6dd
 1146 0595 A0050000 		.4byte	0x5a0
 1147 0599 17       		.uleb128 0x17
 1148 059a 01       		.uleb128 0x1
 1149 059b 50       		.byte	0x50
 1150 059c 02       		.uleb128 0x2
 1151 059d 76       		.byte	0x76
 1152 059e 10       		.sleb128 16
 1153 059f 00       		.byte	0
 1154 05a0 1D       		.uleb128 0x1d
 1155 05a1 36000000 		.4byte	.LVL15
 1156 05a5 EE060000 		.4byte	0x6ee
 1157 05a9 1E       		.uleb128 0x1e
 1158 05aa 40000000 		.4byte	.LVL16
 1159 05ae B9050000 		.4byte	0x5b9
 1160 05b2 17       		.uleb128 0x17
 1161 05b3 01       		.uleb128 0x1
 1162 05b4 50       		.byte	0x50
 1163 05b5 02       		.uleb128 0x2
 1164 05b6 75       		.byte	0x75
 1165 05b7 08       		.sleb128 8
 1166 05b8 00       		.byte	0
 1167 05b9 1D       		.uleb128 0x1d
 1168 05ba 64000000 		.4byte	.LVL21
 1169 05be EE060000 		.4byte	0x6ee
 1170 05c2 00       		.byte	0
 1171 05c3 15       		.uleb128 0x15
 1172 05c4 B4000000 		.4byte	.LASF76
 1173 05c8 01       		.byte	0x1
 1174 05c9 C2       		.byte	0xc2
 1175 05ca 00000000 		.4byte	.LFB10
 1176 05ce 92000000 		.4byte	.LFE10-.LFB10
 1177 05d2 01       		.uleb128 0x1
 1178 05d3 9C       		.byte	0x9c
 1179 05d4 37060000 		.4byte	0x637
 1180 05d8 19       		.uleb128 0x19
 1181 05d9 7000     		.ascii	"p\000"
 1182 05db 01       		.byte	0x1
 1183 05dc C2       		.byte	0xc2
 1184 05dd 92020000 		.4byte	0x292
 1185 05e1 7C010000 		.4byte	.LLST9
 1186 05e5 1A       		.uleb128 0x1a
 1187 05e6 717000   		.ascii	"qp\000"
 1188 05e9 01       		.byte	0x1
 1189 05ea C3       		.byte	0xc3
 1190 05eb 26040000 		.4byte	0x426
 1191 05ef C1010000 		.4byte	.LLST10
 1192 05f3 1A       		.uleb128 0x1a
 1193 05f4 687000   		.ascii	"hp\000"
ARM GAS  /tmp/ccwfRvqN.s 			page 22


 1194 05f7 01       		.byte	0x1
 1195 05f8 C3       		.byte	0xc3
 1196 05f9 26040000 		.4byte	0x426
 1197 05fd F5010000 		.4byte	.LLST11
 1198 0601 1F       		.uleb128 0x1f
 1199 0602 5B000000 		.4byte	.LASF75
 1200 0606 01       		.byte	0x1
 1201 0607 C4       		.byte	0xc4
 1202 0608 2C040000 		.4byte	0x42c
 1203 060c 33020000 		.4byte	.LLST12
 1204 0610 1C       		.uleb128 0x1c
 1205 0611 16000000 		.4byte	.LVL31
 1206 0615 DD060000 		.4byte	0x6dd
 1207 0619 24060000 		.4byte	0x624
 1208 061d 17       		.uleb128 0x17
 1209 061e 01       		.uleb128 0x1
 1210 061f 50       		.byte	0x50
 1211 0620 02       		.uleb128 0x2
 1212 0621 75       		.byte	0x75
 1213 0622 08       		.sleb128 8
 1214 0623 00       		.byte	0
 1215 0624 20       		.uleb128 0x20
 1216 0625 5E000000 		.4byte	.LVL38
 1217 0629 EE060000 		.4byte	0x6ee
 1218 062d 20       		.uleb128 0x20
 1219 062e 92000000 		.4byte	.LVL40
 1220 0632 EE060000 		.4byte	0x6ee
 1221 0636 00       		.byte	0
 1222 0637 1B       		.uleb128 0x1b
 1223 0638 4D030000 		.4byte	.LASF78
 1224 063c 01       		.byte	0x1
 1225 063d FA       		.byte	0xfa
 1226 063e 2C000000 		.4byte	0x2c
 1227 0642 00000000 		.4byte	.LFB11
 1228 0646 42000000 		.4byte	.LFE11-.LFB11
 1229 064a 01       		.uleb128 0x1
 1230 064b 9C       		.byte	0x9c
 1231 064c B5060000 		.4byte	0x6b5
 1232 0650 18       		.uleb128 0x18
 1233 0651 5B000000 		.4byte	.LASF75
 1234 0655 01       		.byte	0x1
 1235 0656 FA       		.byte	0xfa
 1236 0657 2C040000 		.4byte	0x42c
 1237 065b 5F020000 		.4byte	.LLST13
 1238 065f 18       		.uleb128 0x18
 1239 0660 B9030000 		.4byte	.LASF79
 1240 0664 01       		.byte	0x1
 1241 0665 FA       		.byte	0xfa
 1242 0666 B5060000 		.4byte	0x6b5
 1243 066a C2020000 		.4byte	.LLST14
 1244 066e 1A       		.uleb128 0x1a
 1245 066f 717000   		.ascii	"qp\000"
 1246 0672 01       		.byte	0x1
 1247 0673 FB       		.byte	0xfb
 1248 0674 26040000 		.4byte	0x426
 1249 0678 E0020000 		.4byte	.LLST15
 1250 067c 1A       		.uleb128 0x1a
ARM GAS  /tmp/ccwfRvqN.s 			page 23


 1251 067d 6E00     		.ascii	"n\000"
 1252 067f 01       		.byte	0x1
 1253 0680 FC       		.byte	0xfc
 1254 0681 2C000000 		.4byte	0x2c
 1255 0685 40030000 		.4byte	.LLST16
 1256 0689 1A       		.uleb128 0x1a
 1257 068a 737A00   		.ascii	"sz\000"
 1258 068d 01       		.byte	0x1
 1259 068e FC       		.byte	0xfc
 1260 068f 2C000000 		.4byte	0x2c
 1261 0693 83030000 		.4byte	.LLST17
 1262 0697 1C       		.uleb128 0x1c
 1263 0698 1C000000 		.4byte	.LVL43
 1264 069c DD060000 		.4byte	0x6dd
 1265 06a0 AB060000 		.4byte	0x6ab
 1266 06a4 17       		.uleb128 0x17
 1267 06a5 01       		.uleb128 0x1
 1268 06a6 50       		.byte	0x50
 1269 06a7 02       		.uleb128 0x2
 1270 06a8 74       		.byte	0x74
 1271 06a9 10       		.sleb128 16
 1272 06aa 00       		.byte	0
 1273 06ab 1D       		.uleb128 0x1d
 1274 06ac 38000000 		.4byte	.LVL48
 1275 06b0 EE060000 		.4byte	0x6ee
 1276 06b4 00       		.byte	0
 1277 06b5 09       		.uleb128 0x9
 1278 06b6 04       		.byte	0x4
 1279 06b7 2C000000 		.4byte	0x2c
 1280 06bb 21       		.uleb128 0x21
 1281 06bc 3B030000 		.4byte	.LASF80
 1282 06c0 01       		.byte	0x1
 1283 06c1 44       		.byte	0x44
 1284 06c2 AA030000 		.4byte	0x3aa
 1285 06c6 05       		.uleb128 0x5
 1286 06c7 03       		.byte	0x3
 1287 06c8 00000000 		.4byte	default_heap
 1288 06cc 22       		.uleb128 0x22
 1289 06cd 99030000 		.4byte	.LASF81
 1290 06d1 09       		.byte	0x9
 1291 06d2 38       		.byte	0x38
 1292 06d3 DD060000 		.4byte	0x6dd
 1293 06d7 0F       		.uleb128 0xf
 1294 06d8 98040000 		.4byte	0x498
 1295 06dc 00       		.byte	0
 1296 06dd 22       		.uleb128 0x22
 1297 06de 2C020000 		.4byte	.LASF82
 1298 06e2 09       		.byte	0x9
 1299 06e3 39       		.byte	0x39
 1300 06e4 EE060000 		.4byte	0x6ee
 1301 06e8 0F       		.uleb128 0xf
 1302 06e9 98040000 		.4byte	0x498
 1303 06ed 00       		.byte	0
 1304 06ee 23       		.uleb128 0x23
 1305 06ef 61000000 		.4byte	.LASF87
 1306 06f3 09       		.byte	0x9
 1307 06f4 3D       		.byte	0x3d
ARM GAS  /tmp/ccwfRvqN.s 			page 24


 1308 06f5 98040000 		.4byte	0x498
 1309 06f9 00       		.byte	0
 1310              		.section	.debug_abbrev,"",%progbits
 1311              	.Ldebug_abbrev0:
 1312 0000 01       		.uleb128 0x1
 1313 0001 11       		.uleb128 0x11
 1314 0002 01       		.byte	0x1
 1315 0003 25       		.uleb128 0x25
 1316 0004 0E       		.uleb128 0xe
 1317 0005 13       		.uleb128 0x13
 1318 0006 0B       		.uleb128 0xb
 1319 0007 03       		.uleb128 0x3
 1320 0008 0E       		.uleb128 0xe
 1321 0009 1B       		.uleb128 0x1b
 1322 000a 0E       		.uleb128 0xe
 1323 000b 55       		.uleb128 0x55
 1324 000c 17       		.uleb128 0x17
 1325 000d 11       		.uleb128 0x11
 1326 000e 01       		.uleb128 0x1
 1327 000f 10       		.uleb128 0x10
 1328 0010 17       		.uleb128 0x17
 1329 0011 00       		.byte	0
 1330 0012 00       		.byte	0
 1331 0013 02       		.uleb128 0x2
 1332 0014 24       		.uleb128 0x24
 1333 0015 00       		.byte	0
 1334 0016 0B       		.uleb128 0xb
 1335 0017 0B       		.uleb128 0xb
 1336 0018 3E       		.uleb128 0x3e
 1337 0019 0B       		.uleb128 0xb
 1338 001a 03       		.uleb128 0x3
 1339 001b 08       		.uleb128 0x8
 1340 001c 00       		.byte	0
 1341 001d 00       		.byte	0
 1342 001e 03       		.uleb128 0x3
 1343 001f 16       		.uleb128 0x16
 1344 0020 00       		.byte	0
 1345 0021 03       		.uleb128 0x3
 1346 0022 0E       		.uleb128 0xe
 1347 0023 3A       		.uleb128 0x3a
 1348 0024 0B       		.uleb128 0xb
 1349 0025 3B       		.uleb128 0x3b
 1350 0026 0B       		.uleb128 0xb
 1351 0027 49       		.uleb128 0x49
 1352 0028 13       		.uleb128 0x13
 1353 0029 00       		.byte	0
 1354 002a 00       		.byte	0
 1355 002b 04       		.uleb128 0x4
 1356 002c 24       		.uleb128 0x24
 1357 002d 00       		.byte	0
 1358 002e 0B       		.uleb128 0xb
 1359 002f 0B       		.uleb128 0xb
 1360 0030 3E       		.uleb128 0x3e
 1361 0031 0B       		.uleb128 0xb
 1362 0032 03       		.uleb128 0x3
 1363 0033 0E       		.uleb128 0xe
 1364 0034 00       		.byte	0
ARM GAS  /tmp/ccwfRvqN.s 			page 25


 1365 0035 00       		.byte	0
 1366 0036 05       		.uleb128 0x5
 1367 0037 13       		.uleb128 0x13
 1368 0038 01       		.byte	0x1
 1369 0039 03       		.uleb128 0x3
 1370 003a 0E       		.uleb128 0xe
 1371 003b 0B       		.uleb128 0xb
 1372 003c 0B       		.uleb128 0xb
 1373 003d 3A       		.uleb128 0x3a
 1374 003e 0B       		.uleb128 0xb
 1375 003f 3B       		.uleb128 0x3b
 1376 0040 0B       		.uleb128 0xb
 1377 0041 01       		.uleb128 0x1
 1378 0042 13       		.uleb128 0x13
 1379 0043 00       		.byte	0
 1380 0044 00       		.byte	0
 1381 0045 06       		.uleb128 0x6
 1382 0046 0D       		.uleb128 0xd
 1383 0047 00       		.byte	0
 1384 0048 03       		.uleb128 0x3
 1385 0049 0E       		.uleb128 0xe
 1386 004a 3A       		.uleb128 0x3a
 1387 004b 0B       		.uleb128 0xb
 1388 004c 3B       		.uleb128 0x3b
 1389 004d 0B       		.uleb128 0xb
 1390 004e 49       		.uleb128 0x49
 1391 004f 13       		.uleb128 0x13
 1392 0050 38       		.uleb128 0x38
 1393 0051 0B       		.uleb128 0xb
 1394 0052 00       		.byte	0
 1395 0053 00       		.byte	0
 1396 0054 07       		.uleb128 0x7
 1397 0055 0D       		.uleb128 0xd
 1398 0056 00       		.byte	0
 1399 0057 03       		.uleb128 0x3
 1400 0058 08       		.uleb128 0x8
 1401 0059 3A       		.uleb128 0x3a
 1402 005a 0B       		.uleb128 0xb
 1403 005b 3B       		.uleb128 0x3b
 1404 005c 0B       		.uleb128 0xb
 1405 005d 49       		.uleb128 0x49
 1406 005e 13       		.uleb128 0x13
 1407 005f 38       		.uleb128 0x38
 1408 0060 0B       		.uleb128 0xb
 1409 0061 00       		.byte	0
 1410 0062 00       		.byte	0
 1411 0063 08       		.uleb128 0x8
 1412 0064 13       		.uleb128 0x13
 1413 0065 01       		.byte	0x1
 1414 0066 0B       		.uleb128 0xb
 1415 0067 0B       		.uleb128 0xb
 1416 0068 3A       		.uleb128 0x3a
 1417 0069 0B       		.uleb128 0xb
 1418 006a 3B       		.uleb128 0x3b
 1419 006b 0B       		.uleb128 0xb
 1420 006c 01       		.uleb128 0x1
 1421 006d 13       		.uleb128 0x13
ARM GAS  /tmp/ccwfRvqN.s 			page 26


 1422 006e 00       		.byte	0
 1423 006f 00       		.byte	0
 1424 0070 09       		.uleb128 0x9
 1425 0071 0F       		.uleb128 0xf
 1426 0072 00       		.byte	0
 1427 0073 0B       		.uleb128 0xb
 1428 0074 0B       		.uleb128 0xb
 1429 0075 49       		.uleb128 0x49
 1430 0076 13       		.uleb128 0x13
 1431 0077 00       		.byte	0
 1432 0078 00       		.byte	0
 1433 0079 0A       		.uleb128 0xa
 1434 007a 0F       		.uleb128 0xf
 1435 007b 00       		.byte	0
 1436 007c 0B       		.uleb128 0xb
 1437 007d 0B       		.uleb128 0xb
 1438 007e 00       		.byte	0
 1439 007f 00       		.byte	0
 1440 0080 0B       		.uleb128 0xb
 1441 0081 13       		.uleb128 0x13
 1442 0082 01       		.byte	0x1
 1443 0083 03       		.uleb128 0x3
 1444 0084 0E       		.uleb128 0xe
 1445 0085 0B       		.uleb128 0xb
 1446 0086 0B       		.uleb128 0xb
 1447 0087 3A       		.uleb128 0x3a
 1448 0088 0B       		.uleb128 0xb
 1449 0089 3B       		.uleb128 0x3b
 1450 008a 05       		.uleb128 0x5
 1451 008b 01       		.uleb128 0x1
 1452 008c 13       		.uleb128 0x13
 1453 008d 00       		.byte	0
 1454 008e 00       		.byte	0
 1455 008f 0C       		.uleb128 0xc
 1456 0090 0D       		.uleb128 0xd
 1457 0091 00       		.byte	0
 1458 0092 03       		.uleb128 0x3
 1459 0093 08       		.uleb128 0x8
 1460 0094 3A       		.uleb128 0x3a
 1461 0095 0B       		.uleb128 0xb
 1462 0096 3B       		.uleb128 0x3b
 1463 0097 05       		.uleb128 0x5
 1464 0098 49       		.uleb128 0x49
 1465 0099 13       		.uleb128 0x13
 1466 009a 38       		.uleb128 0x38
 1467 009b 0B       		.uleb128 0xb
 1468 009c 00       		.byte	0
 1469 009d 00       		.byte	0
 1470 009e 0D       		.uleb128 0xd
 1471 009f 35       		.uleb128 0x35
 1472 00a0 00       		.byte	0
 1473 00a1 49       		.uleb128 0x49
 1474 00a2 13       		.uleb128 0x13
 1475 00a3 00       		.byte	0
 1476 00a4 00       		.byte	0
 1477 00a5 0E       		.uleb128 0xe
 1478 00a6 15       		.uleb128 0x15
ARM GAS  /tmp/ccwfRvqN.s 			page 27


 1479 00a7 01       		.byte	0x1
 1480 00a8 27       		.uleb128 0x27
 1481 00a9 19       		.uleb128 0x19
 1482 00aa 49       		.uleb128 0x49
 1483 00ab 13       		.uleb128 0x13
 1484 00ac 01       		.uleb128 0x1
 1485 00ad 13       		.uleb128 0x13
 1486 00ae 00       		.byte	0
 1487 00af 00       		.byte	0
 1488 00b0 0F       		.uleb128 0xf
 1489 00b1 05       		.uleb128 0x5
 1490 00b2 00       		.byte	0
 1491 00b3 49       		.uleb128 0x49
 1492 00b4 13       		.uleb128 0x13
 1493 00b5 00       		.byte	0
 1494 00b6 00       		.byte	0
 1495 00b7 10       		.uleb128 0x10
 1496 00b8 17       		.uleb128 0x17
 1497 00b9 01       		.byte	0x1
 1498 00ba 0B       		.uleb128 0xb
 1499 00bb 0B       		.uleb128 0xb
 1500 00bc 3A       		.uleb128 0x3a
 1501 00bd 0B       		.uleb128 0xb
 1502 00be 3B       		.uleb128 0x3b
 1503 00bf 0B       		.uleb128 0xb
 1504 00c0 01       		.uleb128 0x1
 1505 00c1 13       		.uleb128 0x13
 1506 00c2 00       		.byte	0
 1507 00c3 00       		.byte	0
 1508 00c4 11       		.uleb128 0x11
 1509 00c5 0D       		.uleb128 0xd
 1510 00c6 00       		.byte	0
 1511 00c7 03       		.uleb128 0x3
 1512 00c8 0E       		.uleb128 0xe
 1513 00c9 3A       		.uleb128 0x3a
 1514 00ca 0B       		.uleb128 0xb
 1515 00cb 3B       		.uleb128 0x3b
 1516 00cc 0B       		.uleb128 0xb
 1517 00cd 49       		.uleb128 0x49
 1518 00ce 13       		.uleb128 0x13
 1519 00cf 00       		.byte	0
 1520 00d0 00       		.byte	0
 1521 00d1 12       		.uleb128 0x12
 1522 00d2 17       		.uleb128 0x17
 1523 00d3 01       		.byte	0x1
 1524 00d4 03       		.uleb128 0x3
 1525 00d5 0E       		.uleb128 0xe
 1526 00d6 0B       		.uleb128 0xb
 1527 00d7 0B       		.uleb128 0xb
 1528 00d8 3A       		.uleb128 0x3a
 1529 00d9 0B       		.uleb128 0xb
 1530 00da 3B       		.uleb128 0x3b
 1531 00db 0B       		.uleb128 0xb
 1532 00dc 01       		.uleb128 0x1
 1533 00dd 13       		.uleb128 0x13
 1534 00de 00       		.byte	0
 1535 00df 00       		.byte	0
ARM GAS  /tmp/ccwfRvqN.s 			page 28


 1536 00e0 13       		.uleb128 0x13
 1537 00e1 0D       		.uleb128 0xd
 1538 00e2 00       		.byte	0
 1539 00e3 03       		.uleb128 0x3
 1540 00e4 08       		.uleb128 0x8
 1541 00e5 3A       		.uleb128 0x3a
 1542 00e6 0B       		.uleb128 0xb
 1543 00e7 3B       		.uleb128 0x3b
 1544 00e8 0B       		.uleb128 0xb
 1545 00e9 49       		.uleb128 0x49
 1546 00ea 13       		.uleb128 0x13
 1547 00eb 00       		.byte	0
 1548 00ec 00       		.byte	0
 1549 00ed 14       		.uleb128 0x14
 1550 00ee 26       		.uleb128 0x26
 1551 00ef 00       		.byte	0
 1552 00f0 49       		.uleb128 0x49
 1553 00f1 13       		.uleb128 0x13
 1554 00f2 00       		.byte	0
 1555 00f3 00       		.byte	0
 1556 00f4 15       		.uleb128 0x15
 1557 00f5 2E       		.uleb128 0x2e
 1558 00f6 01       		.byte	0x1
 1559 00f7 3F       		.uleb128 0x3f
 1560 00f8 19       		.uleb128 0x19
 1561 00f9 03       		.uleb128 0x3
 1562 00fa 0E       		.uleb128 0xe
 1563 00fb 3A       		.uleb128 0x3a
 1564 00fc 0B       		.uleb128 0xb
 1565 00fd 3B       		.uleb128 0x3b
 1566 00fe 0B       		.uleb128 0xb
 1567 00ff 27       		.uleb128 0x27
 1568 0100 19       		.uleb128 0x19
 1569 0101 11       		.uleb128 0x11
 1570 0102 01       		.uleb128 0x1
 1571 0103 12       		.uleb128 0x12
 1572 0104 06       		.uleb128 0x6
 1573 0105 40       		.uleb128 0x40
 1574 0106 18       		.uleb128 0x18
 1575 0107 9742     		.uleb128 0x2117
 1576 0109 19       		.uleb128 0x19
 1577 010a 01       		.uleb128 0x1
 1578 010b 13       		.uleb128 0x13
 1579 010c 00       		.byte	0
 1580 010d 00       		.byte	0
 1581 010e 16       		.uleb128 0x16
 1582 010f 898201   		.uleb128 0x4109
 1583 0112 01       		.byte	0x1
 1584 0113 11       		.uleb128 0x11
 1585 0114 01       		.uleb128 0x1
 1586 0115 9542     		.uleb128 0x2115
 1587 0117 19       		.uleb128 0x19
 1588 0118 31       		.uleb128 0x31
 1589 0119 13       		.uleb128 0x13
 1590 011a 00       		.byte	0
 1591 011b 00       		.byte	0
 1592 011c 17       		.uleb128 0x17
ARM GAS  /tmp/ccwfRvqN.s 			page 29


 1593 011d 8A8201   		.uleb128 0x410a
 1594 0120 00       		.byte	0
 1595 0121 02       		.uleb128 0x2
 1596 0122 18       		.uleb128 0x18
 1597 0123 9142     		.uleb128 0x2111
 1598 0125 18       		.uleb128 0x18
 1599 0126 00       		.byte	0
 1600 0127 00       		.byte	0
 1601 0128 18       		.uleb128 0x18
 1602 0129 05       		.uleb128 0x5
 1603 012a 00       		.byte	0
 1604 012b 03       		.uleb128 0x3
 1605 012c 0E       		.uleb128 0xe
 1606 012d 3A       		.uleb128 0x3a
 1607 012e 0B       		.uleb128 0xb
 1608 012f 3B       		.uleb128 0x3b
 1609 0130 0B       		.uleb128 0xb
 1610 0131 49       		.uleb128 0x49
 1611 0132 13       		.uleb128 0x13
 1612 0133 02       		.uleb128 0x2
 1613 0134 17       		.uleb128 0x17
 1614 0135 00       		.byte	0
 1615 0136 00       		.byte	0
 1616 0137 19       		.uleb128 0x19
 1617 0138 05       		.uleb128 0x5
 1618 0139 00       		.byte	0
 1619 013a 03       		.uleb128 0x3
 1620 013b 08       		.uleb128 0x8
 1621 013c 3A       		.uleb128 0x3a
 1622 013d 0B       		.uleb128 0xb
 1623 013e 3B       		.uleb128 0x3b
 1624 013f 0B       		.uleb128 0xb
 1625 0140 49       		.uleb128 0x49
 1626 0141 13       		.uleb128 0x13
 1627 0142 02       		.uleb128 0x2
 1628 0143 17       		.uleb128 0x17
 1629 0144 00       		.byte	0
 1630 0145 00       		.byte	0
 1631 0146 1A       		.uleb128 0x1a
 1632 0147 34       		.uleb128 0x34
 1633 0148 00       		.byte	0
 1634 0149 03       		.uleb128 0x3
 1635 014a 08       		.uleb128 0x8
 1636 014b 3A       		.uleb128 0x3a
 1637 014c 0B       		.uleb128 0xb
 1638 014d 3B       		.uleb128 0x3b
 1639 014e 0B       		.uleb128 0xb
 1640 014f 49       		.uleb128 0x49
 1641 0150 13       		.uleb128 0x13
 1642 0151 02       		.uleb128 0x2
 1643 0152 17       		.uleb128 0x17
 1644 0153 00       		.byte	0
 1645 0154 00       		.byte	0
 1646 0155 1B       		.uleb128 0x1b
 1647 0156 2E       		.uleb128 0x2e
 1648 0157 01       		.byte	0x1
 1649 0158 3F       		.uleb128 0x3f
ARM GAS  /tmp/ccwfRvqN.s 			page 30


 1650 0159 19       		.uleb128 0x19
 1651 015a 03       		.uleb128 0x3
 1652 015b 0E       		.uleb128 0xe
 1653 015c 3A       		.uleb128 0x3a
 1654 015d 0B       		.uleb128 0xb
 1655 015e 3B       		.uleb128 0x3b
 1656 015f 0B       		.uleb128 0xb
 1657 0160 27       		.uleb128 0x27
 1658 0161 19       		.uleb128 0x19
 1659 0162 49       		.uleb128 0x49
 1660 0163 13       		.uleb128 0x13
 1661 0164 11       		.uleb128 0x11
 1662 0165 01       		.uleb128 0x1
 1663 0166 12       		.uleb128 0x12
 1664 0167 06       		.uleb128 0x6
 1665 0168 40       		.uleb128 0x40
 1666 0169 18       		.uleb128 0x18
 1667 016a 9742     		.uleb128 0x2117
 1668 016c 19       		.uleb128 0x19
 1669 016d 01       		.uleb128 0x1
 1670 016e 13       		.uleb128 0x13
 1671 016f 00       		.byte	0
 1672 0170 00       		.byte	0
 1673 0171 1C       		.uleb128 0x1c
 1674 0172 898201   		.uleb128 0x4109
 1675 0175 01       		.byte	0x1
 1676 0176 11       		.uleb128 0x11
 1677 0177 01       		.uleb128 0x1
 1678 0178 31       		.uleb128 0x31
 1679 0179 13       		.uleb128 0x13
 1680 017a 01       		.uleb128 0x1
 1681 017b 13       		.uleb128 0x13
 1682 017c 00       		.byte	0
 1683 017d 00       		.byte	0
 1684 017e 1D       		.uleb128 0x1d
 1685 017f 898201   		.uleb128 0x4109
 1686 0182 00       		.byte	0
 1687 0183 11       		.uleb128 0x11
 1688 0184 01       		.uleb128 0x1
 1689 0185 31       		.uleb128 0x31
 1690 0186 13       		.uleb128 0x13
 1691 0187 00       		.byte	0
 1692 0188 00       		.byte	0
 1693 0189 1E       		.uleb128 0x1e
 1694 018a 898201   		.uleb128 0x4109
 1695 018d 01       		.byte	0x1
 1696 018e 11       		.uleb128 0x11
 1697 018f 01       		.uleb128 0x1
 1698 0190 01       		.uleb128 0x1
 1699 0191 13       		.uleb128 0x13
 1700 0192 00       		.byte	0
 1701 0193 00       		.byte	0
 1702 0194 1F       		.uleb128 0x1f
 1703 0195 34       		.uleb128 0x34
 1704 0196 00       		.byte	0
 1705 0197 03       		.uleb128 0x3
 1706 0198 0E       		.uleb128 0xe
ARM GAS  /tmp/ccwfRvqN.s 			page 31


 1707 0199 3A       		.uleb128 0x3a
 1708 019a 0B       		.uleb128 0xb
 1709 019b 3B       		.uleb128 0x3b
 1710 019c 0B       		.uleb128 0xb
 1711 019d 49       		.uleb128 0x49
 1712 019e 13       		.uleb128 0x13
 1713 019f 02       		.uleb128 0x2
 1714 01a0 17       		.uleb128 0x17
 1715 01a1 00       		.byte	0
 1716 01a2 00       		.byte	0
 1717 01a3 20       		.uleb128 0x20
 1718 01a4 898201   		.uleb128 0x4109
 1719 01a7 00       		.byte	0
 1720 01a8 11       		.uleb128 0x11
 1721 01a9 01       		.uleb128 0x1
 1722 01aa 9542     		.uleb128 0x2115
 1723 01ac 19       		.uleb128 0x19
 1724 01ad 31       		.uleb128 0x31
 1725 01ae 13       		.uleb128 0x13
 1726 01af 00       		.byte	0
 1727 01b0 00       		.byte	0
 1728 01b1 21       		.uleb128 0x21
 1729 01b2 34       		.uleb128 0x34
 1730 01b3 00       		.byte	0
 1731 01b4 03       		.uleb128 0x3
 1732 01b5 0E       		.uleb128 0xe
 1733 01b6 3A       		.uleb128 0x3a
 1734 01b7 0B       		.uleb128 0xb
 1735 01b8 3B       		.uleb128 0x3b
 1736 01b9 0B       		.uleb128 0xb
 1737 01ba 49       		.uleb128 0x49
 1738 01bb 13       		.uleb128 0x13
 1739 01bc 02       		.uleb128 0x2
 1740 01bd 18       		.uleb128 0x18
 1741 01be 00       		.byte	0
 1742 01bf 00       		.byte	0
 1743 01c0 22       		.uleb128 0x22
 1744 01c1 2E       		.uleb128 0x2e
 1745 01c2 01       		.byte	0x1
 1746 01c3 3F       		.uleb128 0x3f
 1747 01c4 19       		.uleb128 0x19
 1748 01c5 03       		.uleb128 0x3
 1749 01c6 0E       		.uleb128 0xe
 1750 01c7 3A       		.uleb128 0x3a
 1751 01c8 0B       		.uleb128 0xb
 1752 01c9 3B       		.uleb128 0x3b
 1753 01ca 0B       		.uleb128 0xb
 1754 01cb 27       		.uleb128 0x27
 1755 01cc 19       		.uleb128 0x19
 1756 01cd 3C       		.uleb128 0x3c
 1757 01ce 19       		.uleb128 0x19
 1758 01cf 01       		.uleb128 0x1
 1759 01d0 13       		.uleb128 0x13
 1760 01d1 00       		.byte	0
 1761 01d2 00       		.byte	0
 1762 01d3 23       		.uleb128 0x23
 1763 01d4 2E       		.uleb128 0x2e
ARM GAS  /tmp/ccwfRvqN.s 			page 32


 1764 01d5 00       		.byte	0
 1765 01d6 3F       		.uleb128 0x3f
 1766 01d7 19       		.uleb128 0x19
 1767 01d8 03       		.uleb128 0x3
 1768 01d9 0E       		.uleb128 0xe
 1769 01da 3A       		.uleb128 0x3a
 1770 01db 0B       		.uleb128 0xb
 1771 01dc 3B       		.uleb128 0x3b
 1772 01dd 0B       		.uleb128 0xb
 1773 01de 27       		.uleb128 0x27
 1774 01df 19       		.uleb128 0x19
 1775 01e0 49       		.uleb128 0x49
 1776 01e1 13       		.uleb128 0x13
 1777 01e2 3C       		.uleb128 0x3c
 1778 01e3 19       		.uleb128 0x19
 1779 01e4 00       		.byte	0
 1780 01e5 00       		.byte	0
 1781 01e6 00       		.byte	0
 1782              		.section	.debug_loc,"",%progbits
 1783              	.Ldebug_loc0:
 1784              	.LLST0:
 1785 0000 00000000 		.4byte	.LVL1
 1786 0004 0C000000 		.4byte	.LVL4
 1787 0008 0100     		.2byte	0x1
 1788 000a 50       		.byte	0x50
 1789 000b 0C000000 		.4byte	.LVL4
 1790 000f 13000000 		.4byte	.LVL5-1
 1791 0013 0300     		.2byte	0x3
 1792 0015 70       		.byte	0x70
 1793 0016 70       		.sleb128 -16
 1794 0017 9F       		.byte	0x9f
 1795 0018 13000000 		.4byte	.LVL5-1
 1796 001c 14000000 		.4byte	.LFE8
 1797 0020 0400     		.2byte	0x4
 1798 0022 F3       		.byte	0xf3
 1799 0023 01       		.uleb128 0x1
 1800 0024 50       		.byte	0x50
 1801 0025 9F       		.byte	0x9f
 1802 0026 00000000 		.4byte	0
 1803 002a 00000000 		.4byte	0
 1804              	.LLST1:
 1805 002e 00000000 		.4byte	.LVL1
 1806 0032 13000000 		.4byte	.LVL5-1
 1807 0036 0100     		.2byte	0x1
 1808 0038 51       		.byte	0x51
 1809 0039 13000000 		.4byte	.LVL5-1
 1810 003d 14000000 		.4byte	.LFE8
 1811 0041 0400     		.2byte	0x4
 1812 0043 F3       		.byte	0xf3
 1813 0044 01       		.uleb128 0x1
 1814 0045 51       		.byte	0x51
 1815 0046 9F       		.byte	0x9f
 1816 0047 00000000 		.4byte	0
 1817 004b 00000000 		.4byte	0
 1818              	.LLST2:
 1819 004f 00000000 		.4byte	.LVL1
 1820 0053 04000000 		.4byte	.LVL2
ARM GAS  /tmp/ccwfRvqN.s 			page 33


 1821 0057 0100     		.2byte	0x1
 1822 0059 52       		.byte	0x52
 1823 005a 04000000 		.4byte	.LVL2
 1824 005e 13000000 		.4byte	.LVL5-1
 1825 0062 0300     		.2byte	0x3
 1826 0064 72       		.byte	0x72
 1827 0065 08       		.sleb128 8
 1828 0066 9F       		.byte	0x9f
 1829 0067 13000000 		.4byte	.LVL5-1
 1830 006b 14000000 		.4byte	.LFE8
 1831 006f 0400     		.2byte	0x4
 1832 0071 F3       		.byte	0xf3
 1833 0072 01       		.uleb128 0x1
 1834 0073 52       		.byte	0x52
 1835 0074 9F       		.byte	0x9f
 1836 0075 00000000 		.4byte	0
 1837 0079 00000000 		.4byte	0
 1838              	.LLST3:
 1839 007d 08000000 		.4byte	.LVL3
 1840 0081 13000000 		.4byte	.LVL5-1
 1841 0085 0100     		.2byte	0x1
 1842 0087 51       		.byte	0x51
 1843 0088 13000000 		.4byte	.LVL5-1
 1844 008c 14000000 		.4byte	.LFE8
 1845 0090 0400     		.2byte	0x4
 1846 0092 F3       		.byte	0xf3
 1847 0093 01       		.uleb128 0x1
 1848 0094 51       		.byte	0x51
 1849 0095 9F       		.byte	0x9f
 1850 0096 00000000 		.4byte	0
 1851 009a 00000000 		.4byte	0
 1852              	.LLST4:
 1853 009e 00000000 		.4byte	.LVL6
 1854 00a2 10000000 		.4byte	.LVL7
 1855 00a6 0100     		.2byte	0x1
 1856 00a8 50       		.byte	0x50
 1857 00a9 10000000 		.4byte	.LVL7
 1858 00ad 86000000 		.4byte	.LFE9
 1859 00b1 0100     		.2byte	0x1
 1860 00b3 56       		.byte	0x56
 1861 00b4 00000000 		.4byte	0
 1862 00b8 00000000 		.4byte	0
 1863              	.LLST5:
 1864 00bc 00000000 		.4byte	.LVL6
 1865 00c0 12000000 		.4byte	.LVL8
 1866 00c4 0100     		.2byte	0x1
 1867 00c6 51       		.byte	0x51
 1868 00c7 12000000 		.4byte	.LVL8
 1869 00cb 1A000000 		.4byte	.LVL9
 1870 00cf 0300     		.2byte	0x3
 1871 00d1 71       		.byte	0x71
 1872 00d2 79       		.sleb128 -7
 1873 00d3 9F       		.byte	0x9f
 1874 00d4 1A000000 		.4byte	.LVL9
 1875 00d8 86000000 		.4byte	.LFE9
 1876 00dc 0100     		.2byte	0x1
 1877 00de 55       		.byte	0x55
ARM GAS  /tmp/ccwfRvqN.s 			page 34


 1878 00df 00000000 		.4byte	0
 1879 00e3 00000000 		.4byte	0
 1880              	.LLST6:
 1881 00e7 1E000000 		.4byte	.LVL10
 1882 00eb 4A000000 		.4byte	.LVL18
 1883 00ef 0100     		.2byte	0x1
 1884 00f1 54       		.byte	0x54
 1885 00f2 4E000000 		.4byte	.LVL19
 1886 00f6 5C000000 		.4byte	.LVL20
 1887 00fa 0100     		.2byte	0x1
 1888 00fc 54       		.byte	0x54
 1889 00fd 68000000 		.4byte	.LVL22
 1890 0101 84000000 		.4byte	.LVL25
 1891 0105 0100     		.2byte	0x1
 1892 0107 54       		.byte	0x54
 1893 0108 00000000 		.4byte	0
 1894 010c 00000000 		.4byte	0
 1895              	.LLST7:
 1896 0110 24000000 		.4byte	.LVL12
 1897 0114 2C000000 		.4byte	.LVL13
 1898 0118 0100     		.2byte	0x1
 1899 011a 53       		.byte	0x53
 1900 011b 2E000000 		.4byte	.LVL14
 1901 011f 35000000 		.4byte	.LVL15-1
 1902 0123 0100     		.2byte	0x1
 1903 0125 53       		.byte	0x53
 1904 0126 40000000 		.4byte	.LVL16
 1905 012a 46000000 		.4byte	.LVL17
 1906 012e 0100     		.2byte	0x1
 1907 0130 50       		.byte	0x50
 1908 0131 46000000 		.4byte	.LVL17
 1909 0135 4A000000 		.4byte	.LVL18
 1910 0139 0300     		.2byte	0x3
 1911 013b 70       		.byte	0x70
 1912 013c 08       		.sleb128 8
 1913 013d 9F       		.byte	0x9f
 1914 013e 4E000000 		.4byte	.LVL19
 1915 0142 63000000 		.4byte	.LVL21-1
 1916 0146 0100     		.2byte	0x1
 1917 0148 53       		.byte	0x53
 1918 0149 63000000 		.4byte	.LVL21-1
 1919 014d 68000000 		.4byte	.LVL22
 1920 0151 0300     		.2byte	0x3
 1921 0153 74       		.byte	0x74
 1922 0154 78       		.sleb128 -8
 1923 0155 9F       		.byte	0x9f
 1924 0156 68000000 		.4byte	.LVL22
 1925 015a 82000000 		.4byte	.LVL24
 1926 015e 0100     		.2byte	0x1
 1927 0160 53       		.byte	0x53
 1928 0161 00000000 		.4byte	0
 1929 0165 00000000 		.4byte	0
 1930              	.LLST8:
 1931 0169 78000000 		.4byte	.LVL23
 1932 016d 82000000 		.4byte	.LVL24
 1933 0171 0100     		.2byte	0x1
 1934 0173 52       		.byte	0x52
ARM GAS  /tmp/ccwfRvqN.s 			page 35


 1935 0174 00000000 		.4byte	0
 1936 0178 00000000 		.4byte	0
 1937              	.LLST9:
 1938 017c 00000000 		.4byte	.LVL26
 1939 0180 08000000 		.4byte	.LVL27
 1940 0184 0100     		.2byte	0x1
 1941 0186 50       		.byte	0x50
 1942 0187 08000000 		.4byte	.LVL27
 1943 018b 5A000000 		.4byte	.LVL37
 1944 018f 0100     		.2byte	0x1
 1945 0191 56       		.byte	0x56
 1946 0192 5A000000 		.4byte	.LVL37
 1947 0196 5E000000 		.4byte	.LVL38
 1948 019a 0400     		.2byte	0x4
 1949 019c F3       		.byte	0xf3
 1950 019d 01       		.uleb128 0x1
 1951 019e 50       		.byte	0x50
 1952 019f 9F       		.byte	0x9f
 1953 01a0 5E000000 		.4byte	.LVL38
 1954 01a4 8E000000 		.4byte	.LVL39
 1955 01a8 0100     		.2byte	0x1
 1956 01aa 56       		.byte	0x56
 1957 01ab 8E000000 		.4byte	.LVL39
 1958 01af 92000000 		.4byte	.LFE10
 1959 01b3 0400     		.2byte	0x4
 1960 01b5 F3       		.byte	0xf3
 1961 01b6 01       		.uleb128 0x1
 1962 01b7 50       		.byte	0x50
 1963 01b8 9F       		.byte	0x9f
 1964 01b9 00000000 		.4byte	0
 1965 01bd 00000000 		.4byte	0
 1966              	.LLST10:
 1967 01c1 10000000 		.4byte	.LVL29
 1968 01c5 18000000 		.4byte	.LVL32
 1969 01c9 0100     		.2byte	0x1
 1970 01cb 55       		.byte	0x55
 1971 01cc 18000000 		.4byte	.LVL32
 1972 01d0 30000000 		.4byte	.LVL34
 1973 01d4 0100     		.2byte	0x1
 1974 01d6 53       		.byte	0x53
 1975 01d7 32000000 		.4byte	.LVL35
 1976 01db 5D000000 		.4byte	.LVL38-1
 1977 01df 0100     		.2byte	0x1
 1978 01e1 53       		.byte	0x53
 1979 01e2 5E000000 		.4byte	.LVL38
 1980 01e6 91000000 		.4byte	.LVL40-1
 1981 01ea 0100     		.2byte	0x1
 1982 01ec 53       		.byte	0x53
 1983 01ed 00000000 		.4byte	0
 1984 01f1 00000000 		.4byte	0
 1985              	.LLST11:
 1986 01f5 0C000000 		.4byte	.LVL28
 1987 01f9 5A000000 		.4byte	.LVL37
 1988 01fd 0100     		.2byte	0x1
 1989 01ff 54       		.byte	0x54
 1990 0200 5A000000 		.4byte	.LVL37
 1991 0204 5E000000 		.4byte	.LVL38
ARM GAS  /tmp/ccwfRvqN.s 			page 36


 1992 0208 0600     		.2byte	0x6
 1993 020a F3       		.byte	0xf3
 1994 020b 01       		.uleb128 0x1
 1995 020c 50       		.byte	0x50
 1996 020d 38       		.byte	0x38
 1997 020e 1C       		.byte	0x1c
 1998 020f 9F       		.byte	0x9f
 1999 0210 5E000000 		.4byte	.LVL38
 2000 0214 8E000000 		.4byte	.LVL39
 2001 0218 0100     		.2byte	0x1
 2002 021a 54       		.byte	0x54
 2003 021b 8E000000 		.4byte	.LVL39
 2004 021f 92000000 		.4byte	.LFE10
 2005 0223 0600     		.2byte	0x6
 2006 0225 F3       		.byte	0xf3
 2007 0226 01       		.uleb128 0x1
 2008 0227 50       		.byte	0x50
 2009 0228 38       		.byte	0x38
 2010 0229 1C       		.byte	0x1c
 2011 022a 9F       		.byte	0x9f
 2012 022b 00000000 		.4byte	0
 2013 022f 00000000 		.4byte	0
 2014              	.LLST12:
 2015 0233 0C000000 		.4byte	.LVL28
 2016 0237 12000000 		.4byte	.LVL30
 2017 023b 0100     		.2byte	0x1
 2018 023d 50       		.byte	0x50
 2019 023e 12000000 		.4byte	.LVL30
 2020 0242 15000000 		.4byte	.LVL31-1
 2021 0246 0200     		.2byte	0x2
 2022 0248 74       		.byte	0x74
 2023 0249 00       		.sleb128 0
 2024 024a 15000000 		.4byte	.LVL31-1
 2025 024e 44000000 		.4byte	.LVL36
 2026 0252 0300     		.2byte	0x3
 2027 0254 75       		.byte	0x75
 2028 0255 78       		.sleb128 -8
 2029 0256 9F       		.byte	0x9f
 2030 0257 00000000 		.4byte	0
 2031 025b 00000000 		.4byte	0
 2032              	.LLST13:
 2033 025f 00000000 		.4byte	.LVL41
 2034 0263 12000000 		.4byte	.LVL42
 2035 0267 0100     		.2byte	0x1
 2036 0269 50       		.byte	0x50
 2037 026a 12000000 		.4byte	.LVL42
 2038 026e 24000000 		.4byte	.LVL44
 2039 0272 0100     		.2byte	0x1
 2040 0274 54       		.byte	0x54
 2041 0275 24000000 		.4byte	.LVL44
 2042 0279 3C000000 		.4byte	.LVL49
 2043 027d 1300     		.2byte	0x13
 2044 027f F3       		.byte	0xf3
 2045 0280 01       		.uleb128 0x1
 2046 0281 50       		.byte	0x50
 2047 0282 03       		.byte	0x3
 2048 0283 00000000 		.4byte	.LANCHOR0
ARM GAS  /tmp/ccwfRvqN.s 			page 37


 2049 0287 F3       		.byte	0xf3
 2050 0288 01       		.uleb128 0x1
 2051 0289 50       		.byte	0x50
 2052 028a 30       		.byte	0x30
 2053 028b 2E       		.byte	0x2e
 2054 028c 28       		.byte	0x28
 2055 028d 0100     		.2byte	0x1
 2056 028f 16       		.byte	0x16
 2057 0290 13       		.byte	0x13
 2058 0291 9F       		.byte	0x9f
 2059 0292 3C000000 		.4byte	.LVL49
 2060 0296 40000000 		.4byte	.LVL50
 2061 029a 0100     		.2byte	0x1
 2062 029c 54       		.byte	0x54
 2063 029d 40000000 		.4byte	.LVL50
 2064 02a1 42000000 		.4byte	.LFE11
 2065 02a5 1300     		.2byte	0x13
 2066 02a7 F3       		.byte	0xf3
 2067 02a8 01       		.uleb128 0x1
 2068 02a9 50       		.byte	0x50
 2069 02aa 03       		.byte	0x3
 2070 02ab 00000000 		.4byte	.LANCHOR0
 2071 02af F3       		.byte	0xf3
 2072 02b0 01       		.uleb128 0x1
 2073 02b1 50       		.byte	0x50
 2074 02b2 30       		.byte	0x30
 2075 02b3 2E       		.byte	0x2e
 2076 02b4 28       		.byte	0x28
 2077 02b5 0100     		.2byte	0x1
 2078 02b7 16       		.byte	0x16
 2079 02b8 13       		.byte	0x13
 2080 02b9 9F       		.byte	0x9f
 2081 02ba 00000000 		.4byte	0
 2082 02be 00000000 		.4byte	0
 2083              	.LLST14:
 2084 02c2 00000000 		.4byte	.LVL41
 2085 02c6 1B000000 		.4byte	.LVL43-1
 2086 02ca 0100     		.2byte	0x1
 2087 02cc 51       		.byte	0x51
 2088 02cd 1B000000 		.4byte	.LVL43-1
 2089 02d1 42000000 		.4byte	.LFE11
 2090 02d5 0100     		.2byte	0x1
 2091 02d7 55       		.byte	0x55
 2092 02d8 00000000 		.4byte	0
 2093 02dc 00000000 		.4byte	0
 2094              	.LLST15:
 2095 02e0 1C000000 		.4byte	.LVL43
 2096 02e4 24000000 		.4byte	.LVL44
 2097 02e8 0300     		.2byte	0x3
 2098 02ea 74       		.byte	0x74
 2099 02eb 08       		.sleb128 8
 2100 02ec 9F       		.byte	0x9f
 2101 02ed 24000000 		.4byte	.LVL44
 2102 02f1 2C000000 		.4byte	.LVL46
 2103 02f5 1500     		.2byte	0x15
 2104 02f7 F3       		.byte	0xf3
 2105 02f8 01       		.uleb128 0x1
ARM GAS  /tmp/ccwfRvqN.s 			page 38


 2106 02f9 50       		.byte	0x50
 2107 02fa 03       		.byte	0x3
 2108 02fb 00000000 		.4byte	.LANCHOR0
 2109 02ff F3       		.byte	0xf3
 2110 0300 01       		.uleb128 0x1
 2111 0301 50       		.byte	0x50
 2112 0302 30       		.byte	0x30
 2113 0303 2E       		.byte	0x2e
 2114 0304 28       		.byte	0x28
 2115 0305 0100     		.2byte	0x1
 2116 0307 16       		.byte	0x16
 2117 0308 13       		.byte	0x13
 2118 0309 23       		.byte	0x23
 2119 030a 08       		.uleb128 0x8
 2120 030b 9F       		.byte	0x9f
 2121 030c 3C000000 		.4byte	.LVL49
 2122 0310 40000000 		.4byte	.LVL50
 2123 0314 0300     		.2byte	0x3
 2124 0316 74       		.byte	0x74
 2125 0317 08       		.sleb128 8
 2126 0318 9F       		.byte	0x9f
 2127 0319 40000000 		.4byte	.LVL50
 2128 031d 42000000 		.4byte	.LFE11
 2129 0321 1500     		.2byte	0x15
 2130 0323 F3       		.byte	0xf3
 2131 0324 01       		.uleb128 0x1
 2132 0325 50       		.byte	0x50
 2133 0326 03       		.byte	0x3
 2134 0327 00000000 		.4byte	.LANCHOR0
 2135 032b F3       		.byte	0xf3
 2136 032c 01       		.uleb128 0x1
 2137 032d 50       		.byte	0x50
 2138 032e 30       		.byte	0x30
 2139 032f 2E       		.byte	0x2e
 2140 0330 28       		.byte	0x28
 2141 0331 0100     		.2byte	0x1
 2142 0333 16       		.byte	0x16
 2143 0334 13       		.byte	0x13
 2144 0335 23       		.byte	0x23
 2145 0336 08       		.uleb128 0x8
 2146 0337 9F       		.byte	0x9f
 2147 0338 00000000 		.4byte	0
 2148 033c 00000000 		.4byte	0
 2149              	.LLST16:
 2150 0340 1C000000 		.4byte	.LVL43
 2151 0344 24000000 		.4byte	.LVL44
 2152 0348 0200     		.2byte	0x2
 2153 034a 30       		.byte	0x30
 2154 034b 9F       		.byte	0x9f
 2155 034c 24000000 		.4byte	.LVL44
 2156 0350 2A000000 		.4byte	.LVL45
 2157 0354 0100     		.2byte	0x1
 2158 0356 54       		.byte	0x54
 2159 0357 2A000000 		.4byte	.LVL45
 2160 035b 2C000000 		.4byte	.LVL46
 2161 035f 0300     		.2byte	0x3
 2162 0361 74       		.byte	0x74
ARM GAS  /tmp/ccwfRvqN.s 			page 39


 2163 0362 7F       		.sleb128 -1
 2164 0363 9F       		.byte	0x9f
 2165 0364 2C000000 		.4byte	.LVL46
 2166 0368 30000000 		.4byte	.LVL47
 2167 036c 0100     		.2byte	0x1
 2168 036e 54       		.byte	0x54
 2169 036f 3C000000 		.4byte	.LVL49
 2170 0373 42000000 		.4byte	.LFE11
 2171 0377 0200     		.2byte	0x2
 2172 0379 30       		.byte	0x30
 2173 037a 9F       		.byte	0x9f
 2174 037b 00000000 		.4byte	0
 2175 037f 00000000 		.4byte	0
 2176              	.LLST17:
 2177 0383 1C000000 		.4byte	.LVL43
 2178 0387 24000000 		.4byte	.LVL44
 2179 038b 0200     		.2byte	0x2
 2180 038d 30       		.byte	0x30
 2181 038e 9F       		.byte	0x9f
 2182 038f 24000000 		.4byte	.LVL44
 2183 0393 30000000 		.4byte	.LVL47
 2184 0397 0100     		.2byte	0x1
 2185 0399 52       		.byte	0x52
 2186 039a 3C000000 		.4byte	.LVL49
 2187 039e 42000000 		.4byte	.LFE11
 2188 03a2 0200     		.2byte	0x2
 2189 03a4 30       		.byte	0x30
 2190 03a5 9F       		.byte	0x9f
 2191 03a6 00000000 		.4byte	0
 2192 03aa 00000000 		.4byte	0
 2193              		.section	.debug_aranges,"",%progbits
 2194 0000 3C000000 		.4byte	0x3c
 2195 0004 0200     		.2byte	0x2
 2196 0006 00000000 		.4byte	.Ldebug_info0
 2197 000a 04       		.byte	0x4
 2198 000b 00       		.byte	0
 2199 000c 0000     		.2byte	0
 2200 000e 0000     		.2byte	0
 2201 0010 00000000 		.4byte	.LFB7
 2202 0014 20000000 		.4byte	.LFE7-.LFB7
 2203 0018 00000000 		.4byte	.LFB8
 2204 001c 14000000 		.4byte	.LFE8-.LFB8
 2205 0020 00000000 		.4byte	.LFB9
 2206 0024 86000000 		.4byte	.LFE9-.LFB9
 2207 0028 00000000 		.4byte	.LFB10
 2208 002c 92000000 		.4byte	.LFE10-.LFB10
 2209 0030 00000000 		.4byte	.LFB11
 2210 0034 42000000 		.4byte	.LFE11-.LFB11
 2211 0038 00000000 		.4byte	0
 2212 003c 00000000 		.4byte	0
 2213              		.section	.debug_ranges,"",%progbits
 2214              	.Ldebug_ranges0:
 2215 0000 00000000 		.4byte	.LFB7
 2216 0004 20000000 		.4byte	.LFE7
 2217 0008 00000000 		.4byte	.LFB8
 2218 000c 14000000 		.4byte	.LFE8
 2219 0010 00000000 		.4byte	.LFB9
ARM GAS  /tmp/ccwfRvqN.s 			page 40


 2220 0014 86000000 		.4byte	.LFE9
 2221 0018 00000000 		.4byte	.LFB10
 2222 001c 92000000 		.4byte	.LFE10
 2223 0020 00000000 		.4byte	.LFB11
 2224 0024 42000000 		.4byte	.LFE11
 2225 0028 00000000 		.4byte	0
 2226 002c 00000000 		.4byte	0
 2227              		.section	.debug_line,"",%progbits
 2228              	.Ldebug_line0:
 2229 0000 5C020000 		.section	.debug_str,"MS",%progbits,1
 2229      02006A01 
 2229      00000201 
 2229      FB0E0D00 
 2229      01010101 
 2230              	.LASF42:
 2231 0000 705F6D73 		.ascii	"p_msg\000"
 2231      6700
 2232              	.LASF2:
 2233 0006 73697A65 		.ascii	"size_t\000"
 2233      5F7400
 2234              	.LASF68:
 2235 000d 7264796D 		.ascii	"rdymsg\000"
 2235      736700
 2236              	.LASF17:
 2237 0014 75696E74 		.ascii	"uint64_t\000"
 2237      36345F74 
 2237      00
 2238              	.LASF3:
 2239 001d 5F5F7569 		.ascii	"__uint8_t\000"
 2239      6E74385F 
 2239      7400
 2240              	.LASF58:
 2241 0027 6D656D67 		.ascii	"memgetfunc_t\000"
 2241      65746675 
 2241      6E635F74 
 2241      00
 2242              	.LASF13:
 2243 0034 6C6F6E67 		.ascii	"long long unsigned int\000"
 2243      206C6F6E 
 2243      6720756E 
 2243      7369676E 
 2243      65642069 
 2244              	.LASF69:
 2245 004b 65786974 		.ascii	"exitcode\000"
 2245      636F6465 
 2245      00
 2246              	.LASF62:
 2247 0054 685F6672 		.ascii	"h_free\000"
 2247      656500
 2248              	.LASF75:
 2249 005b 68656170 		.ascii	"heapp\000"
 2249      7000
 2250              	.LASF87:
 2251 0061 63684D74 		.ascii	"chMtxUnlock\000"
 2251      78556E6C 
 2251      6F636B00 
 2252              	.LASF74:
ARM GAS  /tmp/ccwfRvqN.s 			page 41


 2253 006d 63684865 		.ascii	"chHeapInit\000"
 2253      6170496E 
 2253      697400
 2254              	.LASF64:
 2255 0078 6E657874 		.ascii	"next\000"
 2255      00
 2256              	.LASF30:
 2257 007d 705F7072 		.ascii	"p_prio\000"
 2257      696F00
 2258              	.LASF11:
 2259 0084 6C6F6E67 		.ascii	"long long int\000"
 2259      206C6F6E 
 2259      6720696E 
 2259      7400
 2260              	.LASF1:
 2261 0092 7369676E 		.ascii	"signed char\000"
 2261      65642063 
 2261      68617200 
 2262              	.LASF63:
 2263 009e 685F6D74 		.ascii	"h_mtx\000"
 2263      7800
 2264              	.LASF46:
 2265 00a4 705F6D70 		.ascii	"p_mpool\000"
 2265      6F6F6C00 
 2266              	.LASF55:
 2267 00ac 6D5F7175 		.ascii	"m_queue\000"
 2267      65756500 
 2268              	.LASF76:
 2269 00b4 63684865 		.ascii	"chHeapFree\000"
 2269      61704672 
 2269      656500
 2270              	.LASF22:
 2271 00bf 74736C69 		.ascii	"tslices_t\000"
 2271      6365735F 
 2271      7400
 2272              	.LASF8:
 2273 00c9 6C6F6E67 		.ascii	"long int\000"
 2273      20696E74 
 2273      00
 2274              	.LASF20:
 2275 00d2 74737461 		.ascii	"tstate_t\000"
 2275      74655F74 
 2275      00
 2276              	.LASF32:
 2277 00db 705F6E65 		.ascii	"p_newer\000"
 2277      77657200 
 2278              	.LASF9:
 2279 00e3 5F5F7569 		.ascii	"__uint32_t\000"
 2279      6E743332 
 2279      5F7400
 2280              	.LASF49:
 2281 00ee 72656761 		.ascii	"regarm_t\000"
 2281      726D5F74 
 2281      00
 2282              	.LASF66:
 2283 00f7 616C6967 		.ascii	"align\000"
 2283      6E00
ARM GAS  /tmp/ccwfRvqN.s 			page 42


 2284              	.LASF0:
 2285 00fd 756E7369 		.ascii	"unsigned int\000"
 2285      676E6564 
 2285      20696E74 
 2285      00
 2286              	.LASF10:
 2287 010a 6C6F6E67 		.ascii	"long unsigned int\000"
 2287      20756E73 
 2287      69676E65 
 2287      6420696E 
 2287      7400
 2288              	.LASF52:
 2289 011c 636F6E74 		.ascii	"context\000"
 2289      65787400 
 2290              	.LASF67:
 2291 0124 73697A65 		.ascii	"size\000"
 2291      00
 2292              	.LASF6:
 2293 0129 73686F72 		.ascii	"short unsigned int\000"
 2293      7420756E 
 2293      7369676E 
 2293      65642069 
 2293      6E7400
 2294              	.LASF24:
 2295 013c 6D73675F 		.ascii	"msg_t\000"
 2295      7400
 2296              	.LASF83:
 2297 0142 474E5520 		.ascii	"GNU C 4.8.2 -mcpu=cortex-m3 -mno-thumb-interwork -m"
 2297      4320342E 
 2297      382E3220 
 2297      2D6D6370 
 2297      753D636F 
 2298 0175 7468756D 		.ascii	"thumb -ggdb -O2 -fomit-frame-pointer -ffunction-sec"
 2298      62202D67 
 2298      67646220 
 2298      2D4F3220 
 2298      2D666F6D 
 2299 01a8 74696F6E 		.ascii	"tions -fdata-sections -fno-common\000"
 2299      73202D66 
 2299      64617461 
 2299      2D736563 
 2299      74696F6E 
 2300              	.LASF19:
 2301 01ca 746D6F64 		.ascii	"tmode_t\000"
 2301      655F7400 
 2302              	.LASF48:
 2303 01d2 54687265 		.ascii	"ThreadsList\000"
 2303      6164734C 
 2303      69737400 
 2304              	.LASF25:
 2305 01de 6576656E 		.ascii	"eventmask_t\000"
 2305      746D6173 
 2305      6B5F7400 
 2306              	.LASF54:
 2307 01ea 4D757465 		.ascii	"Mutex\000"
 2307      7800
 2308              	.LASF50:
ARM GAS  /tmp/ccwfRvqN.s 			page 43


 2309 01f0 73746B61 		.ascii	"stkalign_t\000"
 2309      6C69676E 
 2309      5F7400
 2310              	.LASF85:
 2311 01fb 2F686F6D 		.ascii	"/home/caroline/Documents/PAF/elfes/Code\000"
 2311      652F6361 
 2311      726F6C69 
 2311      6E652F44 
 2311      6F63756D 
 2312              	.LASF53:
 2313 0223 73697A65 		.ascii	"sizetype\000"
 2313      74797065 
 2313      00
 2314              	.LASF82:
 2315 022c 63684D74 		.ascii	"chMtxLock\000"
 2315      784C6F63 
 2315      6B00
 2316              	.LASF33:
 2317 0236 705F6F6C 		.ascii	"p_older\000"
 2317      64657200 
 2318              	.LASF47:
 2319 023e 54687265 		.ascii	"ThreadsQueue\000"
 2319      61647351 
 2319      75657565 
 2319      00
 2320              	.LASF59:
 2321 024b 4D656D6F 		.ascii	"MemoryHeap\000"
 2321      72794865 
 2321      617000
 2322              	.LASF12:
 2323 0256 5F5F7569 		.ascii	"__uint64_t\000"
 2323      6E743634 
 2323      5F7400
 2324              	.LASF21:
 2325 0261 74726566 		.ascii	"trefs_t\000"
 2325      735F7400 
 2326              	.LASF84:
 2327 0269 2E2E2F43 		.ascii	"../ChibiOS_2.6.4/os/kernel/src/chheap.c\000"
 2327      68696269 
 2327      4F535F32 
 2327      2E362E34 
 2327      2F6F732F 
 2328              	.LASF29:
 2329 0291 705F7072 		.ascii	"p_prev\000"
 2329      657600
 2330              	.LASF23:
 2331 0298 74707269 		.ascii	"tprio_t\000"
 2331      6F5F7400 
 2332              	.LASF18:
 2333 02a0 5F426F6F 		.ascii	"_Bool\000"
 2333      6C00
 2334              	.LASF15:
 2335 02a6 696E7433 		.ascii	"int32_t\000"
 2335      325F7400 
 2336              	.LASF4:
 2337 02ae 756E7369 		.ascii	"unsigned char\000"
 2337      676E6564 
ARM GAS  /tmp/ccwfRvqN.s 			page 44


 2337      20636861 
 2337      7200
 2338              	.LASF61:
 2339 02bc 685F7072 		.ascii	"h_provider\000"
 2339      6F766964 
 2339      657200
 2340              	.LASF44:
 2341 02c7 705F6D74 		.ascii	"p_mtxlist\000"
 2341      786C6973 
 2341      7400
 2342              	.LASF5:
 2343 02d1 73686F72 		.ascii	"short int\000"
 2343      7420696E 
 2343      7400
 2344              	.LASF35:
 2345 02db 705F7374 		.ascii	"p_state\000"
 2345      61746500 
 2346              	.LASF38:
 2347 02e3 705F7072 		.ascii	"p_preempt\000"
 2347      65656D70 
 2347      7400
 2348              	.LASF86:
 2349 02ed 68656170 		.ascii	"heap_header\000"
 2349      5F686561 
 2349      64657200 
 2350              	.LASF71:
 2351 02f9 65776D61 		.ascii	"ewmask\000"
 2351      736B00
 2352              	.LASF28:
 2353 0300 705F6E65 		.ascii	"p_next\000"
 2353      787400
 2354              	.LASF36:
 2355 0307 705F666C 		.ascii	"p_flags\000"
 2355      61677300 
 2356              	.LASF27:
 2357 030f 54687265 		.ascii	"Thread\000"
 2357      616400
 2358              	.LASF77:
 2359 0316 63684865 		.ascii	"chHeapAlloc\000"
 2359      6170416C 
 2359      6C6F6300 
 2360              	.LASF43:
 2361 0322 705F6570 		.ascii	"p_epending\000"
 2361      656E6469 
 2361      6E6700
 2362              	.LASF16:
 2363 032d 75696E74 		.ascii	"uint32_t\000"
 2363      33325F74 
 2363      00
 2364              	.LASF65:
 2365 0336 68656170 		.ascii	"heap\000"
 2365      00
 2366              	.LASF80:
 2367 033b 64656661 		.ascii	"default_heap\000"
 2367      756C745F 
 2367      68656170 
 2367      00
ARM GAS  /tmp/ccwfRvqN.s 			page 45


 2368              	.LASF72:
 2369 0348 63686172 		.ascii	"char\000"
 2369      00
 2370              	.LASF78:
 2371 034d 63684865 		.ascii	"chHeapStatus\000"
 2371      61705374 
 2371      61747573 
 2371      00
 2372              	.LASF57:
 2373 035a 6D5F6E65 		.ascii	"m_next\000"
 2373      787400
 2374              	.LASF26:
 2375 0361 73797374 		.ascii	"systime_t\000"
 2375      696D655F 
 2375      7400
 2376              	.LASF45:
 2377 036b 705F7265 		.ascii	"p_realprio\000"
 2377      616C7072 
 2377      696F00
 2378              	.LASF7:
 2379 0376 5F5F696E 		.ascii	"__int32_t\000"
 2379      7433325F 
 2379      7400
 2380              	.LASF39:
 2381 0380 705F7469 		.ascii	"p_time\000"
 2381      6D6500
 2382              	.LASF51:
 2383 0387 696E7463 		.ascii	"intctx\000"
 2383      747800
 2384              	.LASF41:
 2385 038e 705F6D73 		.ascii	"p_msgqueue\000"
 2385      67717565 
 2385      756500
 2386              	.LASF81:
 2387 0399 63684D74 		.ascii	"chMtxInit\000"
 2387      78496E69 
 2387      7400
 2388              	.LASF37:
 2389 03a3 705F7265 		.ascii	"p_refs\000"
 2389      667300
 2390              	.LASF14:
 2391 03aa 75696E74 		.ascii	"uint8_t\000"
 2391      385F7400 
 2392              	.LASF70:
 2393 03b2 77746F62 		.ascii	"wtobjp\000"
 2393      6A7000
 2394              	.LASF79:
 2395 03b9 73697A65 		.ascii	"sizep\000"
 2395      7000
 2396              	.LASF34:
 2397 03bf 705F6E61 		.ascii	"p_name\000"
 2397      6D6500
 2398              	.LASF73:
 2399 03c6 5F686561 		.ascii	"_heap_init\000"
 2399      705F696E 
 2399      697400
 2400              	.LASF56:
ARM GAS  /tmp/ccwfRvqN.s 			page 46


 2401 03d1 6D5F6F77 		.ascii	"m_owner\000"
 2401      6E657200 
 2402              	.LASF31:
 2403 03d9 705F6374 		.ascii	"p_ctx\000"
 2403      7800
 2404              	.LASF40:
 2405 03df 705F7761 		.ascii	"p_waiting\000"
 2405      6974696E 
 2405      6700
 2406              	.LASF60:
 2407 03e9 6D656D6F 		.ascii	"memory_heap\000"
 2407      72795F68 
 2407      65617000 
 2408              		.ident	"GCC: (4.8.2-14ubuntu1+6) 4.8.2"
ARM GAS  /tmp/ccwfRvqN.s 			page 47


DEFINED SYMBOLS
                            *ABS*:0000000000000000 chheap.c
     /tmp/ccwfRvqN.s:19     .text._heap_init:0000000000000000 $t
     /tmp/ccwfRvqN.s:24     .text._heap_init:0000000000000000 _heap_init
     /tmp/ccwfRvqN.s:434    .bss.default_heap:0000000000000000 .LANCHOR0
     /tmp/ccwfRvqN.s:55     .text.chHeapInit:0000000000000000 $t
     /tmp/ccwfRvqN.s:60     .text.chHeapInit:0000000000000000 chHeapInit
     /tmp/ccwfRvqN.s:94     .text.chHeapAlloc:0000000000000000 $t
     /tmp/ccwfRvqN.s:99     .text.chHeapAlloc:0000000000000000 chHeapAlloc
     /tmp/ccwfRvqN.s:227    .text.chHeapFree:0000000000000000 $t
     /tmp/ccwfRvqN.s:232    .text.chHeapFree:0000000000000000 chHeapFree
     /tmp/ccwfRvqN.s:354    .text.chHeapStatus:0000000000000000 $t
     /tmp/ccwfRvqN.s:359    .text.chHeapStatus:0000000000000000 chHeapStatus
     /tmp/ccwfRvqN.s:433    .bss.default_heap:0000000000000000 $d
     /tmp/ccwfRvqN.s:437    .bss.default_heap:0000000000000000 default_heap
                     .debug_frame:0000000000000010 $d

UNDEFINED SYMBOLS
chCoreAlloc
chMtxInit
chMtxLock
chMtxUnlock
