ARM GAS  /tmp/ccrvfEfI.s 			page 1


   1              		.syntax unified
   2              		.cpu cortex-m3
   3              		.fpu softvfp
   4              		.eabi_attribute 20, 1
   5              		.eabi_attribute 21, 1
   6              		.eabi_attribute 23, 3
   7              		.eabi_attribute 24, 1
   8              		.eabi_attribute 25, 1
   9              		.eabi_attribute 26, 1
  10              		.eabi_attribute 30, 2
  11              		.eabi_attribute 34, 1
  12              		.eabi_attribute 18, 4
  13              		.thumb
  14              		.file	"chmemcore.c"
  15              		.text
  16              	.Ltext0:
  17              		.cfi_sections	.debug_frame
  18              		.section	.text._core_init,"ax",%progbits
  19              		.align	2
  20              		.global	_core_init
  21              		.thumb
  22              		.thumb_func
  23              		.type	_core_init, %function
  24              	_core_init:
  25              	.LFB7:
  26              		.file 1 "../ChibiOS_2.6.4/os/kernel/src/chmemcore.c"
  27              		.loc 1 66 0
  28              		.cfi_startproc
  29              		@ args = 0, pretend = 0, frame = 0
  30              		@ frame_needed = 0, uses_anonymous_args = 0
  31              		@ link register save eliminated.
  32              		.loc 1 71 0
  33 0000 40F20001 		movw	r1, #:lower16:__heap_end__
  34              		.loc 1 70 0
  35 0004 0848     		ldr	r0, .L2
  36              		.loc 1 71 0
  37 0006 C0F20001 		movt	r1, #:upper16:__heap_end__
  38 000a 40F20002 		movw	r2, #:lower16:.LANCHOR1
  39              		.loc 1 70 0
  40 000e 40F20003 		movw	r3, #:lower16:.LANCHOR0
  41              		.loc 1 71 0
  42 0012 21F00701 		bic	r1, r1, #7
  43 0016 C0F20002 		movt	r2, #:upper16:.LANCHOR1
  44              		.loc 1 70 0
  45 001a 20F00700 		bic	r0, r0, #7
  46 001e C0F20003 		movt	r3, #:upper16:.LANCHOR0
  47              		.loc 1 71 0
  48 0022 1160     		str	r1, [r2]
  49              		.loc 1 70 0
  50 0024 1860     		str	r0, [r3]
  51 0026 7047     		bx	lr
  52              	.L3:
  53              		.align	2
  54              	.L2:
  55 0028 07000000 		.word	__heap_base__+7
  56              		.cfi_endproc
  57              	.LFE7:
ARM GAS  /tmp/ccrvfEfI.s 			page 2


  58              		.size	_core_init, .-_core_init
  59              		.section	.text.chCoreAlloc,"ax",%progbits
  60              		.align	2
  61              		.global	chCoreAlloc
  62              		.thumb
  63              		.thumb_func
  64              		.type	chCoreAlloc, %function
  65              	chCoreAlloc:
  66              	.LFB8:
  67              		.loc 1 91 0
  68              		.cfi_startproc
  69              		@ args = 0, pretend = 0, frame = 0
  70              		@ frame_needed = 0, uses_anonymous_args = 0
  71              		@ link register save eliminated.
  72              	.LVL0:
  73              	.LBB6:
  74              		.loc 1 94 0
  75 0000 2023     		movs	r3, #32
  76              	@ 94 "../ChibiOS_2.6.4/os/kernel/src/chmemcore.c" 1
  77 0002 83F31188 		msr     BASEPRI, r3
  78              	@ 0 "" 2
  79              	.LVL1:
  80              		.thumb
  81              	.LBE6:
  82              	.LBB7:
  83              	.LBB8:
  84              		.loc 1 118 0
  85 0006 40F20003 		movw	r3, #:lower16:.LANCHOR0
  86 000a 40F20002 		movw	r2, #:lower16:.LANCHOR1
  87 000e C0F20003 		movt	r3, #:upper16:.LANCHOR0
  88 0012 C0F20002 		movt	r2, #:upper16:.LANCHOR1
  89 0016 1968     		ldr	r1, [r3]
  90 0018 1268     		ldr	r2, [r2]
  91              		.loc 1 117 0
  92 001a 0730     		adds	r0, r0, #7
  93              	.LVL2:
  94 001c 20F00700 		bic	r0, r0, #7
  95              	.LVL3:
  96              		.loc 1 118 0
  97 0020 521A     		subs	r2, r2, r1
  98 0022 9042     		cmp	r0, r2
  99              	.LVL4:
 100              		.loc 1 121 0
 101 0024 9BBF     		ittet	ls
 102 0026 4018     		addls	r0, r0, r1
 103              	.LVL5:
 104 0028 1860     		strls	r0, [r3]
 105              		.loc 1 119 0
 106 002a 0020     		movhi	r0, #0
 107              		.loc 1 122 0
 108 002c 0846     		movls	r0, r1
 109              	.LBE8:
 110              	.LBE7:
 111              	.LBB9:
 112              		.loc 1 96 0
 113 002e 0023     		movs	r3, #0
 114              	@ 96 "../ChibiOS_2.6.4/os/kernel/src/chmemcore.c" 1
ARM GAS  /tmp/ccrvfEfI.s 			page 3


 115 0030 83F31188 		msr     BASEPRI, r3
 116              	@ 0 "" 2
 117              		.thumb
 118              	.LBE9:
 119              		.loc 1 98 0
 120 0034 7047     		bx	lr
 121              		.cfi_endproc
 122              	.LFE8:
 123              		.size	chCoreAlloc, .-chCoreAlloc
 124 0036 00BF     		.section	.text.chCoreAllocI,"ax",%progbits
 125              		.align	2
 126              		.global	chCoreAllocI
 127              		.thumb
 128              		.thumb_func
 129              		.type	chCoreAllocI, %function
 130              	chCoreAllocI:
 131              	.LFB9:
 132              		.loc 1 112 0
 133              		.cfi_startproc
 134              		@ args = 0, pretend = 0, frame = 0
 135              		@ frame_needed = 0, uses_anonymous_args = 0
 136              		@ link register save eliminated.
 137              	.LVL6:
 138              		.loc 1 118 0
 139 0000 40F20003 		movw	r3, #:lower16:.LANCHOR0
 140 0004 40F20002 		movw	r2, #:lower16:.LANCHOR1
 141 0008 C0F20003 		movt	r3, #:upper16:.LANCHOR0
 142 000c C0F20002 		movt	r2, #:upper16:.LANCHOR1
 143 0010 1968     		ldr	r1, [r3]
 144 0012 1268     		ldr	r2, [r2]
 145              		.loc 1 117 0
 146 0014 0730     		adds	r0, r0, #7
 147              	.LVL7:
 148 0016 20F00700 		bic	r0, r0, #7
 149              	.LVL8:
 150              		.loc 1 118 0
 151 001a 521A     		subs	r2, r2, r1
 152 001c 9042     		cmp	r0, r2
 153              	.LVL9:
 154              		.loc 1 121 0
 155 001e 9DBF     		ittte	ls
 156 0020 4018     		addls	r0, r0, r1
 157              	.LVL10:
 158 0022 1860     		strls	r0, [r3]
 159              		.loc 1 122 0
 160 0024 0846     		movls	r0, r1
 161              		.loc 1 119 0
 162 0026 0020     		movhi	r0, #0
 163              		.loc 1 123 0
 164 0028 7047     		bx	lr
 165              		.cfi_endproc
 166              	.LFE9:
 167              		.size	chCoreAllocI, .-chCoreAllocI
 168 002a 00BF     		.section	.text.chCoreStatus,"ax",%progbits
 169              		.align	2
 170              		.global	chCoreStatus
 171              		.thumb
ARM GAS  /tmp/ccrvfEfI.s 			page 4


 172              		.thumb_func
 173              		.type	chCoreStatus, %function
 174              	chCoreStatus:
 175              	.LFB10:
 176              		.loc 1 132 0
 177              		.cfi_startproc
 178              		@ args = 0, pretend = 0, frame = 0
 179              		@ frame_needed = 0, uses_anonymous_args = 0
 180              		@ link register save eliminated.
 181              		.loc 1 134 0
 182 0000 40F20002 		movw	r2, #:lower16:.LANCHOR1
 183 0004 40F20003 		movw	r3, #:lower16:.LANCHOR0
 184 0008 C0F20002 		movt	r2, #:upper16:.LANCHOR1
 185 000c C0F20003 		movt	r3, #:upper16:.LANCHOR0
 186 0010 1068     		ldr	r0, [r2]
 187 0012 1B68     		ldr	r3, [r3]
 188              		.loc 1 135 0
 189 0014 C01A     		subs	r0, r0, r3
 190 0016 7047     		bx	lr
 191              		.cfi_endproc
 192              	.LFE10:
 193              		.size	chCoreStatus, .-chCoreStatus
 194              		.section	.bss.endmem,"aw",%nobits
 195              		.align	2
 196              		.set	.LANCHOR1,. + 0
 197              		.type	endmem, %object
 198              		.size	endmem, 4
 199              	endmem:
 200 0000 00000000 		.space	4
 201              		.section	.bss.nextmem,"aw",%nobits
 202              		.align	2
 203              		.set	.LANCHOR0,. + 0
 204              		.type	nextmem, %object
 205              		.size	nextmem, 4
 206              	nextmem:
 207 0000 00000000 		.space	4
 208              		.text
 209              	.Letext0:
 210              		.file 2 "/usr/lib/gcc/arm-none-eabi/4.8.2/include/stddef.h"
 211              		.file 3 "/usr/include/newlib/machine/_default_types.h"
 212              		.file 4 "/usr/include/newlib/stdint.h"
 213              		.section	.debug_info,"",%progbits
 214              	.Ldebug_info0:
 215 0000 1B020000 		.4byte	0x21b
 216 0004 0400     		.2byte	0x4
 217 0006 00000000 		.4byte	.Ldebug_abbrev0
 218 000a 04       		.byte	0x4
 219 000b 01       		.uleb128 0x1
 220 000c 2D000000 		.4byte	.LASF21
 221 0010 01       		.byte	0x1
 222 0011 92010000 		.4byte	.LASF22
 223 0015 19010000 		.4byte	.LASF23
 224 0019 00000000 		.4byte	.Ldebug_ranges0+0
 225 001d 00000000 		.4byte	0
 226 0021 00000000 		.4byte	.Ldebug_line0
 227 0025 02       		.uleb128 0x2
 228 0026 04       		.byte	0x4
ARM GAS  /tmp/ccrvfEfI.s 			page 5


 229 0027 05       		.byte	0x5
 230 0028 696E7400 		.ascii	"int\000"
 231 002c 03       		.uleb128 0x3
 232 002d 11000000 		.4byte	.LASF2
 233 0031 02       		.byte	0x2
 234 0032 D4       		.byte	0xd4
 235 0033 37000000 		.4byte	0x37
 236 0037 04       		.uleb128 0x4
 237 0038 04       		.byte	0x4
 238 0039 07       		.byte	0x7
 239 003a 41010000 		.4byte	.LASF0
 240 003e 04       		.uleb128 0x4
 241 003f 01       		.byte	0x1
 242 0040 06       		.byte	0x6
 243 0041 EE010000 		.4byte	.LASF1
 244 0045 03       		.uleb128 0x3
 245 0046 07000000 		.4byte	.LASF3
 246 004a 03       		.byte	0x3
 247 004b 1C       		.byte	0x1c
 248 004c 50000000 		.4byte	0x50
 249 0050 04       		.uleb128 0x4
 250 0051 01       		.byte	0x1
 251 0052 08       		.byte	0x8
 252 0053 F5000000 		.4byte	.LASF4
 253 0057 04       		.uleb128 0x4
 254 0058 02       		.byte	0x2
 255 0059 05       		.byte	0x5
 256 005a CF010000 		.4byte	.LASF5
 257 005e 04       		.uleb128 0x4
 258 005f 02       		.byte	0x2
 259 0060 07       		.byte	0x7
 260 0061 D9000000 		.4byte	.LASF6
 261 0065 04       		.uleb128 0x4
 262 0066 04       		.byte	0x4
 263 0067 05       		.byte	0x5
 264 0068 E5010000 		.4byte	.LASF7
 265 006c 03       		.uleb128 0x3
 266 006d 03010000 		.4byte	.LASF8
 267 0071 03       		.byte	0x3
 268 0072 38       		.byte	0x38
 269 0073 77000000 		.4byte	0x77
 270 0077 04       		.uleb128 0x4
 271 0078 04       		.byte	0x4
 272 0079 07       		.byte	0x7
 273 007a BA000000 		.4byte	.LASF9
 274 007e 04       		.uleb128 0x4
 275 007f 08       		.byte	0x8
 276 0080 05       		.byte	0x5
 277 0081 84010000 		.4byte	.LASF10
 278 0085 04       		.uleb128 0x4
 279 0086 08       		.byte	0x8
 280 0087 07       		.byte	0x7
 281 0088 4E010000 		.4byte	.LASF11
 282 008c 03       		.uleb128 0x3
 283 008d 65010000 		.4byte	.LASF12
 284 0091 04       		.byte	0x4
 285 0092 2A       		.byte	0x2a
ARM GAS  /tmp/ccrvfEfI.s 			page 6


 286 0093 45000000 		.4byte	0x45
 287 0097 03       		.uleb128 0x3
 288 0098 EC000000 		.4byte	.LASF13
 289 009c 04       		.byte	0x4
 290 009d 42       		.byte	0x42
 291 009e 6C000000 		.4byte	0x6c
 292 00a2 04       		.uleb128 0x4
 293 00a3 01       		.byte	0x1
 294 00a4 02       		.byte	0x2
 295 00a5 FA010000 		.4byte	.LASF14
 296 00a9 05       		.uleb128 0x5
 297 00aa 04       		.byte	0x4
 298 00ab 04       		.uleb128 0x4
 299 00ac 04       		.byte	0x4
 300 00ad 07       		.byte	0x7
 301 00ae 7B010000 		.4byte	.LASF15
 302 00b2 04       		.uleb128 0x4
 303 00b3 01       		.byte	0x1
 304 00b4 08       		.byte	0x8
 305 00b5 BD010000 		.4byte	.LASF16
 306 00b9 06       		.uleb128 0x6
 307 00ba 04       		.byte	0x4
 308 00bb 8C000000 		.4byte	0x8c
 309 00bf 07       		.uleb128 0x7
 310 00c0 20000000 		.4byte	.LASF24
 311 00c4 01       		.byte	0x1
 312 00c5 70       		.byte	0x70
 313 00c6 A9000000 		.4byte	0xa9
 314 00ca 01       		.byte	0x1
 315 00cb E4000000 		.4byte	0xe4
 316 00cf 08       		.uleb128 0x8
 317 00d0 B5000000 		.4byte	.LASF25
 318 00d4 01       		.byte	0x1
 319 00d5 70       		.byte	0x70
 320 00d6 2C000000 		.4byte	0x2c
 321 00da 09       		.uleb128 0x9
 322 00db 7000     		.ascii	"p\000"
 323 00dd 01       		.byte	0x1
 324 00de 71       		.byte	0x71
 325 00df A9000000 		.4byte	0xa9
 326 00e3 00       		.byte	0
 327 00e4 0A       		.uleb128 0xa
 328 00e5 0E010000 		.4byte	.LASF26
 329 00e9 01       		.byte	0x1
 330 00ea 42       		.byte	0x42
 331 00eb 00000000 		.4byte	.LFB7
 332 00ef 2C000000 		.4byte	.LFE7-.LFB7
 333 00f3 01       		.uleb128 0x1
 334 00f4 9C       		.byte	0x9c
 335 00f5 10010000 		.4byte	0x110
 336 00f9 0B       		.uleb128 0xb
 337 00fa 6D010000 		.4byte	.LASF17
 338 00fe 01       		.byte	0x1
 339 00ff 44       		.byte	0x44
 340 0100 10010000 		.4byte	0x110
 341 0104 0B       		.uleb128 0xb
 342 0105 C2010000 		.4byte	.LASF18
ARM GAS  /tmp/ccrvfEfI.s 			page 7


 343 0109 01       		.byte	0x1
 344 010a 45       		.byte	0x45
 345 010b 10010000 		.4byte	0x110
 346 010f 00       		.byte	0
 347 0110 0C       		.uleb128 0xc
 348 0111 8C000000 		.4byte	0x8c
 349 0115 1B010000 		.4byte	0x11b
 350 0119 0D       		.uleb128 0xd
 351 011a 00       		.byte	0
 352 011b 0E       		.uleb128 0xe
 353 011c D9010000 		.4byte	.LASF27
 354 0120 01       		.byte	0x1
 355 0121 5B       		.byte	0x5b
 356 0122 A9000000 		.4byte	0xa9
 357 0126 00000000 		.4byte	.LFB8
 358 012a 36000000 		.4byte	.LFE8-.LFB8
 359 012e 01       		.uleb128 0x1
 360 012f 9C       		.byte	0x9c
 361 0130 AD010000 		.4byte	0x1ad
 362 0134 0F       		.uleb128 0xf
 363 0135 B5000000 		.4byte	.LASF25
 364 0139 01       		.byte	0x1
 365 013a 5B       		.byte	0x5b
 366 013b 2C000000 		.4byte	0x2c
 367 013f 00000000 		.4byte	.LLST0
 368 0143 09       		.uleb128 0x9
 369 0144 7000     		.ascii	"p\000"
 370 0146 01       		.byte	0x1
 371 0147 5C       		.byte	0x5c
 372 0148 A9000000 		.4byte	0xa9
 373 014c 10       		.uleb128 0x10
 374 014d 00000000 		.4byte	.LBB6
 375 0151 06000000 		.4byte	.LBE6-.LBB6
 376 0155 67010000 		.4byte	0x167
 377 0159 11       		.uleb128 0x11
 378 015a 746D7000 		.ascii	"tmp\000"
 379 015e 01       		.byte	0x1
 380 015f 5E       		.byte	0x5e
 381 0160 97000000 		.4byte	0x97
 382 0164 01       		.uleb128 0x1
 383 0165 53       		.byte	0x53
 384 0166 00       		.byte	0
 385 0167 12       		.uleb128 0x12
 386 0168 BF000000 		.4byte	0xbf
 387 016c 06000000 		.4byte	.LBB7
 388 0170 28000000 		.4byte	.LBE7-.LBB7
 389 0174 01       		.byte	0x1
 390 0175 5F       		.byte	0x5f
 391 0176 95010000 		.4byte	0x195
 392 017a 13       		.uleb128 0x13
 393 017b CF000000 		.4byte	0xcf
 394 017f 2E000000 		.4byte	.LLST1
 395 0183 14       		.uleb128 0x14
 396 0184 06000000 		.4byte	.LBB8
 397 0188 28000000 		.4byte	.LBE8-.LBB8
 398 018c 15       		.uleb128 0x15
 399 018d DA000000 		.4byte	0xda
ARM GAS  /tmp/ccrvfEfI.s 			page 8


 400 0191 01       		.uleb128 0x1
 401 0192 51       		.byte	0x51
 402 0193 00       		.byte	0
 403 0194 00       		.byte	0
 404 0195 14       		.uleb128 0x14
 405 0196 2E000000 		.4byte	.LBB9
 406 019a 06000000 		.4byte	.LBE9-.LBB9
 407 019e 11       		.uleb128 0x11
 408 019f 746D7000 		.ascii	"tmp\000"
 409 01a3 01       		.byte	0x1
 410 01a4 60       		.byte	0x60
 411 01a5 97000000 		.4byte	0x97
 412 01a9 01       		.uleb128 0x1
 413 01aa 53       		.byte	0x53
 414 01ab 00       		.byte	0
 415 01ac 00       		.byte	0
 416 01ad 16       		.uleb128 0x16
 417 01ae BF000000 		.4byte	0xbf
 418 01b2 00000000 		.4byte	.LFB9
 419 01b6 2A000000 		.4byte	.LFE9-.LFB9
 420 01ba 01       		.uleb128 0x1
 421 01bb 9C       		.byte	0x9c
 422 01bc D1010000 		.4byte	0x1d1
 423 01c0 13       		.uleb128 0x13
 424 01c1 CF000000 		.4byte	0xcf
 425 01c5 6C000000 		.4byte	.LLST2
 426 01c9 15       		.uleb128 0x15
 427 01ca DA000000 		.4byte	0xda
 428 01ce 01       		.uleb128 0x1
 429 01cf 51       		.byte	0x51
 430 01d0 00       		.byte	0
 431 01d1 17       		.uleb128 0x17
 432 01d2 CC000000 		.4byte	.LASF28
 433 01d6 01       		.byte	0x1
 434 01d7 84       		.byte	0x84
 435 01d8 2C000000 		.4byte	0x2c
 436 01dc 00000000 		.4byte	.LFB10
 437 01e0 18000000 		.4byte	.LFE10-.LFB10
 438 01e4 01       		.uleb128 0x1
 439 01e5 9C       		.byte	0x9c
 440 01e6 18       		.uleb128 0x18
 441 01e7 18000000 		.4byte	.LASF19
 442 01eb 01       		.byte	0x1
 443 01ec 3A       		.byte	0x3a
 444 01ed B9000000 		.4byte	0xb9
 445 01f1 05       		.uleb128 0x5
 446 01f2 03       		.byte	0x3
 447 01f3 00000000 		.4byte	nextmem
 448 01f7 18       		.uleb128 0x18
 449 01f8 00000000 		.4byte	.LASF20
 450 01fc 01       		.byte	0x1
 451 01fd 3B       		.byte	0x3b
 452 01fe B9000000 		.4byte	0xb9
 453 0202 05       		.uleb128 0x5
 454 0203 03       		.byte	0x3
 455 0204 00000000 		.4byte	endmem
 456 0208 0B       		.uleb128 0xb
ARM GAS  /tmp/ccrvfEfI.s 			page 9


 457 0209 6D010000 		.4byte	.LASF17
 458 020d 01       		.byte	0x1
 459 020e 44       		.byte	0x44
 460 020f 10010000 		.4byte	0x110
 461 0213 0B       		.uleb128 0xb
 462 0214 C2010000 		.4byte	.LASF18
 463 0218 01       		.byte	0x1
 464 0219 45       		.byte	0x45
 465 021a 10010000 		.4byte	0x110
 466 021e 00       		.byte	0
 467              		.section	.debug_abbrev,"",%progbits
 468              	.Ldebug_abbrev0:
 469 0000 01       		.uleb128 0x1
 470 0001 11       		.uleb128 0x11
 471 0002 01       		.byte	0x1
 472 0003 25       		.uleb128 0x25
 473 0004 0E       		.uleb128 0xe
 474 0005 13       		.uleb128 0x13
 475 0006 0B       		.uleb128 0xb
 476 0007 03       		.uleb128 0x3
 477 0008 0E       		.uleb128 0xe
 478 0009 1B       		.uleb128 0x1b
 479 000a 0E       		.uleb128 0xe
 480 000b 55       		.uleb128 0x55
 481 000c 17       		.uleb128 0x17
 482 000d 11       		.uleb128 0x11
 483 000e 01       		.uleb128 0x1
 484 000f 10       		.uleb128 0x10
 485 0010 17       		.uleb128 0x17
 486 0011 00       		.byte	0
 487 0012 00       		.byte	0
 488 0013 02       		.uleb128 0x2
 489 0014 24       		.uleb128 0x24
 490 0015 00       		.byte	0
 491 0016 0B       		.uleb128 0xb
 492 0017 0B       		.uleb128 0xb
 493 0018 3E       		.uleb128 0x3e
 494 0019 0B       		.uleb128 0xb
 495 001a 03       		.uleb128 0x3
 496 001b 08       		.uleb128 0x8
 497 001c 00       		.byte	0
 498 001d 00       		.byte	0
 499 001e 03       		.uleb128 0x3
 500 001f 16       		.uleb128 0x16
 501 0020 00       		.byte	0
 502 0021 03       		.uleb128 0x3
 503 0022 0E       		.uleb128 0xe
 504 0023 3A       		.uleb128 0x3a
 505 0024 0B       		.uleb128 0xb
 506 0025 3B       		.uleb128 0x3b
 507 0026 0B       		.uleb128 0xb
 508 0027 49       		.uleb128 0x49
 509 0028 13       		.uleb128 0x13
 510 0029 00       		.byte	0
 511 002a 00       		.byte	0
 512 002b 04       		.uleb128 0x4
 513 002c 24       		.uleb128 0x24
ARM GAS  /tmp/ccrvfEfI.s 			page 10


 514 002d 00       		.byte	0
 515 002e 0B       		.uleb128 0xb
 516 002f 0B       		.uleb128 0xb
 517 0030 3E       		.uleb128 0x3e
 518 0031 0B       		.uleb128 0xb
 519 0032 03       		.uleb128 0x3
 520 0033 0E       		.uleb128 0xe
 521 0034 00       		.byte	0
 522 0035 00       		.byte	0
 523 0036 05       		.uleb128 0x5
 524 0037 0F       		.uleb128 0xf
 525 0038 00       		.byte	0
 526 0039 0B       		.uleb128 0xb
 527 003a 0B       		.uleb128 0xb
 528 003b 00       		.byte	0
 529 003c 00       		.byte	0
 530 003d 06       		.uleb128 0x6
 531 003e 0F       		.uleb128 0xf
 532 003f 00       		.byte	0
 533 0040 0B       		.uleb128 0xb
 534 0041 0B       		.uleb128 0xb
 535 0042 49       		.uleb128 0x49
 536 0043 13       		.uleb128 0x13
 537 0044 00       		.byte	0
 538 0045 00       		.byte	0
 539 0046 07       		.uleb128 0x7
 540 0047 2E       		.uleb128 0x2e
 541 0048 01       		.byte	0x1
 542 0049 3F       		.uleb128 0x3f
 543 004a 19       		.uleb128 0x19
 544 004b 03       		.uleb128 0x3
 545 004c 0E       		.uleb128 0xe
 546 004d 3A       		.uleb128 0x3a
 547 004e 0B       		.uleb128 0xb
 548 004f 3B       		.uleb128 0x3b
 549 0050 0B       		.uleb128 0xb
 550 0051 27       		.uleb128 0x27
 551 0052 19       		.uleb128 0x19
 552 0053 49       		.uleb128 0x49
 553 0054 13       		.uleb128 0x13
 554 0055 20       		.uleb128 0x20
 555 0056 0B       		.uleb128 0xb
 556 0057 01       		.uleb128 0x1
 557 0058 13       		.uleb128 0x13
 558 0059 00       		.byte	0
 559 005a 00       		.byte	0
 560 005b 08       		.uleb128 0x8
 561 005c 05       		.uleb128 0x5
 562 005d 00       		.byte	0
 563 005e 03       		.uleb128 0x3
 564 005f 0E       		.uleb128 0xe
 565 0060 3A       		.uleb128 0x3a
 566 0061 0B       		.uleb128 0xb
 567 0062 3B       		.uleb128 0x3b
 568 0063 0B       		.uleb128 0xb
 569 0064 49       		.uleb128 0x49
 570 0065 13       		.uleb128 0x13
ARM GAS  /tmp/ccrvfEfI.s 			page 11


 571 0066 00       		.byte	0
 572 0067 00       		.byte	0
 573 0068 09       		.uleb128 0x9
 574 0069 34       		.uleb128 0x34
 575 006a 00       		.byte	0
 576 006b 03       		.uleb128 0x3
 577 006c 08       		.uleb128 0x8
 578 006d 3A       		.uleb128 0x3a
 579 006e 0B       		.uleb128 0xb
 580 006f 3B       		.uleb128 0x3b
 581 0070 0B       		.uleb128 0xb
 582 0071 49       		.uleb128 0x49
 583 0072 13       		.uleb128 0x13
 584 0073 00       		.byte	0
 585 0074 00       		.byte	0
 586 0075 0A       		.uleb128 0xa
 587 0076 2E       		.uleb128 0x2e
 588 0077 01       		.byte	0x1
 589 0078 3F       		.uleb128 0x3f
 590 0079 19       		.uleb128 0x19
 591 007a 03       		.uleb128 0x3
 592 007b 0E       		.uleb128 0xe
 593 007c 3A       		.uleb128 0x3a
 594 007d 0B       		.uleb128 0xb
 595 007e 3B       		.uleb128 0x3b
 596 007f 0B       		.uleb128 0xb
 597 0080 27       		.uleb128 0x27
 598 0081 19       		.uleb128 0x19
 599 0082 11       		.uleb128 0x11
 600 0083 01       		.uleb128 0x1
 601 0084 12       		.uleb128 0x12
 602 0085 06       		.uleb128 0x6
 603 0086 40       		.uleb128 0x40
 604 0087 18       		.uleb128 0x18
 605 0088 9742     		.uleb128 0x2117
 606 008a 19       		.uleb128 0x19
 607 008b 01       		.uleb128 0x1
 608 008c 13       		.uleb128 0x13
 609 008d 00       		.byte	0
 610 008e 00       		.byte	0
 611 008f 0B       		.uleb128 0xb
 612 0090 34       		.uleb128 0x34
 613 0091 00       		.byte	0
 614 0092 03       		.uleb128 0x3
 615 0093 0E       		.uleb128 0xe
 616 0094 3A       		.uleb128 0x3a
 617 0095 0B       		.uleb128 0xb
 618 0096 3B       		.uleb128 0x3b
 619 0097 0B       		.uleb128 0xb
 620 0098 49       		.uleb128 0x49
 621 0099 13       		.uleb128 0x13
 622 009a 3F       		.uleb128 0x3f
 623 009b 19       		.uleb128 0x19
 624 009c 3C       		.uleb128 0x3c
 625 009d 19       		.uleb128 0x19
 626 009e 00       		.byte	0
 627 009f 00       		.byte	0
ARM GAS  /tmp/ccrvfEfI.s 			page 12


 628 00a0 0C       		.uleb128 0xc
 629 00a1 01       		.uleb128 0x1
 630 00a2 01       		.byte	0x1
 631 00a3 49       		.uleb128 0x49
 632 00a4 13       		.uleb128 0x13
 633 00a5 01       		.uleb128 0x1
 634 00a6 13       		.uleb128 0x13
 635 00a7 00       		.byte	0
 636 00a8 00       		.byte	0
 637 00a9 0D       		.uleb128 0xd
 638 00aa 21       		.uleb128 0x21
 639 00ab 00       		.byte	0
 640 00ac 00       		.byte	0
 641 00ad 00       		.byte	0
 642 00ae 0E       		.uleb128 0xe
 643 00af 2E       		.uleb128 0x2e
 644 00b0 01       		.byte	0x1
 645 00b1 3F       		.uleb128 0x3f
 646 00b2 19       		.uleb128 0x19
 647 00b3 03       		.uleb128 0x3
 648 00b4 0E       		.uleb128 0xe
 649 00b5 3A       		.uleb128 0x3a
 650 00b6 0B       		.uleb128 0xb
 651 00b7 3B       		.uleb128 0x3b
 652 00b8 0B       		.uleb128 0xb
 653 00b9 27       		.uleb128 0x27
 654 00ba 19       		.uleb128 0x19
 655 00bb 49       		.uleb128 0x49
 656 00bc 13       		.uleb128 0x13
 657 00bd 11       		.uleb128 0x11
 658 00be 01       		.uleb128 0x1
 659 00bf 12       		.uleb128 0x12
 660 00c0 06       		.uleb128 0x6
 661 00c1 40       		.uleb128 0x40
 662 00c2 18       		.uleb128 0x18
 663 00c3 9742     		.uleb128 0x2117
 664 00c5 19       		.uleb128 0x19
 665 00c6 01       		.uleb128 0x1
 666 00c7 13       		.uleb128 0x13
 667 00c8 00       		.byte	0
 668 00c9 00       		.byte	0
 669 00ca 0F       		.uleb128 0xf
 670 00cb 05       		.uleb128 0x5
 671 00cc 00       		.byte	0
 672 00cd 03       		.uleb128 0x3
 673 00ce 0E       		.uleb128 0xe
 674 00cf 3A       		.uleb128 0x3a
 675 00d0 0B       		.uleb128 0xb
 676 00d1 3B       		.uleb128 0x3b
 677 00d2 0B       		.uleb128 0xb
 678 00d3 49       		.uleb128 0x49
 679 00d4 13       		.uleb128 0x13
 680 00d5 02       		.uleb128 0x2
 681 00d6 17       		.uleb128 0x17
 682 00d7 00       		.byte	0
 683 00d8 00       		.byte	0
 684 00d9 10       		.uleb128 0x10
ARM GAS  /tmp/ccrvfEfI.s 			page 13


 685 00da 0B       		.uleb128 0xb
 686 00db 01       		.byte	0x1
 687 00dc 11       		.uleb128 0x11
 688 00dd 01       		.uleb128 0x1
 689 00de 12       		.uleb128 0x12
 690 00df 06       		.uleb128 0x6
 691 00e0 01       		.uleb128 0x1
 692 00e1 13       		.uleb128 0x13
 693 00e2 00       		.byte	0
 694 00e3 00       		.byte	0
 695 00e4 11       		.uleb128 0x11
 696 00e5 34       		.uleb128 0x34
 697 00e6 00       		.byte	0
 698 00e7 03       		.uleb128 0x3
 699 00e8 08       		.uleb128 0x8
 700 00e9 3A       		.uleb128 0x3a
 701 00ea 0B       		.uleb128 0xb
 702 00eb 3B       		.uleb128 0x3b
 703 00ec 0B       		.uleb128 0xb
 704 00ed 49       		.uleb128 0x49
 705 00ee 13       		.uleb128 0x13
 706 00ef 02       		.uleb128 0x2
 707 00f0 18       		.uleb128 0x18
 708 00f1 00       		.byte	0
 709 00f2 00       		.byte	0
 710 00f3 12       		.uleb128 0x12
 711 00f4 1D       		.uleb128 0x1d
 712 00f5 01       		.byte	0x1
 713 00f6 31       		.uleb128 0x31
 714 00f7 13       		.uleb128 0x13
 715 00f8 11       		.uleb128 0x11
 716 00f9 01       		.uleb128 0x1
 717 00fa 12       		.uleb128 0x12
 718 00fb 06       		.uleb128 0x6
 719 00fc 58       		.uleb128 0x58
 720 00fd 0B       		.uleb128 0xb
 721 00fe 59       		.uleb128 0x59
 722 00ff 0B       		.uleb128 0xb
 723 0100 01       		.uleb128 0x1
 724 0101 13       		.uleb128 0x13
 725 0102 00       		.byte	0
 726 0103 00       		.byte	0
 727 0104 13       		.uleb128 0x13
 728 0105 05       		.uleb128 0x5
 729 0106 00       		.byte	0
 730 0107 31       		.uleb128 0x31
 731 0108 13       		.uleb128 0x13
 732 0109 02       		.uleb128 0x2
 733 010a 17       		.uleb128 0x17
 734 010b 00       		.byte	0
 735 010c 00       		.byte	0
 736 010d 14       		.uleb128 0x14
 737 010e 0B       		.uleb128 0xb
 738 010f 01       		.byte	0x1
 739 0110 11       		.uleb128 0x11
 740 0111 01       		.uleb128 0x1
 741 0112 12       		.uleb128 0x12
ARM GAS  /tmp/ccrvfEfI.s 			page 14


 742 0113 06       		.uleb128 0x6
 743 0114 00       		.byte	0
 744 0115 00       		.byte	0
 745 0116 15       		.uleb128 0x15
 746 0117 34       		.uleb128 0x34
 747 0118 00       		.byte	0
 748 0119 31       		.uleb128 0x31
 749 011a 13       		.uleb128 0x13
 750 011b 02       		.uleb128 0x2
 751 011c 18       		.uleb128 0x18
 752 011d 00       		.byte	0
 753 011e 00       		.byte	0
 754 011f 16       		.uleb128 0x16
 755 0120 2E       		.uleb128 0x2e
 756 0121 01       		.byte	0x1
 757 0122 31       		.uleb128 0x31
 758 0123 13       		.uleb128 0x13
 759 0124 11       		.uleb128 0x11
 760 0125 01       		.uleb128 0x1
 761 0126 12       		.uleb128 0x12
 762 0127 06       		.uleb128 0x6
 763 0128 40       		.uleb128 0x40
 764 0129 18       		.uleb128 0x18
 765 012a 9742     		.uleb128 0x2117
 766 012c 19       		.uleb128 0x19
 767 012d 01       		.uleb128 0x1
 768 012e 13       		.uleb128 0x13
 769 012f 00       		.byte	0
 770 0130 00       		.byte	0
 771 0131 17       		.uleb128 0x17
 772 0132 2E       		.uleb128 0x2e
 773 0133 00       		.byte	0
 774 0134 3F       		.uleb128 0x3f
 775 0135 19       		.uleb128 0x19
 776 0136 03       		.uleb128 0x3
 777 0137 0E       		.uleb128 0xe
 778 0138 3A       		.uleb128 0x3a
 779 0139 0B       		.uleb128 0xb
 780 013a 3B       		.uleb128 0x3b
 781 013b 0B       		.uleb128 0xb
 782 013c 27       		.uleb128 0x27
 783 013d 19       		.uleb128 0x19
 784 013e 49       		.uleb128 0x49
 785 013f 13       		.uleb128 0x13
 786 0140 11       		.uleb128 0x11
 787 0141 01       		.uleb128 0x1
 788 0142 12       		.uleb128 0x12
 789 0143 06       		.uleb128 0x6
 790 0144 40       		.uleb128 0x40
 791 0145 18       		.uleb128 0x18
 792 0146 9742     		.uleb128 0x2117
 793 0148 19       		.uleb128 0x19
 794 0149 00       		.byte	0
 795 014a 00       		.byte	0
 796 014b 18       		.uleb128 0x18
 797 014c 34       		.uleb128 0x34
 798 014d 00       		.byte	0
ARM GAS  /tmp/ccrvfEfI.s 			page 15


 799 014e 03       		.uleb128 0x3
 800 014f 0E       		.uleb128 0xe
 801 0150 3A       		.uleb128 0x3a
 802 0151 0B       		.uleb128 0xb
 803 0152 3B       		.uleb128 0x3b
 804 0153 0B       		.uleb128 0xb
 805 0154 49       		.uleb128 0x49
 806 0155 13       		.uleb128 0x13
 807 0156 02       		.uleb128 0x2
 808 0157 18       		.uleb128 0x18
 809 0158 00       		.byte	0
 810 0159 00       		.byte	0
 811 015a 00       		.byte	0
 812              		.section	.debug_loc,"",%progbits
 813              	.Ldebug_loc0:
 814              	.LLST0:
 815 0000 00000000 		.4byte	.LVL0
 816 0004 1C000000 		.4byte	.LVL2
 817 0008 0100     		.2byte	0x1
 818 000a 50       		.byte	0x50
 819 000b 1C000000 		.4byte	.LVL2
 820 000f 20000000 		.4byte	.LVL3
 821 0013 0300     		.2byte	0x3
 822 0015 70       		.byte	0x70
 823 0016 79       		.sleb128 -7
 824 0017 9F       		.byte	0x9f
 825 0018 20000000 		.4byte	.LVL3
 826 001c 36000000 		.4byte	.LFE8
 827 0020 0400     		.2byte	0x4
 828 0022 F3       		.byte	0xf3
 829 0023 01       		.uleb128 0x1
 830 0024 50       		.byte	0x50
 831 0025 9F       		.byte	0x9f
 832 0026 00000000 		.4byte	0
 833 002a 00000000 		.4byte	0
 834              	.LLST1:
 835 002e 06000000 		.4byte	.LVL1
 836 0032 1C000000 		.4byte	.LVL2
 837 0036 0100     		.2byte	0x1
 838 0038 50       		.byte	0x50
 839 0039 1C000000 		.4byte	.LVL2
 840 003d 20000000 		.4byte	.LVL3
 841 0041 0300     		.2byte	0x3
 842 0043 70       		.byte	0x70
 843 0044 79       		.sleb128 -7
 844 0045 9F       		.byte	0x9f
 845 0046 20000000 		.4byte	.LVL3
 846 004a 28000000 		.4byte	.LVL5
 847 004e 0100     		.2byte	0x1
 848 0050 50       		.byte	0x50
 849 0051 28000000 		.4byte	.LVL5
 850 0055 36000000 		.4byte	.LFE8
 851 0059 0900     		.2byte	0x9
 852 005b F3       		.byte	0xf3
 853 005c 01       		.uleb128 0x1
 854 005d 50       		.byte	0x50
 855 005e 23       		.byte	0x23
ARM GAS  /tmp/ccrvfEfI.s 			page 16


 856 005f 07       		.uleb128 0x7
 857 0060 09       		.byte	0x9
 858 0061 F8       		.byte	0xf8
 859 0062 1A       		.byte	0x1a
 860 0063 9F       		.byte	0x9f
 861 0064 00000000 		.4byte	0
 862 0068 00000000 		.4byte	0
 863              	.LLST2:
 864 006c 00000000 		.4byte	.LVL6
 865 0070 16000000 		.4byte	.LVL7
 866 0074 0100     		.2byte	0x1
 867 0076 50       		.byte	0x50
 868 0077 16000000 		.4byte	.LVL7
 869 007b 1A000000 		.4byte	.LVL8
 870 007f 0300     		.2byte	0x3
 871 0081 70       		.byte	0x70
 872 0082 79       		.sleb128 -7
 873 0083 9F       		.byte	0x9f
 874 0084 1A000000 		.4byte	.LVL8
 875 0088 22000000 		.4byte	.LVL10
 876 008c 0100     		.2byte	0x1
 877 008e 50       		.byte	0x50
 878 008f 22000000 		.4byte	.LVL10
 879 0093 2A000000 		.4byte	.LFE9
 880 0097 0900     		.2byte	0x9
 881 0099 F3       		.byte	0xf3
 882 009a 01       		.uleb128 0x1
 883 009b 50       		.byte	0x50
 884 009c 23       		.byte	0x23
 885 009d 07       		.uleb128 0x7
 886 009e 09       		.byte	0x9
 887 009f F8       		.byte	0xf8
 888 00a0 1A       		.byte	0x1a
 889 00a1 9F       		.byte	0x9f
 890 00a2 00000000 		.4byte	0
 891 00a6 00000000 		.4byte	0
 892              		.section	.debug_aranges,"",%progbits
 893 0000 34000000 		.4byte	0x34
 894 0004 0200     		.2byte	0x2
 895 0006 00000000 		.4byte	.Ldebug_info0
 896 000a 04       		.byte	0x4
 897 000b 00       		.byte	0
 898 000c 0000     		.2byte	0
 899 000e 0000     		.2byte	0
 900 0010 00000000 		.4byte	.LFB7
 901 0014 2C000000 		.4byte	.LFE7-.LFB7
 902 0018 00000000 		.4byte	.LFB8
 903 001c 36000000 		.4byte	.LFE8-.LFB8
 904 0020 00000000 		.4byte	.LFB9
 905 0024 2A000000 		.4byte	.LFE9-.LFB9
 906 0028 00000000 		.4byte	.LFB10
 907 002c 18000000 		.4byte	.LFE10-.LFB10
 908 0030 00000000 		.4byte	0
 909 0034 00000000 		.4byte	0
 910              		.section	.debug_ranges,"",%progbits
 911              	.Ldebug_ranges0:
 912 0000 00000000 		.4byte	.LFB7
ARM GAS  /tmp/ccrvfEfI.s 			page 17


 913 0004 2C000000 		.4byte	.LFE7
 914 0008 00000000 		.4byte	.LFB8
 915 000c 36000000 		.4byte	.LFE8
 916 0010 00000000 		.4byte	.LFB9
 917 0014 2A000000 		.4byte	.LFE9
 918 0018 00000000 		.4byte	.LFB10
 919 001c 18000000 		.4byte	.LFE10
 920 0020 00000000 		.4byte	0
 921 0024 00000000 		.4byte	0
 922              		.section	.debug_line,"",%progbits
 923              	.Ldebug_line0:
 924 0000 2A010000 		.section	.debug_str,"MS",%progbits,1
 924      0200C600 
 924      00000201 
 924      FB0E0D00 
 924      01010101 
 925              	.LASF20:
 926 0000 656E646D 		.ascii	"endmem\000"
 926      656D00
 927              	.LASF3:
 928 0007 5F5F7569 		.ascii	"__uint8_t\000"
 928      6E74385F 
 928      7400
 929              	.LASF2:
 930 0011 73697A65 		.ascii	"size_t\000"
 930      5F7400
 931              	.LASF19:
 932 0018 6E657874 		.ascii	"nextmem\000"
 932      6D656D00 
 933              	.LASF24:
 934 0020 6368436F 		.ascii	"chCoreAllocI\000"
 934      7265416C 
 934      6C6F6349 
 934      00
 935              	.LASF21:
 936 002d 474E5520 		.ascii	"GNU C 4.8.2 -mcpu=cortex-m3 -mno-thumb-interwork -m"
 936      4320342E 
 936      382E3220 
 936      2D6D6370 
 936      753D636F 
 937 0060 7468756D 		.ascii	"thumb -ggdb -O2 -fomit-frame-pointer -ffunction-sec"
 937      62202D67 
 937      67646220 
 937      2D4F3220 
 937      2D666F6D 
 938 0093 74696F6E 		.ascii	"tions -fdata-sections -fno-common\000"
 938      73202D66 
 938      64617461 
 938      2D736563 
 938      74696F6E 
 939              	.LASF25:
 940 00b5 73697A65 		.ascii	"size\000"
 940      00
 941              	.LASF9:
 942 00ba 6C6F6E67 		.ascii	"long unsigned int\000"
 942      20756E73 
 942      69676E65 
ARM GAS  /tmp/ccrvfEfI.s 			page 18


 942      6420696E 
 942      7400
 943              	.LASF28:
 944 00cc 6368436F 		.ascii	"chCoreStatus\000"
 944      72655374 
 944      61747573 
 944      00
 945              	.LASF6:
 946 00d9 73686F72 		.ascii	"short unsigned int\000"
 946      7420756E 
 946      7369676E 
 946      65642069 
 946      6E7400
 947              	.LASF13:
 948 00ec 75696E74 		.ascii	"uint32_t\000"
 948      33325F74 
 948      00
 949              	.LASF4:
 950 00f5 756E7369 		.ascii	"unsigned char\000"
 950      676E6564 
 950      20636861 
 950      7200
 951              	.LASF8:
 952 0103 5F5F7569 		.ascii	"__uint32_t\000"
 952      6E743332 
 952      5F7400
 953              	.LASF26:
 954 010e 5F636F72 		.ascii	"_core_init\000"
 954      655F696E 
 954      697400
 955              	.LASF23:
 956 0119 2F686F6D 		.ascii	"/home/caroline/Documents/PAF/elfes/Code\000"
 956      652F6361 
 956      726F6C69 
 956      6E652F44 
 956      6F63756D 
 957              	.LASF0:
 958 0141 756E7369 		.ascii	"unsigned int\000"
 958      676E6564 
 958      20696E74 
 958      00
 959              	.LASF11:
 960 014e 6C6F6E67 		.ascii	"long long unsigned int\000"
 960      206C6F6E 
 960      6720756E 
 960      7369676E 
 960      65642069 
 961              	.LASF12:
 962 0165 75696E74 		.ascii	"uint8_t\000"
 962      385F7400 
 963              	.LASF17:
 964 016d 5F5F6865 		.ascii	"__heap_base__\000"
 964      61705F62 
 964      6173655F 
 964      5F00
 965              	.LASF15:
 966 017b 73697A65 		.ascii	"sizetype\000"
ARM GAS  /tmp/ccrvfEfI.s 			page 19


 966      74797065 
 966      00
 967              	.LASF10:
 968 0184 6C6F6E67 		.ascii	"long long int\000"
 968      206C6F6E 
 968      6720696E 
 968      7400
 969              	.LASF22:
 970 0192 2E2E2F43 		.ascii	"../ChibiOS_2.6.4/os/kernel/src/chmemcore.c\000"
 970      68696269 
 970      4F535F32 
 970      2E362E34 
 970      2F6F732F 
 971              	.LASF16:
 972 01bd 63686172 		.ascii	"char\000"
 972      00
 973              	.LASF18:
 974 01c2 5F5F6865 		.ascii	"__heap_end__\000"
 974      61705F65 
 974      6E645F5F 
 974      00
 975              	.LASF5:
 976 01cf 73686F72 		.ascii	"short int\000"
 976      7420696E 
 976      7400
 977              	.LASF27:
 978 01d9 6368436F 		.ascii	"chCoreAlloc\000"
 978      7265416C 
 978      6C6F6300 
 979              	.LASF7:
 980 01e5 6C6F6E67 		.ascii	"long int\000"
 980      20696E74 
 980      00
 981              	.LASF1:
 982 01ee 7369676E 		.ascii	"signed char\000"
 982      65642063 
 982      68617200 
 983              	.LASF14:
 984 01fa 5F426F6F 		.ascii	"_Bool\000"
 984      6C00
 985              		.ident	"GCC: (4.8.2-14ubuntu1+6) 4.8.2"
ARM GAS  /tmp/ccrvfEfI.s 			page 20


DEFINED SYMBOLS
                            *ABS*:0000000000000000 chmemcore.c
     /tmp/ccrvfEfI.s:19     .text._core_init:0000000000000000 $t
     /tmp/ccrvfEfI.s:24     .text._core_init:0000000000000000 _core_init
     /tmp/ccrvfEfI.s:196    .bss.endmem:0000000000000000 .LANCHOR1
     /tmp/ccrvfEfI.s:203    .bss.nextmem:0000000000000000 .LANCHOR0
     /tmp/ccrvfEfI.s:55     .text._core_init:0000000000000028 $d
     /tmp/ccrvfEfI.s:60     .text.chCoreAlloc:0000000000000000 $t
     /tmp/ccrvfEfI.s:65     .text.chCoreAlloc:0000000000000000 chCoreAlloc
     /tmp/ccrvfEfI.s:125    .text.chCoreAllocI:0000000000000000 $t
     /tmp/ccrvfEfI.s:130    .text.chCoreAllocI:0000000000000000 chCoreAllocI
     /tmp/ccrvfEfI.s:169    .text.chCoreStatus:0000000000000000 $t
     /tmp/ccrvfEfI.s:174    .text.chCoreStatus:0000000000000000 chCoreStatus
     /tmp/ccrvfEfI.s:195    .bss.endmem:0000000000000000 $d
     /tmp/ccrvfEfI.s:199    .bss.endmem:0000000000000000 endmem
     /tmp/ccrvfEfI.s:202    .bss.nextmem:0000000000000000 $d
     /tmp/ccrvfEfI.s:206    .bss.nextmem:0000000000000000 nextmem
                     .debug_frame:0000000000000010 $d

UNDEFINED SYMBOLS
__heap_end__
__heap_base__
