ARM GAS  /tmp/ccDsdx0j.s 			page 1


   1              		.syntax unified
   2              		.cpu cortex-m3
   3              		.fpu softvfp
   4              		.eabi_attribute 20, 1
   5              		.eabi_attribute 21, 1
   6              		.eabi_attribute 23, 3
   7              		.eabi_attribute 24, 1
   8              		.eabi_attribute 25, 1
   9              		.eabi_attribute 26, 1
  10              		.eabi_attribute 30, 2
  11              		.eabi_attribute 34, 1
  12              		.eabi_attribute 18, 4
  13              		.thumb
  14              		.file	"chmsg.c"
  15              		.text
  16              	.Ltext0:
  17              		.cfi_sections	.debug_frame
  18              		.section	.text.chMsgSend,"ax",%progbits
  19              		.align	2
  20              		.global	chMsgSend
  21              		.thumb
  22              		.thumb_func
  23              		.type	chMsgSend, %function
  24              	chMsgSend:
  25              	.LFB7:
  26              		.file 1 "../ChibiOS_2.6.4/os/kernel/src/chmsg.c"
  27              		.loc 1 75 0
  28              		.cfi_startproc
  29              		@ args = 0, pretend = 0, frame = 0
  30              		@ frame_needed = 0, uses_anonymous_args = 0
  31              	.LVL0:
  32 0000 38B5     		push	{r3, r4, r5, lr}
  33              		.cfi_def_cfa_offset 16
  34              		.cfi_offset 3, -16
  35              		.cfi_offset 4, -12
  36              		.cfi_offset 5, -8
  37              		.cfi_offset 14, -4
  38              		.loc 1 76 0
  39 0002 40F20003 		movw	r3, #:lower16:rlist
  40 0006 C0F20003 		movt	r3, #:upper16:rlist
  41 000a 9C69     		ldr	r4, [r3, #24]
  42              	.LVL1:
  43              	.LBB10:
  44              		.loc 1 80 0
  45 000c 2023     		movs	r3, #32
  46              	@ 80 "../ChibiOS_2.6.4/os/kernel/src/chmsg.c" 1
  47 000e 83F31188 		msr     BASEPRI, r3
  48              	@ 0 "" 2
  49              		.thumb
  50              	.LBE10:
  51              		.loc 1 82 0
  52 0012 00F12C02 		add	r2, r0, #44
  53              		.loc 1 84 0
  54 0016 057F     		ldrb	r5, [r0, #28]	@ zero_extendqisi2
  55              		.loc 1 82 0
  56 0018 6262     		str	r2, [r4, #36]
  57              	.LVL2:
ARM GAS  /tmp/ccDsdx0j.s 			page 2


  58              	.LBB11:
  59              	.LBB12:
  60              		.file 2 "../ChibiOS_2.6.4/os/kernel/include/chinline.h"
  61              		.loc 2 55 0
  62 001a 036B     		ldr	r3, [r0, #48]
  63              	.LBE12:
  64              	.LBE11:
  65              		.loc 1 84 0
  66 001c 0C2D     		cmp	r5, #12
  67              		.loc 1 81 0
  68 001e 6163     		str	r1, [r4, #52]
  69              	.LBB14:
  70              	.LBB13:
  71              		.loc 2 55 0
  72 0020 84E80C00 		stmia	r4, {r2, r3}
  73              		.loc 2 56 0
  74 0024 0463     		str	r4, [r0, #48]
  75 0026 1C60     		str	r4, [r3]
  76              	.LBE13:
  77              	.LBE14:
  78              		.loc 1 84 0
  79 0028 07D0     		beq	.L4
  80              	.LVL3:
  81              	.L2:
  82              		.loc 1 86 0
  83 002a 0A20     		movs	r0, #10
  84 002c FFF7FEFF 		bl	chSchGoSleepS
  85              	.LVL4:
  86              		.loc 1 87 0
  87 0030 606A     		ldr	r0, [r4, #36]
  88              	.LVL5:
  89              	.LBB15:
  90              		.loc 1 88 0
  91 0032 0023     		movs	r3, #0
  92              	@ 88 "../ChibiOS_2.6.4/os/kernel/src/chmsg.c" 1
  93 0034 83F31188 		msr     BASEPRI, r3
  94              	@ 0 "" 2
  95              		.thumb
  96              	.LBE15:
  97              		.loc 1 90 0
  98 0038 38BD     		pop	{r3, r4, r5, pc}
  99              	.LVL6:
 100              	.L4:
 101              		.loc 1 85 0
 102 003a FFF7FEFF 		bl	chSchReadyI
 103              	.LVL7:
 104 003e F4E7     		b	.L2
 105              		.cfi_endproc
 106              	.LFE7:
 107              		.size	chMsgSend, .-chMsgSend
 108              		.section	.text.chMsgWait,"ax",%progbits
 109              		.align	2
 110              		.global	chMsgWait
 111              		.thumb
 112              		.thumb_func
 113              		.type	chMsgWait, %function
 114              	chMsgWait:
ARM GAS  /tmp/ccDsdx0j.s 			page 3


 115              	.LFB8:
 116              		.loc 1 106 0
 117              		.cfi_startproc
 118              		@ args = 0, pretend = 0, frame = 0
 119              		@ frame_needed = 0, uses_anonymous_args = 0
 120 0000 10B5     		push	{r4, lr}
 121              		.cfi_def_cfa_offset 8
 122              		.cfi_offset 4, -8
 123              		.cfi_offset 14, -4
 124              	.LBB16:
 125              		.loc 1 109 0
 126 0002 2023     		movs	r3, #32
 127              	@ 109 "../ChibiOS_2.6.4/os/kernel/src/chmsg.c" 1
 128 0004 83F31188 		msr     BASEPRI, r3
 129              	@ 0 "" 2
 130              		.thumb
 131              	.LBE16:
 132              		.loc 1 110 0
 133 0008 40F20004 		movw	r4, #:lower16:rlist
 134 000c C0F20004 		movt	r4, #:upper16:rlist
 135 0010 A369     		ldr	r3, [r4, #24]
 136 0012 1A46     		mov	r2, r3
 137 0014 52F82C0F 		ldr	r0, [r2, #44]!
 138 0018 9042     		cmp	r0, r2
 139 001a 08D0     		beq	.L7
 140              	.L6:
 141              	.LVL8:
 142              	.LBB17:
 143              	.LBB18:
 144              		.loc 2 62 0
 145 001c 0168     		ldr	r1, [r0]
 146              	.LBE18:
 147              	.LBE17:
 148              		.loc 1 113 0
 149 001e 0B24     		movs	r4, #11
 150              	.LBB20:
 151              	.LBB19:
 152              		.loc 2 62 0
 153 0020 D962     		str	r1, [r3, #44]
 154 0022 4A60     		str	r2, [r1, #4]
 155              	.LBE19:
 156              	.LBE20:
 157              	.LBB21:
 158              		.loc 1 114 0
 159 0024 0023     		movs	r3, #0
 160              	.LBE21:
 161              		.loc 1 113 0
 162 0026 0477     		strb	r4, [r0, #28]
 163              	.LBB22:
 164              		.loc 1 114 0
 165              	@ 114 "../ChibiOS_2.6.4/os/kernel/src/chmsg.c" 1
 166 0028 83F31188 		msr     BASEPRI, r3
 167              	@ 0 "" 2
 168              		.thumb
 169              	.LBE22:
 170              		.loc 1 116 0
 171 002c 10BD     		pop	{r4, pc}
ARM GAS  /tmp/ccDsdx0j.s 			page 4


 172              	.LVL9:
 173              	.L7:
 174              		.loc 1 111 0
 175 002e 0C20     		movs	r0, #12
 176 0030 FFF7FEFF 		bl	chSchGoSleepS
 177              	.LVL10:
 178 0034 A369     		ldr	r3, [r4, #24]
 179 0036 D86A     		ldr	r0, [r3, #44]
 180 0038 03F12C02 		add	r2, r3, #44
 181 003c EEE7     		b	.L6
 182              		.cfi_endproc
 183              	.LFE8:
 184              		.size	chMsgWait, .-chMsgWait
 185 003e 00BF     		.section	.text.chMsgRelease,"ax",%progbits
 186              		.align	2
 187              		.global	chMsgRelease
 188              		.thumb
 189              		.thumb_func
 190              		.type	chMsgRelease, %function
 191              	chMsgRelease:
 192              	.LFB9:
 193              		.loc 1 128 0
 194              		.cfi_startproc
 195              		@ args = 0, pretend = 0, frame = 0
 196              		@ frame_needed = 0, uses_anonymous_args = 0
 197              	.LVL11:
 198 0000 08B5     		push	{r3, lr}
 199              		.cfi_def_cfa_offset 8
 200              		.cfi_offset 3, -8
 201              		.cfi_offset 14, -4
 202              	.LBB23:
 203              		.loc 1 130 0
 204 0002 2023     		movs	r3, #32
 205              	@ 130 "../ChibiOS_2.6.4/os/kernel/src/chmsg.c" 1
 206 0004 83F31188 		msr     BASEPRI, r3
 207              	@ 0 "" 2
 208              		.thumb
 209              	.LBE23:
 210              		.loc 1 133 0
 211 0008 FFF7FEFF 		bl	chSchWakeupS
 212              	.LVL12:
 213              	.LBB24:
 214              		.loc 1 134 0
 215 000c 0023     		movs	r3, #0
 216              	@ 134 "../ChibiOS_2.6.4/os/kernel/src/chmsg.c" 1
 217 000e 83F31188 		msr     BASEPRI, r3
 218              	@ 0 "" 2
 219              		.thumb
 220 0012 08BD     		pop	{r3, pc}
 221              	.LBE24:
 222              		.cfi_endproc
 223              	.LFE9:
 224              		.size	chMsgRelease, .-chMsgRelease
 225              		.text
 226              	.Letext0:
 227              		.file 3 "/usr/include/newlib/machine/_default_types.h"
 228              		.file 4 "/usr/include/newlib/stdint.h"
ARM GAS  /tmp/ccDsdx0j.s 			page 5


 229              		.file 5 "../ChibiOS_2.6.4/os/ports/GCC/ARMCMx/chtypes.h"
 230              		.file 6 "../ChibiOS_2.6.4/os/kernel/include/chlists.h"
 231              		.file 7 "../ChibiOS_2.6.4/os/kernel/include/chthreads.h"
 232              		.file 8 "../ChibiOS_2.6.4/os/ports/GCC/ARMCMx/chcore_v7m.h"
 233              		.file 9 "../ChibiOS_2.6.4/os/kernel/include/chschd.h"
 234              		.file 10 "../ChibiOS_2.6.4/os/kernel/include/chmtx.h"
 235              		.section	.debug_info,"",%progbits
 236              	.Ldebug_info0:
 237 0000 61060000 		.4byte	0x661
 238 0004 0400     		.2byte	0x4
 239 0006 00000000 		.4byte	.Ldebug_abbrev0
 240 000a 04       		.byte	0x4
 241 000b 01       		.uleb128 0x1
 242 000c F7000000 		.4byte	.LASF68
 243 0010 01       		.byte	0x1
 244 0011 81020000 		.4byte	.LASF69
 245 0015 A5010000 		.4byte	.LASF70
 246 0019 48000000 		.4byte	.Ldebug_ranges0+0x48
 247 001d 00000000 		.4byte	0
 248 0021 00000000 		.4byte	.Ldebug_line0
 249 0025 02       		.uleb128 0x2
 250 0026 04       		.byte	0x4
 251 0027 05       		.byte	0x5
 252 0028 696E7400 		.ascii	"int\000"
 253 002c 03       		.uleb128 0x3
 254 002d 04       		.byte	0x4
 255 002e 07       		.byte	0x7
 256 002f B7000000 		.4byte	.LASF0
 257 0033 03       		.uleb128 0x3
 258 0034 01       		.byte	0x1
 259 0035 06       		.byte	0x6
 260 0036 59000000 		.4byte	.LASF1
 261 003a 04       		.uleb128 0x4
 262 003b 1A000000 		.4byte	.LASF5
 263 003f 03       		.byte	0x3
 264 0040 1C       		.byte	0x1c
 265 0041 45000000 		.4byte	0x45
 266 0045 03       		.uleb128 0x3
 267 0046 01       		.byte	0x1
 268 0047 08       		.byte	0x8
 269 0048 30020000 		.4byte	.LASF2
 270 004c 03       		.uleb128 0x3
 271 004d 02       		.byte	0x2
 272 004e 05       		.byte	0x5
 273 004f 48020000 		.4byte	.LASF3
 274 0053 03       		.uleb128 0x3
 275 0054 02       		.byte	0x2
 276 0055 07       		.byte	0x7
 277 0056 DE000000 		.4byte	.LASF4
 278 005a 04       		.uleb128 0x4
 279 005b 1F030000 		.4byte	.LASF6
 280 005f 03       		.byte	0x3
 281 0060 37       		.byte	0x37
 282 0061 65000000 		.4byte	0x65
 283 0065 03       		.uleb128 0x3
 284 0066 04       		.byte	0x4
 285 0067 05       		.byte	0x5
ARM GAS  /tmp/ccDsdx0j.s 			page 6


 286 0068 7F000000 		.4byte	.LASF7
 287 006c 04       		.uleb128 0x4
 288 006d A3000000 		.4byte	.LASF8
 289 0071 03       		.byte	0x3
 290 0072 38       		.byte	0x38
 291 0073 77000000 		.4byte	0x77
 292 0077 03       		.uleb128 0x3
 293 0078 04       		.byte	0x4
 294 0079 07       		.byte	0x7
 295 007a C4000000 		.4byte	.LASF9
 296 007e 03       		.uleb128 0x3
 297 007f 08       		.byte	0x8
 298 0080 05       		.byte	0x5
 299 0081 4B000000 		.4byte	.LASF10
 300 0085 03       		.uleb128 0x3
 301 0086 08       		.byte	0x8
 302 0087 07       		.byte	0x7
 303 0088 24000000 		.4byte	.LASF11
 304 008c 04       		.uleb128 0x4
 305 008d 70030000 		.4byte	.LASF12
 306 0091 04       		.byte	0x4
 307 0092 2A       		.byte	0x2a
 308 0093 3A000000 		.4byte	0x3a
 309 0097 04       		.uleb128 0x4
 310 0098 28020000 		.4byte	.LASF13
 311 009c 04       		.byte	0x4
 312 009d 41       		.byte	0x41
 313 009e 5A000000 		.4byte	0x5a
 314 00a2 04       		.uleb128 0x4
 315 00a3 D5020000 		.4byte	.LASF14
 316 00a7 04       		.byte	0x4
 317 00a8 42       		.byte	0x42
 318 00a9 6C000000 		.4byte	0x6c
 319 00ad 03       		.uleb128 0x3
 320 00ae 01       		.byte	0x1
 321 00af 02       		.byte	0x2
 322 00b0 22020000 		.4byte	.LASF15
 323 00b4 04       		.uleb128 0x4
 324 00b5 7F010000 		.4byte	.LASF16
 325 00b9 05       		.byte	0x5
 326 00ba 2C       		.byte	0x2c
 327 00bb 8C000000 		.4byte	0x8c
 328 00bf 04       		.uleb128 0x4
 329 00c0 92000000 		.4byte	.LASF17
 330 00c4 05       		.byte	0x5
 331 00c5 2D       		.byte	0x2d
 332 00c6 8C000000 		.4byte	0x8c
 333 00ca 04       		.uleb128 0x4
 334 00cb 0B020000 		.4byte	.LASF18
 335 00cf 05       		.byte	0x5
 336 00d0 2E       		.byte	0x2e
 337 00d1 8C000000 		.4byte	0x8c
 338 00d5 04       		.uleb128 0x4
 339 00d6 75000000 		.4byte	.LASF19
 340 00da 05       		.byte	0x5
 341 00db 2F       		.byte	0x2f
 342 00dc 8C000000 		.4byte	0x8c
ARM GAS  /tmp/ccDsdx0j.s 			page 7


 343 00e0 04       		.uleb128 0x4
 344 00e1 1A020000 		.4byte	.LASF20
 345 00e5 05       		.byte	0x5
 346 00e6 30       		.byte	0x30
 347 00e7 A2000000 		.4byte	0xa2
 348 00eb 04       		.uleb128 0x4
 349 00ec F1000000 		.4byte	.LASF21
 350 00f0 05       		.byte	0x5
 351 00f1 31       		.byte	0x31
 352 00f2 97000000 		.4byte	0x97
 353 00f6 04       		.uleb128 0x4
 354 00f7 93010000 		.4byte	.LASF22
 355 00fb 05       		.byte	0x5
 356 00fc 33       		.byte	0x33
 357 00fd A2000000 		.4byte	0xa2
 358 0101 04       		.uleb128 0x4
 359 0102 0A030000 		.4byte	.LASF23
 360 0106 05       		.byte	0x5
 361 0107 35       		.byte	0x35
 362 0108 A2000000 		.4byte	0xa2
 363 010c 04       		.uleb128 0x4
 364 010d A8020000 		.4byte	.LASF24
 365 0111 06       		.byte	0x6
 366 0112 2A       		.byte	0x2a
 367 0113 17010000 		.4byte	0x117
 368 0117 05       		.uleb128 0x5
 369 0118 A8020000 		.4byte	.LASF24
 370 011c 48       		.byte	0x48
 371 011d 07       		.byte	0x7
 372 011e 5E       		.byte	0x5e
 373 011f 14020000 		.4byte	0x214
 374 0123 06       		.uleb128 0x6
 375 0124 72020000 		.4byte	.LASF25
 376 0128 07       		.byte	0x7
 377 0129 5F       		.byte	0x5f
 378 012a 35020000 		.4byte	0x235
 379 012e 00       		.byte	0
 380 012f 06       		.uleb128 0x6
 381 0130 13020000 		.4byte	.LASF26
 382 0134 07       		.byte	0x7
 383 0135 61       		.byte	0x61
 384 0136 35020000 		.4byte	0x235
 385 013a 04       		.byte	0x4
 386 013b 06       		.uleb128 0x6
 387 013c 44000000 		.4byte	.LASF27
 388 0140 07       		.byte	0x7
 389 0141 63       		.byte	0x63
 390 0142 E0000000 		.4byte	0xe0
 391 0146 08       		.byte	0x8
 392 0147 06       		.uleb128 0x6
 393 0148 8E030000 		.4byte	.LASF28
 394 014c 07       		.byte	0x7
 395 014d 64       		.byte	0x64
 396 014e EF020000 		.4byte	0x2ef
 397 0152 0C       		.byte	0xc
 398 0153 06       		.uleb128 0x6
 399 0154 9B000000 		.4byte	.LASF29
ARM GAS  /tmp/ccDsdx0j.s 			page 8


 400 0158 07       		.byte	0x7
 401 0159 66       		.byte	0x66
 402 015a 35020000 		.4byte	0x235
 403 015e 10       		.byte	0x10
 404 015f 06       		.uleb128 0x6
 405 0160 D6010000 		.4byte	.LASF30
 406 0164 07       		.byte	0x7
 407 0165 67       		.byte	0x67
 408 0166 35020000 		.4byte	0x235
 409 016a 14       		.byte	0x14
 410 016b 06       		.uleb128 0x6
 411 016c 7F030000 		.4byte	.LASF31
 412 0170 07       		.byte	0x7
 413 0171 6E       		.byte	0x6e
 414 0172 EF030000 		.4byte	0x3ef
 415 0176 18       		.byte	0x18
 416 0177 06       		.uleb128 0x6
 417 0178 52020000 		.4byte	.LASF32
 418 017c 07       		.byte	0x7
 419 017d 79       		.byte	0x79
 420 017e BF000000 		.4byte	0xbf
 421 0182 1C       		.byte	0x1c
 422 0183 06       		.uleb128 0x6
 423 0184 79020000 		.4byte	.LASF33
 424 0188 07       		.byte	0x7
 425 0189 7D       		.byte	0x7d
 426 018a B4000000 		.4byte	0xb4
 427 018e 1D       		.byte	0x1d
 428 018f 06       		.uleb128 0x6
 429 0190 59030000 		.4byte	.LASF34
 430 0194 07       		.byte	0x7
 431 0195 82       		.byte	0x82
 432 0196 CA000000 		.4byte	0xca
 433 019a 1E       		.byte	0x1e
 434 019b 06       		.uleb128 0x6
 435 019c 5A020000 		.4byte	.LASF35
 436 01a0 07       		.byte	0x7
 437 01a1 88       		.byte	0x88
 438 01a2 D5000000 		.4byte	0xd5
 439 01a6 1F       		.byte	0x1f
 440 01a7 06       		.uleb128 0x6
 441 01a8 29030000 		.4byte	.LASF36
 442 01ac 07       		.byte	0x7
 443 01ad 8F       		.byte	0x8f
 444 01ae 17030000 		.4byte	0x317
 445 01b2 20       		.byte	0x20
 446 01b3 07       		.uleb128 0x7
 447 01b4 705F7500 		.ascii	"p_u\000"
 448 01b8 07       		.byte	0x7
 449 01b9 B4       		.byte	0xb4
 450 01ba BA030000 		.4byte	0x3ba
 451 01be 24       		.byte	0x24
 452 01bf 06       		.uleb128 0x6
 453 01c0 94030000 		.4byte	.LASF37
 454 01c4 07       		.byte	0x7
 455 01c5 B9       		.byte	0xb9
 456 01c6 5B020000 		.4byte	0x25b
ARM GAS  /tmp/ccDsdx0j.s 			page 9


 457 01ca 28       		.byte	0x28
 458 01cb 06       		.uleb128 0x6
 459 01cc 37030000 		.4byte	.LASF38
 460 01d0 07       		.byte	0x7
 461 01d1 BF       		.byte	0xbf
 462 01d2 3B020000 		.4byte	0x23b
 463 01d6 2C       		.byte	0x2c
 464 01d7 06       		.uleb128 0x6
 465 01d8 00000000 		.4byte	.LASF39
 466 01dc 07       		.byte	0x7
 467 01dd C3       		.byte	0xc3
 468 01de EB000000 		.4byte	0xeb
 469 01e2 34       		.byte	0x34
 470 01e3 06       		.uleb128 0x6
 471 01e4 CA020000 		.4byte	.LASF40
 472 01e8 07       		.byte	0x7
 473 01e9 C9       		.byte	0xc9
 474 01ea F6000000 		.4byte	0xf6
 475 01ee 38       		.byte	0x38
 476 01ef 06       		.uleb128 0x6
 477 01f0 3E020000 		.4byte	.LASF41
 478 01f4 07       		.byte	0x7
 479 01f5 D0       		.byte	0xd0
 480 01f6 01040000 		.4byte	0x401
 481 01fa 3C       		.byte	0x3c
 482 01fb 06       		.uleb128 0x6
 483 01fc 14030000 		.4byte	.LASF42
 484 0200 07       		.byte	0x7
 485 0201 D4       		.byte	0xd4
 486 0202 E0000000 		.4byte	0xe0
 487 0206 40       		.byte	0x40
 488 0207 06       		.uleb128 0x6
 489 0208 65000000 		.4byte	.LASF43
 490 020c 07       		.byte	0x7
 491 020d DA       		.byte	0xda
 492 020e 71020000 		.4byte	0x271
 493 0212 44       		.byte	0x44
 494 0213 00       		.byte	0
 495 0214 08       		.uleb128 0x8
 496 0215 08       		.byte	0x8
 497 0216 06       		.byte	0x6
 498 0217 61       		.byte	0x61
 499 0218 35020000 		.4byte	0x235
 500 021c 06       		.uleb128 0x6
 501 021d 72020000 		.4byte	.LASF25
 502 0221 06       		.byte	0x6
 503 0222 62       		.byte	0x62
 504 0223 35020000 		.4byte	0x235
 505 0227 00       		.byte	0
 506 0228 06       		.uleb128 0x6
 507 0229 13020000 		.4byte	.LASF26
 508 022d 06       		.byte	0x6
 509 022e 64       		.byte	0x64
 510 022f 35020000 		.4byte	0x235
 511 0233 04       		.byte	0x4
 512 0234 00       		.byte	0
 513 0235 09       		.uleb128 0x9
ARM GAS  /tmp/ccDsdx0j.s 			page 10


 514 0236 04       		.byte	0x4
 515 0237 0C010000 		.4byte	0x10c
 516 023b 04       		.uleb128 0x4
 517 023c EC010000 		.4byte	.LASF44
 518 0240 06       		.byte	0x6
 519 0241 66       		.byte	0x66
 520 0242 14020000 		.4byte	0x214
 521 0246 08       		.uleb128 0x8
 522 0247 04       		.byte	0x4
 523 0248 06       		.byte	0x6
 524 0249 6B       		.byte	0x6b
 525 024a 5B020000 		.4byte	0x25b
 526 024e 06       		.uleb128 0x6
 527 024f 72020000 		.4byte	.LASF25
 528 0253 06       		.byte	0x6
 529 0254 6D       		.byte	0x6d
 530 0255 35020000 		.4byte	0x235
 531 0259 00       		.byte	0
 532 025a 00       		.byte	0
 533 025b 04       		.uleb128 0x4
 534 025c 87010000 		.4byte	.LASF45
 535 0260 06       		.byte	0x6
 536 0261 70       		.byte	0x70
 537 0262 46020000 		.4byte	0x246
 538 0266 04       		.uleb128 0x4
 539 0267 AE000000 		.4byte	.LASF46
 540 026b 08       		.byte	0x8
 541 026c E5       		.byte	0xe5
 542 026d 71020000 		.4byte	0x271
 543 0271 0A       		.uleb128 0xa
 544 0272 04       		.byte	0x4
 545 0273 0B       		.uleb128 0xb
 546 0274 30030000 		.4byte	.LASF47
 547 0278 24       		.byte	0x24
 548 0279 08       		.byte	0x8
 549 027a 0C01     		.2byte	0x10c
 550 027c EF020000 		.4byte	0x2ef
 551 0280 0C       		.uleb128 0xc
 552 0281 723400   		.ascii	"r4\000"
 553 0284 08       		.byte	0x8
 554 0285 1F01     		.2byte	0x11f
 555 0287 66020000 		.4byte	0x266
 556 028b 00       		.byte	0
 557 028c 0C       		.uleb128 0xc
 558 028d 723500   		.ascii	"r5\000"
 559 0290 08       		.byte	0x8
 560 0291 2001     		.2byte	0x120
 561 0293 66020000 		.4byte	0x266
 562 0297 04       		.byte	0x4
 563 0298 0C       		.uleb128 0xc
 564 0299 723600   		.ascii	"r6\000"
 565 029c 08       		.byte	0x8
 566 029d 2101     		.2byte	0x121
 567 029f 66020000 		.4byte	0x266
 568 02a3 08       		.byte	0x8
 569 02a4 0C       		.uleb128 0xc
 570 02a5 723700   		.ascii	"r7\000"
ARM GAS  /tmp/ccDsdx0j.s 			page 11


 571 02a8 08       		.byte	0x8
 572 02a9 2201     		.2byte	0x122
 573 02ab 66020000 		.4byte	0x266
 574 02af 0C       		.byte	0xc
 575 02b0 0C       		.uleb128 0xc
 576 02b1 723800   		.ascii	"r8\000"
 577 02b4 08       		.byte	0x8
 578 02b5 2301     		.2byte	0x123
 579 02b7 66020000 		.4byte	0x266
 580 02bb 10       		.byte	0x10
 581 02bc 0C       		.uleb128 0xc
 582 02bd 723900   		.ascii	"r9\000"
 583 02c0 08       		.byte	0x8
 584 02c1 2401     		.2byte	0x124
 585 02c3 66020000 		.4byte	0x266
 586 02c7 14       		.byte	0x14
 587 02c8 0C       		.uleb128 0xc
 588 02c9 72313000 		.ascii	"r10\000"
 589 02cd 08       		.byte	0x8
 590 02ce 2501     		.2byte	0x125
 591 02d0 66020000 		.4byte	0x266
 592 02d4 18       		.byte	0x18
 593 02d5 0C       		.uleb128 0xc
 594 02d6 72313100 		.ascii	"r11\000"
 595 02da 08       		.byte	0x8
 596 02db 2601     		.2byte	0x126
 597 02dd 66020000 		.4byte	0x266
 598 02e1 1C       		.byte	0x1c
 599 02e2 0C       		.uleb128 0xc
 600 02e3 6C7200   		.ascii	"lr\000"
 601 02e6 08       		.byte	0x8
 602 02e7 2701     		.2byte	0x127
 603 02e9 66020000 		.4byte	0x266
 604 02ed 20       		.byte	0x20
 605 02ee 00       		.byte	0
 606 02ef 0B       		.uleb128 0xb
 607 02f0 D6000000 		.4byte	.LASF48
 608 02f4 04       		.byte	0x4
 609 02f5 08       		.byte	0x8
 610 02f6 3101     		.2byte	0x131
 611 02f8 0A030000 		.4byte	0x30a
 612 02fc 0C       		.uleb128 0xc
 613 02fd 72313300 		.ascii	"r13\000"
 614 0301 08       		.byte	0x8
 615 0302 3201     		.2byte	0x132
 616 0304 0A030000 		.4byte	0x30a
 617 0308 00       		.byte	0
 618 0309 00       		.byte	0
 619 030a 09       		.uleb128 0x9
 620 030b 04       		.byte	0x4
 621 030c 73020000 		.4byte	0x273
 622 0310 03       		.uleb128 0x3
 623 0311 04       		.byte	0x4
 624 0312 07       		.byte	0x7
 625 0313 CD010000 		.4byte	.LASF49
 626 0317 0D       		.uleb128 0xd
 627 0318 01010000 		.4byte	0x101
ARM GAS  /tmp/ccDsdx0j.s 			page 12


 628 031c 08       		.uleb128 0x8
 629 031d 1C       		.byte	0x1c
 630 031e 09       		.byte	0x9
 631 031f 5E       		.byte	0x5e
 632 0320 6D030000 		.4byte	0x36d
 633 0324 06       		.uleb128 0x6
 634 0325 DE020000 		.4byte	.LASF50
 635 0329 09       		.byte	0x9
 636 032a 5F       		.byte	0x5f
 637 032b 3B020000 		.4byte	0x23b
 638 032f 00       		.byte	0
 639 0330 06       		.uleb128 0x6
 640 0331 64020000 		.4byte	.LASF51
 641 0335 09       		.byte	0x9
 642 0336 60       		.byte	0x60
 643 0337 E0000000 		.4byte	0xe0
 644 033b 08       		.byte	0x8
 645 033c 06       		.uleb128 0x6
 646 033d DE010000 		.4byte	.LASF52
 647 0341 09       		.byte	0x9
 648 0342 62       		.byte	0x62
 649 0343 EF020000 		.4byte	0x2ef
 650 0347 0C       		.byte	0xc
 651 0348 06       		.uleb128 0x6
 652 0349 E4010000 		.4byte	.LASF53
 653 034d 09       		.byte	0x9
 654 034e 65       		.byte	0x65
 655 034f 35020000 		.4byte	0x235
 656 0353 10       		.byte	0x10
 657 0354 06       		.uleb128 0x6
 658 0355 03020000 		.4byte	.LASF54
 659 0359 09       		.byte	0x9
 660 035a 66       		.byte	0x66
 661 035b 35020000 		.4byte	0x235
 662 035f 14       		.byte	0x14
 663 0360 06       		.uleb128 0x6
 664 0361 F9010000 		.4byte	.LASF55
 665 0365 09       		.byte	0x9
 666 0366 69       		.byte	0x69
 667 0367 35020000 		.4byte	0x235
 668 036b 18       		.byte	0x18
 669 036c 00       		.byte	0
 670 036d 04       		.uleb128 0x4
 671 036e 60030000 		.4byte	.LASF56
 672 0372 09       		.byte	0x9
 673 0373 6B       		.byte	0x6b
 674 0374 1C030000 		.4byte	0x31c
 675 0378 05       		.uleb128 0x5
 676 0379 9F010000 		.4byte	.LASF57
 677 037d 10       		.byte	0x10
 678 037e 0A       		.byte	0xa
 679 037f 2C       		.byte	0x2c
 680 0380 A9030000 		.4byte	0x3a9
 681 0384 06       		.uleb128 0x6
 682 0385 6D000000 		.4byte	.LASF58
 683 0389 0A       		.byte	0xa
 684 038a 2D       		.byte	0x2d
ARM GAS  /tmp/ccDsdx0j.s 			page 13


 685 038b 3B020000 		.4byte	0x23b
 686 038f 00       		.byte	0
 687 0390 06       		.uleb128 0x6
 688 0391 86030000 		.4byte	.LASF59
 689 0395 0A       		.byte	0xa
 690 0396 2F       		.byte	0x2f
 691 0397 35020000 		.4byte	0x235
 692 039b 08       		.byte	0x8
 693 039c 06       		.uleb128 0x6
 694 039d 03030000 		.4byte	.LASF60
 695 03a1 0A       		.byte	0xa
 696 03a2 31       		.byte	0x31
 697 03a3 A9030000 		.4byte	0x3a9
 698 03a7 0C       		.byte	0xc
 699 03a8 00       		.byte	0
 700 03a9 09       		.uleb128 0x9
 701 03aa 04       		.byte	0x4
 702 03ab 78030000 		.4byte	0x378
 703 03af 04       		.uleb128 0x4
 704 03b0 9F010000 		.4byte	.LASF57
 705 03b4 0A       		.byte	0xa
 706 03b5 33       		.byte	0x33
 707 03b6 78030000 		.4byte	0x378
 708 03ba 0E       		.uleb128 0xe
 709 03bb 04       		.byte	0x4
 710 03bc 07       		.byte	0x7
 711 03bd 96       		.byte	0x96
 712 03be EF030000 		.4byte	0x3ef
 713 03c2 0F       		.uleb128 0xf
 714 03c3 13000000 		.4byte	.LASF61
 715 03c7 07       		.byte	0x7
 716 03c8 9D       		.byte	0x9d
 717 03c9 EB000000 		.4byte	0xeb
 718 03cd 0F       		.uleb128 0xf
 719 03ce 3B000000 		.4byte	.LASF62
 720 03d2 07       		.byte	0x7
 721 03d3 A4       		.byte	0xa4
 722 03d4 EB000000 		.4byte	0xeb
 723 03d8 0F       		.uleb128 0xf
 724 03d9 78030000 		.4byte	.LASF63
 725 03dd 07       		.byte	0x7
 726 03de AB       		.byte	0xab
 727 03df 71020000 		.4byte	0x271
 728 03e3 0F       		.uleb128 0xf
 729 03e4 6B020000 		.4byte	.LASF64
 730 03e8 07       		.byte	0x7
 731 03e9 B2       		.byte	0xb2
 732 03ea F6000000 		.4byte	0xf6
 733 03ee 00       		.byte	0
 734 03ef 09       		.uleb128 0x9
 735 03f0 04       		.byte	0x4
 736 03f1 F5030000 		.4byte	0x3f5
 737 03f5 10       		.uleb128 0x10
 738 03f6 FA030000 		.4byte	0x3fa
 739 03fa 03       		.uleb128 0x3
 740 03fb 01       		.byte	0x1
 741 03fc 08       		.byte	0x8
ARM GAS  /tmp/ccDsdx0j.s 			page 14


 742 03fd F2020000 		.4byte	.LASF65
 743 0401 09       		.uleb128 0x9
 744 0402 04       		.byte	0x4
 745 0403 AF030000 		.4byte	0x3af
 746 0407 11       		.uleb128 0x11
 747 0408 06000000 		.4byte	.LASF71
 748 040c 02       		.byte	0x2
 749 040d 34       		.byte	0x34
 750 040e 03       		.byte	0x3
 751 040f 29040000 		.4byte	0x429
 752 0413 12       		.uleb128 0x12
 753 0414 747000   		.ascii	"tp\000"
 754 0417 02       		.byte	0x2
 755 0418 34       		.byte	0x34
 756 0419 35020000 		.4byte	0x235
 757 041d 12       		.uleb128 0x12
 758 041e 74717000 		.ascii	"tqp\000"
 759 0422 02       		.byte	0x2
 760 0423 34       		.byte	0x34
 761 0424 29040000 		.4byte	0x429
 762 0428 00       		.byte	0
 763 0429 09       		.uleb128 0x9
 764 042a 04       		.byte	0x4
 765 042b 3B020000 		.4byte	0x23b
 766 042f 13       		.uleb128 0x13
 767 0430 F7020000 		.4byte	.LASF72
 768 0434 02       		.byte	0x2
 769 0435 3B       		.byte	0x3b
 770 0436 35020000 		.4byte	0x235
 771 043a 03       		.byte	0x3
 772 043b 55040000 		.4byte	0x455
 773 043f 12       		.uleb128 0x12
 774 0440 74717000 		.ascii	"tqp\000"
 775 0444 02       		.byte	0x2
 776 0445 3B       		.byte	0x3b
 777 0446 29040000 		.4byte	0x429
 778 044a 14       		.uleb128 0x14
 779 044b 747000   		.ascii	"tp\000"
 780 044e 02       		.byte	0x2
 781 044f 3C       		.byte	0x3c
 782 0450 35020000 		.4byte	0x235
 783 0454 00       		.byte	0
 784 0455 15       		.uleb128 0x15
 785 0456 88000000 		.4byte	.LASF66
 786 045a 01       		.byte	0x1
 787 045b 4B       		.byte	0x4b
 788 045c EB000000 		.4byte	0xeb
 789 0460 00000000 		.4byte	.LFB7
 790 0464 40000000 		.4byte	.LFE7-.LFB7
 791 0468 01       		.uleb128 0x1
 792 0469 9C       		.byte	0x9c
 793 046a 0F050000 		.4byte	0x50f
 794 046e 16       		.uleb128 0x16
 795 046f 747000   		.ascii	"tp\000"
 796 0472 01       		.byte	0x1
 797 0473 4B       		.byte	0x4b
 798 0474 35020000 		.4byte	0x235
ARM GAS  /tmp/ccDsdx0j.s 			page 15


 799 0478 00000000 		.4byte	.LLST0
 800 047c 16       		.uleb128 0x16
 801 047d 6D736700 		.ascii	"msg\000"
 802 0481 01       		.byte	0x1
 803 0482 4B       		.byte	0x4b
 804 0483 EB000000 		.4byte	0xeb
 805 0487 3A000000 		.4byte	.LLST1
 806 048b 17       		.uleb128 0x17
 807 048c 63747000 		.ascii	"ctp\000"
 808 0490 01       		.byte	0x1
 809 0491 4C       		.byte	0x4c
 810 0492 35020000 		.4byte	0x235
 811 0496 01       		.uleb128 0x1
 812 0497 54       		.byte	0x54
 813 0498 18       		.uleb128 0x18
 814 0499 0C000000 		.4byte	.LBB10
 815 049d 06000000 		.4byte	.LBE10-.LBB10
 816 04a1 B3040000 		.4byte	0x4b3
 817 04a5 17       		.uleb128 0x17
 818 04a6 746D7000 		.ascii	"tmp\000"
 819 04aa 01       		.byte	0x1
 820 04ab 50       		.byte	0x50
 821 04ac A2000000 		.4byte	0xa2
 822 04b0 01       		.uleb128 0x1
 823 04b1 53       		.byte	0x53
 824 04b2 00       		.byte	0
 825 04b3 19       		.uleb128 0x19
 826 04b4 07040000 		.4byte	0x407
 827 04b8 1A000000 		.4byte	.LBB11
 828 04bc 00000000 		.4byte	.Ldebug_ranges0+0
 829 04c0 01       		.byte	0x1
 830 04c1 53       		.byte	0x53
 831 04c2 D7040000 		.4byte	0x4d7
 832 04c6 1A       		.uleb128 0x1a
 833 04c7 1D040000 		.4byte	0x41d
 834 04cb 7F000000 		.4byte	.LLST2
 835 04cf 1B       		.uleb128 0x1b
 836 04d0 13040000 		.4byte	0x413
 837 04d4 01       		.uleb128 0x1
 838 04d5 54       		.byte	0x54
 839 04d6 00       		.byte	0
 840 04d7 18       		.uleb128 0x18
 841 04d8 32000000 		.4byte	.LBB15
 842 04dc 06000000 		.4byte	.LBE15-.LBB15
 843 04e0 F2040000 		.4byte	0x4f2
 844 04e4 17       		.uleb128 0x17
 845 04e5 746D7000 		.ascii	"tmp\000"
 846 04e9 01       		.byte	0x1
 847 04ea 58       		.byte	0x58
 848 04eb A2000000 		.4byte	0xa2
 849 04ef 01       		.uleb128 0x1
 850 04f0 53       		.byte	0x53
 851 04f1 00       		.byte	0
 852 04f2 1C       		.uleb128 0x1c
 853 04f3 30000000 		.4byte	.LVL4
 854 04f7 2C060000 		.4byte	0x62c
 855 04fb 05050000 		.4byte	0x505
ARM GAS  /tmp/ccDsdx0j.s 			page 16


 856 04ff 1D       		.uleb128 0x1d
 857 0500 01       		.uleb128 0x1
 858 0501 50       		.byte	0x50
 859 0502 01       		.uleb128 0x1
 860 0503 3A       		.byte	0x3a
 861 0504 00       		.byte	0
 862 0505 1E       		.uleb128 0x1e
 863 0506 3E000000 		.4byte	.LVL7
 864 050a 3D060000 		.4byte	0x63d
 865 050e 00       		.byte	0
 866 050f 15       		.uleb128 0x15
 867 0510 4F030000 		.4byte	.LASF67
 868 0514 01       		.byte	0x1
 869 0515 6A       		.byte	0x6a
 870 0516 35020000 		.4byte	0x235
 871 051a 00000000 		.4byte	.LFB8
 872 051e 3E000000 		.4byte	.LFE8-.LFB8
 873 0522 01       		.uleb128 0x1
 874 0523 9C       		.byte	0x9c
 875 0524 A0050000 		.4byte	0x5a0
 876 0528 14       		.uleb128 0x14
 877 0529 747000   		.ascii	"tp\000"
 878 052c 01       		.byte	0x1
 879 052d 6B       		.byte	0x6b
 880 052e 35020000 		.4byte	0x235
 881 0532 18       		.uleb128 0x18
 882 0533 02000000 		.4byte	.LBB16
 883 0537 06000000 		.4byte	.LBE16-.LBB16
 884 053b 4D050000 		.4byte	0x54d
 885 053f 17       		.uleb128 0x17
 886 0540 746D7000 		.ascii	"tmp\000"
 887 0544 01       		.byte	0x1
 888 0545 6D       		.byte	0x6d
 889 0546 A2000000 		.4byte	0xa2
 890 054a 01       		.uleb128 0x1
 891 054b 53       		.byte	0x53
 892 054c 00       		.byte	0
 893 054d 19       		.uleb128 0x19
 894 054e 2F040000 		.4byte	0x42f
 895 0552 1C000000 		.4byte	.LBB17
 896 0556 18000000 		.4byte	.Ldebug_ranges0+0x18
 897 055a 01       		.byte	0x1
 898 055b 70       		.byte	0x70
 899 055c 79050000 		.4byte	0x579
 900 0560 1A       		.uleb128 0x1a
 901 0561 3F040000 		.4byte	0x43f
 902 0565 BD000000 		.4byte	.LLST3
 903 0569 1F       		.uleb128 0x1f
 904 056a 18000000 		.4byte	.Ldebug_ranges0+0x18
 905 056e 20       		.uleb128 0x20
 906 056f 4A040000 		.4byte	0x44a
 907 0573 D0000000 		.4byte	.LLST4
 908 0577 00       		.byte	0
 909 0578 00       		.byte	0
 910 0579 21       		.uleb128 0x21
 911 057a 30000000 		.4byte	.Ldebug_ranges0+0x30
 912 057e 90050000 		.4byte	0x590
ARM GAS  /tmp/ccDsdx0j.s 			page 17


 913 0582 17       		.uleb128 0x17
 914 0583 746D7000 		.ascii	"tmp\000"
 915 0587 01       		.byte	0x1
 916 0588 72       		.byte	0x72
 917 0589 A2000000 		.4byte	0xa2
 918 058d 01       		.uleb128 0x1
 919 058e 53       		.byte	0x53
 920 058f 00       		.byte	0
 921 0590 22       		.uleb128 0x22
 922 0591 34000000 		.4byte	.LVL10
 923 0595 2C060000 		.4byte	0x62c
 924 0599 1D       		.uleb128 0x1d
 925 059a 01       		.uleb128 0x1
 926 059b 50       		.byte	0x50
 927 059c 01       		.uleb128 0x1
 928 059d 3C       		.byte	0x3c
 929 059e 00       		.byte	0
 930 059f 00       		.byte	0
 931 05a0 23       		.uleb128 0x23
 932 05a1 AF020000 		.4byte	.LASF73
 933 05a5 01       		.byte	0x1
 934 05a6 80       		.byte	0x80
 935 05a7 00000000 		.4byte	.LFB9
 936 05ab 14000000 		.4byte	.LFE9-.LFB9
 937 05af 01       		.uleb128 0x1
 938 05b0 9C       		.byte	0x9c
 939 05b1 21060000 		.4byte	0x621
 940 05b5 16       		.uleb128 0x16
 941 05b6 747000   		.ascii	"tp\000"
 942 05b9 01       		.byte	0x1
 943 05ba 80       		.byte	0x80
 944 05bb 35020000 		.4byte	0x235
 945 05bf E3000000 		.4byte	.LLST5
 946 05c3 16       		.uleb128 0x16
 947 05c4 6D736700 		.ascii	"msg\000"
 948 05c8 01       		.byte	0x1
 949 05c9 80       		.byte	0x80
 950 05ca EB000000 		.4byte	0xeb
 951 05ce 04010000 		.4byte	.LLST6
 952 05d2 18       		.uleb128 0x18
 953 05d3 02000000 		.4byte	.LBB23
 954 05d7 06000000 		.4byte	.LBE23-.LBB23
 955 05db ED050000 		.4byte	0x5ed
 956 05df 17       		.uleb128 0x17
 957 05e0 746D7000 		.ascii	"tmp\000"
 958 05e4 01       		.byte	0x1
 959 05e5 82       		.byte	0x82
 960 05e6 A2000000 		.4byte	0xa2
 961 05ea 01       		.uleb128 0x1
 962 05eb 53       		.byte	0x53
 963 05ec 00       		.byte	0
 964 05ed 18       		.uleb128 0x18
 965 05ee 0C000000 		.4byte	.LBB24
 966 05f2 08000000 		.4byte	.LBE24-.LBB24
 967 05f6 08060000 		.4byte	0x608
 968 05fa 17       		.uleb128 0x17
 969 05fb 746D7000 		.ascii	"tmp\000"
ARM GAS  /tmp/ccDsdx0j.s 			page 18


 970 05ff 01       		.byte	0x1
 971 0600 86       		.byte	0x86
 972 0601 A2000000 		.4byte	0xa2
 973 0605 01       		.uleb128 0x1
 974 0606 53       		.byte	0x53
 975 0607 00       		.byte	0
 976 0608 22       		.uleb128 0x22
 977 0609 0C000000 		.4byte	.LVL12
 978 060d 52060000 		.4byte	0x652
 979 0611 1D       		.uleb128 0x1d
 980 0612 01       		.uleb128 0x1
 981 0613 51       		.byte	0x51
 982 0614 03       		.uleb128 0x3
 983 0615 F3       		.byte	0xf3
 984 0616 01       		.uleb128 0x1
 985 0617 51       		.byte	0x51
 986 0618 1D       		.uleb128 0x1d
 987 0619 01       		.uleb128 0x1
 988 061a 50       		.byte	0x50
 989 061b 03       		.uleb128 0x3
 990 061c F3       		.byte	0xf3
 991 061d 01       		.uleb128 0x1
 992 061e 50       		.byte	0x50
 993 061f 00       		.byte	0
 994 0620 00       		.byte	0
 995 0621 24       		.uleb128 0x24
 996 0622 6A030000 		.4byte	.LASF74
 997 0626 09       		.byte	0x9
 998 0627 6F       		.byte	0x6f
 999 0628 6D030000 		.4byte	0x36d
 1000 062c 25       		.uleb128 0x25
 1001 062d BC020000 		.4byte	.LASF75
 1002 0631 09       		.byte	0x9
 1003 0632 93       		.byte	0x93
 1004 0633 3D060000 		.4byte	0x63d
 1005 0637 26       		.uleb128 0x26
 1006 0638 BF000000 		.4byte	0xbf
 1007 063c 00       		.byte	0
 1008 063d 27       		.uleb128 0x27
 1009 063e E6020000 		.4byte	.LASF76
 1010 0642 09       		.byte	0x9
 1011 0643 90       		.byte	0x90
 1012 0644 35020000 		.4byte	0x235
 1013 0648 52060000 		.4byte	0x652
 1014 064c 26       		.uleb128 0x26
 1015 064d 35020000 		.4byte	0x235
 1016 0651 00       		.byte	0
 1017 0652 28       		.uleb128 0x28
 1018 0653 42030000 		.4byte	.LASF77
 1019 0657 09       		.byte	0x9
 1020 0658 99       		.byte	0x99
 1021 0659 26       		.uleb128 0x26
 1022 065a 35020000 		.4byte	0x235
 1023 065e 26       		.uleb128 0x26
 1024 065f EB000000 		.4byte	0xeb
 1025 0663 00       		.byte	0
 1026 0664 00       		.byte	0
ARM GAS  /tmp/ccDsdx0j.s 			page 19


 1027              		.section	.debug_abbrev,"",%progbits
 1028              	.Ldebug_abbrev0:
 1029 0000 01       		.uleb128 0x1
 1030 0001 11       		.uleb128 0x11
 1031 0002 01       		.byte	0x1
 1032 0003 25       		.uleb128 0x25
 1033 0004 0E       		.uleb128 0xe
 1034 0005 13       		.uleb128 0x13
 1035 0006 0B       		.uleb128 0xb
 1036 0007 03       		.uleb128 0x3
 1037 0008 0E       		.uleb128 0xe
 1038 0009 1B       		.uleb128 0x1b
 1039 000a 0E       		.uleb128 0xe
 1040 000b 55       		.uleb128 0x55
 1041 000c 17       		.uleb128 0x17
 1042 000d 11       		.uleb128 0x11
 1043 000e 01       		.uleb128 0x1
 1044 000f 10       		.uleb128 0x10
 1045 0010 17       		.uleb128 0x17
 1046 0011 00       		.byte	0
 1047 0012 00       		.byte	0
 1048 0013 02       		.uleb128 0x2
 1049 0014 24       		.uleb128 0x24
 1050 0015 00       		.byte	0
 1051 0016 0B       		.uleb128 0xb
 1052 0017 0B       		.uleb128 0xb
 1053 0018 3E       		.uleb128 0x3e
 1054 0019 0B       		.uleb128 0xb
 1055 001a 03       		.uleb128 0x3
 1056 001b 08       		.uleb128 0x8
 1057 001c 00       		.byte	0
 1058 001d 00       		.byte	0
 1059 001e 03       		.uleb128 0x3
 1060 001f 24       		.uleb128 0x24
 1061 0020 00       		.byte	0
 1062 0021 0B       		.uleb128 0xb
 1063 0022 0B       		.uleb128 0xb
 1064 0023 3E       		.uleb128 0x3e
 1065 0024 0B       		.uleb128 0xb
 1066 0025 03       		.uleb128 0x3
 1067 0026 0E       		.uleb128 0xe
 1068 0027 00       		.byte	0
 1069 0028 00       		.byte	0
 1070 0029 04       		.uleb128 0x4
 1071 002a 16       		.uleb128 0x16
 1072 002b 00       		.byte	0
 1073 002c 03       		.uleb128 0x3
 1074 002d 0E       		.uleb128 0xe
 1075 002e 3A       		.uleb128 0x3a
 1076 002f 0B       		.uleb128 0xb
 1077 0030 3B       		.uleb128 0x3b
 1078 0031 0B       		.uleb128 0xb
 1079 0032 49       		.uleb128 0x49
 1080 0033 13       		.uleb128 0x13
 1081 0034 00       		.byte	0
 1082 0035 00       		.byte	0
 1083 0036 05       		.uleb128 0x5
ARM GAS  /tmp/ccDsdx0j.s 			page 20


 1084 0037 13       		.uleb128 0x13
 1085 0038 01       		.byte	0x1
 1086 0039 03       		.uleb128 0x3
 1087 003a 0E       		.uleb128 0xe
 1088 003b 0B       		.uleb128 0xb
 1089 003c 0B       		.uleb128 0xb
 1090 003d 3A       		.uleb128 0x3a
 1091 003e 0B       		.uleb128 0xb
 1092 003f 3B       		.uleb128 0x3b
 1093 0040 0B       		.uleb128 0xb
 1094 0041 01       		.uleb128 0x1
 1095 0042 13       		.uleb128 0x13
 1096 0043 00       		.byte	0
 1097 0044 00       		.byte	0
 1098 0045 06       		.uleb128 0x6
 1099 0046 0D       		.uleb128 0xd
 1100 0047 00       		.byte	0
 1101 0048 03       		.uleb128 0x3
 1102 0049 0E       		.uleb128 0xe
 1103 004a 3A       		.uleb128 0x3a
 1104 004b 0B       		.uleb128 0xb
 1105 004c 3B       		.uleb128 0x3b
 1106 004d 0B       		.uleb128 0xb
 1107 004e 49       		.uleb128 0x49
 1108 004f 13       		.uleb128 0x13
 1109 0050 38       		.uleb128 0x38
 1110 0051 0B       		.uleb128 0xb
 1111 0052 00       		.byte	0
 1112 0053 00       		.byte	0
 1113 0054 07       		.uleb128 0x7
 1114 0055 0D       		.uleb128 0xd
 1115 0056 00       		.byte	0
 1116 0057 03       		.uleb128 0x3
 1117 0058 08       		.uleb128 0x8
 1118 0059 3A       		.uleb128 0x3a
 1119 005a 0B       		.uleb128 0xb
 1120 005b 3B       		.uleb128 0x3b
 1121 005c 0B       		.uleb128 0xb
 1122 005d 49       		.uleb128 0x49
 1123 005e 13       		.uleb128 0x13
 1124 005f 38       		.uleb128 0x38
 1125 0060 0B       		.uleb128 0xb
 1126 0061 00       		.byte	0
 1127 0062 00       		.byte	0
 1128 0063 08       		.uleb128 0x8
 1129 0064 13       		.uleb128 0x13
 1130 0065 01       		.byte	0x1
 1131 0066 0B       		.uleb128 0xb
 1132 0067 0B       		.uleb128 0xb
 1133 0068 3A       		.uleb128 0x3a
 1134 0069 0B       		.uleb128 0xb
 1135 006a 3B       		.uleb128 0x3b
 1136 006b 0B       		.uleb128 0xb
 1137 006c 01       		.uleb128 0x1
 1138 006d 13       		.uleb128 0x13
 1139 006e 00       		.byte	0
 1140 006f 00       		.byte	0
ARM GAS  /tmp/ccDsdx0j.s 			page 21


 1141 0070 09       		.uleb128 0x9
 1142 0071 0F       		.uleb128 0xf
 1143 0072 00       		.byte	0
 1144 0073 0B       		.uleb128 0xb
 1145 0074 0B       		.uleb128 0xb
 1146 0075 49       		.uleb128 0x49
 1147 0076 13       		.uleb128 0x13
 1148 0077 00       		.byte	0
 1149 0078 00       		.byte	0
 1150 0079 0A       		.uleb128 0xa
 1151 007a 0F       		.uleb128 0xf
 1152 007b 00       		.byte	0
 1153 007c 0B       		.uleb128 0xb
 1154 007d 0B       		.uleb128 0xb
 1155 007e 00       		.byte	0
 1156 007f 00       		.byte	0
 1157 0080 0B       		.uleb128 0xb
 1158 0081 13       		.uleb128 0x13
 1159 0082 01       		.byte	0x1
 1160 0083 03       		.uleb128 0x3
 1161 0084 0E       		.uleb128 0xe
 1162 0085 0B       		.uleb128 0xb
 1163 0086 0B       		.uleb128 0xb
 1164 0087 3A       		.uleb128 0x3a
 1165 0088 0B       		.uleb128 0xb
 1166 0089 3B       		.uleb128 0x3b
 1167 008a 05       		.uleb128 0x5
 1168 008b 01       		.uleb128 0x1
 1169 008c 13       		.uleb128 0x13
 1170 008d 00       		.byte	0
 1171 008e 00       		.byte	0
 1172 008f 0C       		.uleb128 0xc
 1173 0090 0D       		.uleb128 0xd
 1174 0091 00       		.byte	0
 1175 0092 03       		.uleb128 0x3
 1176 0093 08       		.uleb128 0x8
 1177 0094 3A       		.uleb128 0x3a
 1178 0095 0B       		.uleb128 0xb
 1179 0096 3B       		.uleb128 0x3b
 1180 0097 05       		.uleb128 0x5
 1181 0098 49       		.uleb128 0x49
 1182 0099 13       		.uleb128 0x13
 1183 009a 38       		.uleb128 0x38
 1184 009b 0B       		.uleb128 0xb
 1185 009c 00       		.byte	0
 1186 009d 00       		.byte	0
 1187 009e 0D       		.uleb128 0xd
 1188 009f 35       		.uleb128 0x35
 1189 00a0 00       		.byte	0
 1190 00a1 49       		.uleb128 0x49
 1191 00a2 13       		.uleb128 0x13
 1192 00a3 00       		.byte	0
 1193 00a4 00       		.byte	0
 1194 00a5 0E       		.uleb128 0xe
 1195 00a6 17       		.uleb128 0x17
 1196 00a7 01       		.byte	0x1
 1197 00a8 0B       		.uleb128 0xb
ARM GAS  /tmp/ccDsdx0j.s 			page 22


 1198 00a9 0B       		.uleb128 0xb
 1199 00aa 3A       		.uleb128 0x3a
 1200 00ab 0B       		.uleb128 0xb
 1201 00ac 3B       		.uleb128 0x3b
 1202 00ad 0B       		.uleb128 0xb
 1203 00ae 01       		.uleb128 0x1
 1204 00af 13       		.uleb128 0x13
 1205 00b0 00       		.byte	0
 1206 00b1 00       		.byte	0
 1207 00b2 0F       		.uleb128 0xf
 1208 00b3 0D       		.uleb128 0xd
 1209 00b4 00       		.byte	0
 1210 00b5 03       		.uleb128 0x3
 1211 00b6 0E       		.uleb128 0xe
 1212 00b7 3A       		.uleb128 0x3a
 1213 00b8 0B       		.uleb128 0xb
 1214 00b9 3B       		.uleb128 0x3b
 1215 00ba 0B       		.uleb128 0xb
 1216 00bb 49       		.uleb128 0x49
 1217 00bc 13       		.uleb128 0x13
 1218 00bd 00       		.byte	0
 1219 00be 00       		.byte	0
 1220 00bf 10       		.uleb128 0x10
 1221 00c0 26       		.uleb128 0x26
 1222 00c1 00       		.byte	0
 1223 00c2 49       		.uleb128 0x49
 1224 00c3 13       		.uleb128 0x13
 1225 00c4 00       		.byte	0
 1226 00c5 00       		.byte	0
 1227 00c6 11       		.uleb128 0x11
 1228 00c7 2E       		.uleb128 0x2e
 1229 00c8 01       		.byte	0x1
 1230 00c9 03       		.uleb128 0x3
 1231 00ca 0E       		.uleb128 0xe
 1232 00cb 3A       		.uleb128 0x3a
 1233 00cc 0B       		.uleb128 0xb
 1234 00cd 3B       		.uleb128 0x3b
 1235 00ce 0B       		.uleb128 0xb
 1236 00cf 27       		.uleb128 0x27
 1237 00d0 19       		.uleb128 0x19
 1238 00d1 20       		.uleb128 0x20
 1239 00d2 0B       		.uleb128 0xb
 1240 00d3 01       		.uleb128 0x1
 1241 00d4 13       		.uleb128 0x13
 1242 00d5 00       		.byte	0
 1243 00d6 00       		.byte	0
 1244 00d7 12       		.uleb128 0x12
 1245 00d8 05       		.uleb128 0x5
 1246 00d9 00       		.byte	0
 1247 00da 03       		.uleb128 0x3
 1248 00db 08       		.uleb128 0x8
 1249 00dc 3A       		.uleb128 0x3a
 1250 00dd 0B       		.uleb128 0xb
 1251 00de 3B       		.uleb128 0x3b
 1252 00df 0B       		.uleb128 0xb
 1253 00e0 49       		.uleb128 0x49
 1254 00e1 13       		.uleb128 0x13
ARM GAS  /tmp/ccDsdx0j.s 			page 23


 1255 00e2 00       		.byte	0
 1256 00e3 00       		.byte	0
 1257 00e4 13       		.uleb128 0x13
 1258 00e5 2E       		.uleb128 0x2e
 1259 00e6 01       		.byte	0x1
 1260 00e7 03       		.uleb128 0x3
 1261 00e8 0E       		.uleb128 0xe
 1262 00e9 3A       		.uleb128 0x3a
 1263 00ea 0B       		.uleb128 0xb
 1264 00eb 3B       		.uleb128 0x3b
 1265 00ec 0B       		.uleb128 0xb
 1266 00ed 27       		.uleb128 0x27
 1267 00ee 19       		.uleb128 0x19
 1268 00ef 49       		.uleb128 0x49
 1269 00f0 13       		.uleb128 0x13
 1270 00f1 20       		.uleb128 0x20
 1271 00f2 0B       		.uleb128 0xb
 1272 00f3 01       		.uleb128 0x1
 1273 00f4 13       		.uleb128 0x13
 1274 00f5 00       		.byte	0
 1275 00f6 00       		.byte	0
 1276 00f7 14       		.uleb128 0x14
 1277 00f8 34       		.uleb128 0x34
 1278 00f9 00       		.byte	0
 1279 00fa 03       		.uleb128 0x3
 1280 00fb 08       		.uleb128 0x8
 1281 00fc 3A       		.uleb128 0x3a
 1282 00fd 0B       		.uleb128 0xb
 1283 00fe 3B       		.uleb128 0x3b
 1284 00ff 0B       		.uleb128 0xb
 1285 0100 49       		.uleb128 0x49
 1286 0101 13       		.uleb128 0x13
 1287 0102 00       		.byte	0
 1288 0103 00       		.byte	0
 1289 0104 15       		.uleb128 0x15
 1290 0105 2E       		.uleb128 0x2e
 1291 0106 01       		.byte	0x1
 1292 0107 3F       		.uleb128 0x3f
 1293 0108 19       		.uleb128 0x19
 1294 0109 03       		.uleb128 0x3
 1295 010a 0E       		.uleb128 0xe
 1296 010b 3A       		.uleb128 0x3a
 1297 010c 0B       		.uleb128 0xb
 1298 010d 3B       		.uleb128 0x3b
 1299 010e 0B       		.uleb128 0xb
 1300 010f 27       		.uleb128 0x27
 1301 0110 19       		.uleb128 0x19
 1302 0111 49       		.uleb128 0x49
 1303 0112 13       		.uleb128 0x13
 1304 0113 11       		.uleb128 0x11
 1305 0114 01       		.uleb128 0x1
 1306 0115 12       		.uleb128 0x12
 1307 0116 06       		.uleb128 0x6
 1308 0117 40       		.uleb128 0x40
 1309 0118 18       		.uleb128 0x18
 1310 0119 9742     		.uleb128 0x2117
 1311 011b 19       		.uleb128 0x19
ARM GAS  /tmp/ccDsdx0j.s 			page 24


 1312 011c 01       		.uleb128 0x1
 1313 011d 13       		.uleb128 0x13
 1314 011e 00       		.byte	0
 1315 011f 00       		.byte	0
 1316 0120 16       		.uleb128 0x16
 1317 0121 05       		.uleb128 0x5
 1318 0122 00       		.byte	0
 1319 0123 03       		.uleb128 0x3
 1320 0124 08       		.uleb128 0x8
 1321 0125 3A       		.uleb128 0x3a
 1322 0126 0B       		.uleb128 0xb
 1323 0127 3B       		.uleb128 0x3b
 1324 0128 0B       		.uleb128 0xb
 1325 0129 49       		.uleb128 0x49
 1326 012a 13       		.uleb128 0x13
 1327 012b 02       		.uleb128 0x2
 1328 012c 17       		.uleb128 0x17
 1329 012d 00       		.byte	0
 1330 012e 00       		.byte	0
 1331 012f 17       		.uleb128 0x17
 1332 0130 34       		.uleb128 0x34
 1333 0131 00       		.byte	0
 1334 0132 03       		.uleb128 0x3
 1335 0133 08       		.uleb128 0x8
 1336 0134 3A       		.uleb128 0x3a
 1337 0135 0B       		.uleb128 0xb
 1338 0136 3B       		.uleb128 0x3b
 1339 0137 0B       		.uleb128 0xb
 1340 0138 49       		.uleb128 0x49
 1341 0139 13       		.uleb128 0x13
 1342 013a 02       		.uleb128 0x2
 1343 013b 18       		.uleb128 0x18
 1344 013c 00       		.byte	0
 1345 013d 00       		.byte	0
 1346 013e 18       		.uleb128 0x18
 1347 013f 0B       		.uleb128 0xb
 1348 0140 01       		.byte	0x1
 1349 0141 11       		.uleb128 0x11
 1350 0142 01       		.uleb128 0x1
 1351 0143 12       		.uleb128 0x12
 1352 0144 06       		.uleb128 0x6
 1353 0145 01       		.uleb128 0x1
 1354 0146 13       		.uleb128 0x13
 1355 0147 00       		.byte	0
 1356 0148 00       		.byte	0
 1357 0149 19       		.uleb128 0x19
 1358 014a 1D       		.uleb128 0x1d
 1359 014b 01       		.byte	0x1
 1360 014c 31       		.uleb128 0x31
 1361 014d 13       		.uleb128 0x13
 1362 014e 52       		.uleb128 0x52
 1363 014f 01       		.uleb128 0x1
 1364 0150 55       		.uleb128 0x55
 1365 0151 17       		.uleb128 0x17
 1366 0152 58       		.uleb128 0x58
 1367 0153 0B       		.uleb128 0xb
 1368 0154 59       		.uleb128 0x59
ARM GAS  /tmp/ccDsdx0j.s 			page 25


 1369 0155 0B       		.uleb128 0xb
 1370 0156 01       		.uleb128 0x1
 1371 0157 13       		.uleb128 0x13
 1372 0158 00       		.byte	0
 1373 0159 00       		.byte	0
 1374 015a 1A       		.uleb128 0x1a
 1375 015b 05       		.uleb128 0x5
 1376 015c 00       		.byte	0
 1377 015d 31       		.uleb128 0x31
 1378 015e 13       		.uleb128 0x13
 1379 015f 02       		.uleb128 0x2
 1380 0160 17       		.uleb128 0x17
 1381 0161 00       		.byte	0
 1382 0162 00       		.byte	0
 1383 0163 1B       		.uleb128 0x1b
 1384 0164 05       		.uleb128 0x5
 1385 0165 00       		.byte	0
 1386 0166 31       		.uleb128 0x31
 1387 0167 13       		.uleb128 0x13
 1388 0168 02       		.uleb128 0x2
 1389 0169 18       		.uleb128 0x18
 1390 016a 00       		.byte	0
 1391 016b 00       		.byte	0
 1392 016c 1C       		.uleb128 0x1c
 1393 016d 898201   		.uleb128 0x4109
 1394 0170 01       		.byte	0x1
 1395 0171 11       		.uleb128 0x11
 1396 0172 01       		.uleb128 0x1
 1397 0173 31       		.uleb128 0x31
 1398 0174 13       		.uleb128 0x13
 1399 0175 01       		.uleb128 0x1
 1400 0176 13       		.uleb128 0x13
 1401 0177 00       		.byte	0
 1402 0178 00       		.byte	0
 1403 0179 1D       		.uleb128 0x1d
 1404 017a 8A8201   		.uleb128 0x410a
 1405 017d 00       		.byte	0
 1406 017e 02       		.uleb128 0x2
 1407 017f 18       		.uleb128 0x18
 1408 0180 9142     		.uleb128 0x2111
 1409 0182 18       		.uleb128 0x18
 1410 0183 00       		.byte	0
 1411 0184 00       		.byte	0
 1412 0185 1E       		.uleb128 0x1e
 1413 0186 898201   		.uleb128 0x4109
 1414 0189 00       		.byte	0
 1415 018a 11       		.uleb128 0x11
 1416 018b 01       		.uleb128 0x1
 1417 018c 31       		.uleb128 0x31
 1418 018d 13       		.uleb128 0x13
 1419 018e 00       		.byte	0
 1420 018f 00       		.byte	0
 1421 0190 1F       		.uleb128 0x1f
 1422 0191 0B       		.uleb128 0xb
 1423 0192 01       		.byte	0x1
 1424 0193 55       		.uleb128 0x55
 1425 0194 17       		.uleb128 0x17
ARM GAS  /tmp/ccDsdx0j.s 			page 26


 1426 0195 00       		.byte	0
 1427 0196 00       		.byte	0
 1428 0197 20       		.uleb128 0x20
 1429 0198 34       		.uleb128 0x34
 1430 0199 00       		.byte	0
 1431 019a 31       		.uleb128 0x31
 1432 019b 13       		.uleb128 0x13
 1433 019c 02       		.uleb128 0x2
 1434 019d 17       		.uleb128 0x17
 1435 019e 00       		.byte	0
 1436 019f 00       		.byte	0
 1437 01a0 21       		.uleb128 0x21
 1438 01a1 0B       		.uleb128 0xb
 1439 01a2 01       		.byte	0x1
 1440 01a3 55       		.uleb128 0x55
 1441 01a4 17       		.uleb128 0x17
 1442 01a5 01       		.uleb128 0x1
 1443 01a6 13       		.uleb128 0x13
 1444 01a7 00       		.byte	0
 1445 01a8 00       		.byte	0
 1446 01a9 22       		.uleb128 0x22
 1447 01aa 898201   		.uleb128 0x4109
 1448 01ad 01       		.byte	0x1
 1449 01ae 11       		.uleb128 0x11
 1450 01af 01       		.uleb128 0x1
 1451 01b0 31       		.uleb128 0x31
 1452 01b1 13       		.uleb128 0x13
 1453 01b2 00       		.byte	0
 1454 01b3 00       		.byte	0
 1455 01b4 23       		.uleb128 0x23
 1456 01b5 2E       		.uleb128 0x2e
 1457 01b6 01       		.byte	0x1
 1458 01b7 3F       		.uleb128 0x3f
 1459 01b8 19       		.uleb128 0x19
 1460 01b9 03       		.uleb128 0x3
 1461 01ba 0E       		.uleb128 0xe
 1462 01bb 3A       		.uleb128 0x3a
 1463 01bc 0B       		.uleb128 0xb
 1464 01bd 3B       		.uleb128 0x3b
 1465 01be 0B       		.uleb128 0xb
 1466 01bf 27       		.uleb128 0x27
 1467 01c0 19       		.uleb128 0x19
 1468 01c1 11       		.uleb128 0x11
 1469 01c2 01       		.uleb128 0x1
 1470 01c3 12       		.uleb128 0x12
 1471 01c4 06       		.uleb128 0x6
 1472 01c5 40       		.uleb128 0x40
 1473 01c6 18       		.uleb128 0x18
 1474 01c7 9742     		.uleb128 0x2117
 1475 01c9 19       		.uleb128 0x19
 1476 01ca 01       		.uleb128 0x1
 1477 01cb 13       		.uleb128 0x13
 1478 01cc 00       		.byte	0
 1479 01cd 00       		.byte	0
 1480 01ce 24       		.uleb128 0x24
 1481 01cf 34       		.uleb128 0x34
 1482 01d0 00       		.byte	0
ARM GAS  /tmp/ccDsdx0j.s 			page 27


 1483 01d1 03       		.uleb128 0x3
 1484 01d2 0E       		.uleb128 0xe
 1485 01d3 3A       		.uleb128 0x3a
 1486 01d4 0B       		.uleb128 0xb
 1487 01d5 3B       		.uleb128 0x3b
 1488 01d6 0B       		.uleb128 0xb
 1489 01d7 49       		.uleb128 0x49
 1490 01d8 13       		.uleb128 0x13
 1491 01d9 3F       		.uleb128 0x3f
 1492 01da 19       		.uleb128 0x19
 1493 01db 3C       		.uleb128 0x3c
 1494 01dc 19       		.uleb128 0x19
 1495 01dd 00       		.byte	0
 1496 01de 00       		.byte	0
 1497 01df 25       		.uleb128 0x25
 1498 01e0 2E       		.uleb128 0x2e
 1499 01e1 01       		.byte	0x1
 1500 01e2 3F       		.uleb128 0x3f
 1501 01e3 19       		.uleb128 0x19
 1502 01e4 03       		.uleb128 0x3
 1503 01e5 0E       		.uleb128 0xe
 1504 01e6 3A       		.uleb128 0x3a
 1505 01e7 0B       		.uleb128 0xb
 1506 01e8 3B       		.uleb128 0x3b
 1507 01e9 0B       		.uleb128 0xb
 1508 01ea 27       		.uleb128 0x27
 1509 01eb 19       		.uleb128 0x19
 1510 01ec 3C       		.uleb128 0x3c
 1511 01ed 19       		.uleb128 0x19
 1512 01ee 01       		.uleb128 0x1
 1513 01ef 13       		.uleb128 0x13
 1514 01f0 00       		.byte	0
 1515 01f1 00       		.byte	0
 1516 01f2 26       		.uleb128 0x26
 1517 01f3 05       		.uleb128 0x5
 1518 01f4 00       		.byte	0
 1519 01f5 49       		.uleb128 0x49
 1520 01f6 13       		.uleb128 0x13
 1521 01f7 00       		.byte	0
 1522 01f8 00       		.byte	0
 1523 01f9 27       		.uleb128 0x27
 1524 01fa 2E       		.uleb128 0x2e
 1525 01fb 01       		.byte	0x1
 1526 01fc 3F       		.uleb128 0x3f
 1527 01fd 19       		.uleb128 0x19
 1528 01fe 03       		.uleb128 0x3
 1529 01ff 0E       		.uleb128 0xe
 1530 0200 3A       		.uleb128 0x3a
 1531 0201 0B       		.uleb128 0xb
 1532 0202 3B       		.uleb128 0x3b
 1533 0203 0B       		.uleb128 0xb
 1534 0204 27       		.uleb128 0x27
 1535 0205 19       		.uleb128 0x19
 1536 0206 49       		.uleb128 0x49
 1537 0207 13       		.uleb128 0x13
 1538 0208 3C       		.uleb128 0x3c
 1539 0209 19       		.uleb128 0x19
ARM GAS  /tmp/ccDsdx0j.s 			page 28


 1540 020a 01       		.uleb128 0x1
 1541 020b 13       		.uleb128 0x13
 1542 020c 00       		.byte	0
 1543 020d 00       		.byte	0
 1544 020e 28       		.uleb128 0x28
 1545 020f 2E       		.uleb128 0x2e
 1546 0210 01       		.byte	0x1
 1547 0211 3F       		.uleb128 0x3f
 1548 0212 19       		.uleb128 0x19
 1549 0213 03       		.uleb128 0x3
 1550 0214 0E       		.uleb128 0xe
 1551 0215 3A       		.uleb128 0x3a
 1552 0216 0B       		.uleb128 0xb
 1553 0217 3B       		.uleb128 0x3b
 1554 0218 0B       		.uleb128 0xb
 1555 0219 27       		.uleb128 0x27
 1556 021a 19       		.uleb128 0x19
 1557 021b 3C       		.uleb128 0x3c
 1558 021c 19       		.uleb128 0x19
 1559 021d 00       		.byte	0
 1560 021e 00       		.byte	0
 1561 021f 00       		.byte	0
 1562              		.section	.debug_loc,"",%progbits
 1563              	.Ldebug_loc0:
 1564              	.LLST0:
 1565 0000 00000000 		.4byte	.LVL0
 1566 0004 2A000000 		.4byte	.LVL3
 1567 0008 0100     		.2byte	0x1
 1568 000a 50       		.byte	0x50
 1569 000b 2A000000 		.4byte	.LVL3
 1570 000f 3A000000 		.4byte	.LVL6
 1571 0013 0400     		.2byte	0x4
 1572 0015 F3       		.byte	0xf3
 1573 0016 01       		.uleb128 0x1
 1574 0017 50       		.byte	0x50
 1575 0018 9F       		.byte	0x9f
 1576 0019 3A000000 		.4byte	.LVL6
 1577 001d 3D000000 		.4byte	.LVL7-1
 1578 0021 0100     		.2byte	0x1
 1579 0023 50       		.byte	0x50
 1580 0024 3D000000 		.4byte	.LVL7-1
 1581 0028 40000000 		.4byte	.LFE7
 1582 002c 0400     		.2byte	0x4
 1583 002e F3       		.byte	0xf3
 1584 002f 01       		.uleb128 0x1
 1585 0030 50       		.byte	0x50
 1586 0031 9F       		.byte	0x9f
 1587 0032 00000000 		.4byte	0
 1588 0036 00000000 		.4byte	0
 1589              	.LLST1:
 1590 003a 00000000 		.4byte	.LVL0
 1591 003e 2A000000 		.4byte	.LVL3
 1592 0042 0100     		.2byte	0x1
 1593 0044 51       		.byte	0x51
 1594 0045 2A000000 		.4byte	.LVL3
 1595 0049 32000000 		.4byte	.LVL5
 1596 004d 0400     		.2byte	0x4
ARM GAS  /tmp/ccDsdx0j.s 			page 29


 1597 004f F3       		.byte	0xf3
 1598 0050 01       		.uleb128 0x1
 1599 0051 51       		.byte	0x51
 1600 0052 9F       		.byte	0x9f
 1601 0053 32000000 		.4byte	.LVL5
 1602 0057 3A000000 		.4byte	.LVL6
 1603 005b 0100     		.2byte	0x1
 1604 005d 50       		.byte	0x50
 1605 005e 3A000000 		.4byte	.LVL6
 1606 0062 3D000000 		.4byte	.LVL7-1
 1607 0066 0100     		.2byte	0x1
 1608 0068 51       		.byte	0x51
 1609 0069 3D000000 		.4byte	.LVL7-1
 1610 006d 40000000 		.4byte	.LFE7
 1611 0071 0400     		.2byte	0x4
 1612 0073 F3       		.byte	0xf3
 1613 0074 01       		.uleb128 0x1
 1614 0075 51       		.byte	0x51
 1615 0076 9F       		.byte	0x9f
 1616 0077 00000000 		.4byte	0
 1617 007b 00000000 		.4byte	0
 1618              	.LLST2:
 1619 007f 1A000000 		.4byte	.LVL2
 1620 0083 2A000000 		.4byte	.LVL3
 1621 0087 0100     		.2byte	0x1
 1622 0089 52       		.byte	0x52
 1623 008a 2A000000 		.4byte	.LVL3
 1624 008e 3A000000 		.4byte	.LVL6
 1625 0092 0600     		.2byte	0x6
 1626 0094 F3       		.byte	0xf3
 1627 0095 01       		.uleb128 0x1
 1628 0096 50       		.byte	0x50
 1629 0097 23       		.byte	0x23
 1630 0098 2C       		.uleb128 0x2c
 1631 0099 9F       		.byte	0x9f
 1632 009a 3A000000 		.4byte	.LVL6
 1633 009e 3D000000 		.4byte	.LVL7-1
 1634 00a2 0100     		.2byte	0x1
 1635 00a4 52       		.byte	0x52
 1636 00a5 3D000000 		.4byte	.LVL7-1
 1637 00a9 40000000 		.4byte	.LFE7
 1638 00ad 0600     		.2byte	0x6
 1639 00af F3       		.byte	0xf3
 1640 00b0 01       		.uleb128 0x1
 1641 00b1 50       		.byte	0x50
 1642 00b2 23       		.byte	0x23
 1643 00b3 2C       		.uleb128 0x2c
 1644 00b4 9F       		.byte	0x9f
 1645 00b5 00000000 		.4byte	0
 1646 00b9 00000000 		.4byte	0
 1647              	.LLST3:
 1648 00bd 1C000000 		.4byte	.LVL8
 1649 00c1 2E000000 		.4byte	.LVL9
 1650 00c5 0100     		.2byte	0x1
 1651 00c7 52       		.byte	0x52
 1652 00c8 00000000 		.4byte	0
 1653 00cc 00000000 		.4byte	0
ARM GAS  /tmp/ccDsdx0j.s 			page 30


 1654              	.LLST4:
 1655 00d0 1C000000 		.4byte	.LVL8
 1656 00d4 2E000000 		.4byte	.LVL9
 1657 00d8 0100     		.2byte	0x1
 1658 00da 50       		.byte	0x50
 1659 00db 00000000 		.4byte	0
 1660 00df 00000000 		.4byte	0
 1661              	.LLST5:
 1662 00e3 00000000 		.4byte	.LVL11
 1663 00e7 0B000000 		.4byte	.LVL12-1
 1664 00eb 0100     		.2byte	0x1
 1665 00ed 50       		.byte	0x50
 1666 00ee 0B000000 		.4byte	.LVL12-1
 1667 00f2 14000000 		.4byte	.LFE9
 1668 00f6 0400     		.2byte	0x4
 1669 00f8 F3       		.byte	0xf3
 1670 00f9 01       		.uleb128 0x1
 1671 00fa 50       		.byte	0x50
 1672 00fb 9F       		.byte	0x9f
 1673 00fc 00000000 		.4byte	0
 1674 0100 00000000 		.4byte	0
 1675              	.LLST6:
 1676 0104 00000000 		.4byte	.LVL11
 1677 0108 0B000000 		.4byte	.LVL12-1
 1678 010c 0100     		.2byte	0x1
 1679 010e 51       		.byte	0x51
 1680 010f 0B000000 		.4byte	.LVL12-1
 1681 0113 14000000 		.4byte	.LFE9
 1682 0117 0400     		.2byte	0x4
 1683 0119 F3       		.byte	0xf3
 1684 011a 01       		.uleb128 0x1
 1685 011b 51       		.byte	0x51
 1686 011c 9F       		.byte	0x9f
 1687 011d 00000000 		.4byte	0
 1688 0121 00000000 		.4byte	0
 1689              		.section	.debug_aranges,"",%progbits
 1690 0000 2C000000 		.4byte	0x2c
 1691 0004 0200     		.2byte	0x2
 1692 0006 00000000 		.4byte	.Ldebug_info0
 1693 000a 04       		.byte	0x4
 1694 000b 00       		.byte	0
 1695 000c 0000     		.2byte	0
 1696 000e 0000     		.2byte	0
 1697 0010 00000000 		.4byte	.LFB7
 1698 0014 40000000 		.4byte	.LFE7-.LFB7
 1699 0018 00000000 		.4byte	.LFB8
 1700 001c 3E000000 		.4byte	.LFE8-.LFB8
 1701 0020 00000000 		.4byte	.LFB9
 1702 0024 14000000 		.4byte	.LFE9-.LFB9
 1703 0028 00000000 		.4byte	0
 1704 002c 00000000 		.4byte	0
 1705              		.section	.debug_ranges,"",%progbits
 1706              	.Ldebug_ranges0:
 1707 0000 1A000000 		.4byte	.LBB11
 1708 0004 1C000000 		.4byte	.LBE11
 1709 0008 20000000 		.4byte	.LBB14
 1710 000c 28000000 		.4byte	.LBE14
ARM GAS  /tmp/ccDsdx0j.s 			page 31


 1711 0010 00000000 		.4byte	0
 1712 0014 00000000 		.4byte	0
 1713 0018 1C000000 		.4byte	.LBB17
 1714 001c 1E000000 		.4byte	.LBE17
 1715 0020 20000000 		.4byte	.LBB20
 1716 0024 24000000 		.4byte	.LBE20
 1717 0028 00000000 		.4byte	0
 1718 002c 00000000 		.4byte	0
 1719 0030 24000000 		.4byte	.LBB21
 1720 0034 26000000 		.4byte	.LBE21
 1721 0038 28000000 		.4byte	.LBB22
 1722 003c 2C000000 		.4byte	.LBE22
 1723 0040 00000000 		.4byte	0
 1724 0044 00000000 		.4byte	0
 1725 0048 00000000 		.4byte	.LFB7
 1726 004c 40000000 		.4byte	.LFE7
 1727 0050 00000000 		.4byte	.LFB8
 1728 0054 3E000000 		.4byte	.LFE8
 1729 0058 00000000 		.4byte	.LFB9
 1730 005c 14000000 		.4byte	.LFE9
 1731 0060 00000000 		.4byte	0
 1732 0064 00000000 		.4byte	0
 1733              		.section	.debug_line,"",%progbits
 1734              	.Ldebug_line0:
 1735 0000 A6010000 		.section	.debug_str,"MS",%progbits,1
 1735      02003301 
 1735      00000201 
 1735      FB0E0D00 
 1735      01010101 
 1736              	.LASF39:
 1737 0000 705F6D73 		.ascii	"p_msg\000"
 1737      6700
 1738              	.LASF71:
 1739 0006 71756575 		.ascii	"queue_insert\000"
 1739      655F696E 
 1739      73657274 
 1739      00
 1740              	.LASF61:
 1741 0013 7264796D 		.ascii	"rdymsg\000"
 1741      736700
 1742              	.LASF5:
 1743 001a 5F5F7569 		.ascii	"__uint8_t\000"
 1743      6E74385F 
 1743      7400
 1744              	.LASF11:
 1745 0024 6C6F6E67 		.ascii	"long long unsigned int\000"
 1745      206C6F6E 
 1745      6720756E 
 1745      7369676E 
 1745      65642069 
 1746              	.LASF62:
 1747 003b 65786974 		.ascii	"exitcode\000"
 1747      636F6465 
 1747      00
 1748              	.LASF27:
 1749 0044 705F7072 		.ascii	"p_prio\000"
 1749      696F00
ARM GAS  /tmp/ccDsdx0j.s 			page 32


 1750              	.LASF10:
 1751 004b 6C6F6E67 		.ascii	"long long int\000"
 1751      206C6F6E 
 1751      6720696E 
 1751      7400
 1752              	.LASF1:
 1753 0059 7369676E 		.ascii	"signed char\000"
 1753      65642063 
 1753      68617200 
 1754              	.LASF43:
 1755 0065 705F6D70 		.ascii	"p_mpool\000"
 1755      6F6F6C00 
 1756              	.LASF58:
 1757 006d 6D5F7175 		.ascii	"m_queue\000"
 1757      65756500 
 1758              	.LASF19:
 1759 0075 74736C69 		.ascii	"tslices_t\000"
 1759      6365735F 
 1759      7400
 1760              	.LASF7:
 1761 007f 6C6F6E67 		.ascii	"long int\000"
 1761      20696E74 
 1761      00
 1762              	.LASF66:
 1763 0088 63684D73 		.ascii	"chMsgSend\000"
 1763      6753656E 
 1763      6400
 1764              	.LASF17:
 1765 0092 74737461 		.ascii	"tstate_t\000"
 1765      74655F74 
 1765      00
 1766              	.LASF29:
 1767 009b 705F6E65 		.ascii	"p_newer\000"
 1767      77657200 
 1768              	.LASF8:
 1769 00a3 5F5F7569 		.ascii	"__uint32_t\000"
 1769      6E743332 
 1769      5F7400
 1770              	.LASF46:
 1771 00ae 72656761 		.ascii	"regarm_t\000"
 1771      726D5F74 
 1771      00
 1772              	.LASF0:
 1773 00b7 756E7369 		.ascii	"unsigned int\000"
 1773      676E6564 
 1773      20696E74 
 1773      00
 1774              	.LASF9:
 1775 00c4 6C6F6E67 		.ascii	"long unsigned int\000"
 1775      20756E73 
 1775      69676E65 
 1775      6420696E 
 1775      7400
 1776              	.LASF48:
 1777 00d6 636F6E74 		.ascii	"context\000"
 1777      65787400 
 1778              	.LASF4:
ARM GAS  /tmp/ccDsdx0j.s 			page 33


 1779 00de 73686F72 		.ascii	"short unsigned int\000"
 1779      7420756E 
 1779      7369676E 
 1779      65642069 
 1779      6E7400
 1780              	.LASF21:
 1781 00f1 6D73675F 		.ascii	"msg_t\000"
 1781      7400
 1782              	.LASF68:
 1783 00f7 474E5520 		.ascii	"GNU C 4.8.2 -mcpu=cortex-m3 -mno-thumb-interwork -m"
 1783      4320342E 
 1783      382E3220 
 1783      2D6D6370 
 1783      753D636F 
 1784 012a 7468756D 		.ascii	"thumb -ggdb -O2 -fomit-frame-pointer -ffunction-sec"
 1784      62202D67 
 1784      67646220 
 1784      2D4F3220 
 1784      2D666F6D 
 1785 015d 74696F6E 		.ascii	"tions -fdata-sections -fno-common\000"
 1785      73202D66 
 1785      64617461 
 1785      2D736563 
 1785      74696F6E 
 1786              	.LASF16:
 1787 017f 746D6F64 		.ascii	"tmode_t\000"
 1787      655F7400 
 1788              	.LASF45:
 1789 0187 54687265 		.ascii	"ThreadsList\000"
 1789      6164734C 
 1789      69737400 
 1790              	.LASF22:
 1791 0193 6576656E 		.ascii	"eventmask_t\000"
 1791      746D6173 
 1791      6B5F7400 
 1792              	.LASF57:
 1793 019f 4D757465 		.ascii	"Mutex\000"
 1793      7800
 1794              	.LASF70:
 1795 01a5 2F686F6D 		.ascii	"/home/caroline/Documents/PAF/elfes/Code\000"
 1795      652F6361 
 1795      726F6C69 
 1795      6E652F44 
 1795      6F63756D 
 1796              	.LASF49:
 1797 01cd 73697A65 		.ascii	"sizetype\000"
 1797      74797065 
 1797      00
 1798              	.LASF30:
 1799 01d6 705F6F6C 		.ascii	"p_older\000"
 1799      64657200 
 1800              	.LASF52:
 1801 01de 725F6374 		.ascii	"r_ctx\000"
 1801      7800
 1802              	.LASF53:
 1803 01e4 725F6E65 		.ascii	"r_newer\000"
 1803      77657200 
ARM GAS  /tmp/ccDsdx0j.s 			page 34


 1804              	.LASF44:
 1805 01ec 54687265 		.ascii	"ThreadsQueue\000"
 1805      61647351 
 1805      75657565 
 1805      00
 1806              	.LASF55:
 1807 01f9 725F6375 		.ascii	"r_current\000"
 1807      7272656E 
 1807      7400
 1808              	.LASF54:
 1809 0203 725F6F6C 		.ascii	"r_older\000"
 1809      64657200 
 1810              	.LASF18:
 1811 020b 74726566 		.ascii	"trefs_t\000"
 1811      735F7400 
 1812              	.LASF26:
 1813 0213 705F7072 		.ascii	"p_prev\000"
 1813      657600
 1814              	.LASF20:
 1815 021a 74707269 		.ascii	"tprio_t\000"
 1815      6F5F7400 
 1816              	.LASF15:
 1817 0222 5F426F6F 		.ascii	"_Bool\000"
 1817      6C00
 1818              	.LASF13:
 1819 0228 696E7433 		.ascii	"int32_t\000"
 1819      325F7400 
 1820              	.LASF2:
 1821 0230 756E7369 		.ascii	"unsigned char\000"
 1821      676E6564 
 1821      20636861 
 1821      7200
 1822              	.LASF41:
 1823 023e 705F6D74 		.ascii	"p_mtxlist\000"
 1823      786C6973 
 1823      7400
 1824              	.LASF3:
 1825 0248 73686F72 		.ascii	"short int\000"
 1825      7420696E 
 1825      7400
 1826              	.LASF32:
 1827 0252 705F7374 		.ascii	"p_state\000"
 1827      61746500 
 1828              	.LASF35:
 1829 025a 705F7072 		.ascii	"p_preempt\000"
 1829      65656D70 
 1829      7400
 1830              	.LASF51:
 1831 0264 725F7072 		.ascii	"r_prio\000"
 1831      696F00
 1832              	.LASF64:
 1833 026b 65776D61 		.ascii	"ewmask\000"
 1833      736B00
 1834              	.LASF25:
 1835 0272 705F6E65 		.ascii	"p_next\000"
 1835      787400
 1836              	.LASF33:
ARM GAS  /tmp/ccDsdx0j.s 			page 35


 1837 0279 705F666C 		.ascii	"p_flags\000"
 1837      61677300 
 1838              	.LASF69:
 1839 0281 2E2E2F43 		.ascii	"../ChibiOS_2.6.4/os/kernel/src/chmsg.c\000"
 1839      68696269 
 1839      4F535F32 
 1839      2E362E34 
 1839      2F6F732F 
 1840              	.LASF24:
 1841 02a8 54687265 		.ascii	"Thread\000"
 1841      616400
 1842              	.LASF73:
 1843 02af 63684D73 		.ascii	"chMsgRelease\000"
 1843      6752656C 
 1843      65617365 
 1843      00
 1844              	.LASF75:
 1845 02bc 63685363 		.ascii	"chSchGoSleepS\000"
 1845      68476F53 
 1845      6C656570 
 1845      5300
 1846              	.LASF40:
 1847 02ca 705F6570 		.ascii	"p_epending\000"
 1847      656E6469 
 1847      6E6700
 1848              	.LASF14:
 1849 02d5 75696E74 		.ascii	"uint32_t\000"
 1849      33325F74 
 1849      00
 1850              	.LASF50:
 1851 02de 725F7175 		.ascii	"r_queue\000"
 1851      65756500 
 1852              	.LASF76:
 1853 02e6 63685363 		.ascii	"chSchReadyI\000"
 1853      68526561 
 1853      64794900 
 1854              	.LASF65:
 1855 02f2 63686172 		.ascii	"char\000"
 1855      00
 1856              	.LASF72:
 1857 02f7 6669666F 		.ascii	"fifo_remove\000"
 1857      5F72656D 
 1857      6F766500 
 1858              	.LASF60:
 1859 0303 6D5F6E65 		.ascii	"m_next\000"
 1859      787400
 1860              	.LASF23:
 1861 030a 73797374 		.ascii	"systime_t\000"
 1861      696D655F 
 1861      7400
 1862              	.LASF42:
 1863 0314 705F7265 		.ascii	"p_realprio\000"
 1863      616C7072 
 1863      696F00
 1864              	.LASF6:
 1865 031f 5F5F696E 		.ascii	"__int32_t\000"
 1865      7433325F 
ARM GAS  /tmp/ccDsdx0j.s 			page 36


 1865      7400
 1866              	.LASF36:
 1867 0329 705F7469 		.ascii	"p_time\000"
 1867      6D6500
 1868              	.LASF47:
 1869 0330 696E7463 		.ascii	"intctx\000"
 1869      747800
 1870              	.LASF38:
 1871 0337 705F6D73 		.ascii	"p_msgqueue\000"
 1871      67717565 
 1871      756500
 1872              	.LASF77:
 1873 0342 63685363 		.ascii	"chSchWakeupS\000"
 1873      6857616B 
 1873      65757053 
 1873      00
 1874              	.LASF67:
 1875 034f 63684D73 		.ascii	"chMsgWait\000"
 1875      67576169 
 1875      7400
 1876              	.LASF34:
 1877 0359 705F7265 		.ascii	"p_refs\000"
 1877      667300
 1878              	.LASF56:
 1879 0360 52656164 		.ascii	"ReadyList\000"
 1879      794C6973 
 1879      7400
 1880              	.LASF74:
 1881 036a 726C6973 		.ascii	"rlist\000"
 1881      7400
 1882              	.LASF12:
 1883 0370 75696E74 		.ascii	"uint8_t\000"
 1883      385F7400 
 1884              	.LASF63:
 1885 0378 77746F62 		.ascii	"wtobjp\000"
 1885      6A7000
 1886              	.LASF31:
 1887 037f 705F6E61 		.ascii	"p_name\000"
 1887      6D6500
 1888              	.LASF59:
 1889 0386 6D5F6F77 		.ascii	"m_owner\000"
 1889      6E657200 
 1890              	.LASF28:
 1891 038e 705F6374 		.ascii	"p_ctx\000"
 1891      7800
 1892              	.LASF37:
 1893 0394 705F7761 		.ascii	"p_waiting\000"
 1893      6974696E 
 1893      6700
 1894              		.ident	"GCC: (4.8.2-14ubuntu1+6) 4.8.2"
ARM GAS  /tmp/ccDsdx0j.s 			page 37


DEFINED SYMBOLS
                            *ABS*:0000000000000000 chmsg.c
     /tmp/ccDsdx0j.s:19     .text.chMsgSend:0000000000000000 $t
     /tmp/ccDsdx0j.s:24     .text.chMsgSend:0000000000000000 chMsgSend
     /tmp/ccDsdx0j.s:109    .text.chMsgWait:0000000000000000 $t
     /tmp/ccDsdx0j.s:114    .text.chMsgWait:0000000000000000 chMsgWait
     /tmp/ccDsdx0j.s:186    .text.chMsgRelease:0000000000000000 $t
     /tmp/ccDsdx0j.s:191    .text.chMsgRelease:0000000000000000 chMsgRelease
                     .debug_frame:0000000000000010 $d

UNDEFINED SYMBOLS
rlist
chSchGoSleepS
chSchReadyI
chSchWakeupS
