ARM GAS  /tmp/ccQPSASS.s 			page 1


   1              		.syntax unified
   2              		.cpu cortex-m3
   3              		.fpu softvfp
   4              		.eabi_attribute 20, 1
   5              		.eabi_attribute 21, 1
   6              		.eabi_attribute 23, 3
   7              		.eabi_attribute 24, 1
   8              		.eabi_attribute 25, 1
   9              		.eabi_attribute 26, 1
  10              		.eabi_attribute 30, 2
  11              		.eabi_attribute 34, 1
  12              		.eabi_attribute 18, 4
  13              		.thumb
  14              		.file	"chregistry.c"
  15              		.text
  16              	.Ltext0:
  17              		.cfi_sections	.debug_frame
  18              		.section	.text.chRegFirstThread,"ax",%progbits
  19              		.align	2
  20              		.global	chRegFirstThread
  21              		.thumb
  22              		.thumb_func
  23              		.type	chRegFirstThread, %function
  24              	chRegFirstThread:
  25              	.LFB7:
  26              		.file 1 "../ChibiOS_2.6.4/os/kernel/src/chregistry.c"
  27              		.loc 1 117 0
  28              		.cfi_startproc
  29              		@ args = 0, pretend = 0, frame = 0
  30              		@ frame_needed = 0, uses_anonymous_args = 0
  31              		@ link register save eliminated.
  32              	.LBB2:
  33              		.loc 1 120 0
  34 0000 2023     		movs	r3, #32
  35              	@ 120 "../ChibiOS_2.6.4/os/kernel/src/chregistry.c" 1
  36 0002 83F31188 		msr     BASEPRI, r3
  37              	@ 0 "" 2
  38              		.thumb
  39              	.LBE2:
  40              		.loc 1 121 0
  41 0006 40F20003 		movw	r3, #:lower16:rlist
  42 000a C0F20003 		movt	r3, #:upper16:rlist
  43 000e 1869     		ldr	r0, [r3, #16]
  44              	.LVL0:
  45              	.LBB3:
  46              		.loc 1 125 0
  47 0010 0023     		movs	r3, #0
  48              	.LBE3:
  49              		.loc 1 123 0
  50 0012 827F     		ldrb	r2, [r0, #30]	@ zero_extendqisi2
  51 0014 0132     		adds	r2, r2, #1
  52 0016 8277     		strb	r2, [r0, #30]
  53              	.LBB4:
  54              		.loc 1 125 0
  55              	@ 125 "../ChibiOS_2.6.4/os/kernel/src/chregistry.c" 1
  56 0018 83F31188 		msr     BASEPRI, r3
  57              	@ 0 "" 2
ARM GAS  /tmp/ccQPSASS.s 			page 2


  58              		.thumb
  59              	.LBE4:
  60              		.loc 1 127 0
  61 001c 7047     		bx	lr
  62              		.cfi_endproc
  63              	.LFE7:
  64              		.size	chRegFirstThread, .-chRegFirstThread
  65 001e 00BF     		.section	.text.chRegNextThread,"ax",%progbits
  66              		.align	2
  67              		.global	chRegNextThread
  68              		.thumb
  69              		.thumb_func
  70              		.type	chRegNextThread, %function
  71              	chRegNextThread:
  72              	.LFB8:
  73              		.loc 1 140 0
  74              		.cfi_startproc
  75              		@ args = 0, pretend = 0, frame = 0
  76              		@ frame_needed = 0, uses_anonymous_args = 0
  77              	.LVL1:
  78 0000 10B5     		push	{r4, lr}
  79              		.cfi_def_cfa_offset 8
  80              		.cfi_offset 4, -8
  81              		.cfi_offset 14, -4
  82              	.LBB5:
  83              		.loc 1 143 0
  84 0002 2023     		movs	r3, #32
  85              	@ 143 "../ChibiOS_2.6.4/os/kernel/src/chregistry.c" 1
  86 0004 83F31188 		msr     BASEPRI, r3
  87              	@ 0 "" 2
  88              		.thumb
  89              	.LBE5:
  90              		.loc 1 145 0
  91 0008 40F20003 		movw	r3, #:lower16:rlist
  92              		.loc 1 144 0
  93 000c 0469     		ldr	r4, [r0, #16]
  94              	.LVL2:
  95              		.loc 1 145 0
  96 000e C0F20003 		movt	r3, #:upper16:rlist
  97 0012 9C42     		cmp	r4, r3
  98              		.loc 1 151 0
  99 0014 17BF     		itett	ne
 100 0016 A37F     		ldrbne	r3, [r4, #30]	@ zero_extendqisi2
 101              		.loc 1 146 0
 102 0018 0024     		moveq	r4, #0
 103              	.LVL3:
 104              		.loc 1 151 0
 105 001a 0133     		addne	r3, r3, #1
 106 001c A377     		strbne	r3, [r4, #30]
 107              	.LBB6:
 108              		.loc 1 154 0
 109 001e 0023     		movs	r3, #0
 110              	@ 154 "../ChibiOS_2.6.4/os/kernel/src/chregistry.c" 1
 111 0020 83F31188 		msr     BASEPRI, r3
 112              	@ 0 "" 2
 113              		.thumb
 114              	.LBE6:
ARM GAS  /tmp/ccQPSASS.s 			page 3


 115              		.loc 1 156 0
 116 0024 FFF7FEFF 		bl	chThdRelease
 117              	.LVL4:
 118              		.loc 1 159 0
 119 0028 2046     		mov	r0, r4
 120 002a 10BD     		pop	{r4, pc}
 121              		.cfi_endproc
 122              	.LFE8:
 123              		.size	chRegNextThread, .-chRegNextThread
 124              		.global	ch_debug
 125              		.section	.rodata.ch_debug,"a",%progbits
 126              		.align	2
 127              		.type	ch_debug, %object
 128              		.size	ch_debug, 22
 129              	ch_debug:
 130 0000 6D61696E 		.ascii	"main"
 131 0004 00       		.byte	0
 132 0005 16       		.byte	22
 133 0006 8411     		.short	4484
 134 0008 04       		.byte	4
 135 0009 04       		.byte	4
 136 000a 48       		.byte	72
 137 000b 08       		.byte	8
 138 000c 0C       		.byte	12
 139 000d 10       		.byte	16
 140 000e 14       		.byte	20
 141 000f 18       		.byte	24
 142 0010 00       		.byte	0
 143 0011 1C       		.byte	28
 144 0012 1D       		.byte	29
 145 0013 1E       		.byte	30
 146 0014 1F       		.byte	31
 147 0015 20       		.byte	32
 148 0016 0000     		.text
 149              	.Letext0:
 150              		.file 2 "/usr/lib/gcc/arm-none-eabi/4.8.2/include/stddef.h"
 151              		.file 3 "/usr/include/newlib/machine/_default_types.h"
 152              		.file 4 "/usr/include/newlib/stdint.h"
 153              		.file 5 "../ChibiOS_2.6.4/os/ports/GCC/ARMCMx/chtypes.h"
 154              		.file 6 "../ChibiOS_2.6.4/os/kernel/include/chlists.h"
 155              		.file 7 "../ChibiOS_2.6.4/os/kernel/include/chthreads.h"
 156              		.file 8 "../ChibiOS_2.6.4/os/ports/GCC/ARMCMx/chcore_v7m.h"
 157              		.file 9 "../ChibiOS_2.6.4/os/kernel/include/chschd.h"
 158              		.file 10 "../ChibiOS_2.6.4/os/kernel/include/chmtx.h"
 159              		.file 11 "../ChibiOS_2.6.4/os/kernel/include/chregistry.h"
 160              		.file 12 "../ChibiOS_2.6.4/os/kernel/include/chdynamic.h"
 161              		.section	.debug_info,"",%progbits
 162              	.Ldebug_info0:
 163 0000 1F060000 		.4byte	0x61f
 164 0004 0400     		.2byte	0x4
 165 0006 00000000 		.4byte	.Ldebug_abbrev0
 166 000a 04       		.byte	0x4
 167 000b 01       		.uleb128 0x1
 168 000c 67010000 		.4byte	.LASF92
 169 0010 01       		.byte	0x1
 170 0011 2B040000 		.4byte	.LASF93
 171 0015 29020000 		.4byte	.LASF94
ARM GAS  /tmp/ccQPSASS.s 			page 4


 172 0019 18000000 		.4byte	.Ldebug_ranges0+0x18
 173 001d 00000000 		.4byte	0
 174 0021 00000000 		.4byte	.Ldebug_line0
 175 0025 02       		.uleb128 0x2
 176 0026 04       		.byte	0x4
 177 0027 05       		.byte	0x5
 178 0028 696E7400 		.ascii	"int\000"
 179 002c 03       		.uleb128 0x3
 180 002d 13000000 		.4byte	.LASF2
 181 0031 02       		.byte	0x2
 182 0032 D4       		.byte	0xd4
 183 0033 37000000 		.4byte	0x37
 184 0037 04       		.uleb128 0x4
 185 0038 04       		.byte	0x4
 186 0039 07       		.byte	0x7
 187 003a 10010000 		.4byte	.LASF0
 188 003e 04       		.uleb128 0x4
 189 003f 01       		.byte	0x1
 190 0040 06       		.byte	0x6
 191 0041 8C000000 		.4byte	.LASF1
 192 0045 03       		.uleb128 0x3
 193 0046 21000000 		.4byte	.LASF3
 194 004a 03       		.byte	0x3
 195 004b 1C       		.byte	0x1c
 196 004c 50000000 		.4byte	0x50
 197 0050 04       		.uleb128 0x4
 198 0051 01       		.byte	0x1
 199 0052 08       		.byte	0x8
 200 0053 DF020000 		.4byte	.LASF4
 201 0057 04       		.uleb128 0x4
 202 0058 02       		.byte	0x2
 203 0059 05       		.byte	0x5
 204 005a F7020000 		.4byte	.LASF5
 205 005e 03       		.uleb128 0x3
 206 005f A9030000 		.4byte	.LASF6
 207 0063 03       		.byte	0x3
 208 0064 26       		.byte	0x26
 209 0065 69000000 		.4byte	0x69
 210 0069 04       		.uleb128 0x4
 211 006a 02       		.byte	0x2
 212 006b 07       		.byte	0x7
 213 006c 4E010000 		.4byte	.LASF7
 214 0070 03       		.uleb128 0x3
 215 0071 D0030000 		.4byte	.LASF8
 216 0075 03       		.byte	0x3
 217 0076 37       		.byte	0x37
 218 0077 7B000000 		.4byte	0x7b
 219 007b 04       		.uleb128 0x4
 220 007c 04       		.byte	0x4
 221 007d 05       		.byte	0x5
 222 007e CF000000 		.4byte	.LASF9
 223 0082 03       		.uleb128 0x3
 224 0083 FC000000 		.4byte	.LASF10
 225 0087 03       		.byte	0x3
 226 0088 38       		.byte	0x38
 227 0089 8D000000 		.4byte	0x8d
 228 008d 04       		.uleb128 0x4
ARM GAS  /tmp/ccQPSASS.s 			page 5


 229 008e 04       		.byte	0x4
 230 008f 07       		.byte	0x7
 231 0090 1D010000 		.4byte	.LASF11
 232 0094 04       		.uleb128 0x4
 233 0095 08       		.byte	0x8
 234 0096 05       		.byte	0x5
 235 0097 7E000000 		.4byte	.LASF12
 236 009b 04       		.uleb128 0x4
 237 009c 08       		.byte	0x8
 238 009d 07       		.byte	0x7
 239 009e 2B000000 		.4byte	.LASF13
 240 00a2 03       		.uleb128 0x3
 241 00a3 15040000 		.4byte	.LASF14
 242 00a7 04       		.byte	0x4
 243 00a8 2A       		.byte	0x2a
 244 00a9 45000000 		.4byte	0x45
 245 00ad 03       		.uleb128 0x3
 246 00ae E1000000 		.4byte	.LASF15
 247 00b2 04       		.byte	0x4
 248 00b3 36       		.byte	0x36
 249 00b4 5E000000 		.4byte	0x5e
 250 00b8 03       		.uleb128 0x3
 251 00b9 D7020000 		.4byte	.LASF16
 252 00bd 04       		.byte	0x4
 253 00be 41       		.byte	0x41
 254 00bf 70000000 		.4byte	0x70
 255 00c3 03       		.uleb128 0x3
 256 00c4 77030000 		.4byte	.LASF17
 257 00c8 04       		.byte	0x4
 258 00c9 42       		.byte	0x42
 259 00ca 82000000 		.4byte	0x82
 260 00ce 04       		.uleb128 0x4
 261 00cf 01       		.byte	0x1
 262 00d0 02       		.byte	0x2
 263 00d1 D1020000 		.4byte	.LASF18
 264 00d5 03       		.uleb128 0x3
 265 00d6 EF010000 		.4byte	.LASF19
 266 00da 05       		.byte	0x5
 267 00db 2C       		.byte	0x2c
 268 00dc A2000000 		.4byte	0xa2
 269 00e0 03       		.uleb128 0x3
 270 00e1 D8000000 		.4byte	.LASF20
 271 00e5 05       		.byte	0x5
 272 00e6 2D       		.byte	0x2d
 273 00e7 A2000000 		.4byte	0xa2
 274 00eb 03       		.uleb128 0x3
 275 00ec AF020000 		.4byte	.LASF21
 276 00f0 05       		.byte	0x5
 277 00f1 2E       		.byte	0x2e
 278 00f2 A2000000 		.4byte	0xa2
 279 00f6 03       		.uleb128 0x3
 280 00f7 C5000000 		.4byte	.LASF22
 281 00fb 05       		.byte	0x5
 282 00fc 2F       		.byte	0x2f
 283 00fd A2000000 		.4byte	0xa2
 284 0101 03       		.uleb128 0x3
 285 0102 C9020000 		.4byte	.LASF23
ARM GAS  /tmp/ccQPSASS.s 			page 6


 286 0106 05       		.byte	0x5
 287 0107 30       		.byte	0x30
 288 0108 C3000000 		.4byte	0xc3
 289 010c 03       		.uleb128 0x3
 290 010d 61010000 		.4byte	.LASF24
 291 0111 05       		.byte	0x5
 292 0112 31       		.byte	0x31
 293 0113 B8000000 		.4byte	0xb8
 294 0117 03       		.uleb128 0x3
 295 0118 03020000 		.4byte	.LASF25
 296 011c 05       		.byte	0x5
 297 011d 33       		.byte	0x33
 298 011e C3000000 		.4byte	0xc3
 299 0122 03       		.uleb128 0x3
 300 0123 BB030000 		.4byte	.LASF26
 301 0127 05       		.byte	0x5
 302 0128 35       		.byte	0x35
 303 0129 C3000000 		.4byte	0xc3
 304 012d 03       		.uleb128 0x3
 305 012e 58030000 		.4byte	.LASF27
 306 0132 06       		.byte	0x6
 307 0133 2A       		.byte	0x2a
 308 0134 38010000 		.4byte	0x138
 309 0138 05       		.uleb128 0x5
 310 0139 58030000 		.4byte	.LASF27
 311 013d 48       		.byte	0x48
 312 013e 07       		.byte	0x7
 313 013f 5E       		.byte	0x5e
 314 0140 35020000 		.4byte	0x235
 315 0144 06       		.uleb128 0x6
 316 0145 2D030000 		.4byte	.LASF28
 317 0149 07       		.byte	0x7
 318 014a 5F       		.byte	0x5f
 319 014b 56020000 		.4byte	0x256
 320 014f 00       		.byte	0
 321 0150 06       		.uleb128 0x6
 322 0151 C2020000 		.4byte	.LASF29
 323 0155 07       		.byte	0x7
 324 0156 61       		.byte	0x61
 325 0157 56020000 		.4byte	0x256
 326 015b 04       		.byte	0x4
 327 015c 06       		.uleb128 0x6
 328 015d 6A000000 		.4byte	.LASF30
 329 0161 07       		.byte	0x7
 330 0162 63       		.byte	0x63
 331 0163 01010000 		.4byte	0x101
 332 0167 08       		.byte	0x8
 333 0168 06       		.uleb128 0x6
 334 0169 6A040000 		.4byte	.LASF31
 335 016d 07       		.byte	0x7
 336 016e 64       		.byte	0x64
 337 016f 10030000 		.4byte	0x310
 338 0173 0C       		.byte	0xc
 339 0174 06       		.uleb128 0x6
 340 0175 F4000000 		.4byte	.LASF32
 341 0179 07       		.byte	0x7
 342 017a 66       		.byte	0x66
ARM GAS  /tmp/ccQPSASS.s 			page 7


 343 017b 56020000 		.4byte	0x256
 344 017f 10       		.byte	0x10
 345 0180 06       		.uleb128 0x6
 346 0181 72020000 		.4byte	.LASF33
 347 0185 07       		.byte	0x7
 348 0186 67       		.byte	0x67
 349 0187 56020000 		.4byte	0x256
 350 018b 14       		.byte	0x14
 351 018c 06       		.uleb128 0x6
 352 018d 24040000 		.4byte	.LASF34
 353 0191 07       		.byte	0x7
 354 0192 6E       		.byte	0x6e
 355 0193 10040000 		.4byte	0x410
 356 0197 18       		.byte	0x18
 357 0198 06       		.uleb128 0x6
 358 0199 01030000 		.4byte	.LASF35
 359 019d 07       		.byte	0x7
 360 019e 79       		.byte	0x79
 361 019f E0000000 		.4byte	0xe0
 362 01a3 1C       		.byte	0x1c
 363 01a4 06       		.uleb128 0x6
 364 01a5 43030000 		.4byte	.LASF36
 365 01a9 07       		.byte	0x7
 366 01aa 7D       		.byte	0x7d
 367 01ab D5000000 		.4byte	0xd5
 368 01af 1D       		.byte	0x1d
 369 01b0 06       		.uleb128 0x6
 370 01b1 FE030000 		.4byte	.LASF37
 371 01b5 07       		.byte	0x7
 372 01b6 82       		.byte	0x82
 373 01b7 EB000000 		.4byte	0xeb
 374 01bb 1E       		.byte	0x1e
 375 01bc 06       		.uleb128 0x6
 376 01bd 09030000 		.4byte	.LASF38
 377 01c1 07       		.byte	0x7
 378 01c2 88       		.byte	0x88
 379 01c3 F6000000 		.4byte	0xf6
 380 01c7 1F       		.byte	0x1f
 381 01c8 06       		.uleb128 0x6
 382 01c9 DA030000 		.4byte	.LASF39
 383 01cd 07       		.byte	0x7
 384 01ce 8F       		.byte	0x8f
 385 01cf 38030000 		.4byte	0x338
 386 01d3 20       		.byte	0x20
 387 01d4 07       		.uleb128 0x7
 388 01d5 705F7500 		.ascii	"p_u\000"
 389 01d9 07       		.byte	0x7
 390 01da B4       		.byte	0xb4
 391 01db DB030000 		.4byte	0x3db
 392 01df 24       		.byte	0x24
 393 01e0 06       		.uleb128 0x6
 394 01e1 70040000 		.4byte	.LASF40
 395 01e5 07       		.byte	0x7
 396 01e6 B9       		.byte	0xb9
 397 01e7 7C020000 		.4byte	0x27c
 398 01eb 28       		.byte	0x28
 399 01ec 06       		.uleb128 0x6
ARM GAS  /tmp/ccQPSASS.s 			page 8


 400 01ed E8030000 		.4byte	.LASF41
 401 01f1 07       		.byte	0x7
 402 01f2 BF       		.byte	0xbf
 403 01f3 5C020000 		.4byte	0x25c
 404 01f7 2C       		.byte	0x2c
 405 01f8 06       		.uleb128 0x6
 406 01f9 0D000000 		.4byte	.LASF42
 407 01fd 07       		.byte	0x7
 408 01fe C3       		.byte	0xc3
 409 01ff 0C010000 		.4byte	0x10c
 410 0203 34       		.byte	0x34
 411 0204 06       		.uleb128 0x6
 412 0205 6C030000 		.4byte	.LASF43
 413 0209 07       		.byte	0x7
 414 020a C9       		.byte	0xc9
 415 020b 17010000 		.4byte	0x117
 416 020f 38       		.byte	0x38
 417 0210 06       		.uleb128 0x6
 418 0211 ED020000 		.4byte	.LASF44
 419 0215 07       		.byte	0x7
 420 0216 D0       		.byte	0xd0
 421 0217 22040000 		.4byte	0x422
 422 021b 3C       		.byte	0x3c
 423 021c 06       		.uleb128 0x6
 424 021d C5030000 		.4byte	.LASF45
 425 0221 07       		.byte	0x7
 426 0222 D4       		.byte	0xd4
 427 0223 01010000 		.4byte	0x101
 428 0227 40       		.byte	0x40
 429 0228 06       		.uleb128 0x6
 430 0229 B5000000 		.4byte	.LASF46
 431 022d 07       		.byte	0x7
 432 022e DA       		.byte	0xda
 433 022f 92020000 		.4byte	0x292
 434 0233 44       		.byte	0x44
 435 0234 00       		.byte	0
 436 0235 08       		.uleb128 0x8
 437 0236 08       		.byte	0x8
 438 0237 06       		.byte	0x6
 439 0238 61       		.byte	0x61
 440 0239 56020000 		.4byte	0x256
 441 023d 06       		.uleb128 0x6
 442 023e 2D030000 		.4byte	.LASF28
 443 0242 06       		.byte	0x6
 444 0243 62       		.byte	0x62
 445 0244 56020000 		.4byte	0x256
 446 0248 00       		.byte	0
 447 0249 06       		.uleb128 0x6
 448 024a C2020000 		.4byte	.LASF29
 449 024e 06       		.byte	0x6
 450 024f 64       		.byte	0x64
 451 0250 56020000 		.4byte	0x256
 452 0254 04       		.byte	0x4
 453 0255 00       		.byte	0
 454 0256 09       		.uleb128 0x9
 455 0257 04       		.byte	0x4
 456 0258 2D010000 		.4byte	0x12d
ARM GAS  /tmp/ccQPSASS.s 			page 9


 457 025c 03       		.uleb128 0x3
 458 025d 88020000 		.4byte	.LASF47
 459 0261 06       		.byte	0x6
 460 0262 66       		.byte	0x66
 461 0263 35020000 		.4byte	0x235
 462 0267 08       		.uleb128 0x8
 463 0268 04       		.byte	0x4
 464 0269 06       		.byte	0x6
 465 026a 6B       		.byte	0x6b
 466 026b 7C020000 		.4byte	0x27c
 467 026f 06       		.uleb128 0x6
 468 0270 2D030000 		.4byte	.LASF28
 469 0274 06       		.byte	0x6
 470 0275 6D       		.byte	0x6d
 471 0276 56020000 		.4byte	0x256
 472 027a 00       		.byte	0
 473 027b 00       		.byte	0
 474 027c 03       		.uleb128 0x3
 475 027d F7010000 		.4byte	.LASF48
 476 0281 06       		.byte	0x6
 477 0282 70       		.byte	0x70
 478 0283 67020000 		.4byte	0x267
 479 0287 03       		.uleb128 0x3
 480 0288 07010000 		.4byte	.LASF49
 481 028c 08       		.byte	0x8
 482 028d E5       		.byte	0xe5
 483 028e 92020000 		.4byte	0x292
 484 0292 0A       		.uleb128 0xa
 485 0293 04       		.byte	0x4
 486 0294 0B       		.uleb128 0xb
 487 0295 E1030000 		.4byte	.LASF50
 488 0299 24       		.byte	0x24
 489 029a 08       		.byte	0x8
 490 029b 0C01     		.2byte	0x10c
 491 029d 10030000 		.4byte	0x310
 492 02a1 0C       		.uleb128 0xc
 493 02a2 723400   		.ascii	"r4\000"
 494 02a5 08       		.byte	0x8
 495 02a6 1F01     		.2byte	0x11f
 496 02a8 87020000 		.4byte	0x287
 497 02ac 00       		.byte	0
 498 02ad 0C       		.uleb128 0xc
 499 02ae 723500   		.ascii	"r5\000"
 500 02b1 08       		.byte	0x8
 501 02b2 2001     		.2byte	0x120
 502 02b4 87020000 		.4byte	0x287
 503 02b8 04       		.byte	0x4
 504 02b9 0C       		.uleb128 0xc
 505 02ba 723600   		.ascii	"r6\000"
 506 02bd 08       		.byte	0x8
 507 02be 2101     		.2byte	0x121
 508 02c0 87020000 		.4byte	0x287
 509 02c4 08       		.byte	0x8
 510 02c5 0C       		.uleb128 0xc
 511 02c6 723700   		.ascii	"r7\000"
 512 02c9 08       		.byte	0x8
 513 02ca 2201     		.2byte	0x122
ARM GAS  /tmp/ccQPSASS.s 			page 10


 514 02cc 87020000 		.4byte	0x287
 515 02d0 0C       		.byte	0xc
 516 02d1 0C       		.uleb128 0xc
 517 02d2 723800   		.ascii	"r8\000"
 518 02d5 08       		.byte	0x8
 519 02d6 2301     		.2byte	0x123
 520 02d8 87020000 		.4byte	0x287
 521 02dc 10       		.byte	0x10
 522 02dd 0C       		.uleb128 0xc
 523 02de 723900   		.ascii	"r9\000"
 524 02e1 08       		.byte	0x8
 525 02e2 2401     		.2byte	0x124
 526 02e4 87020000 		.4byte	0x287
 527 02e8 14       		.byte	0x14
 528 02e9 0C       		.uleb128 0xc
 529 02ea 72313000 		.ascii	"r10\000"
 530 02ee 08       		.byte	0x8
 531 02ef 2501     		.2byte	0x125
 532 02f1 87020000 		.4byte	0x287
 533 02f5 18       		.byte	0x18
 534 02f6 0C       		.uleb128 0xc
 535 02f7 72313100 		.ascii	"r11\000"
 536 02fb 08       		.byte	0x8
 537 02fc 2601     		.2byte	0x126
 538 02fe 87020000 		.4byte	0x287
 539 0302 1C       		.byte	0x1c
 540 0303 0C       		.uleb128 0xc
 541 0304 6C7200   		.ascii	"lr\000"
 542 0307 08       		.byte	0x8
 543 0308 2701     		.2byte	0x127
 544 030a 87020000 		.4byte	0x287
 545 030e 20       		.byte	0x20
 546 030f 00       		.byte	0
 547 0310 0B       		.uleb128 0xb
 548 0311 46010000 		.4byte	.LASF51
 549 0315 04       		.byte	0x4
 550 0316 08       		.byte	0x8
 551 0317 3101     		.2byte	0x131
 552 0319 2B030000 		.4byte	0x32b
 553 031d 0C       		.uleb128 0xc
 554 031e 72313300 		.ascii	"r13\000"
 555 0322 08       		.byte	0x8
 556 0323 3201     		.2byte	0x132
 557 0325 2B030000 		.4byte	0x32b
 558 0329 00       		.byte	0
 559 032a 00       		.byte	0
 560 032b 09       		.uleb128 0x9
 561 032c 04       		.byte	0x4
 562 032d 94020000 		.4byte	0x294
 563 0331 04       		.uleb128 0x4
 564 0332 04       		.byte	0x4
 565 0333 07       		.byte	0x7
 566 0334 51020000 		.4byte	.LASF52
 567 0338 0D       		.uleb128 0xd
 568 0339 22010000 		.4byte	0x122
 569 033d 08       		.uleb128 0x8
 570 033e 1C       		.byte	0x1c
ARM GAS  /tmp/ccQPSASS.s 			page 11


 571 033f 09       		.byte	0x9
 572 0340 5E       		.byte	0x5e
 573 0341 8E030000 		.4byte	0x38e
 574 0345 06       		.uleb128 0x6
 575 0346 8C030000 		.4byte	.LASF53
 576 034a 09       		.byte	0x9
 577 034b 5F       		.byte	0x5f
 578 034c 5C020000 		.4byte	0x25c
 579 0350 00       		.byte	0
 580 0351 06       		.uleb128 0x6
 581 0352 1F030000 		.4byte	.LASF54
 582 0356 09       		.byte	0x9
 583 0357 60       		.byte	0x60
 584 0358 01010000 		.4byte	0x101
 585 035c 08       		.byte	0x8
 586 035d 06       		.uleb128 0x6
 587 035e 7A020000 		.4byte	.LASF55
 588 0362 09       		.byte	0x9
 589 0363 62       		.byte	0x62
 590 0364 10030000 		.4byte	0x310
 591 0368 0C       		.byte	0xc
 592 0369 06       		.uleb128 0x6
 593 036a 80020000 		.4byte	.LASF56
 594 036e 09       		.byte	0x9
 595 036f 65       		.byte	0x65
 596 0370 56020000 		.4byte	0x256
 597 0374 10       		.byte	0x10
 598 0375 06       		.uleb128 0x6
 599 0376 A7020000 		.4byte	.LASF57
 600 037a 09       		.byte	0x9
 601 037b 66       		.byte	0x66
 602 037c 56020000 		.4byte	0x256
 603 0380 14       		.byte	0x14
 604 0381 06       		.uleb128 0x6
 605 0382 9D020000 		.4byte	.LASF58
 606 0386 09       		.byte	0x9
 607 0387 69       		.byte	0x69
 608 0388 56020000 		.4byte	0x256
 609 038c 18       		.byte	0x18
 610 038d 00       		.byte	0
 611 038e 03       		.uleb128 0x3
 612 038f 05040000 		.4byte	.LASF59
 613 0393 09       		.byte	0x9
 614 0394 6B       		.byte	0x6b
 615 0395 3D030000 		.4byte	0x33d
 616 0399 05       		.uleb128 0x5
 617 039a 0F020000 		.4byte	.LASF60
 618 039e 10       		.byte	0x10
 619 039f 0A       		.byte	0xa
 620 03a0 2C       		.byte	0x2c
 621 03a1 CA030000 		.4byte	0x3ca
 622 03a5 06       		.uleb128 0x6
 623 03a6 BD000000 		.4byte	.LASF61
 624 03aa 0A       		.byte	0xa
 625 03ab 2D       		.byte	0x2d
 626 03ac 5C020000 		.4byte	0x25c
 627 03b0 00       		.byte	0
ARM GAS  /tmp/ccQPSASS.s 			page 12


 628 03b1 06       		.uleb128 0x6
 629 03b2 62040000 		.4byte	.LASF62
 630 03b6 0A       		.byte	0xa
 631 03b7 2F       		.byte	0x2f
 632 03b8 56020000 		.4byte	0x256
 633 03bc 08       		.byte	0x8
 634 03bd 06       		.uleb128 0x6
 635 03be B4030000 		.4byte	.LASF63
 636 03c2 0A       		.byte	0xa
 637 03c3 31       		.byte	0x31
 638 03c4 CA030000 		.4byte	0x3ca
 639 03c8 0C       		.byte	0xc
 640 03c9 00       		.byte	0
 641 03ca 09       		.uleb128 0x9
 642 03cb 04       		.byte	0x4
 643 03cc 99030000 		.4byte	0x399
 644 03d0 03       		.uleb128 0x3
 645 03d1 0F020000 		.4byte	.LASF60
 646 03d5 0A       		.byte	0xa
 647 03d6 33       		.byte	0x33
 648 03d7 99030000 		.4byte	0x399
 649 03db 0E       		.uleb128 0xe
 650 03dc 04       		.byte	0x4
 651 03dd 07       		.byte	0x7
 652 03de 96       		.byte	0x96
 653 03df 10040000 		.4byte	0x410
 654 03e3 0F       		.uleb128 0xf
 655 03e4 1A000000 		.4byte	.LASF64
 656 03e8 07       		.byte	0x7
 657 03e9 9D       		.byte	0x9d
 658 03ea 0C010000 		.4byte	0x10c
 659 03ee 0F       		.uleb128 0xf
 660 03ef 50000000 		.4byte	.LASF65
 661 03f3 07       		.byte	0x7
 662 03f4 A4       		.byte	0xa4
 663 03f5 0C010000 		.4byte	0x10c
 664 03f9 0F       		.uleb128 0xf
 665 03fa 1D040000 		.4byte	.LASF66
 666 03fe 07       		.byte	0x7
 667 03ff AB       		.byte	0xab
 668 0400 92020000 		.4byte	0x292
 669 0404 0F       		.uleb128 0xf
 670 0405 26030000 		.4byte	.LASF67
 671 0409 07       		.byte	0x7
 672 040a B2       		.byte	0xb2
 673 040b 17010000 		.4byte	0x117
 674 040f 00       		.byte	0
 675 0410 09       		.uleb128 0x9
 676 0411 04       		.byte	0x4
 677 0412 16040000 		.4byte	0x416
 678 0416 10       		.uleb128 0x10
 679 0417 1B040000 		.4byte	0x41b
 680 041b 04       		.uleb128 0x4
 681 041c 01       		.byte	0x1
 682 041d 08       		.byte	0x8
 683 041e 94030000 		.4byte	.LASF68
 684 0422 09       		.uleb128 0x9
ARM GAS  /tmp/ccQPSASS.s 			page 13


 685 0423 04       		.byte	0x4
 686 0424 D0030000 		.4byte	0x3d0
 687 0428 08       		.uleb128 0x8
 688 0429 16       		.byte	0x16
 689 042a 0B       		.byte	0xb
 690 042b 2C       		.byte	0x2c
 691 042c 09050000 		.4byte	0x509
 692 0430 06       		.uleb128 0x6
 693 0431 38010000 		.4byte	.LASF69
 694 0435 0B       		.byte	0xb
 695 0436 2D       		.byte	0x2d
 696 0437 09050000 		.4byte	0x509
 697 043b 00       		.byte	0
 698 043c 06       		.uleb128 0x6
 699 043d 15020000 		.4byte	.LASF70
 700 0441 0B       		.byte	0xb
 701 0442 2E       		.byte	0x2e
 702 0443 A2000000 		.4byte	0xa2
 703 0447 04       		.byte	0x4
 704 0448 06       		.uleb128 0x6
 705 0449 95020000 		.4byte	.LASF71
 706 044d 0B       		.byte	0xb
 707 044e 2F       		.byte	0x2f
 708 044f A2000000 		.4byte	0xa2
 709 0453 05       		.byte	0x5
 710 0454 06       		.uleb128 0x6
 711 0455 57040000 		.4byte	.LASF72
 712 0459 0B       		.byte	0xb
 713 045a 30       		.byte	0x30
 714 045b AD000000 		.4byte	0xad
 715 045f 06       		.byte	0x6
 716 0460 06       		.uleb128 0x6
 717 0461 B7020000 		.4byte	.LASF73
 718 0465 0B       		.byte	0xb
 719 0466 31       		.byte	0x31
 720 0467 A2000000 		.4byte	0xa2
 721 046b 08       		.byte	0x8
 722 046c 06       		.uleb128 0x6
 723 046d 5A020000 		.4byte	.LASF74
 724 0471 0B       		.byte	0xb
 725 0472 32       		.byte	0x32
 726 0473 A2000000 		.4byte	0xa2
 727 0477 09       		.byte	0x9
 728 0478 06       		.uleb128 0x6
 729 0479 42000000 		.4byte	.LASF75
 730 047d 0B       		.byte	0xb
 731 047e 33       		.byte	0x33
 732 047f A2000000 		.4byte	0xa2
 733 0483 0A       		.byte	0xa
 734 0484 06       		.uleb128 0x6
 735 0485 80030000 		.4byte	.LASF76
 736 0489 0B       		.byte	0xb
 737 048a 34       		.byte	0x34
 738 048b A2000000 		.4byte	0xa2
 739 048f 0B       		.byte	0xb
 740 0490 06       		.uleb128 0x6
 741 0491 F3030000 		.4byte	.LASF77
ARM GAS  /tmp/ccQPSASS.s 			page 14


 742 0495 0B       		.byte	0xb
 743 0496 35       		.byte	0x35
 744 0497 A2000000 		.4byte	0xa2
 745 049b 0C       		.byte	0xc
 746 049c 06       		.uleb128 0x6
 747 049d 5F030000 		.4byte	.LASF78
 748 04a1 0B       		.byte	0xb
 749 04a2 36       		.byte	0x36
 750 04a3 A2000000 		.4byte	0xa2
 751 04a7 0D       		.byte	0xd
 752 04a8 06       		.uleb128 0x6
 753 04a9 00000000 		.4byte	.LASF79
 754 04ad 0B       		.byte	0xb
 755 04ae 37       		.byte	0x37
 756 04af A2000000 		.4byte	0xa2
 757 04b3 0E       		.byte	0xe
 758 04b4 06       		.uleb128 0x6
 759 04b5 66020000 		.4byte	.LASF80
 760 04b9 0B       		.byte	0xb
 761 04ba 38       		.byte	0x38
 762 04bb A2000000 		.4byte	0xa2
 763 04bf 0F       		.byte	0xf
 764 04c0 06       		.uleb128 0x6
 765 04c1 98000000 		.4byte	.LASF81
 766 04c5 0B       		.byte	0xb
 767 04c6 39       		.byte	0x39
 768 04c7 A2000000 		.4byte	0xa2
 769 04cb 10       		.byte	0x10
 770 04cc 06       		.uleb128 0x6
 771 04cd 71000000 		.4byte	.LASF82
 772 04d1 0B       		.byte	0xb
 773 04d2 3B       		.byte	0x3b
 774 04d3 A2000000 		.4byte	0xa2
 775 04d7 11       		.byte	0x11
 776 04d8 06       		.uleb128 0x6
 777 04d9 A8000000 		.4byte	.LASF83
 778 04dd 0B       		.byte	0xb
 779 04de 3C       		.byte	0x3c
 780 04df A2000000 		.4byte	0xa2
 781 04e3 12       		.byte	0x12
 782 04e4 06       		.uleb128 0x6
 783 04e5 1D020000 		.4byte	.LASF84
 784 04e9 0B       		.byte	0xb
 785 04ea 3D       		.byte	0x3d
 786 04eb A2000000 		.4byte	0xa2
 787 04ef 13       		.byte	0x13
 788 04f0 06       		.uleb128 0x6
 789 04f1 34030000 		.4byte	.LASF85
 790 04f5 0B       		.byte	0xb
 791 04f6 3E       		.byte	0x3e
 792 04f7 A2000000 		.4byte	0xa2
 793 04fb 14       		.byte	0x14
 794 04fc 06       		.uleb128 0x6
 795 04fd 13030000 		.4byte	.LASF86
 796 0501 0B       		.byte	0xb
 797 0502 40       		.byte	0x40
 798 0503 A2000000 		.4byte	0xa2
ARM GAS  /tmp/ccQPSASS.s 			page 15


 799 0507 15       		.byte	0x15
 800 0508 00       		.byte	0
 801 0509 11       		.uleb128 0x11
 802 050a 1B040000 		.4byte	0x41b
 803 050e 19050000 		.4byte	0x519
 804 0512 12       		.uleb128 0x12
 805 0513 31030000 		.4byte	0x331
 806 0517 03       		.byte	0x3
 807 0518 00       		.byte	0
 808 0519 03       		.uleb128 0x3
 809 051a EA000000 		.4byte	.LASF87
 810 051e 0B       		.byte	0xb
 811 051f 41       		.byte	0x41
 812 0520 28040000 		.4byte	0x428
 813 0524 13       		.uleb128 0x13
 814 0525 59000000 		.4byte	.LASF88
 815 0529 01       		.byte	0x1
 816 052a 75       		.byte	0x75
 817 052b 56020000 		.4byte	0x256
 818 052f 00000000 		.4byte	.LFB7
 819 0533 1E000000 		.4byte	.LFE7-.LFB7
 820 0537 01       		.uleb128 0x1
 821 0538 9C       		.byte	0x9c
 822 0539 78050000 		.4byte	0x578
 823 053d 14       		.uleb128 0x14
 824 053e 747000   		.ascii	"tp\000"
 825 0541 01       		.byte	0x1
 826 0542 76       		.byte	0x76
 827 0543 56020000 		.4byte	0x256
 828 0547 01       		.uleb128 0x1
 829 0548 50       		.byte	0x50
 830 0549 15       		.uleb128 0x15
 831 054a 00000000 		.4byte	.LBB2
 832 054e 06000000 		.4byte	.LBE2-.LBB2
 833 0552 64050000 		.4byte	0x564
 834 0556 14       		.uleb128 0x14
 835 0557 746D7000 		.ascii	"tmp\000"
 836 055b 01       		.byte	0x1
 837 055c 78       		.byte	0x78
 838 055d C3000000 		.4byte	0xc3
 839 0561 01       		.uleb128 0x1
 840 0562 53       		.byte	0x53
 841 0563 00       		.byte	0
 842 0564 16       		.uleb128 0x16
 843 0565 00000000 		.4byte	.Ldebug_ranges0+0
 844 0569 14       		.uleb128 0x14
 845 056a 746D7000 		.ascii	"tmp\000"
 846 056e 01       		.byte	0x1
 847 056f 7D       		.byte	0x7d
 848 0570 C3000000 		.4byte	0xc3
 849 0574 01       		.uleb128 0x1
 850 0575 53       		.byte	0x53
 851 0576 00       		.byte	0
 852 0577 00       		.byte	0
 853 0578 13       		.uleb128 0x13
 854 0579 99030000 		.4byte	.LASF89
 855 057d 01       		.byte	0x1
ARM GAS  /tmp/ccQPSASS.s 			page 16


 856 057e 8C       		.byte	0x8c
 857 057f 56020000 		.4byte	0x256
 858 0583 00000000 		.4byte	.LFB8
 859 0587 2C000000 		.4byte	.LFE8-.LFB8
 860 058b 01       		.uleb128 0x1
 861 058c 9C       		.byte	0x9c
 862 058d F4050000 		.4byte	0x5f4
 863 0591 17       		.uleb128 0x17
 864 0592 747000   		.ascii	"tp\000"
 865 0595 01       		.byte	0x1
 866 0596 8C       		.byte	0x8c
 867 0597 56020000 		.4byte	0x256
 868 059b 00000000 		.4byte	.LLST0
 869 059f 14       		.uleb128 0x14
 870 05a0 6E747000 		.ascii	"ntp\000"
 871 05a4 01       		.byte	0x1
 872 05a5 8D       		.byte	0x8d
 873 05a6 56020000 		.4byte	0x256
 874 05aa 01       		.uleb128 0x1
 875 05ab 54       		.byte	0x54
 876 05ac 15       		.uleb128 0x15
 877 05ad 02000000 		.4byte	.LBB5
 878 05b1 06000000 		.4byte	.LBE5-.LBB5
 879 05b5 C7050000 		.4byte	0x5c7
 880 05b9 14       		.uleb128 0x14
 881 05ba 746D7000 		.ascii	"tmp\000"
 882 05be 01       		.byte	0x1
 883 05bf 8F       		.byte	0x8f
 884 05c0 C3000000 		.4byte	0xc3
 885 05c4 01       		.uleb128 0x1
 886 05c5 53       		.byte	0x53
 887 05c6 00       		.byte	0
 888 05c7 15       		.uleb128 0x15
 889 05c8 1E000000 		.4byte	.LBB6
 890 05cc 06000000 		.4byte	.LBE6-.LBB6
 891 05d0 E2050000 		.4byte	0x5e2
 892 05d4 14       		.uleb128 0x14
 893 05d5 746D7000 		.ascii	"tmp\000"
 894 05d9 01       		.byte	0x1
 895 05da 9A       		.byte	0x9a
 896 05db C3000000 		.4byte	0xc3
 897 05df 01       		.uleb128 0x1
 898 05e0 53       		.byte	0x53
 899 05e1 00       		.byte	0
 900 05e2 18       		.uleb128 0x18
 901 05e3 28000000 		.4byte	.LVL4
 902 05e7 15060000 		.4byte	0x615
 903 05eb 19       		.uleb128 0x19
 904 05ec 01       		.uleb128 0x1
 905 05ed 50       		.byte	0x50
 906 05ee 03       		.uleb128 0x3
 907 05ef F3       		.byte	0xf3
 908 05f0 01       		.uleb128 0x1
 909 05f1 50       		.byte	0x50
 910 05f2 00       		.byte	0
 911 05f3 00       		.byte	0
 912 05f4 1A       		.uleb128 0x1a
ARM GAS  /tmp/ccQPSASS.s 			page 17


 913 05f5 0F040000 		.4byte	.LASF90
 914 05f9 09       		.byte	0x9
 915 05fa 6F       		.byte	0x6f
 916 05fb 8E030000 		.4byte	0x38e
 917 05ff 1B       		.uleb128 0x1b
 918 0600 2F010000 		.4byte	.LASF91
 919 0604 01       		.byte	0x1
 920 0605 42       		.byte	0x42
 921 0606 10060000 		.4byte	0x610
 922 060a 05       		.uleb128 0x5
 923 060b 03       		.byte	0x3
 924 060c 00000000 		.4byte	ch_debug
 925 0610 10       		.uleb128 0x10
 926 0611 19050000 		.4byte	0x519
 927 0615 1C       		.uleb128 0x1c
 928 0616 4B030000 		.4byte	.LASF95
 929 061a 0C       		.byte	0xc
 930 061b 3A       		.byte	0x3a
 931 061c 1D       		.uleb128 0x1d
 932 061d 56020000 		.4byte	0x256
 933 0621 00       		.byte	0
 934 0622 00       		.byte	0
 935              		.section	.debug_abbrev,"",%progbits
 936              	.Ldebug_abbrev0:
 937 0000 01       		.uleb128 0x1
 938 0001 11       		.uleb128 0x11
 939 0002 01       		.byte	0x1
 940 0003 25       		.uleb128 0x25
 941 0004 0E       		.uleb128 0xe
 942 0005 13       		.uleb128 0x13
 943 0006 0B       		.uleb128 0xb
 944 0007 03       		.uleb128 0x3
 945 0008 0E       		.uleb128 0xe
 946 0009 1B       		.uleb128 0x1b
 947 000a 0E       		.uleb128 0xe
 948 000b 55       		.uleb128 0x55
 949 000c 17       		.uleb128 0x17
 950 000d 11       		.uleb128 0x11
 951 000e 01       		.uleb128 0x1
 952 000f 10       		.uleb128 0x10
 953 0010 17       		.uleb128 0x17
 954 0011 00       		.byte	0
 955 0012 00       		.byte	0
 956 0013 02       		.uleb128 0x2
 957 0014 24       		.uleb128 0x24
 958 0015 00       		.byte	0
 959 0016 0B       		.uleb128 0xb
 960 0017 0B       		.uleb128 0xb
 961 0018 3E       		.uleb128 0x3e
 962 0019 0B       		.uleb128 0xb
 963 001a 03       		.uleb128 0x3
 964 001b 08       		.uleb128 0x8
 965 001c 00       		.byte	0
 966 001d 00       		.byte	0
 967 001e 03       		.uleb128 0x3
 968 001f 16       		.uleb128 0x16
 969 0020 00       		.byte	0
ARM GAS  /tmp/ccQPSASS.s 			page 18


 970 0021 03       		.uleb128 0x3
 971 0022 0E       		.uleb128 0xe
 972 0023 3A       		.uleb128 0x3a
 973 0024 0B       		.uleb128 0xb
 974 0025 3B       		.uleb128 0x3b
 975 0026 0B       		.uleb128 0xb
 976 0027 49       		.uleb128 0x49
 977 0028 13       		.uleb128 0x13
 978 0029 00       		.byte	0
 979 002a 00       		.byte	0
 980 002b 04       		.uleb128 0x4
 981 002c 24       		.uleb128 0x24
 982 002d 00       		.byte	0
 983 002e 0B       		.uleb128 0xb
 984 002f 0B       		.uleb128 0xb
 985 0030 3E       		.uleb128 0x3e
 986 0031 0B       		.uleb128 0xb
 987 0032 03       		.uleb128 0x3
 988 0033 0E       		.uleb128 0xe
 989 0034 00       		.byte	0
 990 0035 00       		.byte	0
 991 0036 05       		.uleb128 0x5
 992 0037 13       		.uleb128 0x13
 993 0038 01       		.byte	0x1
 994 0039 03       		.uleb128 0x3
 995 003a 0E       		.uleb128 0xe
 996 003b 0B       		.uleb128 0xb
 997 003c 0B       		.uleb128 0xb
 998 003d 3A       		.uleb128 0x3a
 999 003e 0B       		.uleb128 0xb
 1000 003f 3B       		.uleb128 0x3b
 1001 0040 0B       		.uleb128 0xb
 1002 0041 01       		.uleb128 0x1
 1003 0042 13       		.uleb128 0x13
 1004 0043 00       		.byte	0
 1005 0044 00       		.byte	0
 1006 0045 06       		.uleb128 0x6
 1007 0046 0D       		.uleb128 0xd
 1008 0047 00       		.byte	0
 1009 0048 03       		.uleb128 0x3
 1010 0049 0E       		.uleb128 0xe
 1011 004a 3A       		.uleb128 0x3a
 1012 004b 0B       		.uleb128 0xb
 1013 004c 3B       		.uleb128 0x3b
 1014 004d 0B       		.uleb128 0xb
 1015 004e 49       		.uleb128 0x49
 1016 004f 13       		.uleb128 0x13
 1017 0050 38       		.uleb128 0x38
 1018 0051 0B       		.uleb128 0xb
 1019 0052 00       		.byte	0
 1020 0053 00       		.byte	0
 1021 0054 07       		.uleb128 0x7
 1022 0055 0D       		.uleb128 0xd
 1023 0056 00       		.byte	0
 1024 0057 03       		.uleb128 0x3
 1025 0058 08       		.uleb128 0x8
 1026 0059 3A       		.uleb128 0x3a
ARM GAS  /tmp/ccQPSASS.s 			page 19


 1027 005a 0B       		.uleb128 0xb
 1028 005b 3B       		.uleb128 0x3b
 1029 005c 0B       		.uleb128 0xb
 1030 005d 49       		.uleb128 0x49
 1031 005e 13       		.uleb128 0x13
 1032 005f 38       		.uleb128 0x38
 1033 0060 0B       		.uleb128 0xb
 1034 0061 00       		.byte	0
 1035 0062 00       		.byte	0
 1036 0063 08       		.uleb128 0x8
 1037 0064 13       		.uleb128 0x13
 1038 0065 01       		.byte	0x1
 1039 0066 0B       		.uleb128 0xb
 1040 0067 0B       		.uleb128 0xb
 1041 0068 3A       		.uleb128 0x3a
 1042 0069 0B       		.uleb128 0xb
 1043 006a 3B       		.uleb128 0x3b
 1044 006b 0B       		.uleb128 0xb
 1045 006c 01       		.uleb128 0x1
 1046 006d 13       		.uleb128 0x13
 1047 006e 00       		.byte	0
 1048 006f 00       		.byte	0
 1049 0070 09       		.uleb128 0x9
 1050 0071 0F       		.uleb128 0xf
 1051 0072 00       		.byte	0
 1052 0073 0B       		.uleb128 0xb
 1053 0074 0B       		.uleb128 0xb
 1054 0075 49       		.uleb128 0x49
 1055 0076 13       		.uleb128 0x13
 1056 0077 00       		.byte	0
 1057 0078 00       		.byte	0
 1058 0079 0A       		.uleb128 0xa
 1059 007a 0F       		.uleb128 0xf
 1060 007b 00       		.byte	0
 1061 007c 0B       		.uleb128 0xb
 1062 007d 0B       		.uleb128 0xb
 1063 007e 00       		.byte	0
 1064 007f 00       		.byte	0
 1065 0080 0B       		.uleb128 0xb
 1066 0081 13       		.uleb128 0x13
 1067 0082 01       		.byte	0x1
 1068 0083 03       		.uleb128 0x3
 1069 0084 0E       		.uleb128 0xe
 1070 0085 0B       		.uleb128 0xb
 1071 0086 0B       		.uleb128 0xb
 1072 0087 3A       		.uleb128 0x3a
 1073 0088 0B       		.uleb128 0xb
 1074 0089 3B       		.uleb128 0x3b
 1075 008a 05       		.uleb128 0x5
 1076 008b 01       		.uleb128 0x1
 1077 008c 13       		.uleb128 0x13
 1078 008d 00       		.byte	0
 1079 008e 00       		.byte	0
 1080 008f 0C       		.uleb128 0xc
 1081 0090 0D       		.uleb128 0xd
 1082 0091 00       		.byte	0
 1083 0092 03       		.uleb128 0x3
ARM GAS  /tmp/ccQPSASS.s 			page 20


 1084 0093 08       		.uleb128 0x8
 1085 0094 3A       		.uleb128 0x3a
 1086 0095 0B       		.uleb128 0xb
 1087 0096 3B       		.uleb128 0x3b
 1088 0097 05       		.uleb128 0x5
 1089 0098 49       		.uleb128 0x49
 1090 0099 13       		.uleb128 0x13
 1091 009a 38       		.uleb128 0x38
 1092 009b 0B       		.uleb128 0xb
 1093 009c 00       		.byte	0
 1094 009d 00       		.byte	0
 1095 009e 0D       		.uleb128 0xd
 1096 009f 35       		.uleb128 0x35
 1097 00a0 00       		.byte	0
 1098 00a1 49       		.uleb128 0x49
 1099 00a2 13       		.uleb128 0x13
 1100 00a3 00       		.byte	0
 1101 00a4 00       		.byte	0
 1102 00a5 0E       		.uleb128 0xe
 1103 00a6 17       		.uleb128 0x17
 1104 00a7 01       		.byte	0x1
 1105 00a8 0B       		.uleb128 0xb
 1106 00a9 0B       		.uleb128 0xb
 1107 00aa 3A       		.uleb128 0x3a
 1108 00ab 0B       		.uleb128 0xb
 1109 00ac 3B       		.uleb128 0x3b
 1110 00ad 0B       		.uleb128 0xb
 1111 00ae 01       		.uleb128 0x1
 1112 00af 13       		.uleb128 0x13
 1113 00b0 00       		.byte	0
 1114 00b1 00       		.byte	0
 1115 00b2 0F       		.uleb128 0xf
 1116 00b3 0D       		.uleb128 0xd
 1117 00b4 00       		.byte	0
 1118 00b5 03       		.uleb128 0x3
 1119 00b6 0E       		.uleb128 0xe
 1120 00b7 3A       		.uleb128 0x3a
 1121 00b8 0B       		.uleb128 0xb
 1122 00b9 3B       		.uleb128 0x3b
 1123 00ba 0B       		.uleb128 0xb
 1124 00bb 49       		.uleb128 0x49
 1125 00bc 13       		.uleb128 0x13
 1126 00bd 00       		.byte	0
 1127 00be 00       		.byte	0
 1128 00bf 10       		.uleb128 0x10
 1129 00c0 26       		.uleb128 0x26
 1130 00c1 00       		.byte	0
 1131 00c2 49       		.uleb128 0x49
 1132 00c3 13       		.uleb128 0x13
 1133 00c4 00       		.byte	0
 1134 00c5 00       		.byte	0
 1135 00c6 11       		.uleb128 0x11
 1136 00c7 01       		.uleb128 0x1
 1137 00c8 01       		.byte	0x1
 1138 00c9 49       		.uleb128 0x49
 1139 00ca 13       		.uleb128 0x13
 1140 00cb 01       		.uleb128 0x1
ARM GAS  /tmp/ccQPSASS.s 			page 21


 1141 00cc 13       		.uleb128 0x13
 1142 00cd 00       		.byte	0
 1143 00ce 00       		.byte	0
 1144 00cf 12       		.uleb128 0x12
 1145 00d0 21       		.uleb128 0x21
 1146 00d1 00       		.byte	0
 1147 00d2 49       		.uleb128 0x49
 1148 00d3 13       		.uleb128 0x13
 1149 00d4 2F       		.uleb128 0x2f
 1150 00d5 0B       		.uleb128 0xb
 1151 00d6 00       		.byte	0
 1152 00d7 00       		.byte	0
 1153 00d8 13       		.uleb128 0x13
 1154 00d9 2E       		.uleb128 0x2e
 1155 00da 01       		.byte	0x1
 1156 00db 3F       		.uleb128 0x3f
 1157 00dc 19       		.uleb128 0x19
 1158 00dd 03       		.uleb128 0x3
 1159 00de 0E       		.uleb128 0xe
 1160 00df 3A       		.uleb128 0x3a
 1161 00e0 0B       		.uleb128 0xb
 1162 00e1 3B       		.uleb128 0x3b
 1163 00e2 0B       		.uleb128 0xb
 1164 00e3 27       		.uleb128 0x27
 1165 00e4 19       		.uleb128 0x19
 1166 00e5 49       		.uleb128 0x49
 1167 00e6 13       		.uleb128 0x13
 1168 00e7 11       		.uleb128 0x11
 1169 00e8 01       		.uleb128 0x1
 1170 00e9 12       		.uleb128 0x12
 1171 00ea 06       		.uleb128 0x6
 1172 00eb 40       		.uleb128 0x40
 1173 00ec 18       		.uleb128 0x18
 1174 00ed 9742     		.uleb128 0x2117
 1175 00ef 19       		.uleb128 0x19
 1176 00f0 01       		.uleb128 0x1
 1177 00f1 13       		.uleb128 0x13
 1178 00f2 00       		.byte	0
 1179 00f3 00       		.byte	0
 1180 00f4 14       		.uleb128 0x14
 1181 00f5 34       		.uleb128 0x34
 1182 00f6 00       		.byte	0
 1183 00f7 03       		.uleb128 0x3
 1184 00f8 08       		.uleb128 0x8
 1185 00f9 3A       		.uleb128 0x3a
 1186 00fa 0B       		.uleb128 0xb
 1187 00fb 3B       		.uleb128 0x3b
 1188 00fc 0B       		.uleb128 0xb
 1189 00fd 49       		.uleb128 0x49
 1190 00fe 13       		.uleb128 0x13
 1191 00ff 02       		.uleb128 0x2
 1192 0100 18       		.uleb128 0x18
 1193 0101 00       		.byte	0
 1194 0102 00       		.byte	0
 1195 0103 15       		.uleb128 0x15
 1196 0104 0B       		.uleb128 0xb
 1197 0105 01       		.byte	0x1
ARM GAS  /tmp/ccQPSASS.s 			page 22


 1198 0106 11       		.uleb128 0x11
 1199 0107 01       		.uleb128 0x1
 1200 0108 12       		.uleb128 0x12
 1201 0109 06       		.uleb128 0x6
 1202 010a 01       		.uleb128 0x1
 1203 010b 13       		.uleb128 0x13
 1204 010c 00       		.byte	0
 1205 010d 00       		.byte	0
 1206 010e 16       		.uleb128 0x16
 1207 010f 0B       		.uleb128 0xb
 1208 0110 01       		.byte	0x1
 1209 0111 55       		.uleb128 0x55
 1210 0112 17       		.uleb128 0x17
 1211 0113 00       		.byte	0
 1212 0114 00       		.byte	0
 1213 0115 17       		.uleb128 0x17
 1214 0116 05       		.uleb128 0x5
 1215 0117 00       		.byte	0
 1216 0118 03       		.uleb128 0x3
 1217 0119 08       		.uleb128 0x8
 1218 011a 3A       		.uleb128 0x3a
 1219 011b 0B       		.uleb128 0xb
 1220 011c 3B       		.uleb128 0x3b
 1221 011d 0B       		.uleb128 0xb
 1222 011e 49       		.uleb128 0x49
 1223 011f 13       		.uleb128 0x13
 1224 0120 02       		.uleb128 0x2
 1225 0121 17       		.uleb128 0x17
 1226 0122 00       		.byte	0
 1227 0123 00       		.byte	0
 1228 0124 18       		.uleb128 0x18
 1229 0125 898201   		.uleb128 0x4109
 1230 0128 01       		.byte	0x1
 1231 0129 11       		.uleb128 0x11
 1232 012a 01       		.uleb128 0x1
 1233 012b 31       		.uleb128 0x31
 1234 012c 13       		.uleb128 0x13
 1235 012d 00       		.byte	0
 1236 012e 00       		.byte	0
 1237 012f 19       		.uleb128 0x19
 1238 0130 8A8201   		.uleb128 0x410a
 1239 0133 00       		.byte	0
 1240 0134 02       		.uleb128 0x2
 1241 0135 18       		.uleb128 0x18
 1242 0136 9142     		.uleb128 0x2111
 1243 0138 18       		.uleb128 0x18
 1244 0139 00       		.byte	0
 1245 013a 00       		.byte	0
 1246 013b 1A       		.uleb128 0x1a
 1247 013c 34       		.uleb128 0x34
 1248 013d 00       		.byte	0
 1249 013e 03       		.uleb128 0x3
 1250 013f 0E       		.uleb128 0xe
 1251 0140 3A       		.uleb128 0x3a
 1252 0141 0B       		.uleb128 0xb
 1253 0142 3B       		.uleb128 0x3b
 1254 0143 0B       		.uleb128 0xb
ARM GAS  /tmp/ccQPSASS.s 			page 23


 1255 0144 49       		.uleb128 0x49
 1256 0145 13       		.uleb128 0x13
 1257 0146 3F       		.uleb128 0x3f
 1258 0147 19       		.uleb128 0x19
 1259 0148 3C       		.uleb128 0x3c
 1260 0149 19       		.uleb128 0x19
 1261 014a 00       		.byte	0
 1262 014b 00       		.byte	0
 1263 014c 1B       		.uleb128 0x1b
 1264 014d 34       		.uleb128 0x34
 1265 014e 00       		.byte	0
 1266 014f 03       		.uleb128 0x3
 1267 0150 0E       		.uleb128 0xe
 1268 0151 3A       		.uleb128 0x3a
 1269 0152 0B       		.uleb128 0xb
 1270 0153 3B       		.uleb128 0x3b
 1271 0154 0B       		.uleb128 0xb
 1272 0155 49       		.uleb128 0x49
 1273 0156 13       		.uleb128 0x13
 1274 0157 3F       		.uleb128 0x3f
 1275 0158 19       		.uleb128 0x19
 1276 0159 02       		.uleb128 0x2
 1277 015a 18       		.uleb128 0x18
 1278 015b 00       		.byte	0
 1279 015c 00       		.byte	0
 1280 015d 1C       		.uleb128 0x1c
 1281 015e 2E       		.uleb128 0x2e
 1282 015f 01       		.byte	0x1
 1283 0160 3F       		.uleb128 0x3f
 1284 0161 19       		.uleb128 0x19
 1285 0162 03       		.uleb128 0x3
 1286 0163 0E       		.uleb128 0xe
 1287 0164 3A       		.uleb128 0x3a
 1288 0165 0B       		.uleb128 0xb
 1289 0166 3B       		.uleb128 0x3b
 1290 0167 0B       		.uleb128 0xb
 1291 0168 27       		.uleb128 0x27
 1292 0169 19       		.uleb128 0x19
 1293 016a 3C       		.uleb128 0x3c
 1294 016b 19       		.uleb128 0x19
 1295 016c 00       		.byte	0
 1296 016d 00       		.byte	0
 1297 016e 1D       		.uleb128 0x1d
 1298 016f 05       		.uleb128 0x5
 1299 0170 00       		.byte	0
 1300 0171 49       		.uleb128 0x49
 1301 0172 13       		.uleb128 0x13
 1302 0173 00       		.byte	0
 1303 0174 00       		.byte	0
 1304 0175 00       		.byte	0
 1305              		.section	.debug_loc,"",%progbits
 1306              	.Ldebug_loc0:
 1307              	.LLST0:
 1308 0000 00000000 		.4byte	.LVL1
 1309 0004 27000000 		.4byte	.LVL4-1
 1310 0008 0100     		.2byte	0x1
 1311 000a 50       		.byte	0x50
ARM GAS  /tmp/ccQPSASS.s 			page 24


 1312 000b 27000000 		.4byte	.LVL4-1
 1313 000f 2C000000 		.4byte	.LFE8
 1314 0013 0400     		.2byte	0x4
 1315 0015 F3       		.byte	0xf3
 1316 0016 01       		.uleb128 0x1
 1317 0017 50       		.byte	0x50
 1318 0018 9F       		.byte	0x9f
 1319 0019 00000000 		.4byte	0
 1320 001d 00000000 		.4byte	0
 1321              		.section	.debug_aranges,"",%progbits
 1322 0000 24000000 		.4byte	0x24
 1323 0004 0200     		.2byte	0x2
 1324 0006 00000000 		.4byte	.Ldebug_info0
 1325 000a 04       		.byte	0x4
 1326 000b 00       		.byte	0
 1327 000c 0000     		.2byte	0
 1328 000e 0000     		.2byte	0
 1329 0010 00000000 		.4byte	.LFB7
 1330 0014 1E000000 		.4byte	.LFE7-.LFB7
 1331 0018 00000000 		.4byte	.LFB8
 1332 001c 2C000000 		.4byte	.LFE8-.LFB8
 1333 0020 00000000 		.4byte	0
 1334 0024 00000000 		.4byte	0
 1335              		.section	.debug_ranges,"",%progbits
 1336              	.Ldebug_ranges0:
 1337 0000 10000000 		.4byte	.LBB3
 1338 0004 12000000 		.4byte	.LBE3
 1339 0008 18000000 		.4byte	.LBB4
 1340 000c 1C000000 		.4byte	.LBE4
 1341 0010 00000000 		.4byte	0
 1342 0014 00000000 		.4byte	0
 1343 0018 00000000 		.4byte	.LFB7
 1344 001c 1E000000 		.4byte	.LFE7
 1345 0020 00000000 		.4byte	.LFB8
 1346 0024 2C000000 		.4byte	.LFE8
 1347 0028 00000000 		.4byte	0
 1348 002c 00000000 		.4byte	0
 1349              		.section	.debug_line,"",%progbits
 1350              	.Ldebug_line0:
 1351 0000 B4010000 		.section	.debug_str,"MS",%progbits,1
 1351      02007E01 
 1351      00000201 
 1351      FB0E0D00 
 1351      01010101 
 1352              	.LASF79:
 1353 0000 63665F6F 		.ascii	"cf_off_older\000"
 1353      66665F6F 
 1353      6C646572 
 1353      00
 1354              	.LASF42:
 1355 000d 705F6D73 		.ascii	"p_msg\000"
 1355      6700
 1356              	.LASF2:
 1357 0013 73697A65 		.ascii	"size_t\000"
 1357      5F7400
 1358              	.LASF64:
 1359 001a 7264796D 		.ascii	"rdymsg\000"
ARM GAS  /tmp/ccQPSASS.s 			page 25


 1359      736700
 1360              	.LASF3:
 1361 0021 5F5F7569 		.ascii	"__uint8_t\000"
 1361      6E74385F 
 1361      7400
 1362              	.LASF13:
 1363 002b 6C6F6E67 		.ascii	"long long unsigned int\000"
 1363      206C6F6E 
 1363      6720756E 
 1363      7369676E 
 1363      65642069 
 1364              	.LASF75:
 1365 0042 63685F74 		.ascii	"ch_threadsize\000"
 1365      68726561 
 1365      6473697A 
 1365      6500
 1366              	.LASF65:
 1367 0050 65786974 		.ascii	"exitcode\000"
 1367      636F6465 
 1367      00
 1368              	.LASF88:
 1369 0059 63685265 		.ascii	"chRegFirstThread\000"
 1369      67466972 
 1369      73745468 
 1369      72656164 
 1369      00
 1370              	.LASF30:
 1371 006a 705F7072 		.ascii	"p_prio\000"
 1371      696F00
 1372              	.LASF82:
 1373 0071 63665F6F 		.ascii	"cf_off_state\000"
 1373      66665F73 
 1373      74617465 
 1373      00
 1374              	.LASF12:
 1375 007e 6C6F6E67 		.ascii	"long long int\000"
 1375      206C6F6E 
 1375      6720696E 
 1375      7400
 1376              	.LASF1:
 1377 008c 7369676E 		.ascii	"signed char\000"
 1377      65642063 
 1377      68617200 
 1378              	.LASF81:
 1379 0098 63665F6F 		.ascii	"cf_off_stklimit\000"
 1379      66665F73 
 1379      746B6C69 
 1379      6D697400 
 1380              	.LASF83:
 1381 00a8 63665F6F 		.ascii	"cf_off_flags\000"
 1381      66665F66 
 1381      6C616773 
 1381      00
 1382              	.LASF46:
 1383 00b5 705F6D70 		.ascii	"p_mpool\000"
 1383      6F6F6C00 
 1384              	.LASF61:
ARM GAS  /tmp/ccQPSASS.s 			page 26


 1385 00bd 6D5F7175 		.ascii	"m_queue\000"
 1385      65756500 
 1386              	.LASF22:
 1387 00c5 74736C69 		.ascii	"tslices_t\000"
 1387      6365735F 
 1387      7400
 1388              	.LASF9:
 1389 00cf 6C6F6E67 		.ascii	"long int\000"
 1389      20696E74 
 1389      00
 1390              	.LASF20:
 1391 00d8 74737461 		.ascii	"tstate_t\000"
 1391      74655F74 
 1391      00
 1392              	.LASF15:
 1393 00e1 75696E74 		.ascii	"uint16_t\000"
 1393      31365F74 
 1393      00
 1394              	.LASF87:
 1395 00ea 63686465 		.ascii	"chdebug_t\000"
 1395      6275675F 
 1395      7400
 1396              	.LASF32:
 1397 00f4 705F6E65 		.ascii	"p_newer\000"
 1397      77657200 
 1398              	.LASF10:
 1399 00fc 5F5F7569 		.ascii	"__uint32_t\000"
 1399      6E743332 
 1399      5F7400
 1400              	.LASF49:
 1401 0107 72656761 		.ascii	"regarm_t\000"
 1401      726D5F74 
 1401      00
 1402              	.LASF0:
 1403 0110 756E7369 		.ascii	"unsigned int\000"
 1403      676E6564 
 1403      20696E74 
 1403      00
 1404              	.LASF11:
 1405 011d 6C6F6E67 		.ascii	"long unsigned int\000"
 1405      20756E73 
 1405      69676E65 
 1405      6420696E 
 1405      7400
 1406              	.LASF91:
 1407 012f 63685F64 		.ascii	"ch_debug\000"
 1407      65627567 
 1407      00
 1408              	.LASF69:
 1409 0138 63685F69 		.ascii	"ch_identifier\000"
 1409      64656E74 
 1409      69666965 
 1409      7200
 1410              	.LASF51:
 1411 0146 636F6E74 		.ascii	"context\000"
 1411      65787400 
 1412              	.LASF7:
ARM GAS  /tmp/ccQPSASS.s 			page 27


 1413 014e 73686F72 		.ascii	"short unsigned int\000"
 1413      7420756E 
 1413      7369676E 
 1413      65642069 
 1413      6E7400
 1414              	.LASF24:
 1415 0161 6D73675F 		.ascii	"msg_t\000"
 1415      7400
 1416              	.LASF92:
 1417 0167 474E5520 		.ascii	"GNU C 4.8.2 -mcpu=cortex-m3 -mno-thumb-interwork -m"
 1417      4320342E 
 1417      382E3220 
 1417      2D6D6370 
 1417      753D636F 
 1418 019a 7468756D 		.ascii	"thumb -ggdb -O2 -fomit-frame-pointer -ffunction-sec"
 1418      62202D67 
 1418      67646220 
 1418      2D4F3220 
 1418      2D666F6D 
 1419 01cd 74696F6E 		.ascii	"tions -fdata-sections -fno-common\000"
 1419      73202D66 
 1419      64617461 
 1419      2D736563 
 1419      74696F6E 
 1420              	.LASF19:
 1421 01ef 746D6F64 		.ascii	"tmode_t\000"
 1421      655F7400 
 1422              	.LASF48:
 1423 01f7 54687265 		.ascii	"ThreadsList\000"
 1423      6164734C 
 1423      69737400 
 1424              	.LASF25:
 1425 0203 6576656E 		.ascii	"eventmask_t\000"
 1425      746D6173 
 1425      6B5F7400 
 1426              	.LASF60:
 1427 020f 4D757465 		.ascii	"Mutex\000"
 1427      7800
 1428              	.LASF70:
 1429 0215 63685F7A 		.ascii	"ch_zero\000"
 1429      65726F00 
 1430              	.LASF84:
 1431 021d 63665F6F 		.ascii	"cf_off_refs\000"
 1431      66665F72 
 1431      65667300 
 1432              	.LASF94:
 1433 0229 2F686F6D 		.ascii	"/home/caroline/Documents/PAF/elfes/Code\000"
 1433      652F6361 
 1433      726F6C69 
 1433      6E652F44 
 1433      6F63756D 
 1434              	.LASF52:
 1435 0251 73697A65 		.ascii	"sizetype\000"
 1435      74797065 
 1435      00
 1436              	.LASF74:
 1437 025a 63685F74 		.ascii	"ch_timesize\000"
ARM GAS  /tmp/ccQPSASS.s 			page 28


 1437      696D6573 
 1437      697A6500 
 1438              	.LASF80:
 1439 0266 63665F6F 		.ascii	"cf_off_name\000"
 1439      66665F6E 
 1439      616D6500 
 1440              	.LASF33:
 1441 0272 705F6F6C 		.ascii	"p_older\000"
 1441      64657200 
 1442              	.LASF55:
 1443 027a 725F6374 		.ascii	"r_ctx\000"
 1443      7800
 1444              	.LASF56:
 1445 0280 725F6E65 		.ascii	"r_newer\000"
 1445      77657200 
 1446              	.LASF47:
 1447 0288 54687265 		.ascii	"ThreadsQueue\000"
 1447      61647351 
 1447      75657565 
 1447      00
 1448              	.LASF71:
 1449 0295 63685F73 		.ascii	"ch_size\000"
 1449      697A6500 
 1450              	.LASF58:
 1451 029d 725F6375 		.ascii	"r_current\000"
 1451      7272656E 
 1451      7400
 1452              	.LASF57:
 1453 02a7 725F6F6C 		.ascii	"r_older\000"
 1453      64657200 
 1454              	.LASF21:
 1455 02af 74726566 		.ascii	"trefs_t\000"
 1455      735F7400 
 1456              	.LASF73:
 1457 02b7 63685F70 		.ascii	"ch_ptrsize\000"
 1457      74727369 
 1457      7A6500
 1458              	.LASF29:
 1459 02c2 705F7072 		.ascii	"p_prev\000"
 1459      657600
 1460              	.LASF23:
 1461 02c9 74707269 		.ascii	"tprio_t\000"
 1461      6F5F7400 
 1462              	.LASF18:
 1463 02d1 5F426F6F 		.ascii	"_Bool\000"
 1463      6C00
 1464              	.LASF16:
 1465 02d7 696E7433 		.ascii	"int32_t\000"
 1465      325F7400 
 1466              	.LASF4:
 1467 02df 756E7369 		.ascii	"unsigned char\000"
 1467      676E6564 
 1467      20636861 
 1467      7200
 1468              	.LASF44:
 1469 02ed 705F6D74 		.ascii	"p_mtxlist\000"
 1469      786C6973 
ARM GAS  /tmp/ccQPSASS.s 			page 29


 1469      7400
 1470              	.LASF5:
 1471 02f7 73686F72 		.ascii	"short int\000"
 1471      7420696E 
 1471      7400
 1472              	.LASF35:
 1473 0301 705F7374 		.ascii	"p_state\000"
 1473      61746500 
 1474              	.LASF38:
 1475 0309 705F7072 		.ascii	"p_preempt\000"
 1475      65656D70 
 1475      7400
 1476              	.LASF86:
 1477 0313 63665F6F 		.ascii	"cf_off_time\000"
 1477      66665F74 
 1477      696D6500 
 1478              	.LASF54:
 1479 031f 725F7072 		.ascii	"r_prio\000"
 1479      696F00
 1480              	.LASF67:
 1481 0326 65776D61 		.ascii	"ewmask\000"
 1481      736B00
 1482              	.LASF28:
 1483 032d 705F6E65 		.ascii	"p_next\000"
 1483      787400
 1484              	.LASF85:
 1485 0334 63665F6F 		.ascii	"cf_off_preempt\000"
 1485      66665F70 
 1485      7265656D 
 1485      707400
 1486              	.LASF36:
 1487 0343 705F666C 		.ascii	"p_flags\000"
 1487      61677300 
 1488              	.LASF95:
 1489 034b 63685468 		.ascii	"chThdRelease\000"
 1489      6452656C 
 1489      65617365 
 1489      00
 1490              	.LASF27:
 1491 0358 54687265 		.ascii	"Thread\000"
 1491      616400
 1492              	.LASF78:
 1493 035f 63665F6F 		.ascii	"cf_off_newer\000"
 1493      66665F6E 
 1493      65776572 
 1493      00
 1494              	.LASF43:
 1495 036c 705F6570 		.ascii	"p_epending\000"
 1495      656E6469 
 1495      6E6700
 1496              	.LASF17:
 1497 0377 75696E74 		.ascii	"uint32_t\000"
 1497      33325F74 
 1497      00
 1498              	.LASF76:
 1499 0380 63665F6F 		.ascii	"cf_off_prio\000"
 1499      66665F70 
ARM GAS  /tmp/ccQPSASS.s 			page 30


 1499      72696F00 
 1500              	.LASF53:
 1501 038c 725F7175 		.ascii	"r_queue\000"
 1501      65756500 
 1502              	.LASF68:
 1503 0394 63686172 		.ascii	"char\000"
 1503      00
 1504              	.LASF89:
 1505 0399 63685265 		.ascii	"chRegNextThread\000"
 1505      674E6578 
 1505      74546872 
 1505      65616400 
 1506              	.LASF6:
 1507 03a9 5F5F7569 		.ascii	"__uint16_t\000"
 1507      6E743136 
 1507      5F7400
 1508              	.LASF63:
 1509 03b4 6D5F6E65 		.ascii	"m_next\000"
 1509      787400
 1510              	.LASF26:
 1511 03bb 73797374 		.ascii	"systime_t\000"
 1511      696D655F 
 1511      7400
 1512              	.LASF45:
 1513 03c5 705F7265 		.ascii	"p_realprio\000"
 1513      616C7072 
 1513      696F00
 1514              	.LASF8:
 1515 03d0 5F5F696E 		.ascii	"__int32_t\000"
 1515      7433325F 
 1515      7400
 1516              	.LASF39:
 1517 03da 705F7469 		.ascii	"p_time\000"
 1517      6D6500
 1518              	.LASF50:
 1519 03e1 696E7463 		.ascii	"intctx\000"
 1519      747800
 1520              	.LASF41:
 1521 03e8 705F6D73 		.ascii	"p_msgqueue\000"
 1521      67717565 
 1521      756500
 1522              	.LASF77:
 1523 03f3 63665F6F 		.ascii	"cf_off_ctx\000"
 1523      66665F63 
 1523      747800
 1524              	.LASF37:
 1525 03fe 705F7265 		.ascii	"p_refs\000"
 1525      667300
 1526              	.LASF59:
 1527 0405 52656164 		.ascii	"ReadyList\000"
 1527      794C6973 
 1527      7400
 1528              	.LASF90:
 1529 040f 726C6973 		.ascii	"rlist\000"
 1529      7400
 1530              	.LASF14:
 1531 0415 75696E74 		.ascii	"uint8_t\000"
ARM GAS  /tmp/ccQPSASS.s 			page 31


 1531      385F7400 
 1532              	.LASF66:
 1533 041d 77746F62 		.ascii	"wtobjp\000"
 1533      6A7000
 1534              	.LASF34:
 1535 0424 705F6E61 		.ascii	"p_name\000"
 1535      6D6500
 1536              	.LASF93:
 1537 042b 2E2E2F43 		.ascii	"../ChibiOS_2.6.4/os/kernel/src/chregistry.c\000"
 1537      68696269 
 1537      4F535F32 
 1537      2E362E34 
 1537      2F6F732F 
 1538              	.LASF72:
 1539 0457 63685F76 		.ascii	"ch_version\000"
 1539      65727369 
 1539      6F6E00
 1540              	.LASF62:
 1541 0462 6D5F6F77 		.ascii	"m_owner\000"
 1541      6E657200 
 1542              	.LASF31:
 1543 046a 705F6374 		.ascii	"p_ctx\000"
 1543      7800
 1544              	.LASF40:
 1545 0470 705F7761 		.ascii	"p_waiting\000"
 1545      6974696E 
 1545      6700
 1546              		.ident	"GCC: (4.8.2-14ubuntu1+6) 4.8.2"
ARM GAS  /tmp/ccQPSASS.s 			page 32


DEFINED SYMBOLS
                            *ABS*:0000000000000000 chregistry.c
     /tmp/ccQPSASS.s:19     .text.chRegFirstThread:0000000000000000 $t
     /tmp/ccQPSASS.s:24     .text.chRegFirstThread:0000000000000000 chRegFirstThread
     /tmp/ccQPSASS.s:66     .text.chRegNextThread:0000000000000000 $t
     /tmp/ccQPSASS.s:71     .text.chRegNextThread:0000000000000000 chRegNextThread
     /tmp/ccQPSASS.s:129    .rodata.ch_debug:0000000000000000 ch_debug
     /tmp/ccQPSASS.s:126    .rodata.ch_debug:0000000000000000 $d
                     .debug_frame:0000000000000010 $d

UNDEFINED SYMBOLS
rlist
chThdRelease
