ARM GAS  /tmp/ccXbx0be.s 			page 1


   1              		.syntax unified
   2              		.cpu cortex-m3
   3              		.fpu softvfp
   4              		.eabi_attribute 20, 1
   5              		.eabi_attribute 21, 1
   6              		.eabi_attribute 23, 3
   7              		.eabi_attribute 24, 1
   8              		.eabi_attribute 25, 1
   9              		.eabi_attribute 26, 1
  10              		.eabi_attribute 30, 2
  11              		.eabi_attribute 34, 1
  12              		.eabi_attribute 18, 4
  13              		.thumb
  14              		.file	"chsys.c"
  15              		.text
  16              	.Ltext0:
  17              		.cfi_sections	.debug_frame
  18              		.section	.text._idle_thread,"ax",%progbits
  19              		.align	2
  20              		.global	_idle_thread
  21              		.thumb
  22              		.thumb_func
  23              		.type	_idle_thread, %function
  24              	_idle_thread:
  25              	.LFB7:
  26              		.file 1 "../ChibiOS_2.6.4/os/kernel/src/chsys.c"
  27              		.loc 1 61 0
  28              		.cfi_startproc
  29              		@ Volatile: function does not return.
  30              		@ args = 0, pretend = 0, frame = 0
  31              		@ frame_needed = 0, uses_anonymous_args = 0
  32              		@ link register save eliminated.
  33              	.LVL0:
  34              		.loc 1 64 0
  35 0000 40F20003 		movw	r3, #:lower16:rlist
  36 0004 C0F20003 		movt	r3, #:upper16:rlist
  37 0008 9A69     		ldr	r2, [r3, #24]
  38 000a 40F20003 		movw	r3, #:lower16:.LC0
  39 000e C0F20003 		movt	r3, #:upper16:.LC0
  40 0012 9361     		str	r3, [r2, #24]
  41              	.L2:
  42 0014 FEE7     		b	.L2
  43              		.cfi_endproc
  44              	.LFE7:
  45              		.size	_idle_thread, .-_idle_thread
  46 0016 00BF     		.section	.text.chSysInit,"ax",%progbits
  47              		.align	2
  48              		.global	chSysInit
  49              		.thumb
  50              		.thumb_func
  51              		.type	chSysInit, %function
  52              	chSysInit:
  53              	.LFB8:
  54              		.loc 1 84 0
  55              		.cfi_startproc
  56              		@ args = 0, pretend = 0, frame = 0
  57              		@ frame_needed = 0, uses_anonymous_args = 0
ARM GAS  /tmp/ccXbx0be.s 			page 2


  58 0000 10B5     		push	{r4, lr}
  59              		.cfi_def_cfa_offset 8
  60              		.cfi_offset 4, -8
  61              		.cfi_offset 14, -4
  62 0002 82B0     		sub	sp, sp, #8
  63              		.cfi_def_cfa_offset 16
  64              		.loc 1 90 0
  65 0004 FFF7FEFF 		bl	_port_init
  66              	.LVL1:
  67              		.loc 1 91 0
  68 0008 FFF7FEFF 		bl	_scheduler_init
  69              	.LVL2:
  70              		.loc 1 92 0
  71 000c FFF7FEFF 		bl	_vt_init
  72              	.LVL3:
  73              		.loc 1 94 0
  74 0010 FFF7FEFF 		bl	_core_init
  75              	.LVL4:
  76              		.loc 1 97 0
  77 0014 FFF7FEFF 		bl	_heap_init
  78              	.LVL5:
  79              		.loc 1 104 0
  80 0018 40F20000 		movw	r0, #:lower16:.LANCHOR0
  81 001c 4021     		movs	r1, #64
  82 001e C0F20000 		movt	r0, #:upper16:.LANCHOR0
  83 0022 FFF7FEFF 		bl	_thread_init
  84              	.LVL6:
  85 0026 40F20003 		movw	r3, #:lower16:rlist
  86 002a C0F20003 		movt	r3, #:upper16:rlist
  87              		.loc 1 105 0
  88 002e 0122     		movs	r2, #1
  89              		.loc 1 104 0
  90 0030 9861     		str	r0, [r3, #24]
  91              		.loc 1 105 0
  92 0032 0277     		strb	r2, [r0, #28]
  93              	.LBB2:
  94              		.loc 1 111 0
  95 0034 0023     		movs	r3, #0
  96              	@ 111 "../ChibiOS_2.6.4/os/kernel/src/chsys.c" 1
  97 0036 83F31188 		msr     BASEPRI, r3                    
  98 003a 62B6     		cpsie   i
  99              	@ 0 "" 2
 100              		.thumb
 101              	.LBE2:
 102              		.loc 1 115 0
 103 003c 40F20003 		movw	r3, #:lower16:rlist
 104 0040 C0F20003 		movt	r3, #:upper16:rlist
 105 0044 9C69     		ldr	r4, [r3, #24]
 106 0046 40F20002 		movw	r2, #:lower16:ch_debug
 107 004a C0F20002 		movt	r2, #:upper16:ch_debug
 108              		.loc 1 121 0
 109 004e 0021     		movs	r1, #0
 110 0050 40F20000 		movw	r0, #:lower16:.LANCHOR1
 111 0054 40F20003 		movw	r3, #:lower16:_idle_thread
 112              		.loc 1 115 0
 113 0058 A261     		str	r2, [r4, #24]
 114              		.loc 1 121 0
ARM GAS  /tmp/ccXbx0be.s 			page 3


 115 005a C0F20003 		movt	r3, #:upper16:_idle_thread
 116 005e 0091     		str	r1, [sp]
 117 0060 0122     		movs	r2, #1
 118 0062 E021     		movs	r1, #224
 119 0064 C0F20000 		movt	r0, #:upper16:.LANCHOR1
 120 0068 FFF7FEFF 		bl	chThdCreateStatic
 121              	.LVL7:
 122              		.loc 1 124 0
 123 006c 02B0     		add	sp, sp, #8
 124              		@ sp needed
 125 006e 10BD     		pop	{r4, pc}
 126              		.cfi_endproc
 127              	.LFE8:
 128              		.size	chSysInit, .-chSysInit
 129              		.section	.text.chSysTimerHandlerI,"ax",%progbits
 130              		.align	2
 131              		.global	chSysTimerHandlerI
 132              		.thumb
 133              		.thumb_func
 134              		.type	chSysTimerHandlerI, %function
 135              	chSysTimerHandlerI:
 136              	.LFB9:
 137              		.loc 1 137 0
 138              		.cfi_startproc
 139              		@ args = 0, pretend = 0, frame = 0
 140              		@ frame_needed = 0, uses_anonymous_args = 0
 141 0000 70B5     		push	{r4, r5, r6, lr}
 142              		.cfi_def_cfa_offset 16
 143              		.cfi_offset 4, -16
 144              		.cfi_offset 5, -12
 145              		.cfi_offset 6, -8
 146              		.cfi_offset 14, -4
 147              		.loc 1 143 0
 148 0002 40F20003 		movw	r3, #:lower16:rlist
 149 0006 C0F20003 		movt	r3, #:upper16:rlist
 150 000a 9B69     		ldr	r3, [r3, #24]
 151 000c DA7F     		ldrb	r2, [r3, #31]	@ zero_extendqisi2
 152 000e 0AB1     		cbz	r2, .L6
 153              		.loc 1 145 0
 154 0010 013A     		subs	r2, r2, #1
 155 0012 DA77     		strb	r2, [r3, #31]
 156              	.L6:
 157              		.loc 1 148 0
 158 0014 1A6A     		ldr	r2, [r3, #32]
 159              		.loc 1 150 0
 160 0016 40F20001 		movw	r1, #:lower16:vtlist
 161              		.loc 1 148 0
 162 001a 0132     		adds	r2, r2, #1
 163              		.loc 1 150 0
 164 001c C0F20001 		movt	r1, #:upper16:vtlist
 165              		.loc 1 148 0
 166 0020 1A62     		str	r2, [r3, #32]
 167              		.loc 1 150 0
 168 0022 CB68     		ldr	r3, [r1, #12]
 169 0024 0A68     		ldr	r2, [r1]
 170 0026 0133     		adds	r3, r3, #1
 171 0028 8A42     		cmp	r2, r1
ARM GAS  /tmp/ccXbx0be.s 			page 4


 172 002a CB60     		str	r3, [r1, #12]
 173 002c 19D0     		beq	.L5
 174              	.LBB3:
 175              		.loc 1 150 0 is_stmt 0 discriminator 1
 176 002e 9668     		ldr	r6, [r2, #8]
 177 0030 013E     		subs	r6, r6, #1
 178 0032 9660     		str	r6, [r2, #8]
 179              	.LVL8:
 180 0034 AEB9     		cbnz	r6, .L5
 181              		.loc 1 150 0
 182 0036 0D46     		mov	r5, r1
 183              	.L9:
 184              	.LBB4:
 185              		.loc 1 150 0 discriminator 2
 186 0038 1068     		ldr	r0, [r2]
 187 003a D468     		ldr	r4, [r2, #12]
 188              	.LVL9:
 189 003c 0860     		str	r0, [r1]
 190 003e D660     		str	r6, [r2, #12]
 191              	.LBB5:
 192 0040 0023     		movs	r3, #0
 193              	.LBE5:
 194 0042 4160     		str	r1, [r0, #4]
 195              	.LBB6:
 196              	@ 150 "../ChibiOS_2.6.4/os/kernel/src/chsys.c" 1
 197 0044 83F31188 		msr     BASEPRI, r3
 198              	@ 0 "" 2
 199              		.thumb
 200              	.LBE6:
 201 0048 1069     		ldr	r0, [r2, #16]
 202 004a A047     		blx	r4
 203              	.LVL10:
 204              	.LBB7:
 205 004c 2023     		movs	r3, #32
 206              	@ 150 "../ChibiOS_2.6.4/os/kernel/src/chsys.c" 1
 207 004e 83F31188 		msr     BASEPRI, r3
 208              	@ 0 "" 2
 209              		.thumb
 210              	.LBE7:
 211              	.LBE4:
 212 0052 2A68     		ldr	r2, [r5]
 213              	.LVL11:
 214 0054 40F20001 		movw	r1, #:lower16:vtlist
 215 0058 9368     		ldr	r3, [r2, #8]
 216 005a C0F20001 		movt	r1, #:upper16:vtlist
 217 005e 002B     		cmp	r3, #0
 218 0060 EAD0     		beq	.L9
 219              	.LVL12:
 220              	.L5:
 221 0062 70BD     		pop	{r4, r5, r6, pc}
 222              	.LBE3:
 223              		.cfi_endproc
 224              	.LFE9:
 225              		.size	chSysTimerHandlerI, .-chSysTimerHandlerI
 226              		.global	_idle_thread_wa
 227              		.section	.rodata.str1.4,"aMS",%progbits,1
 228              		.align	2
ARM GAS  /tmp/ccXbx0be.s 			page 5


 229              	.LC0:
 230 0000 69646C65 		.ascii	"idle\000"
 230      00
 231 0005 000000   		.section	.bss.mainthread.4794,"aw",%nobits
 232              		.align	2
 233              		.set	.LANCHOR0,. + 0
 234              		.type	mainthread.4794, %object
 235              		.size	mainthread.4794, 72
 236              	mainthread.4794:
 237 0000 00000000 		.space	72
 237      00000000 
 237      00000000 
 237      00000000 
 237      00000000 
 238              		.section	.bss._idle_thread_wa,"aw",%nobits
 239              		.align	3
 240              		.set	.LANCHOR1,. + 0
 241              		.type	_idle_thread_wa, %object
 242              		.size	_idle_thread_wa, 224
 243              	_idle_thread_wa:
 244 0000 00000000 		.space	224
 244      00000000 
 244      00000000 
 244      00000000 
 244      00000000 
 245              		.text
 246              	.Letext0:
 247              		.file 2 "/usr/lib/gcc/arm-none-eabi/4.8.2/include/stddef.h"
 248              		.file 3 "/usr/include/newlib/machine/_default_types.h"
 249              		.file 4 "/usr/include/newlib/stdint.h"
 250              		.file 5 "../ChibiOS_2.6.4/os/ports/GCC/ARMCMx/chtypes.h"
 251              		.file 6 "../ChibiOS_2.6.4/os/kernel/include/chlists.h"
 252              		.file 7 "../ChibiOS_2.6.4/os/kernel/include/chthreads.h"
 253              		.file 8 "../ChibiOS_2.6.4/os/ports/GCC/ARMCMx/chcore_v7m.h"
 254              		.file 9 "../ChibiOS_2.6.4/os/kernel/include/chvt.h"
 255              		.file 10 "../ChibiOS_2.6.4/os/kernel/include/chschd.h"
 256              		.file 11 "../ChibiOS_2.6.4/os/kernel/include/chmtx.h"
 257              		.file 12 "../ChibiOS_2.6.4/os/kernel/include/chregistry.h"
 258              		.file 13 "../ChibiOS_2.6.4/os/kernel/include/chmemcore.h"
 259              		.file 14 "../ChibiOS_2.6.4/os/kernel/include/chheap.h"
 260              		.section	.debug_info,"",%progbits
 261              	.Ldebug_info0:
 262 0000 23080000 		.4byte	0x823
 263 0004 0400     		.2byte	0x4
 264 0006 00000000 		.4byte	.Ldebug_abbrev0
 265 000a 04       		.byte	0x4
 266 000b 01       		.uleb128 0x1
 267 000c E7010000 		.4byte	.LASF114
 268 0010 01       		.byte	0x1
 269 0011 96030000 		.4byte	.LASF115
 270 0015 CE020000 		.4byte	.LASF116
 271 0019 18000000 		.4byte	.Ldebug_ranges0+0x18
 272 001d 00000000 		.4byte	0
 273 0021 00000000 		.4byte	.Ldebug_line0
 274 0025 02       		.uleb128 0x2
 275 0026 04       		.byte	0x4
 276 0027 05       		.byte	0x5
ARM GAS  /tmp/ccXbx0be.s 			page 6


 277 0028 696E7400 		.ascii	"int\000"
 278 002c 03       		.uleb128 0x3
 279 002d 1B000000 		.4byte	.LASF2
 280 0031 02       		.byte	0x2
 281 0032 D4       		.byte	0xd4
 282 0033 37000000 		.4byte	0x37
 283 0037 04       		.uleb128 0x4
 284 0038 04       		.byte	0x4
 285 0039 07       		.byte	0x7
 286 003a 72010000 		.4byte	.LASF0
 287 003e 04       		.uleb128 0x4
 288 003f 01       		.byte	0x1
 289 0040 06       		.byte	0x6
 290 0041 C1000000 		.4byte	.LASF1
 291 0045 03       		.uleb128 0x3
 292 0046 32000000 		.4byte	.LASF3
 293 004a 03       		.byte	0x3
 294 004b 1C       		.byte	0x1c
 295 004c 50000000 		.4byte	0x50
 296 0050 04       		.uleb128 0x4
 297 0051 01       		.byte	0x1
 298 0052 08       		.byte	0x8
 299 0053 CB030000 		.4byte	.LASF4
 300 0057 04       		.uleb128 0x4
 301 0058 02       		.byte	0x2
 302 0059 05       		.byte	0x5
 303 005a EE030000 		.4byte	.LASF5
 304 005e 03       		.uleb128 0x3
 305 005f 90040000 		.4byte	.LASF6
 306 0063 03       		.byte	0x3
 307 0064 26       		.byte	0x26
 308 0065 69000000 		.4byte	0x69
 309 0069 04       		.uleb128 0x4
 310 006a 02       		.byte	0x2
 311 006b 07       		.byte	0x7
 312 006c CE010000 		.4byte	.LASF7
 313 0070 03       		.uleb128 0x3
 314 0071 B7040000 		.4byte	.LASF8
 315 0075 03       		.byte	0x3
 316 0076 37       		.byte	0x37
 317 0077 7B000000 		.4byte	0x7b
 318 007b 04       		.uleb128 0x4
 319 007c 04       		.byte	0x4
 320 007d 05       		.byte	0x5
 321 007e 04010000 		.4byte	.LASF9
 322 0082 03       		.uleb128 0x3
 323 0083 41010000 		.4byte	.LASF10
 324 0087 03       		.byte	0x3
 325 0088 38       		.byte	0x38
 326 0089 8D000000 		.4byte	0x8d
 327 008d 04       		.uleb128 0x4
 328 008e 04       		.byte	0x4
 329 008f 07       		.byte	0x7
 330 0090 94010000 		.4byte	.LASF11
 331 0094 04       		.uleb128 0x4
 332 0095 08       		.byte	0x8
 333 0096 05       		.byte	0x5
ARM GAS  /tmp/ccXbx0be.s 			page 7


 334 0097 B3000000 		.4byte	.LASF12
 335 009b 03       		.uleb128 0x3
 336 009c 69030000 		.4byte	.LASF13
 337 00a0 03       		.byte	0x3
 338 00a1 4E       		.byte	0x4e
 339 00a2 A6000000 		.4byte	0xa6
 340 00a6 04       		.uleb128 0x4
 341 00a7 08       		.byte	0x8
 342 00a8 07       		.byte	0x7
 343 00a9 56000000 		.4byte	.LASF14
 344 00ad 03       		.uleb128 0x3
 345 00ae 0C050000 		.4byte	.LASF15
 346 00b2 04       		.byte	0x4
 347 00b3 2A       		.byte	0x2a
 348 00b4 45000000 		.4byte	0x45
 349 00b8 03       		.uleb128 0x3
 350 00b9 16010000 		.4byte	.LASF16
 351 00bd 04       		.byte	0x4
 352 00be 36       		.byte	0x36
 353 00bf 5E000000 		.4byte	0x5e
 354 00c3 03       		.uleb128 0x3
 355 00c4 C3030000 		.4byte	.LASF17
 356 00c8 04       		.byte	0x4
 357 00c9 41       		.byte	0x41
 358 00ca 70000000 		.4byte	0x70
 359 00ce 03       		.uleb128 0x3
 360 00cf 61040000 		.4byte	.LASF18
 361 00d3 04       		.byte	0x4
 362 00d4 42       		.byte	0x42
 363 00d5 82000000 		.4byte	0x82
 364 00d9 03       		.uleb128 0x3
 365 00da 29000000 		.4byte	.LASF19
 366 00de 04       		.byte	0x4
 367 00df 4E       		.byte	0x4e
 368 00e0 9B000000 		.4byte	0x9b
 369 00e4 04       		.uleb128 0x4
 370 00e5 01       		.byte	0x1
 371 00e6 02       		.byte	0x2
 372 00e7 BD030000 		.4byte	.LASF20
 373 00eb 03       		.uleb128 0x3
 374 00ec 6F020000 		.4byte	.LASF21
 375 00f0 05       		.byte	0x5
 376 00f1 2C       		.byte	0x2c
 377 00f2 AD000000 		.4byte	0xad
 378 00f6 03       		.uleb128 0x3
 379 00f7 0D010000 		.4byte	.LASF22
 380 00fb 05       		.byte	0x5
 381 00fc 2D       		.byte	0x2d
 382 00fd AD000000 		.4byte	0xad
 383 0101 03       		.uleb128 0x3
 384 0102 74030000 		.4byte	.LASF23
 385 0106 05       		.byte	0x5
 386 0107 2E       		.byte	0x2e
 387 0108 AD000000 		.4byte	0xad
 388 010c 03       		.uleb128 0x3
 389 010d FA000000 		.4byte	.LASF24
 390 0111 05       		.byte	0x5
ARM GAS  /tmp/ccXbx0be.s 			page 8


 391 0112 2F       		.byte	0x2f
 392 0113 AD000000 		.4byte	0xad
 393 0117 03       		.uleb128 0x3
 394 0118 8E030000 		.4byte	.LASF25
 395 011c 05       		.byte	0x5
 396 011d 30       		.byte	0x30
 397 011e CE000000 		.4byte	0xce
 398 0122 03       		.uleb128 0x3
 399 0123 E1010000 		.4byte	.LASF26
 400 0127 05       		.byte	0x5
 401 0128 31       		.byte	0x31
 402 0129 C3000000 		.4byte	0xc3
 403 012d 03       		.uleb128 0x3
 404 012e 83020000 		.4byte	.LASF27
 405 0132 05       		.byte	0x5
 406 0133 33       		.byte	0x33
 407 0134 CE000000 		.4byte	0xce
 408 0138 03       		.uleb128 0x3
 409 0139 A2040000 		.4byte	.LASF28
 410 013d 05       		.byte	0x5
 411 013e 35       		.byte	0x35
 412 013f CE000000 		.4byte	0xce
 413 0143 03       		.uleb128 0x3
 414 0144 42040000 		.4byte	.LASF29
 415 0148 06       		.byte	0x6
 416 0149 2A       		.byte	0x2a
 417 014a 4E010000 		.4byte	0x14e
 418 014e 05       		.uleb128 0x5
 419 014f 42040000 		.4byte	.LASF29
 420 0153 48       		.byte	0x48
 421 0154 07       		.byte	0x7
 422 0155 5E       		.byte	0x5e
 423 0156 4B020000 		.4byte	0x24b
 424 015a 06       		.uleb128 0x6
 425 015b 24040000 		.4byte	.LASF30
 426 015f 07       		.byte	0x7
 427 0160 5F       		.byte	0x5f
 428 0161 6C020000 		.4byte	0x26c
 429 0165 00       		.byte	0
 430 0166 06       		.uleb128 0x6
 431 0167 87030000 		.4byte	.LASF31
 432 016b 07       		.byte	0x7
 433 016c 61       		.byte	0x61
 434 016d 6C020000 		.4byte	0x26c
 435 0171 04       		.byte	0x4
 436 0172 06       		.uleb128 0x6
 437 0173 8F000000 		.4byte	.LASF32
 438 0177 07       		.byte	0x7
 439 0178 63       		.byte	0x63
 440 0179 17010000 		.4byte	0x117
 441 017d 08       		.byte	0x8
 442 017e 06       		.uleb128 0x6
 443 017f 52050000 		.4byte	.LASF33
 444 0183 07       		.byte	0x7
 445 0184 64       		.byte	0x64
 446 0185 31030000 		.4byte	0x331
 447 0189 0C       		.byte	0xc
ARM GAS  /tmp/ccXbx0be.s 			page 9


 448 018a 06       		.uleb128 0x6
 449 018b 29010000 		.4byte	.LASF34
 450 018f 07       		.byte	0x7
 451 0190 66       		.byte	0x66
 452 0191 6C020000 		.4byte	0x26c
 453 0195 10       		.byte	0x10
 454 0196 06       		.uleb128 0x6
 455 0197 1F030000 		.4byte	.LASF35
 456 019b 07       		.byte	0x7
 457 019c 67       		.byte	0x67
 458 019d 6C020000 		.4byte	0x26c
 459 01a1 14       		.byte	0x14
 460 01a2 06       		.uleb128 0x6
 461 01a3 26050000 		.4byte	.LASF36
 462 01a7 07       		.byte	0x7
 463 01a8 6E       		.byte	0x6e
 464 01a9 EB040000 		.4byte	0x4eb
 465 01ad 18       		.byte	0x18
 466 01ae 06       		.uleb128 0x6
 467 01af F8030000 		.4byte	.LASF37
 468 01b3 07       		.byte	0x7
 469 01b4 79       		.byte	0x79
 470 01b5 F6000000 		.4byte	0xf6
 471 01b9 1C       		.byte	0x1c
 472 01ba 06       		.uleb128 0x6
 473 01bb 3A040000 		.4byte	.LASF38
 474 01bf 07       		.byte	0x7
 475 01c0 7D       		.byte	0x7d
 476 01c1 EB000000 		.4byte	0xeb
 477 01c5 1D       		.byte	0x1d
 478 01c6 06       		.uleb128 0x6
 479 01c7 F5040000 		.4byte	.LASF39
 480 01cb 07       		.byte	0x7
 481 01cc 82       		.byte	0x82
 482 01cd 01010000 		.4byte	0x101
 483 01d1 1E       		.byte	0x1e
 484 01d2 06       		.uleb128 0x6
 485 01d3 00040000 		.4byte	.LASF40
 486 01d7 07       		.byte	0x7
 487 01d8 88       		.byte	0x88
 488 01d9 0C010000 		.4byte	0x10c
 489 01dd 1F       		.byte	0x1f
 490 01de 06       		.uleb128 0x6
 491 01df CA040000 		.4byte	.LASF41
 492 01e3 07       		.byte	0x7
 493 01e4 8F       		.byte	0x8f
 494 01e5 08040000 		.4byte	0x408
 495 01e9 20       		.byte	0x20
 496 01ea 07       		.uleb128 0x7
 497 01eb 705F7500 		.ascii	"p_u\000"
 498 01ef 07       		.byte	0x7
 499 01f0 B4       		.byte	0xb4
 500 01f1 B6040000 		.4byte	0x4b6
 501 01f5 24       		.byte	0x24
 502 01f6 06       		.uleb128 0x6
 503 01f7 58050000 		.4byte	.LASF42
 504 01fb 07       		.byte	0x7
ARM GAS  /tmp/ccXbx0be.s 			page 10


 505 01fc B9       		.byte	0xb9
 506 01fd 92020000 		.4byte	0x292
 507 0201 28       		.byte	0x28
 508 0202 06       		.uleb128 0x6
 509 0203 D8040000 		.4byte	.LASF43
 510 0207 07       		.byte	0x7
 511 0208 BF       		.byte	0xbf
 512 0209 72020000 		.4byte	0x272
 513 020d 2C       		.byte	0x2c
 514 020e 06       		.uleb128 0x6
 515 020f 15000000 		.4byte	.LASF44
 516 0213 07       		.byte	0x7
 517 0214 C3       		.byte	0xc3
 518 0215 22010000 		.4byte	0x122
 519 0219 34       		.byte	0x34
 520 021a 06       		.uleb128 0x6
 521 021b 56040000 		.4byte	.LASF45
 522 021f 07       		.byte	0x7
 523 0220 C9       		.byte	0xc9
 524 0221 2D010000 		.4byte	0x12d
 525 0225 38       		.byte	0x38
 526 0226 06       		.uleb128 0x6
 527 0227 E4030000 		.4byte	.LASF46
 528 022b 07       		.byte	0x7
 529 022c D0       		.byte	0xd0
 530 022d FD040000 		.4byte	0x4fd
 531 0231 3C       		.byte	0x3c
 532 0232 06       		.uleb128 0x6
 533 0233 AC040000 		.4byte	.LASF47
 534 0237 07       		.byte	0x7
 535 0238 D4       		.byte	0xd4
 536 0239 17010000 		.4byte	0x117
 537 023d 40       		.byte	0x40
 538 023e 06       		.uleb128 0x6
 539 023f EA000000 		.4byte	.LASF48
 540 0243 07       		.byte	0x7
 541 0244 DA       		.byte	0xda
 542 0245 A8020000 		.4byte	0x2a8
 543 0249 44       		.byte	0x44
 544 024a 00       		.byte	0
 545 024b 08       		.uleb128 0x8
 546 024c 08       		.byte	0x8
 547 024d 06       		.byte	0x6
 548 024e 61       		.byte	0x61
 549 024f 6C020000 		.4byte	0x26c
 550 0253 06       		.uleb128 0x6
 551 0254 24040000 		.4byte	.LASF30
 552 0258 06       		.byte	0x6
 553 0259 62       		.byte	0x62
 554 025a 6C020000 		.4byte	0x26c
 555 025e 00       		.byte	0
 556 025f 06       		.uleb128 0x6
 557 0260 87030000 		.4byte	.LASF31
 558 0264 06       		.byte	0x6
 559 0265 64       		.byte	0x64
 560 0266 6C020000 		.4byte	0x26c
 561 026a 04       		.byte	0x4
ARM GAS  /tmp/ccXbx0be.s 			page 11


 562 026b 00       		.byte	0
 563 026c 09       		.uleb128 0x9
 564 026d 04       		.byte	0x4
 565 026e 43010000 		.4byte	0x143
 566 0272 03       		.uleb128 0x3
 567 0273 35030000 		.4byte	.LASF49
 568 0277 06       		.byte	0x6
 569 0278 66       		.byte	0x66
 570 0279 4B020000 		.4byte	0x24b
 571 027d 08       		.uleb128 0x8
 572 027e 04       		.byte	0x4
 573 027f 06       		.byte	0x6
 574 0280 6B       		.byte	0x6b
 575 0281 92020000 		.4byte	0x292
 576 0285 06       		.uleb128 0x6
 577 0286 24040000 		.4byte	.LASF30
 578 028a 06       		.byte	0x6
 579 028b 6D       		.byte	0x6d
 580 028c 6C020000 		.4byte	0x26c
 581 0290 00       		.byte	0
 582 0291 00       		.byte	0
 583 0292 03       		.uleb128 0x3
 584 0293 77020000 		.4byte	.LASF50
 585 0297 06       		.byte	0x6
 586 0298 70       		.byte	0x70
 587 0299 7D020000 		.4byte	0x27d
 588 029d 03       		.uleb128 0x3
 589 029e 4C010000 		.4byte	.LASF51
 590 02a2 08       		.byte	0x8
 591 02a3 E5       		.byte	0xe5
 592 02a4 A8020000 		.4byte	0x2a8
 593 02a8 0A       		.uleb128 0xa
 594 02a9 04       		.byte	0x4
 595 02aa 03       		.uleb128 0x3
 596 02ab 95020000 		.4byte	.LASF52
 597 02af 08       		.byte	0x8
 598 02b0 EB       		.byte	0xeb
 599 02b1 D9000000 		.4byte	0xd9
 600 02b5 0B       		.uleb128 0xb
 601 02b6 D1040000 		.4byte	.LASF53
 602 02ba 24       		.byte	0x24
 603 02bb 08       		.byte	0x8
 604 02bc 0C01     		.2byte	0x10c
 605 02be 31030000 		.4byte	0x331
 606 02c2 0C       		.uleb128 0xc
 607 02c3 723400   		.ascii	"r4\000"
 608 02c6 08       		.byte	0x8
 609 02c7 1F01     		.2byte	0x11f
 610 02c9 9D020000 		.4byte	0x29d
 611 02cd 00       		.byte	0
 612 02ce 0C       		.uleb128 0xc
 613 02cf 723500   		.ascii	"r5\000"
 614 02d2 08       		.byte	0x8
 615 02d3 2001     		.2byte	0x120
 616 02d5 9D020000 		.4byte	0x29d
 617 02d9 04       		.byte	0x4
 618 02da 0C       		.uleb128 0xc
ARM GAS  /tmp/ccXbx0be.s 			page 12


 619 02db 723600   		.ascii	"r6\000"
 620 02de 08       		.byte	0x8
 621 02df 2101     		.2byte	0x121
 622 02e1 9D020000 		.4byte	0x29d
 623 02e5 08       		.byte	0x8
 624 02e6 0C       		.uleb128 0xc
 625 02e7 723700   		.ascii	"r7\000"
 626 02ea 08       		.byte	0x8
 627 02eb 2201     		.2byte	0x122
 628 02ed 9D020000 		.4byte	0x29d
 629 02f1 0C       		.byte	0xc
 630 02f2 0C       		.uleb128 0xc
 631 02f3 723800   		.ascii	"r8\000"
 632 02f6 08       		.byte	0x8
 633 02f7 2301     		.2byte	0x123
 634 02f9 9D020000 		.4byte	0x29d
 635 02fd 10       		.byte	0x10
 636 02fe 0C       		.uleb128 0xc
 637 02ff 723900   		.ascii	"r9\000"
 638 0302 08       		.byte	0x8
 639 0303 2401     		.2byte	0x124
 640 0305 9D020000 		.4byte	0x29d
 641 0309 14       		.byte	0x14
 642 030a 0C       		.uleb128 0xc
 643 030b 72313000 		.ascii	"r10\000"
 644 030f 08       		.byte	0x8
 645 0310 2501     		.2byte	0x125
 646 0312 9D020000 		.4byte	0x29d
 647 0316 18       		.byte	0x18
 648 0317 0C       		.uleb128 0xc
 649 0318 72313100 		.ascii	"r11\000"
 650 031c 08       		.byte	0x8
 651 031d 2601     		.2byte	0x126
 652 031f 9D020000 		.4byte	0x29d
 653 0323 1C       		.byte	0x1c
 654 0324 0C       		.uleb128 0xc
 655 0325 6C7200   		.ascii	"lr\000"
 656 0328 08       		.byte	0x8
 657 0329 2701     		.2byte	0x127
 658 032b 9D020000 		.4byte	0x29d
 659 032f 20       		.byte	0x20
 660 0330 00       		.byte	0
 661 0331 0B       		.uleb128 0xb
 662 0332 C6010000 		.4byte	.LASF54
 663 0336 04       		.byte	0x4
 664 0337 08       		.byte	0x8
 665 0338 3101     		.2byte	0x131
 666 033a 4C030000 		.4byte	0x34c
 667 033e 0C       		.uleb128 0xc
 668 033f 72313300 		.ascii	"r13\000"
 669 0343 08       		.byte	0x8
 670 0344 3201     		.2byte	0x132
 671 0346 4C030000 		.4byte	0x34c
 672 034a 00       		.byte	0
 673 034b 00       		.byte	0
 674 034c 09       		.uleb128 0x9
 675 034d 04       		.byte	0x4
ARM GAS  /tmp/ccXbx0be.s 			page 13


 676 034e B5020000 		.4byte	0x2b5
 677 0352 04       		.uleb128 0x4
 678 0353 04       		.byte	0x4
 679 0354 07       		.byte	0x7
 680 0355 F6020000 		.4byte	.LASF55
 681 0359 03       		.uleb128 0x3
 682 035a AF010000 		.4byte	.LASF56
 683 035e 09       		.byte	0x9
 684 035f 58       		.byte	0x58
 685 0360 64030000 		.4byte	0x364
 686 0364 09       		.uleb128 0x9
 687 0365 04       		.byte	0x4
 688 0366 6A030000 		.4byte	0x36a
 689 036a 0D       		.uleb128 0xd
 690 036b 75030000 		.4byte	0x375
 691 036f 0E       		.uleb128 0xe
 692 0370 A8020000 		.4byte	0x2a8
 693 0374 00       		.byte	0
 694 0375 03       		.uleb128 0x3
 695 0376 7E040000 		.4byte	.LASF57
 696 037a 09       		.byte	0x9
 697 037b 5D       		.byte	0x5d
 698 037c 80030000 		.4byte	0x380
 699 0380 05       		.uleb128 0x5
 700 0381 7E040000 		.4byte	.LASF57
 701 0385 14       		.byte	0x14
 702 0386 09       		.byte	0x9
 703 0387 64       		.byte	0x64
 704 0388 C9030000 		.4byte	0x3c9
 705 038c 06       		.uleb128 0x6
 706 038d 8C010000 		.4byte	.LASF58
 707 0391 09       		.byte	0x9
 708 0392 65       		.byte	0x65
 709 0393 C9030000 		.4byte	0x3c9
 710 0397 00       		.byte	0
 711 0398 06       		.uleb128 0x6
 712 0399 55010000 		.4byte	.LASF59
 713 039d 09       		.byte	0x9
 714 039e 67       		.byte	0x67
 715 039f C9030000 		.4byte	0x3c9
 716 03a3 04       		.byte	0x4
 717 03a4 06       		.uleb128 0x6
 718 03a5 C6020000 		.4byte	.LASF60
 719 03a9 09       		.byte	0x9
 720 03aa 69       		.byte	0x69
 721 03ab 38010000 		.4byte	0x138
 722 03af 08       		.byte	0x8
 723 03b0 06       		.uleb128 0x6
 724 03b1 FF020000 		.4byte	.LASF61
 725 03b5 09       		.byte	0x9
 726 03b6 6A       		.byte	0x6a
 727 03b7 59030000 		.4byte	0x359
 728 03bb 0C       		.byte	0xc
 729 03bc 06       		.uleb128 0x6
 730 03bd E3040000 		.4byte	.LASF62
 731 03c1 09       		.byte	0x9
 732 03c2 6C       		.byte	0x6c
ARM GAS  /tmp/ccXbx0be.s 			page 14


 733 03c3 A8020000 		.4byte	0x2a8
 734 03c7 10       		.byte	0x10
 735 03c8 00       		.byte	0
 736 03c9 09       		.uleb128 0x9
 737 03ca 04       		.byte	0x4
 738 03cb 75030000 		.4byte	0x375
 739 03cf 08       		.uleb128 0x8
 740 03d0 10       		.byte	0x10
 741 03d1 09       		.byte	0x9
 742 03d2 76       		.byte	0x76
 743 03d3 08040000 		.4byte	0x408
 744 03d7 06       		.uleb128 0x6
 745 03d8 8C010000 		.4byte	.LASF58
 746 03dc 09       		.byte	0x9
 747 03dd 77       		.byte	0x77
 748 03de C9030000 		.4byte	0x3c9
 749 03e2 00       		.byte	0
 750 03e3 06       		.uleb128 0x6
 751 03e4 55010000 		.4byte	.LASF59
 752 03e8 09       		.byte	0x9
 753 03e9 79       		.byte	0x79
 754 03ea C9030000 		.4byte	0x3c9
 755 03ee 04       		.byte	0x4
 756 03ef 06       		.uleb128 0x6
 757 03f0 C6020000 		.4byte	.LASF60
 758 03f4 09       		.byte	0x9
 759 03f5 7B       		.byte	0x7b
 760 03f6 38010000 		.4byte	0x138
 761 03fa 08       		.byte	0x8
 762 03fb 06       		.uleb128 0x6
 763 03fc 2D050000 		.4byte	.LASF63
 764 0400 09       		.byte	0x9
 765 0401 7C       		.byte	0x7c
 766 0402 08040000 		.4byte	0x408
 767 0406 0C       		.byte	0xc
 768 0407 00       		.byte	0
 769 0408 0F       		.uleb128 0xf
 770 0409 38010000 		.4byte	0x138
 771 040d 03       		.uleb128 0x3
 772 040e 43050000 		.4byte	.LASF64
 773 0412 09       		.byte	0x9
 774 0413 7D       		.byte	0x7d
 775 0414 CF030000 		.4byte	0x3cf
 776 0418 08       		.uleb128 0x8
 777 0419 1C       		.byte	0x1c
 778 041a 0A       		.byte	0xa
 779 041b 5E       		.byte	0x5e
 780 041c 69040000 		.4byte	0x469
 781 0420 06       		.uleb128 0x6
 782 0421 76040000 		.4byte	.LASF65
 783 0425 0A       		.byte	0xa
 784 0426 5F       		.byte	0x5f
 785 0427 72020000 		.4byte	0x272
 786 042b 00       		.byte	0
 787 042c 06       		.uleb128 0x6
 788 042d 16040000 		.4byte	.LASF66
 789 0431 0A       		.byte	0xa
ARM GAS  /tmp/ccXbx0be.s 			page 15


 790 0432 60       		.byte	0x60
 791 0433 17010000 		.4byte	0x117
 792 0437 08       		.byte	0x8
 793 0438 06       		.uleb128 0x6
 794 0439 27030000 		.4byte	.LASF67
 795 043d 0A       		.byte	0xa
 796 043e 62       		.byte	0x62
 797 043f 31030000 		.4byte	0x331
 798 0443 0C       		.byte	0xc
 799 0444 06       		.uleb128 0x6
 800 0445 2D030000 		.4byte	.LASF68
 801 0449 0A       		.byte	0xa
 802 044a 65       		.byte	0x65
 803 044b 6C020000 		.4byte	0x26c
 804 044f 10       		.byte	0x10
 805 0450 06       		.uleb128 0x6
 806 0451 54030000 		.4byte	.LASF69
 807 0455 0A       		.byte	0xa
 808 0456 66       		.byte	0x66
 809 0457 6C020000 		.4byte	0x26c
 810 045b 14       		.byte	0x14
 811 045c 06       		.uleb128 0x6
 812 045d 4A030000 		.4byte	.LASF70
 813 0461 0A       		.byte	0xa
 814 0462 69       		.byte	0x69
 815 0463 6C020000 		.4byte	0x26c
 816 0467 18       		.byte	0x18
 817 0468 00       		.byte	0
 818 0469 03       		.uleb128 0x3
 819 046a FC040000 		.4byte	.LASF71
 820 046e 0A       		.byte	0xa
 821 046f 6B       		.byte	0x6b
 822 0470 18040000 		.4byte	0x418
 823 0474 05       		.uleb128 0x5
 824 0475 8F020000 		.4byte	.LASF72
 825 0479 10       		.byte	0x10
 826 047a 0B       		.byte	0xb
 827 047b 2C       		.byte	0x2c
 828 047c A5040000 		.4byte	0x4a5
 829 0480 06       		.uleb128 0x6
 830 0481 F2000000 		.4byte	.LASF73
 831 0485 0B       		.byte	0xb
 832 0486 2D       		.byte	0x2d
 833 0487 72020000 		.4byte	0x272
 834 048b 00       		.byte	0
 835 048c 06       		.uleb128 0x6
 836 048d 4A050000 		.4byte	.LASF74
 837 0491 0B       		.byte	0xb
 838 0492 2F       		.byte	0x2f
 839 0493 6C020000 		.4byte	0x26c
 840 0497 08       		.byte	0x8
 841 0498 06       		.uleb128 0x6
 842 0499 9B040000 		.4byte	.LASF75
 843 049d 0B       		.byte	0xb
 844 049e 31       		.byte	0x31
 845 049f A5040000 		.4byte	0x4a5
 846 04a3 0C       		.byte	0xc
ARM GAS  /tmp/ccXbx0be.s 			page 16


 847 04a4 00       		.byte	0
 848 04a5 09       		.uleb128 0x9
 849 04a6 04       		.byte	0x4
 850 04a7 74040000 		.4byte	0x474
 851 04ab 03       		.uleb128 0x3
 852 04ac 8F020000 		.4byte	.LASF72
 853 04b0 0B       		.byte	0xb
 854 04b1 33       		.byte	0x33
 855 04b2 74040000 		.4byte	0x474
 856 04b6 10       		.uleb128 0x10
 857 04b7 04       		.byte	0x4
 858 04b8 07       		.byte	0x7
 859 04b9 96       		.byte	0x96
 860 04ba EB040000 		.4byte	0x4eb
 861 04be 11       		.uleb128 0x11
 862 04bf 22000000 		.4byte	.LASF76
 863 04c3 07       		.byte	0x7
 864 04c4 9D       		.byte	0x9d
 865 04c5 22010000 		.4byte	0x122
 866 04c9 11       		.uleb128 0x11
 867 04ca 7B000000 		.4byte	.LASF77
 868 04ce 07       		.byte	0x7
 869 04cf A4       		.byte	0xa4
 870 04d0 22010000 		.4byte	0x122
 871 04d4 11       		.uleb128 0x11
 872 04d5 1F050000 		.4byte	.LASF78
 873 04d9 07       		.byte	0x7
 874 04da AB       		.byte	0xab
 875 04db A8020000 		.4byte	0x2a8
 876 04df 11       		.uleb128 0x11
 877 04e0 1D040000 		.4byte	.LASF79
 878 04e4 07       		.byte	0x7
 879 04e5 B2       		.byte	0xb2
 880 04e6 2D010000 		.4byte	0x12d
 881 04ea 00       		.byte	0
 882 04eb 09       		.uleb128 0x9
 883 04ec 04       		.byte	0x4
 884 04ed F1040000 		.4byte	0x4f1
 885 04f1 12       		.uleb128 0x12
 886 04f2 F6040000 		.4byte	0x4f6
 887 04f6 04       		.uleb128 0x4
 888 04f7 01       		.byte	0x1
 889 04f8 08       		.byte	0x8
 890 04f9 8B040000 		.4byte	.LASF80
 891 04fd 09       		.uleb128 0x9
 892 04fe 04       		.byte	0x4
 893 04ff AB040000 		.4byte	0x4ab
 894 0503 03       		.uleb128 0x3
 895 0504 00000000 		.4byte	.LASF81
 896 0508 07       		.byte	0x7
 897 0509 E5       		.byte	0xe5
 898 050a 0E050000 		.4byte	0x50e
 899 050e 09       		.uleb128 0x9
 900 050f 04       		.byte	0x4
 901 0510 14050000 		.4byte	0x514
 902 0514 13       		.uleb128 0x13
 903 0515 22010000 		.4byte	0x122
ARM GAS  /tmp/ccXbx0be.s 			page 17


 904 0519 23050000 		.4byte	0x523
 905 051d 0E       		.uleb128 0xe
 906 051e A8020000 		.4byte	0x2a8
 907 0522 00       		.byte	0
 908 0523 08       		.uleb128 0x8
 909 0524 16       		.byte	0x16
 910 0525 0C       		.byte	0xc
 911 0526 2C       		.byte	0x2c
 912 0527 04060000 		.4byte	0x604
 913 052b 06       		.uleb128 0x6
 914 052c B8010000 		.4byte	.LASF82
 915 0530 0C       		.byte	0xc
 916 0531 2D       		.byte	0x2d
 917 0532 04060000 		.4byte	0x604
 918 0536 00       		.byte	0
 919 0537 06       		.uleb128 0x6
 920 0538 B2020000 		.4byte	.LASF83
 921 053c 0C       		.byte	0xc
 922 053d 2E       		.byte	0x2e
 923 053e AD000000 		.4byte	0xad
 924 0542 04       		.byte	0x4
 925 0543 06       		.uleb128 0x6
 926 0544 42030000 		.4byte	.LASF84
 927 0548 0C       		.byte	0xc
 928 0549 2F       		.byte	0x2f
 929 054a AD000000 		.4byte	0xad
 930 054e 05       		.byte	0x5
 931 054f 06       		.uleb128 0x6
 932 0550 38050000 		.4byte	.LASF85
 933 0554 0C       		.byte	0xc
 934 0555 30       		.byte	0x30
 935 0556 B8000000 		.4byte	0xb8
 936 055a 06       		.byte	0x6
 937 055b 06       		.uleb128 0x6
 938 055c 7C030000 		.4byte	.LASF86
 939 0560 0C       		.byte	0xc
 940 0561 31       		.byte	0x31
 941 0562 AD000000 		.4byte	0xad
 942 0566 08       		.byte	0x8
 943 0567 06       		.uleb128 0x6
 944 0568 07030000 		.4byte	.LASF87
 945 056c 0C       		.byte	0xc
 946 056d 32       		.byte	0x32
 947 056e AD000000 		.4byte	0xad
 948 0572 09       		.byte	0x9
 949 0573 06       		.uleb128 0x6
 950 0574 6D000000 		.4byte	.LASF88
 951 0578 0C       		.byte	0xc
 952 0579 33       		.byte	0x33
 953 057a AD000000 		.4byte	0xad
 954 057e 0A       		.byte	0xa
 955 057f 06       		.uleb128 0x6
 956 0580 6A040000 		.4byte	.LASF89
 957 0584 0C       		.byte	0xc
 958 0585 34       		.byte	0x34
 959 0586 AD000000 		.4byte	0xad
 960 058a 0B       		.byte	0xb
ARM GAS  /tmp/ccXbx0be.s 			page 18


 961 058b 06       		.uleb128 0x6
 962 058c EA040000 		.4byte	.LASF90
 963 0590 0C       		.byte	0xc
 964 0591 35       		.byte	0x35
 965 0592 AD000000 		.4byte	0xad
 966 0596 0C       		.byte	0xc
 967 0597 06       		.uleb128 0x6
 968 0598 49040000 		.4byte	.LASF91
 969 059c 0C       		.byte	0xc
 970 059d 36       		.byte	0x36
 971 059e AD000000 		.4byte	0xad
 972 05a2 0D       		.byte	0xd
 973 05a3 06       		.uleb128 0x6
 974 05a4 08000000 		.4byte	.LASF92
 975 05a8 0C       		.byte	0xc
 976 05a9 37       		.byte	0x37
 977 05aa AD000000 		.4byte	0xad
 978 05ae 0E       		.byte	0xe
 979 05af 06       		.uleb128 0x6
 980 05b0 13030000 		.4byte	.LASF93
 981 05b4 0C       		.byte	0xc
 982 05b5 38       		.byte	0x38
 983 05b6 AD000000 		.4byte	0xad
 984 05ba 0F       		.byte	0xf
 985 05bb 06       		.uleb128 0x6
 986 05bc CD000000 		.4byte	.LASF94
 987 05c0 0C       		.byte	0xc
 988 05c1 39       		.byte	0x39
 989 05c2 AD000000 		.4byte	0xad
 990 05c6 10       		.byte	0x10
 991 05c7 06       		.uleb128 0x6
 992 05c8 96000000 		.4byte	.LASF95
 993 05cc 0C       		.byte	0xc
 994 05cd 3B       		.byte	0x3b
 995 05ce AD000000 		.4byte	0xad
 996 05d2 11       		.byte	0x11
 997 05d3 06       		.uleb128 0x6
 998 05d4 DD000000 		.4byte	.LASF96
 999 05d8 0C       		.byte	0xc
 1000 05d9 3C       		.byte	0x3c
 1001 05da AD000000 		.4byte	0xad
 1002 05de 12       		.byte	0x12
 1003 05df 06       		.uleb128 0x6
 1004 05e0 BA020000 		.4byte	.LASF97
 1005 05e4 0C       		.byte	0xc
 1006 05e5 3D       		.byte	0x3d
 1007 05e6 AD000000 		.4byte	0xad
 1008 05ea 13       		.byte	0x13
 1009 05eb 06       		.uleb128 0x6
 1010 05ec 2B040000 		.4byte	.LASF98
 1011 05f0 0C       		.byte	0xc
 1012 05f1 3E       		.byte	0x3e
 1013 05f2 AD000000 		.4byte	0xad
 1014 05f6 14       		.byte	0x14
 1015 05f7 06       		.uleb128 0x6
 1016 05f8 0A040000 		.4byte	.LASF99
 1017 05fc 0C       		.byte	0xc
ARM GAS  /tmp/ccXbx0be.s 			page 19


 1018 05fd 40       		.byte	0x40
 1019 05fe AD000000 		.4byte	0xad
 1020 0602 15       		.byte	0x15
 1021 0603 00       		.byte	0
 1022 0604 14       		.uleb128 0x14
 1023 0605 F6040000 		.4byte	0x4f6
 1024 0609 14060000 		.4byte	0x614
 1025 060d 15       		.uleb128 0x15
 1026 060e 52030000 		.4byte	0x352
 1027 0612 03       		.byte	0x3
 1028 0613 00       		.byte	0
 1029 0614 03       		.uleb128 0x3
 1030 0615 1F010000 		.4byte	.LASF100
 1031 0619 0C       		.byte	0xc
 1032 061a 41       		.byte	0x41
 1033 061b 23050000 		.4byte	0x523
 1034 061f 16       		.uleb128 0x16
 1035 0620 5C030000 		.4byte	.LASF101
 1036 0624 01       		.byte	0x1
 1037 0625 3D       		.byte	0x3d
 1038 0626 00000000 		.4byte	.LFB7
 1039 062a 16000000 		.4byte	.LFE7-.LFB7
 1040 062e 01       		.uleb128 0x1
 1041 062f 9C       		.byte	0x9c
 1042 0630 40060000 		.4byte	0x640
 1043 0634 17       		.uleb128 0x17
 1044 0635 7000     		.ascii	"p\000"
 1045 0637 01       		.byte	0x1
 1046 0638 3D       		.byte	0x3d
 1047 0639 A8020000 		.4byte	0x2a8
 1048 063d 01       		.uleb128 0x1
 1049 063e 50       		.byte	0x50
 1050 063f 00       		.byte	0
 1051 0640 16       		.uleb128 0x16
 1052 0641 5D010000 		.4byte	.LASF102
 1053 0645 01       		.byte	0x1
 1054 0646 54       		.byte	0x54
 1055 0647 00000000 		.4byte	.LFB8
 1056 064b 70000000 		.4byte	.LFE8-.LFB8
 1057 064f 01       		.uleb128 0x1
 1058 0650 9C       		.byte	0x9c
 1059 0651 F9060000 		.4byte	0x6f9
 1060 0655 18       		.uleb128 0x18
 1061 0656 84000000 		.4byte	.LASF103
 1062 065a 01       		.byte	0x1
 1063 065b 55       		.byte	0x55
 1064 065c 43010000 		.4byte	0x143
 1065 0660 05       		.uleb128 0x5
 1066 0661 03       		.byte	0x3
 1067 0662 00000000 		.4byte	mainthread.4794
 1068 0666 19       		.uleb128 0x19
 1069 0667 34000000 		.4byte	.LBB2
 1070 066b 08000000 		.4byte	.LBE2-.LBB2
 1071 066f 81060000 		.4byte	0x681
 1072 0673 1A       		.uleb128 0x1a
 1073 0674 746D7000 		.ascii	"tmp\000"
 1074 0678 01       		.byte	0x1
ARM GAS  /tmp/ccXbx0be.s 			page 20


 1075 0679 6F       		.byte	0x6f
 1076 067a CE000000 		.4byte	0xce
 1077 067e 01       		.uleb128 0x1
 1078 067f 53       		.byte	0x53
 1079 0680 00       		.byte	0
 1080 0681 1B       		.uleb128 0x1b
 1081 0682 08000000 		.4byte	.LVL1
 1082 0686 C1070000 		.4byte	0x7c1
 1083 068a 1B       		.uleb128 0x1b
 1084 068b 0C000000 		.4byte	.LVL2
 1085 068f C9070000 		.4byte	0x7c9
 1086 0693 1B       		.uleb128 0x1b
 1087 0694 10000000 		.4byte	.LVL3
 1088 0698 D0070000 		.4byte	0x7d0
 1089 069c 1B       		.uleb128 0x1b
 1090 069d 14000000 		.4byte	.LVL4
 1091 06a1 D7070000 		.4byte	0x7d7
 1092 06a5 1B       		.uleb128 0x1b
 1093 06a6 18000000 		.4byte	.LVL5
 1094 06aa DE070000 		.4byte	0x7de
 1095 06ae 1C       		.uleb128 0x1c
 1096 06af 26000000 		.4byte	.LVL6
 1097 06b3 E5070000 		.4byte	0x7e5
 1098 06b7 CB060000 		.4byte	0x6cb
 1099 06bb 1D       		.uleb128 0x1d
 1100 06bc 01       		.uleb128 0x1
 1101 06bd 51       		.byte	0x51
 1102 06be 02       		.uleb128 0x2
 1103 06bf 08       		.byte	0x8
 1104 06c0 40       		.byte	0x40
 1105 06c1 1D       		.uleb128 0x1d
 1106 06c2 01       		.uleb128 0x1
 1107 06c3 50       		.byte	0x50
 1108 06c4 05       		.uleb128 0x5
 1109 06c5 03       		.byte	0x3
 1110 06c6 00000000 		.4byte	.LANCHOR0
 1111 06ca 00       		.byte	0
 1112 06cb 1E       		.uleb128 0x1e
 1113 06cc 6C000000 		.4byte	.LVL7
 1114 06d0 00080000 		.4byte	0x800
 1115 06d4 1D       		.uleb128 0x1d
 1116 06d5 01       		.uleb128 0x1
 1117 06d6 53       		.byte	0x53
 1118 06d7 05       		.uleb128 0x5
 1119 06d8 03       		.byte	0x3
 1120 06d9 00000000 		.4byte	_idle_thread
 1121 06dd 1D       		.uleb128 0x1d
 1122 06de 01       		.uleb128 0x1
 1123 06df 52       		.byte	0x52
 1124 06e0 01       		.uleb128 0x1
 1125 06e1 31       		.byte	0x31
 1126 06e2 1D       		.uleb128 0x1d
 1127 06e3 01       		.uleb128 0x1
 1128 06e4 51       		.byte	0x51
 1129 06e5 02       		.uleb128 0x2
 1130 06e6 08       		.byte	0x8
 1131 06e7 E0       		.byte	0xe0
ARM GAS  /tmp/ccXbx0be.s 			page 21


 1132 06e8 1D       		.uleb128 0x1d
 1133 06e9 01       		.uleb128 0x1
 1134 06ea 50       		.byte	0x50
 1135 06eb 05       		.uleb128 0x5
 1136 06ec 03       		.byte	0x3
 1137 06ed 00000000 		.4byte	.LANCHOR1
 1138 06f1 1D       		.uleb128 0x1d
 1139 06f2 02       		.uleb128 0x2
 1140 06f3 7D       		.byte	0x7d
 1141 06f4 00       		.sleb128 0
 1142 06f5 01       		.uleb128 0x1
 1143 06f6 30       		.byte	0x30
 1144 06f7 00       		.byte	0
 1145 06f8 00       		.byte	0
 1146 06f9 16       		.uleb128 0x16
 1147 06fa 43000000 		.4byte	.LASF104
 1148 06fe 01       		.byte	0x1
 1149 06ff 89       		.byte	0x89
 1150 0700 00000000 		.4byte	.LFB9
 1151 0704 64000000 		.4byte	.LFE9-.LFB9
 1152 0708 01       		.uleb128 0x1
 1153 0709 9C       		.byte	0x9c
 1154 070a 7A070000 		.4byte	0x77a
 1155 070e 1F       		.uleb128 0x1f
 1156 070f 2E000000 		.4byte	.LBB3
 1157 0713 36000000 		.4byte	.LBE3-.LBB3
 1158 0717 20       		.uleb128 0x20
 1159 0718 76747000 		.ascii	"vtp\000"
 1160 071c 01       		.byte	0x1
 1161 071d 96       		.byte	0x96
 1162 071e C9030000 		.4byte	0x3c9
 1163 0722 00000000 		.4byte	.LLST0
 1164 0726 1F       		.uleb128 0x1f
 1165 0727 38000000 		.4byte	.LBB4
 1166 072b 1A000000 		.4byte	.LBE4-.LBB4
 1167 072f 20       		.uleb128 0x20
 1168 0730 666E00   		.ascii	"fn\000"
 1169 0733 01       		.byte	0x1
 1170 0734 96       		.byte	0x96
 1171 0735 59030000 		.4byte	0x359
 1172 0739 1E000000 		.4byte	.LLST1
 1173 073d 21       		.uleb128 0x21
 1174 073e 00000000 		.4byte	.Ldebug_ranges0+0
 1175 0742 54070000 		.4byte	0x754
 1176 0746 1A       		.uleb128 0x1a
 1177 0747 746D7000 		.ascii	"tmp\000"
 1178 074b 01       		.byte	0x1
 1179 074c 96       		.byte	0x96
 1180 074d CE000000 		.4byte	0xce
 1181 0751 01       		.uleb128 0x1
 1182 0752 53       		.byte	0x53
 1183 0753 00       		.byte	0
 1184 0754 19       		.uleb128 0x19
 1185 0755 4C000000 		.4byte	.LBB7
 1186 0759 06000000 		.4byte	.LBE7-.LBB7
 1187 075d 6F070000 		.4byte	0x76f
 1188 0761 1A       		.uleb128 0x1a
ARM GAS  /tmp/ccXbx0be.s 			page 22


 1189 0762 746D7000 		.ascii	"tmp\000"
 1190 0766 01       		.byte	0x1
 1191 0767 96       		.byte	0x96
 1192 0768 CE000000 		.4byte	0xce
 1193 076c 01       		.uleb128 0x1
 1194 076d 53       		.byte	0x53
 1195 076e 00       		.byte	0
 1196 076f 22       		.uleb128 0x22
 1197 0770 4C000000 		.4byte	.LVL10
 1198 0774 02       		.uleb128 0x2
 1199 0775 74       		.byte	0x74
 1200 0776 00       		.sleb128 0
 1201 0777 00       		.byte	0
 1202 0778 00       		.byte	0
 1203 0779 00       		.byte	0
 1204 077a 23       		.uleb128 0x23
 1205 077b 3C000000 		.4byte	.LASF105
 1206 077f 09       		.byte	0x9
 1207 0780 F5       		.byte	0xf5
 1208 0781 0D040000 		.4byte	0x40d
 1209 0785 23       		.uleb128 0x23
 1210 0786 06050000 		.4byte	.LASF106
 1211 078a 0A       		.byte	0xa
 1212 078b 6F       		.byte	0x6f
 1213 078c 69040000 		.4byte	0x469
 1214 0790 23       		.uleb128 0x23
 1215 0791 A6010000 		.4byte	.LASF107
 1216 0795 0C       		.byte	0xc
 1217 0796 7E       		.byte	0x7e
 1218 0797 9B070000 		.4byte	0x79b
 1219 079b 12       		.uleb128 0x12
 1220 079c 14060000 		.4byte	0x614
 1221 07a0 14       		.uleb128 0x14
 1222 07a1 AA020000 		.4byte	0x2aa
 1223 07a5 B0070000 		.4byte	0x7b0
 1224 07a9 15       		.uleb128 0x15
 1225 07aa 52030000 		.4byte	0x352
 1226 07ae 1B       		.byte	0x1b
 1227 07af 00       		.byte	0
 1228 07b0 24       		.uleb128 0x24
 1229 07b1 31010000 		.4byte	.LASF108
 1230 07b5 01       		.byte	0x1
 1231 07b6 31       		.byte	0x31
 1232 07b7 A0070000 		.4byte	0x7a0
 1233 07bb 05       		.uleb128 0x5
 1234 07bc 03       		.byte	0x3
 1235 07bd 00000000 		.4byte	_idle_thread_wa
 1236 07c1 25       		.uleb128 0x25
 1237 07c2 14050000 		.4byte	.LASF109
 1238 07c6 08       		.byte	0x8
 1239 07c7 0202     		.2byte	0x202
 1240 07c9 26       		.uleb128 0x26
 1241 07ca A3000000 		.4byte	.LASF110
 1242 07ce 0A       		.byte	0xa
 1243 07cf 8E       		.byte	0x8e
 1244 07d0 26       		.uleb128 0x26
 1245 07d1 C1040000 		.4byte	.LASF111
ARM GAS  /tmp/ccXbx0be.s 			page 23


 1246 07d5 09       		.byte	0x9
 1247 07d6 FD       		.byte	0xfd
 1248 07d7 26       		.uleb128 0x26
 1249 07d8 D9030000 		.4byte	.LASF112
 1250 07dc 0D       		.byte	0xd
 1251 07dd 51       		.byte	0x51
 1252 07de 26       		.uleb128 0x26
 1253 07df 67010000 		.4byte	.LASF113
 1254 07e3 0E       		.byte	0xe
 1255 07e4 55       		.byte	0x55
 1256 07e5 27       		.uleb128 0x27
 1257 07e6 7F010000 		.4byte	.LASF117
 1258 07ea 07       		.byte	0x7
 1259 07eb 6A01     		.2byte	0x16a
 1260 07ed 6C020000 		.4byte	0x26c
 1261 07f1 00080000 		.4byte	0x800
 1262 07f5 0E       		.uleb128 0xe
 1263 07f6 6C020000 		.4byte	0x26c
 1264 07fa 0E       		.uleb128 0xe
 1265 07fb 17010000 		.4byte	0x117
 1266 07ff 00       		.byte	0
 1267 0800 28       		.uleb128 0x28
 1268 0801 A0020000 		.4byte	.LASF118
 1269 0805 07       		.byte	0x7
 1270 0806 7001     		.2byte	0x170
 1271 0808 6C020000 		.4byte	0x26c
 1272 080c 0E       		.uleb128 0xe
 1273 080d A8020000 		.4byte	0x2a8
 1274 0811 0E       		.uleb128 0xe
 1275 0812 2C000000 		.4byte	0x2c
 1276 0816 0E       		.uleb128 0xe
 1277 0817 17010000 		.4byte	0x117
 1278 081b 0E       		.uleb128 0xe
 1279 081c 03050000 		.4byte	0x503
 1280 0820 0E       		.uleb128 0xe
 1281 0821 A8020000 		.4byte	0x2a8
 1282 0825 00       		.byte	0
 1283 0826 00       		.byte	0
 1284              		.section	.debug_abbrev,"",%progbits
 1285              	.Ldebug_abbrev0:
 1286 0000 01       		.uleb128 0x1
 1287 0001 11       		.uleb128 0x11
 1288 0002 01       		.byte	0x1
 1289 0003 25       		.uleb128 0x25
 1290 0004 0E       		.uleb128 0xe
 1291 0005 13       		.uleb128 0x13
 1292 0006 0B       		.uleb128 0xb
 1293 0007 03       		.uleb128 0x3
 1294 0008 0E       		.uleb128 0xe
 1295 0009 1B       		.uleb128 0x1b
 1296 000a 0E       		.uleb128 0xe
 1297 000b 55       		.uleb128 0x55
 1298 000c 17       		.uleb128 0x17
 1299 000d 11       		.uleb128 0x11
 1300 000e 01       		.uleb128 0x1
 1301 000f 10       		.uleb128 0x10
 1302 0010 17       		.uleb128 0x17
ARM GAS  /tmp/ccXbx0be.s 			page 24


 1303 0011 00       		.byte	0
 1304 0012 00       		.byte	0
 1305 0013 02       		.uleb128 0x2
 1306 0014 24       		.uleb128 0x24
 1307 0015 00       		.byte	0
 1308 0016 0B       		.uleb128 0xb
 1309 0017 0B       		.uleb128 0xb
 1310 0018 3E       		.uleb128 0x3e
 1311 0019 0B       		.uleb128 0xb
 1312 001a 03       		.uleb128 0x3
 1313 001b 08       		.uleb128 0x8
 1314 001c 00       		.byte	0
 1315 001d 00       		.byte	0
 1316 001e 03       		.uleb128 0x3
 1317 001f 16       		.uleb128 0x16
 1318 0020 00       		.byte	0
 1319 0021 03       		.uleb128 0x3
 1320 0022 0E       		.uleb128 0xe
 1321 0023 3A       		.uleb128 0x3a
 1322 0024 0B       		.uleb128 0xb
 1323 0025 3B       		.uleb128 0x3b
 1324 0026 0B       		.uleb128 0xb
 1325 0027 49       		.uleb128 0x49
 1326 0028 13       		.uleb128 0x13
 1327 0029 00       		.byte	0
 1328 002a 00       		.byte	0
 1329 002b 04       		.uleb128 0x4
 1330 002c 24       		.uleb128 0x24
 1331 002d 00       		.byte	0
 1332 002e 0B       		.uleb128 0xb
 1333 002f 0B       		.uleb128 0xb
 1334 0030 3E       		.uleb128 0x3e
 1335 0031 0B       		.uleb128 0xb
 1336 0032 03       		.uleb128 0x3
 1337 0033 0E       		.uleb128 0xe
 1338 0034 00       		.byte	0
 1339 0035 00       		.byte	0
 1340 0036 05       		.uleb128 0x5
 1341 0037 13       		.uleb128 0x13
 1342 0038 01       		.byte	0x1
 1343 0039 03       		.uleb128 0x3
 1344 003a 0E       		.uleb128 0xe
 1345 003b 0B       		.uleb128 0xb
 1346 003c 0B       		.uleb128 0xb
 1347 003d 3A       		.uleb128 0x3a
 1348 003e 0B       		.uleb128 0xb
 1349 003f 3B       		.uleb128 0x3b
 1350 0040 0B       		.uleb128 0xb
 1351 0041 01       		.uleb128 0x1
 1352 0042 13       		.uleb128 0x13
 1353 0043 00       		.byte	0
 1354 0044 00       		.byte	0
 1355 0045 06       		.uleb128 0x6
 1356 0046 0D       		.uleb128 0xd
 1357 0047 00       		.byte	0
 1358 0048 03       		.uleb128 0x3
 1359 0049 0E       		.uleb128 0xe
ARM GAS  /tmp/ccXbx0be.s 			page 25


 1360 004a 3A       		.uleb128 0x3a
 1361 004b 0B       		.uleb128 0xb
 1362 004c 3B       		.uleb128 0x3b
 1363 004d 0B       		.uleb128 0xb
 1364 004e 49       		.uleb128 0x49
 1365 004f 13       		.uleb128 0x13
 1366 0050 38       		.uleb128 0x38
 1367 0051 0B       		.uleb128 0xb
 1368 0052 00       		.byte	0
 1369 0053 00       		.byte	0
 1370 0054 07       		.uleb128 0x7
 1371 0055 0D       		.uleb128 0xd
 1372 0056 00       		.byte	0
 1373 0057 03       		.uleb128 0x3
 1374 0058 08       		.uleb128 0x8
 1375 0059 3A       		.uleb128 0x3a
 1376 005a 0B       		.uleb128 0xb
 1377 005b 3B       		.uleb128 0x3b
 1378 005c 0B       		.uleb128 0xb
 1379 005d 49       		.uleb128 0x49
 1380 005e 13       		.uleb128 0x13
 1381 005f 38       		.uleb128 0x38
 1382 0060 0B       		.uleb128 0xb
 1383 0061 00       		.byte	0
 1384 0062 00       		.byte	0
 1385 0063 08       		.uleb128 0x8
 1386 0064 13       		.uleb128 0x13
 1387 0065 01       		.byte	0x1
 1388 0066 0B       		.uleb128 0xb
 1389 0067 0B       		.uleb128 0xb
 1390 0068 3A       		.uleb128 0x3a
 1391 0069 0B       		.uleb128 0xb
 1392 006a 3B       		.uleb128 0x3b
 1393 006b 0B       		.uleb128 0xb
 1394 006c 01       		.uleb128 0x1
 1395 006d 13       		.uleb128 0x13
 1396 006e 00       		.byte	0
 1397 006f 00       		.byte	0
 1398 0070 09       		.uleb128 0x9
 1399 0071 0F       		.uleb128 0xf
 1400 0072 00       		.byte	0
 1401 0073 0B       		.uleb128 0xb
 1402 0074 0B       		.uleb128 0xb
 1403 0075 49       		.uleb128 0x49
 1404 0076 13       		.uleb128 0x13
 1405 0077 00       		.byte	0
 1406 0078 00       		.byte	0
 1407 0079 0A       		.uleb128 0xa
 1408 007a 0F       		.uleb128 0xf
 1409 007b 00       		.byte	0
 1410 007c 0B       		.uleb128 0xb
 1411 007d 0B       		.uleb128 0xb
 1412 007e 00       		.byte	0
 1413 007f 00       		.byte	0
 1414 0080 0B       		.uleb128 0xb
 1415 0081 13       		.uleb128 0x13
 1416 0082 01       		.byte	0x1
ARM GAS  /tmp/ccXbx0be.s 			page 26


 1417 0083 03       		.uleb128 0x3
 1418 0084 0E       		.uleb128 0xe
 1419 0085 0B       		.uleb128 0xb
 1420 0086 0B       		.uleb128 0xb
 1421 0087 3A       		.uleb128 0x3a
 1422 0088 0B       		.uleb128 0xb
 1423 0089 3B       		.uleb128 0x3b
 1424 008a 05       		.uleb128 0x5
 1425 008b 01       		.uleb128 0x1
 1426 008c 13       		.uleb128 0x13
 1427 008d 00       		.byte	0
 1428 008e 00       		.byte	0
 1429 008f 0C       		.uleb128 0xc
 1430 0090 0D       		.uleb128 0xd
 1431 0091 00       		.byte	0
 1432 0092 03       		.uleb128 0x3
 1433 0093 08       		.uleb128 0x8
 1434 0094 3A       		.uleb128 0x3a
 1435 0095 0B       		.uleb128 0xb
 1436 0096 3B       		.uleb128 0x3b
 1437 0097 05       		.uleb128 0x5
 1438 0098 49       		.uleb128 0x49
 1439 0099 13       		.uleb128 0x13
 1440 009a 38       		.uleb128 0x38
 1441 009b 0B       		.uleb128 0xb
 1442 009c 00       		.byte	0
 1443 009d 00       		.byte	0
 1444 009e 0D       		.uleb128 0xd
 1445 009f 15       		.uleb128 0x15
 1446 00a0 01       		.byte	0x1
 1447 00a1 27       		.uleb128 0x27
 1448 00a2 19       		.uleb128 0x19
 1449 00a3 01       		.uleb128 0x1
 1450 00a4 13       		.uleb128 0x13
 1451 00a5 00       		.byte	0
 1452 00a6 00       		.byte	0
 1453 00a7 0E       		.uleb128 0xe
 1454 00a8 05       		.uleb128 0x5
 1455 00a9 00       		.byte	0
 1456 00aa 49       		.uleb128 0x49
 1457 00ab 13       		.uleb128 0x13
 1458 00ac 00       		.byte	0
 1459 00ad 00       		.byte	0
 1460 00ae 0F       		.uleb128 0xf
 1461 00af 35       		.uleb128 0x35
 1462 00b0 00       		.byte	0
 1463 00b1 49       		.uleb128 0x49
 1464 00b2 13       		.uleb128 0x13
 1465 00b3 00       		.byte	0
 1466 00b4 00       		.byte	0
 1467 00b5 10       		.uleb128 0x10
 1468 00b6 17       		.uleb128 0x17
 1469 00b7 01       		.byte	0x1
 1470 00b8 0B       		.uleb128 0xb
 1471 00b9 0B       		.uleb128 0xb
 1472 00ba 3A       		.uleb128 0x3a
 1473 00bb 0B       		.uleb128 0xb
ARM GAS  /tmp/ccXbx0be.s 			page 27


 1474 00bc 3B       		.uleb128 0x3b
 1475 00bd 0B       		.uleb128 0xb
 1476 00be 01       		.uleb128 0x1
 1477 00bf 13       		.uleb128 0x13
 1478 00c0 00       		.byte	0
 1479 00c1 00       		.byte	0
 1480 00c2 11       		.uleb128 0x11
 1481 00c3 0D       		.uleb128 0xd
 1482 00c4 00       		.byte	0
 1483 00c5 03       		.uleb128 0x3
 1484 00c6 0E       		.uleb128 0xe
 1485 00c7 3A       		.uleb128 0x3a
 1486 00c8 0B       		.uleb128 0xb
 1487 00c9 3B       		.uleb128 0x3b
 1488 00ca 0B       		.uleb128 0xb
 1489 00cb 49       		.uleb128 0x49
 1490 00cc 13       		.uleb128 0x13
 1491 00cd 00       		.byte	0
 1492 00ce 00       		.byte	0
 1493 00cf 12       		.uleb128 0x12
 1494 00d0 26       		.uleb128 0x26
 1495 00d1 00       		.byte	0
 1496 00d2 49       		.uleb128 0x49
 1497 00d3 13       		.uleb128 0x13
 1498 00d4 00       		.byte	0
 1499 00d5 00       		.byte	0
 1500 00d6 13       		.uleb128 0x13
 1501 00d7 15       		.uleb128 0x15
 1502 00d8 01       		.byte	0x1
 1503 00d9 27       		.uleb128 0x27
 1504 00da 19       		.uleb128 0x19
 1505 00db 49       		.uleb128 0x49
 1506 00dc 13       		.uleb128 0x13
 1507 00dd 01       		.uleb128 0x1
 1508 00de 13       		.uleb128 0x13
 1509 00df 00       		.byte	0
 1510 00e0 00       		.byte	0
 1511 00e1 14       		.uleb128 0x14
 1512 00e2 01       		.uleb128 0x1
 1513 00e3 01       		.byte	0x1
 1514 00e4 49       		.uleb128 0x49
 1515 00e5 13       		.uleb128 0x13
 1516 00e6 01       		.uleb128 0x1
 1517 00e7 13       		.uleb128 0x13
 1518 00e8 00       		.byte	0
 1519 00e9 00       		.byte	0
 1520 00ea 15       		.uleb128 0x15
 1521 00eb 21       		.uleb128 0x21
 1522 00ec 00       		.byte	0
 1523 00ed 49       		.uleb128 0x49
 1524 00ee 13       		.uleb128 0x13
 1525 00ef 2F       		.uleb128 0x2f
 1526 00f0 0B       		.uleb128 0xb
 1527 00f1 00       		.byte	0
 1528 00f2 00       		.byte	0
 1529 00f3 16       		.uleb128 0x16
 1530 00f4 2E       		.uleb128 0x2e
ARM GAS  /tmp/ccXbx0be.s 			page 28


 1531 00f5 01       		.byte	0x1
 1532 00f6 3F       		.uleb128 0x3f
 1533 00f7 19       		.uleb128 0x19
 1534 00f8 03       		.uleb128 0x3
 1535 00f9 0E       		.uleb128 0xe
 1536 00fa 3A       		.uleb128 0x3a
 1537 00fb 0B       		.uleb128 0xb
 1538 00fc 3B       		.uleb128 0x3b
 1539 00fd 0B       		.uleb128 0xb
 1540 00fe 27       		.uleb128 0x27
 1541 00ff 19       		.uleb128 0x19
 1542 0100 11       		.uleb128 0x11
 1543 0101 01       		.uleb128 0x1
 1544 0102 12       		.uleb128 0x12
 1545 0103 06       		.uleb128 0x6
 1546 0104 40       		.uleb128 0x40
 1547 0105 18       		.uleb128 0x18
 1548 0106 9742     		.uleb128 0x2117
 1549 0108 19       		.uleb128 0x19
 1550 0109 01       		.uleb128 0x1
 1551 010a 13       		.uleb128 0x13
 1552 010b 00       		.byte	0
 1553 010c 00       		.byte	0
 1554 010d 17       		.uleb128 0x17
 1555 010e 05       		.uleb128 0x5
 1556 010f 00       		.byte	0
 1557 0110 03       		.uleb128 0x3
 1558 0111 08       		.uleb128 0x8
 1559 0112 3A       		.uleb128 0x3a
 1560 0113 0B       		.uleb128 0xb
 1561 0114 3B       		.uleb128 0x3b
 1562 0115 0B       		.uleb128 0xb
 1563 0116 49       		.uleb128 0x49
 1564 0117 13       		.uleb128 0x13
 1565 0118 02       		.uleb128 0x2
 1566 0119 18       		.uleb128 0x18
 1567 011a 00       		.byte	0
 1568 011b 00       		.byte	0
 1569 011c 18       		.uleb128 0x18
 1570 011d 34       		.uleb128 0x34
 1571 011e 00       		.byte	0
 1572 011f 03       		.uleb128 0x3
 1573 0120 0E       		.uleb128 0xe
 1574 0121 3A       		.uleb128 0x3a
 1575 0122 0B       		.uleb128 0xb
 1576 0123 3B       		.uleb128 0x3b
 1577 0124 0B       		.uleb128 0xb
 1578 0125 49       		.uleb128 0x49
 1579 0126 13       		.uleb128 0x13
 1580 0127 02       		.uleb128 0x2
 1581 0128 18       		.uleb128 0x18
 1582 0129 00       		.byte	0
 1583 012a 00       		.byte	0
 1584 012b 19       		.uleb128 0x19
 1585 012c 0B       		.uleb128 0xb
 1586 012d 01       		.byte	0x1
 1587 012e 11       		.uleb128 0x11
ARM GAS  /tmp/ccXbx0be.s 			page 29


 1588 012f 01       		.uleb128 0x1
 1589 0130 12       		.uleb128 0x12
 1590 0131 06       		.uleb128 0x6
 1591 0132 01       		.uleb128 0x1
 1592 0133 13       		.uleb128 0x13
 1593 0134 00       		.byte	0
 1594 0135 00       		.byte	0
 1595 0136 1A       		.uleb128 0x1a
 1596 0137 34       		.uleb128 0x34
 1597 0138 00       		.byte	0
 1598 0139 03       		.uleb128 0x3
 1599 013a 08       		.uleb128 0x8
 1600 013b 3A       		.uleb128 0x3a
 1601 013c 0B       		.uleb128 0xb
 1602 013d 3B       		.uleb128 0x3b
 1603 013e 0B       		.uleb128 0xb
 1604 013f 49       		.uleb128 0x49
 1605 0140 13       		.uleb128 0x13
 1606 0141 02       		.uleb128 0x2
 1607 0142 18       		.uleb128 0x18
 1608 0143 00       		.byte	0
 1609 0144 00       		.byte	0
 1610 0145 1B       		.uleb128 0x1b
 1611 0146 898201   		.uleb128 0x4109
 1612 0149 00       		.byte	0
 1613 014a 11       		.uleb128 0x11
 1614 014b 01       		.uleb128 0x1
 1615 014c 31       		.uleb128 0x31
 1616 014d 13       		.uleb128 0x13
 1617 014e 00       		.byte	0
 1618 014f 00       		.byte	0
 1619 0150 1C       		.uleb128 0x1c
 1620 0151 898201   		.uleb128 0x4109
 1621 0154 01       		.byte	0x1
 1622 0155 11       		.uleb128 0x11
 1623 0156 01       		.uleb128 0x1
 1624 0157 31       		.uleb128 0x31
 1625 0158 13       		.uleb128 0x13
 1626 0159 01       		.uleb128 0x1
 1627 015a 13       		.uleb128 0x13
 1628 015b 00       		.byte	0
 1629 015c 00       		.byte	0
 1630 015d 1D       		.uleb128 0x1d
 1631 015e 8A8201   		.uleb128 0x410a
 1632 0161 00       		.byte	0
 1633 0162 02       		.uleb128 0x2
 1634 0163 18       		.uleb128 0x18
 1635 0164 9142     		.uleb128 0x2111
 1636 0166 18       		.uleb128 0x18
 1637 0167 00       		.byte	0
 1638 0168 00       		.byte	0
 1639 0169 1E       		.uleb128 0x1e
 1640 016a 898201   		.uleb128 0x4109
 1641 016d 01       		.byte	0x1
 1642 016e 11       		.uleb128 0x11
 1643 016f 01       		.uleb128 0x1
 1644 0170 31       		.uleb128 0x31
ARM GAS  /tmp/ccXbx0be.s 			page 30


 1645 0171 13       		.uleb128 0x13
 1646 0172 00       		.byte	0
 1647 0173 00       		.byte	0
 1648 0174 1F       		.uleb128 0x1f
 1649 0175 0B       		.uleb128 0xb
 1650 0176 01       		.byte	0x1
 1651 0177 11       		.uleb128 0x11
 1652 0178 01       		.uleb128 0x1
 1653 0179 12       		.uleb128 0x12
 1654 017a 06       		.uleb128 0x6
 1655 017b 00       		.byte	0
 1656 017c 00       		.byte	0
 1657 017d 20       		.uleb128 0x20
 1658 017e 34       		.uleb128 0x34
 1659 017f 00       		.byte	0
 1660 0180 03       		.uleb128 0x3
 1661 0181 08       		.uleb128 0x8
 1662 0182 3A       		.uleb128 0x3a
 1663 0183 0B       		.uleb128 0xb
 1664 0184 3B       		.uleb128 0x3b
 1665 0185 0B       		.uleb128 0xb
 1666 0186 49       		.uleb128 0x49
 1667 0187 13       		.uleb128 0x13
 1668 0188 02       		.uleb128 0x2
 1669 0189 17       		.uleb128 0x17
 1670 018a 00       		.byte	0
 1671 018b 00       		.byte	0
 1672 018c 21       		.uleb128 0x21
 1673 018d 0B       		.uleb128 0xb
 1674 018e 01       		.byte	0x1
 1675 018f 55       		.uleb128 0x55
 1676 0190 17       		.uleb128 0x17
 1677 0191 01       		.uleb128 0x1
 1678 0192 13       		.uleb128 0x13
 1679 0193 00       		.byte	0
 1680 0194 00       		.byte	0
 1681 0195 22       		.uleb128 0x22
 1682 0196 898201   		.uleb128 0x4109
 1683 0199 00       		.byte	0
 1684 019a 11       		.uleb128 0x11
 1685 019b 01       		.uleb128 0x1
 1686 019c 9342     		.uleb128 0x2113
 1687 019e 18       		.uleb128 0x18
 1688 019f 00       		.byte	0
 1689 01a0 00       		.byte	0
 1690 01a1 23       		.uleb128 0x23
 1691 01a2 34       		.uleb128 0x34
 1692 01a3 00       		.byte	0
 1693 01a4 03       		.uleb128 0x3
 1694 01a5 0E       		.uleb128 0xe
 1695 01a6 3A       		.uleb128 0x3a
 1696 01a7 0B       		.uleb128 0xb
 1697 01a8 3B       		.uleb128 0x3b
 1698 01a9 0B       		.uleb128 0xb
 1699 01aa 49       		.uleb128 0x49
 1700 01ab 13       		.uleb128 0x13
 1701 01ac 3F       		.uleb128 0x3f
ARM GAS  /tmp/ccXbx0be.s 			page 31


 1702 01ad 19       		.uleb128 0x19
 1703 01ae 3C       		.uleb128 0x3c
 1704 01af 19       		.uleb128 0x19
 1705 01b0 00       		.byte	0
 1706 01b1 00       		.byte	0
 1707 01b2 24       		.uleb128 0x24
 1708 01b3 34       		.uleb128 0x34
 1709 01b4 00       		.byte	0
 1710 01b5 03       		.uleb128 0x3
 1711 01b6 0E       		.uleb128 0xe
 1712 01b7 3A       		.uleb128 0x3a
 1713 01b8 0B       		.uleb128 0xb
 1714 01b9 3B       		.uleb128 0x3b
 1715 01ba 0B       		.uleb128 0xb
 1716 01bb 49       		.uleb128 0x49
 1717 01bc 13       		.uleb128 0x13
 1718 01bd 3F       		.uleb128 0x3f
 1719 01be 19       		.uleb128 0x19
 1720 01bf 02       		.uleb128 0x2
 1721 01c0 18       		.uleb128 0x18
 1722 01c1 00       		.byte	0
 1723 01c2 00       		.byte	0
 1724 01c3 25       		.uleb128 0x25
 1725 01c4 2E       		.uleb128 0x2e
 1726 01c5 00       		.byte	0
 1727 01c6 3F       		.uleb128 0x3f
 1728 01c7 19       		.uleb128 0x19
 1729 01c8 03       		.uleb128 0x3
 1730 01c9 0E       		.uleb128 0xe
 1731 01ca 3A       		.uleb128 0x3a
 1732 01cb 0B       		.uleb128 0xb
 1733 01cc 3B       		.uleb128 0x3b
 1734 01cd 05       		.uleb128 0x5
 1735 01ce 27       		.uleb128 0x27
 1736 01cf 19       		.uleb128 0x19
 1737 01d0 3C       		.uleb128 0x3c
 1738 01d1 19       		.uleb128 0x19
 1739 01d2 00       		.byte	0
 1740 01d3 00       		.byte	0
 1741 01d4 26       		.uleb128 0x26
 1742 01d5 2E       		.uleb128 0x2e
 1743 01d6 00       		.byte	0
 1744 01d7 3F       		.uleb128 0x3f
 1745 01d8 19       		.uleb128 0x19
 1746 01d9 03       		.uleb128 0x3
 1747 01da 0E       		.uleb128 0xe
 1748 01db 3A       		.uleb128 0x3a
 1749 01dc 0B       		.uleb128 0xb
 1750 01dd 3B       		.uleb128 0x3b
 1751 01de 0B       		.uleb128 0xb
 1752 01df 27       		.uleb128 0x27
 1753 01e0 19       		.uleb128 0x19
 1754 01e1 3C       		.uleb128 0x3c
 1755 01e2 19       		.uleb128 0x19
 1756 01e3 00       		.byte	0
 1757 01e4 00       		.byte	0
 1758 01e5 27       		.uleb128 0x27
ARM GAS  /tmp/ccXbx0be.s 			page 32


 1759 01e6 2E       		.uleb128 0x2e
 1760 01e7 01       		.byte	0x1
 1761 01e8 3F       		.uleb128 0x3f
 1762 01e9 19       		.uleb128 0x19
 1763 01ea 03       		.uleb128 0x3
 1764 01eb 0E       		.uleb128 0xe
 1765 01ec 3A       		.uleb128 0x3a
 1766 01ed 0B       		.uleb128 0xb
 1767 01ee 3B       		.uleb128 0x3b
 1768 01ef 05       		.uleb128 0x5
 1769 01f0 27       		.uleb128 0x27
 1770 01f1 19       		.uleb128 0x19
 1771 01f2 49       		.uleb128 0x49
 1772 01f3 13       		.uleb128 0x13
 1773 01f4 3C       		.uleb128 0x3c
 1774 01f5 19       		.uleb128 0x19
 1775 01f6 01       		.uleb128 0x1
 1776 01f7 13       		.uleb128 0x13
 1777 01f8 00       		.byte	0
 1778 01f9 00       		.byte	0
 1779 01fa 28       		.uleb128 0x28
 1780 01fb 2E       		.uleb128 0x2e
 1781 01fc 01       		.byte	0x1
 1782 01fd 3F       		.uleb128 0x3f
 1783 01fe 19       		.uleb128 0x19
 1784 01ff 03       		.uleb128 0x3
 1785 0200 0E       		.uleb128 0xe
 1786 0201 3A       		.uleb128 0x3a
 1787 0202 0B       		.uleb128 0xb
 1788 0203 3B       		.uleb128 0x3b
 1789 0204 05       		.uleb128 0x5
 1790 0205 27       		.uleb128 0x27
 1791 0206 19       		.uleb128 0x19
 1792 0207 49       		.uleb128 0x49
 1793 0208 13       		.uleb128 0x13
 1794 0209 3C       		.uleb128 0x3c
 1795 020a 19       		.uleb128 0x19
 1796 020b 00       		.byte	0
 1797 020c 00       		.byte	0
 1798 020d 00       		.byte	0
 1799              		.section	.debug_loc,"",%progbits
 1800              	.Ldebug_loc0:
 1801              	.LLST0:
 1802 0000 34000000 		.4byte	.LVL8
 1803 0004 4B000000 		.4byte	.LVL10-1
 1804 0008 0100     		.2byte	0x1
 1805 000a 52       		.byte	0x52
 1806 000b 54000000 		.4byte	.LVL11
 1807 000f 62000000 		.4byte	.LVL12
 1808 0013 0100     		.2byte	0x1
 1809 0015 52       		.byte	0x52
 1810 0016 00000000 		.4byte	0
 1811 001a 00000000 		.4byte	0
 1812              	.LLST1:
 1813 001e 3C000000 		.4byte	.LVL9
 1814 0022 62000000 		.4byte	.LVL12
 1815 0026 0100     		.2byte	0x1
ARM GAS  /tmp/ccXbx0be.s 			page 33


 1816 0028 54       		.byte	0x54
 1817 0029 00000000 		.4byte	0
 1818 002d 00000000 		.4byte	0
 1819              		.section	.debug_aranges,"",%progbits
 1820 0000 2C000000 		.4byte	0x2c
 1821 0004 0200     		.2byte	0x2
 1822 0006 00000000 		.4byte	.Ldebug_info0
 1823 000a 04       		.byte	0x4
 1824 000b 00       		.byte	0
 1825 000c 0000     		.2byte	0
 1826 000e 0000     		.2byte	0
 1827 0010 00000000 		.4byte	.LFB7
 1828 0014 16000000 		.4byte	.LFE7-.LFB7
 1829 0018 00000000 		.4byte	.LFB8
 1830 001c 70000000 		.4byte	.LFE8-.LFB8
 1831 0020 00000000 		.4byte	.LFB9
 1832 0024 64000000 		.4byte	.LFE9-.LFB9
 1833 0028 00000000 		.4byte	0
 1834 002c 00000000 		.4byte	0
 1835              		.section	.debug_ranges,"",%progbits
 1836              	.Ldebug_ranges0:
 1837 0000 40000000 		.4byte	.LBB5
 1838 0004 42000000 		.4byte	.LBE5
 1839 0008 44000000 		.4byte	.LBB6
 1840 000c 48000000 		.4byte	.LBE6
 1841 0010 00000000 		.4byte	0
 1842 0014 00000000 		.4byte	0
 1843 0018 00000000 		.4byte	.LFB7
 1844 001c 16000000 		.4byte	.LFE7
 1845 0020 00000000 		.4byte	.LFB8
 1846 0024 70000000 		.4byte	.LFE8
 1847 0028 00000000 		.4byte	.LFB9
 1848 002c 64000000 		.4byte	.LFE9
 1849 0030 00000000 		.4byte	0
 1850 0034 00000000 		.4byte	0
 1851              		.section	.debug_line,"",%progbits
 1852              	.Ldebug_line0:
 1853 0000 EA010000 		.section	.debug_str,"MS",%progbits,1
 1853      02008F01 
 1853      00000201 
 1853      FB0E0D00 
 1853      01010101 
 1854              	.LASF81:
 1855 0000 7466756E 		.ascii	"tfunc_t\000"
 1855      635F7400 
 1856              	.LASF92:
 1857 0008 63665F6F 		.ascii	"cf_off_older\000"
 1857      66665F6F 
 1857      6C646572 
 1857      00
 1858              	.LASF44:
 1859 0015 705F6D73 		.ascii	"p_msg\000"
 1859      6700
 1860              	.LASF2:
 1861 001b 73697A65 		.ascii	"size_t\000"
 1861      5F7400
 1862              	.LASF76:
ARM GAS  /tmp/ccXbx0be.s 			page 34


 1863 0022 7264796D 		.ascii	"rdymsg\000"
 1863      736700
 1864              	.LASF19:
 1865 0029 75696E74 		.ascii	"uint64_t\000"
 1865      36345F74 
 1865      00
 1866              	.LASF3:
 1867 0032 5F5F7569 		.ascii	"__uint8_t\000"
 1867      6E74385F 
 1867      7400
 1868              	.LASF105:
 1869 003c 76746C69 		.ascii	"vtlist\000"
 1869      737400
 1870              	.LASF104:
 1871 0043 63685379 		.ascii	"chSysTimerHandlerI\000"
 1871      7354696D 
 1871      65724861 
 1871      6E646C65 
 1871      724900
 1872              	.LASF14:
 1873 0056 6C6F6E67 		.ascii	"long long unsigned int\000"
 1873      206C6F6E 
 1873      6720756E 
 1873      7369676E 
 1873      65642069 
 1874              	.LASF88:
 1875 006d 63685F74 		.ascii	"ch_threadsize\000"
 1875      68726561 
 1875      6473697A 
 1875      6500
 1876              	.LASF77:
 1877 007b 65786974 		.ascii	"exitcode\000"
 1877      636F6465 
 1877      00
 1878              	.LASF103:
 1879 0084 6D61696E 		.ascii	"mainthread\000"
 1879      74687265 
 1879      616400
 1880              	.LASF32:
 1881 008f 705F7072 		.ascii	"p_prio\000"
 1881      696F00
 1882              	.LASF95:
 1883 0096 63665F6F 		.ascii	"cf_off_state\000"
 1883      66665F73 
 1883      74617465 
 1883      00
 1884              	.LASF110:
 1885 00a3 5F736368 		.ascii	"_scheduler_init\000"
 1885      6564756C 
 1885      65725F69 
 1885      6E697400 
 1886              	.LASF12:
 1887 00b3 6C6F6E67 		.ascii	"long long int\000"
 1887      206C6F6E 
 1887      6720696E 
 1887      7400
 1888              	.LASF1:
ARM GAS  /tmp/ccXbx0be.s 			page 35


 1889 00c1 7369676E 		.ascii	"signed char\000"
 1889      65642063 
 1889      68617200 
 1890              	.LASF94:
 1891 00cd 63665F6F 		.ascii	"cf_off_stklimit\000"
 1891      66665F73 
 1891      746B6C69 
 1891      6D697400 
 1892              	.LASF96:
 1893 00dd 63665F6F 		.ascii	"cf_off_flags\000"
 1893      66665F66 
 1893      6C616773 
 1893      00
 1894              	.LASF48:
 1895 00ea 705F6D70 		.ascii	"p_mpool\000"
 1895      6F6F6C00 
 1896              	.LASF73:
 1897 00f2 6D5F7175 		.ascii	"m_queue\000"
 1897      65756500 
 1898              	.LASF24:
 1899 00fa 74736C69 		.ascii	"tslices_t\000"
 1899      6365735F 
 1899      7400
 1900              	.LASF9:
 1901 0104 6C6F6E67 		.ascii	"long int\000"
 1901      20696E74 
 1901      00
 1902              	.LASF22:
 1903 010d 74737461 		.ascii	"tstate_t\000"
 1903      74655F74 
 1903      00
 1904              	.LASF16:
 1905 0116 75696E74 		.ascii	"uint16_t\000"
 1905      31365F74 
 1905      00
 1906              	.LASF100:
 1907 011f 63686465 		.ascii	"chdebug_t\000"
 1907      6275675F 
 1907      7400
 1908              	.LASF34:
 1909 0129 705F6E65 		.ascii	"p_newer\000"
 1909      77657200 
 1910              	.LASF108:
 1911 0131 5F69646C 		.ascii	"_idle_thread_wa\000"
 1911      655F7468 
 1911      72656164 
 1911      5F776100 
 1912              	.LASF10:
 1913 0141 5F5F7569 		.ascii	"__uint32_t\000"
 1913      6E743332 
 1913      5F7400
 1914              	.LASF51:
 1915 014c 72656761 		.ascii	"regarm_t\000"
 1915      726D5F74 
 1915      00
 1916              	.LASF59:
 1917 0155 76745F70 		.ascii	"vt_prev\000"
ARM GAS  /tmp/ccXbx0be.s 			page 36


 1917      72657600 
 1918              	.LASF102:
 1919 015d 63685379 		.ascii	"chSysInit\000"
 1919      73496E69 
 1919      7400
 1920              	.LASF113:
 1921 0167 5F686561 		.ascii	"_heap_init\000"
 1921      705F696E 
 1921      697400
 1922              	.LASF0:
 1923 0172 756E7369 		.ascii	"unsigned int\000"
 1923      676E6564 
 1923      20696E74 
 1923      00
 1924              	.LASF117:
 1925 017f 5F746872 		.ascii	"_thread_init\000"
 1925      6561645F 
 1925      696E6974 
 1925      00
 1926              	.LASF58:
 1927 018c 76745F6E 		.ascii	"vt_next\000"
 1927      65787400 
 1928              	.LASF11:
 1929 0194 6C6F6E67 		.ascii	"long unsigned int\000"
 1929      20756E73 
 1929      69676E65 
 1929      6420696E 
 1929      7400
 1930              	.LASF107:
 1931 01a6 63685F64 		.ascii	"ch_debug\000"
 1931      65627567 
 1931      00
 1932              	.LASF56:
 1933 01af 76746675 		.ascii	"vtfunc_t\000"
 1933      6E635F74 
 1933      00
 1934              	.LASF82:
 1935 01b8 63685F69 		.ascii	"ch_identifier\000"
 1935      64656E74 
 1935      69666965 
 1935      7200
 1936              	.LASF54:
 1937 01c6 636F6E74 		.ascii	"context\000"
 1937      65787400 
 1938              	.LASF7:
 1939 01ce 73686F72 		.ascii	"short unsigned int\000"
 1939      7420756E 
 1939      7369676E 
 1939      65642069 
 1939      6E7400
 1940              	.LASF26:
 1941 01e1 6D73675F 		.ascii	"msg_t\000"
 1941      7400
 1942              	.LASF114:
 1943 01e7 474E5520 		.ascii	"GNU C 4.8.2 -mcpu=cortex-m3 -mno-thumb-interwork -m"
 1943      4320342E 
 1943      382E3220 
ARM GAS  /tmp/ccXbx0be.s 			page 37


 1943      2D6D6370 
 1943      753D636F 
 1944 021a 7468756D 		.ascii	"thumb -ggdb -O2 -fomit-frame-pointer -ffunction-sec"
 1944      62202D67 
 1944      67646220 
 1944      2D4F3220 
 1944      2D666F6D 
 1945 024d 74696F6E 		.ascii	"tions -fdata-sections -fno-common\000"
 1945      73202D66 
 1945      64617461 
 1945      2D736563 
 1945      74696F6E 
 1946              	.LASF21:
 1947 026f 746D6F64 		.ascii	"tmode_t\000"
 1947      655F7400 
 1948              	.LASF50:
 1949 0277 54687265 		.ascii	"ThreadsList\000"
 1949      6164734C 
 1949      69737400 
 1950              	.LASF27:
 1951 0283 6576656E 		.ascii	"eventmask_t\000"
 1951      746D6173 
 1951      6B5F7400 
 1952              	.LASF72:
 1953 028f 4D757465 		.ascii	"Mutex\000"
 1953      7800
 1954              	.LASF52:
 1955 0295 73746B61 		.ascii	"stkalign_t\000"
 1955      6C69676E 
 1955      5F7400
 1956              	.LASF118:
 1957 02a0 63685468 		.ascii	"chThdCreateStatic\000"
 1957      64437265 
 1957      61746553 
 1957      74617469 
 1957      6300
 1958              	.LASF83:
 1959 02b2 63685F7A 		.ascii	"ch_zero\000"
 1959      65726F00 
 1960              	.LASF97:
 1961 02ba 63665F6F 		.ascii	"cf_off_refs\000"
 1961      66665F72 
 1961      65667300 
 1962              	.LASF60:
 1963 02c6 76745F74 		.ascii	"vt_time\000"
 1963      696D6500 
 1964              	.LASF116:
 1965 02ce 2F686F6D 		.ascii	"/home/caroline/Documents/PAF/elfes/Code\000"
 1965      652F6361 
 1965      726F6C69 
 1965      6E652F44 
 1965      6F63756D 
 1966              	.LASF55:
 1967 02f6 73697A65 		.ascii	"sizetype\000"
 1967      74797065 
 1967      00
 1968              	.LASF61:
ARM GAS  /tmp/ccXbx0be.s 			page 38


 1969 02ff 76745F66 		.ascii	"vt_func\000"
 1969      756E6300 
 1970              	.LASF87:
 1971 0307 63685F74 		.ascii	"ch_timesize\000"
 1971      696D6573 
 1971      697A6500 
 1972              	.LASF93:
 1973 0313 63665F6F 		.ascii	"cf_off_name\000"
 1973      66665F6E 
 1973      616D6500 
 1974              	.LASF35:
 1975 031f 705F6F6C 		.ascii	"p_older\000"
 1975      64657200 
 1976              	.LASF67:
 1977 0327 725F6374 		.ascii	"r_ctx\000"
 1977      7800
 1978              	.LASF68:
 1979 032d 725F6E65 		.ascii	"r_newer\000"
 1979      77657200 
 1980              	.LASF49:
 1981 0335 54687265 		.ascii	"ThreadsQueue\000"
 1981      61647351 
 1981      75657565 
 1981      00
 1982              	.LASF84:
 1983 0342 63685F73 		.ascii	"ch_size\000"
 1983      697A6500 
 1984              	.LASF70:
 1985 034a 725F6375 		.ascii	"r_current\000"
 1985      7272656E 
 1985      7400
 1986              	.LASF69:
 1987 0354 725F6F6C 		.ascii	"r_older\000"
 1987      64657200 
 1988              	.LASF101:
 1989 035c 5F69646C 		.ascii	"_idle_thread\000"
 1989      655F7468 
 1989      72656164 
 1989      00
 1990              	.LASF13:
 1991 0369 5F5F7569 		.ascii	"__uint64_t\000"
 1991      6E743634 
 1991      5F7400
 1992              	.LASF23:
 1993 0374 74726566 		.ascii	"trefs_t\000"
 1993      735F7400 
 1994              	.LASF86:
 1995 037c 63685F70 		.ascii	"ch_ptrsize\000"
 1995      74727369 
 1995      7A6500
 1996              	.LASF31:
 1997 0387 705F7072 		.ascii	"p_prev\000"
 1997      657600
 1998              	.LASF25:
 1999 038e 74707269 		.ascii	"tprio_t\000"
 1999      6F5F7400 
 2000              	.LASF115:
ARM GAS  /tmp/ccXbx0be.s 			page 39


 2001 0396 2E2E2F43 		.ascii	"../ChibiOS_2.6.4/os/kernel/src/chsys.c\000"
 2001      68696269 
 2001      4F535F32 
 2001      2E362E34 
 2001      2F6F732F 
 2002              	.LASF20:
 2003 03bd 5F426F6F 		.ascii	"_Bool\000"
 2003      6C00
 2004              	.LASF17:
 2005 03c3 696E7433 		.ascii	"int32_t\000"
 2005      325F7400 
 2006              	.LASF4:
 2007 03cb 756E7369 		.ascii	"unsigned char\000"
 2007      676E6564 
 2007      20636861 
 2007      7200
 2008              	.LASF112:
 2009 03d9 5F636F72 		.ascii	"_core_init\000"
 2009      655F696E 
 2009      697400
 2010              	.LASF46:
 2011 03e4 705F6D74 		.ascii	"p_mtxlist\000"
 2011      786C6973 
 2011      7400
 2012              	.LASF5:
 2013 03ee 73686F72 		.ascii	"short int\000"
 2013      7420696E 
 2013      7400
 2014              	.LASF37:
 2015 03f8 705F7374 		.ascii	"p_state\000"
 2015      61746500 
 2016              	.LASF40:
 2017 0400 705F7072 		.ascii	"p_preempt\000"
 2017      65656D70 
 2017      7400
 2018              	.LASF99:
 2019 040a 63665F6F 		.ascii	"cf_off_time\000"
 2019      66665F74 
 2019      696D6500 
 2020              	.LASF66:
 2021 0416 725F7072 		.ascii	"r_prio\000"
 2021      696F00
 2022              	.LASF79:
 2023 041d 65776D61 		.ascii	"ewmask\000"
 2023      736B00
 2024              	.LASF30:
 2025 0424 705F6E65 		.ascii	"p_next\000"
 2025      787400
 2026              	.LASF98:
 2027 042b 63665F6F 		.ascii	"cf_off_preempt\000"
 2027      66665F70 
 2027      7265656D 
 2027      707400
 2028              	.LASF38:
 2029 043a 705F666C 		.ascii	"p_flags\000"
 2029      61677300 
 2030              	.LASF29:
ARM GAS  /tmp/ccXbx0be.s 			page 40


 2031 0442 54687265 		.ascii	"Thread\000"
 2031      616400
 2032              	.LASF91:
 2033 0449 63665F6F 		.ascii	"cf_off_newer\000"
 2033      66665F6E 
 2033      65776572 
 2033      00
 2034              	.LASF45:
 2035 0456 705F6570 		.ascii	"p_epending\000"
 2035      656E6469 
 2035      6E6700
 2036              	.LASF18:
 2037 0461 75696E74 		.ascii	"uint32_t\000"
 2037      33325F74 
 2037      00
 2038              	.LASF89:
 2039 046a 63665F6F 		.ascii	"cf_off_prio\000"
 2039      66665F70 
 2039      72696F00 
 2040              	.LASF65:
 2041 0476 725F7175 		.ascii	"r_queue\000"
 2041      65756500 
 2042              	.LASF57:
 2043 047e 56697274 		.ascii	"VirtualTimer\000"
 2043      75616C54 
 2043      696D6572 
 2043      00
 2044              	.LASF80:
 2045 048b 63686172 		.ascii	"char\000"
 2045      00
 2046              	.LASF6:
 2047 0490 5F5F7569 		.ascii	"__uint16_t\000"
 2047      6E743136 
 2047      5F7400
 2048              	.LASF75:
 2049 049b 6D5F6E65 		.ascii	"m_next\000"
 2049      787400
 2050              	.LASF28:
 2051 04a2 73797374 		.ascii	"systime_t\000"
 2051      696D655F 
 2051      7400
 2052              	.LASF47:
 2053 04ac 705F7265 		.ascii	"p_realprio\000"
 2053      616C7072 
 2053      696F00
 2054              	.LASF8:
 2055 04b7 5F5F696E 		.ascii	"__int32_t\000"
 2055      7433325F 
 2055      7400
 2056              	.LASF111:
 2057 04c1 5F76745F 		.ascii	"_vt_init\000"
 2057      696E6974 
 2057      00
 2058              	.LASF41:
 2059 04ca 705F7469 		.ascii	"p_time\000"
 2059      6D6500
 2060              	.LASF53:
ARM GAS  /tmp/ccXbx0be.s 			page 41


 2061 04d1 696E7463 		.ascii	"intctx\000"
 2061      747800
 2062              	.LASF43:
 2063 04d8 705F6D73 		.ascii	"p_msgqueue\000"
 2063      67717565 
 2063      756500
 2064              	.LASF62:
 2065 04e3 76745F70 		.ascii	"vt_par\000"
 2065      617200
 2066              	.LASF90:
 2067 04ea 63665F6F 		.ascii	"cf_off_ctx\000"
 2067      66665F63 
 2067      747800
 2068              	.LASF39:
 2069 04f5 705F7265 		.ascii	"p_refs\000"
 2069      667300
 2070              	.LASF71:
 2071 04fc 52656164 		.ascii	"ReadyList\000"
 2071      794C6973 
 2071      7400
 2072              	.LASF106:
 2073 0506 726C6973 		.ascii	"rlist\000"
 2073      7400
 2074              	.LASF15:
 2075 050c 75696E74 		.ascii	"uint8_t\000"
 2075      385F7400 
 2076              	.LASF109:
 2077 0514 5F706F72 		.ascii	"_port_init\000"
 2077      745F696E 
 2077      697400
 2078              	.LASF78:
 2079 051f 77746F62 		.ascii	"wtobjp\000"
 2079      6A7000
 2080              	.LASF36:
 2081 0526 705F6E61 		.ascii	"p_name\000"
 2081      6D6500
 2082              	.LASF63:
 2083 052d 76745F73 		.ascii	"vt_systime\000"
 2083      79737469 
 2083      6D6500
 2084              	.LASF85:
 2085 0538 63685F76 		.ascii	"ch_version\000"
 2085      65727369 
 2085      6F6E00
 2086              	.LASF64:
 2087 0543 56544C69 		.ascii	"VTList\000"
 2087      737400
 2088              	.LASF74:
 2089 054a 6D5F6F77 		.ascii	"m_owner\000"
 2089      6E657200 
 2090              	.LASF33:
 2091 0552 705F6374 		.ascii	"p_ctx\000"
 2091      7800
 2092              	.LASF42:
 2093 0558 705F7761 		.ascii	"p_waiting\000"
 2093      6974696E 
 2093      6700
ARM GAS  /tmp/ccXbx0be.s 			page 42


 2094              		.ident	"GCC: (4.8.2-14ubuntu1+6) 4.8.2"
ARM GAS  /tmp/ccXbx0be.s 			page 43


DEFINED SYMBOLS
                            *ABS*:0000000000000000 chsys.c
     /tmp/ccXbx0be.s:19     .text._idle_thread:0000000000000000 $t
     /tmp/ccXbx0be.s:24     .text._idle_thread:0000000000000000 _idle_thread
     /tmp/ccXbx0be.s:229    .rodata.str1.4:0000000000000000 .LC0
     /tmp/ccXbx0be.s:47     .text.chSysInit:0000000000000000 $t
     /tmp/ccXbx0be.s:52     .text.chSysInit:0000000000000000 chSysInit
     /tmp/ccXbx0be.s:233    .bss.mainthread.4794:0000000000000000 .LANCHOR0
     /tmp/ccXbx0be.s:240    .bss._idle_thread_wa:0000000000000000 .LANCHOR1
     /tmp/ccXbx0be.s:130    .text.chSysTimerHandlerI:0000000000000000 $t
     /tmp/ccXbx0be.s:135    .text.chSysTimerHandlerI:0000000000000000 chSysTimerHandlerI
     /tmp/ccXbx0be.s:243    .bss._idle_thread_wa:0000000000000000 _idle_thread_wa
     /tmp/ccXbx0be.s:228    .rodata.str1.4:0000000000000000 $d
     /tmp/ccXbx0be.s:232    .bss.mainthread.4794:0000000000000000 $d
     /tmp/ccXbx0be.s:236    .bss.mainthread.4794:0000000000000000 mainthread.4794
     /tmp/ccXbx0be.s:239    .bss._idle_thread_wa:0000000000000000 $d
                     .debug_frame:0000000000000010 $d

UNDEFINED SYMBOLS
rlist
_port_init
_scheduler_init
_vt_init
_core_init
_heap_init
_thread_init
ch_debug
chThdCreateStatic
vtlist
