ARM GAS  /tmp/cceL3kmR.s 			page 1


   1              		.syntax unified
   2              		.cpu cortex-m3
   3              		.fpu softvfp
   4              		.eabi_attribute 20, 1
   5              		.eabi_attribute 21, 1
   6              		.eabi_attribute 23, 3
   7              		.eabi_attribute 24, 1
   8              		.eabi_attribute 25, 1
   9              		.eabi_attribute 26, 1
  10              		.eabi_attribute 30, 2
  11              		.eabi_attribute 34, 1
  12              		.eabi_attribute 18, 4
  13              		.thumb
  14              		.file	"ext_lld_isr.c"
  15              		.text
  16              	.Ltext0:
  17              		.cfi_sections	.debug_frame
  18              	.Letext0:
  19              		.file 1 "/usr/include/newlib/machine/_default_types.h"
  20              		.file 2 "/usr/include/newlib/stdint.h"
  21              		.file 3 "../ChibiOS_2.6.4/os/ports/common/ARMCMx/CMSIS/include/core_cm3.h"
  22              		.section	.debug_info,"",%progbits
  23              	.Ldebug_info0:
  24 0000 9C000000 		.4byte	0x9c
  25 0004 0400     		.2byte	0x4
  26 0006 00000000 		.4byte	.Ldebug_abbrev0
  27 000a 04       		.byte	0x4
  28 000b 01       		.uleb128 0x1
  29 000c 67000000 		.4byte	.LASF14
  30 0010 01       		.byte	0x1
  31 0011 0E000000 		.4byte	.LASF15
  32 0015 19010000 		.4byte	.LASF16
  33 0019 00000000 		.4byte	.Ldebug_line0
  34 001d 02       		.uleb128 0x2
  35 001e 04       		.byte	0x4
  36 001f 05       		.byte	0x5
  37 0020 696E7400 		.ascii	"int\000"
  38 0024 03       		.uleb128 0x3
  39 0025 04       		.byte	0x4
  40 0026 07       		.byte	0x7
  41 0027 48000000 		.4byte	.LASF0
  42 002b 03       		.uleb128 0x3
  43 002c 01       		.byte	0x1
  44 002d 06       		.byte	0x6
  45 002e 70010000 		.4byte	.LASF1
  46 0032 03       		.uleb128 0x3
  47 0033 01       		.byte	0x1
  48 0034 08       		.byte	0x8
  49 0035 41010000 		.4byte	.LASF2
  50 0039 03       		.uleb128 0x3
  51 003a 02       		.byte	0x2
  52 003b 05       		.byte	0x5
  53 003c 86010000 		.4byte	.LASF3
  54 0040 03       		.uleb128 0x3
  55 0041 02       		.byte	0x2
  56 0042 07       		.byte	0x7
  57 0043 06010000 		.4byte	.LASF4
ARM GAS  /tmp/cceL3kmR.s 			page 2


  58 0047 04       		.uleb128 0x4
  59 0048 7C010000 		.4byte	.LASF9
  60 004c 01       		.byte	0x1
  61 004d 37       		.byte	0x37
  62 004e 52000000 		.4byte	0x52
  63 0052 03       		.uleb128 0x3
  64 0053 04       		.byte	0x4
  65 0054 05       		.byte	0x5
  66 0055 54010000 		.4byte	.LASF5
  67 0059 03       		.uleb128 0x3
  68 005a 04       		.byte	0x4
  69 005b 07       		.byte	0x7
  70 005c 55000000 		.4byte	.LASF6
  71 0060 03       		.uleb128 0x3
  72 0061 08       		.byte	0x8
  73 0062 05       		.byte	0x5
  74 0063 00000000 		.4byte	.LASF7
  75 0067 03       		.uleb128 0x3
  76 0068 08       		.byte	0x8
  77 0069 07       		.byte	0x7
  78 006a EF000000 		.4byte	.LASF8
  79 006e 04       		.uleb128 0x4
  80 006f 90010000 		.4byte	.LASF10
  81 0073 02       		.byte	0x2
  82 0074 41       		.byte	0x41
  83 0075 47000000 		.4byte	0x47
  84 0079 03       		.uleb128 0x3
  85 007a 01       		.byte	0x1
  86 007b 02       		.byte	0x2
  87 007c 5D010000 		.4byte	.LASF11
  88 0080 03       		.uleb128 0x3
  89 0081 04       		.byte	0x4
  90 0082 07       		.byte	0x7
  91 0083 98010000 		.4byte	.LASF12
  92 0087 03       		.uleb128 0x3
  93 0088 01       		.byte	0x1
  94 0089 08       		.byte	0x8
  95 008a 4F010000 		.4byte	.LASF13
  96 008e 05       		.uleb128 0x5
  97 008f 63010000 		.4byte	.LASF17
  98 0093 03       		.byte	0x3
  99 0094 0706     		.2byte	0x607
 100 0096 9A000000 		.4byte	0x9a
 101 009a 06       		.uleb128 0x6
 102 009b 6E000000 		.4byte	0x6e
 103 009f 00       		.byte	0
 104              		.section	.debug_abbrev,"",%progbits
 105              	.Ldebug_abbrev0:
 106 0000 01       		.uleb128 0x1
 107 0001 11       		.uleb128 0x11
 108 0002 01       		.byte	0x1
 109 0003 25       		.uleb128 0x25
 110 0004 0E       		.uleb128 0xe
 111 0005 13       		.uleb128 0x13
 112 0006 0B       		.uleb128 0xb
 113 0007 03       		.uleb128 0x3
 114 0008 0E       		.uleb128 0xe
ARM GAS  /tmp/cceL3kmR.s 			page 3


 115 0009 1B       		.uleb128 0x1b
 116 000a 0E       		.uleb128 0xe
 117 000b 10       		.uleb128 0x10
 118 000c 17       		.uleb128 0x17
 119 000d 00       		.byte	0
 120 000e 00       		.byte	0
 121 000f 02       		.uleb128 0x2
 122 0010 24       		.uleb128 0x24
 123 0011 00       		.byte	0
 124 0012 0B       		.uleb128 0xb
 125 0013 0B       		.uleb128 0xb
 126 0014 3E       		.uleb128 0x3e
 127 0015 0B       		.uleb128 0xb
 128 0016 03       		.uleb128 0x3
 129 0017 08       		.uleb128 0x8
 130 0018 00       		.byte	0
 131 0019 00       		.byte	0
 132 001a 03       		.uleb128 0x3
 133 001b 24       		.uleb128 0x24
 134 001c 00       		.byte	0
 135 001d 0B       		.uleb128 0xb
 136 001e 0B       		.uleb128 0xb
 137 001f 3E       		.uleb128 0x3e
 138 0020 0B       		.uleb128 0xb
 139 0021 03       		.uleb128 0x3
 140 0022 0E       		.uleb128 0xe
 141 0023 00       		.byte	0
 142 0024 00       		.byte	0
 143 0025 04       		.uleb128 0x4
 144 0026 16       		.uleb128 0x16
 145 0027 00       		.byte	0
 146 0028 03       		.uleb128 0x3
 147 0029 0E       		.uleb128 0xe
 148 002a 3A       		.uleb128 0x3a
 149 002b 0B       		.uleb128 0xb
 150 002c 3B       		.uleb128 0x3b
 151 002d 0B       		.uleb128 0xb
 152 002e 49       		.uleb128 0x49
 153 002f 13       		.uleb128 0x13
 154 0030 00       		.byte	0
 155 0031 00       		.byte	0
 156 0032 05       		.uleb128 0x5
 157 0033 34       		.uleb128 0x34
 158 0034 00       		.byte	0
 159 0035 03       		.uleb128 0x3
 160 0036 0E       		.uleb128 0xe
 161 0037 3A       		.uleb128 0x3a
 162 0038 0B       		.uleb128 0xb
 163 0039 3B       		.uleb128 0x3b
 164 003a 05       		.uleb128 0x5
 165 003b 49       		.uleb128 0x49
 166 003c 13       		.uleb128 0x13
 167 003d 3F       		.uleb128 0x3f
 168 003e 19       		.uleb128 0x19
 169 003f 3C       		.uleb128 0x3c
 170 0040 19       		.uleb128 0x19
 171 0041 00       		.byte	0
ARM GAS  /tmp/cceL3kmR.s 			page 4


 172 0042 00       		.byte	0
 173 0043 06       		.uleb128 0x6
 174 0044 35       		.uleb128 0x35
 175 0045 00       		.byte	0
 176 0046 49       		.uleb128 0x49
 177 0047 13       		.uleb128 0x13
 178 0048 00       		.byte	0
 179 0049 00       		.byte	0
 180 004a 00       		.byte	0
 181              		.section	.debug_aranges,"",%progbits
 182 0000 14000000 		.4byte	0x14
 183 0004 0200     		.2byte	0x2
 184 0006 00000000 		.4byte	.Ldebug_info0
 185 000a 04       		.byte	0x4
 186 000b 00       		.byte	0
 187 000c 0000     		.2byte	0
 188 000e 0000     		.2byte	0
 189 0010 00000000 		.4byte	0
 190 0014 00000000 		.4byte	0
 191              		.section	.debug_line,"",%progbits
 192              	.Ldebug_line0:
 193 0000 AD000000 		.section	.debug_str,"MS",%progbits,1
 193      0200A700 
 193      00000201 
 193      FB0E0D00 
 193      01010101 
 194              	.LASF7:
 195 0000 6C6F6E67 		.ascii	"long long int\000"
 195      206C6F6E 
 195      6720696E 
 195      7400
 196              	.LASF15:
 197 000e 2E2E2F43 		.ascii	"../ChibiOS_2.6.4/os/hal/platforms/STM32L1xx/ext_lld"
 197      68696269 
 197      4F535F32 
 197      2E362E34 
 197      2F6F732F 
 198 0041 5F697372 		.ascii	"_isr.c\000"
 198      2E6300
 199              	.LASF0:
 200 0048 756E7369 		.ascii	"unsigned int\000"
 200      676E6564 
 200      20696E74 
 200      00
 201              	.LASF6:
 202 0055 6C6F6E67 		.ascii	"long unsigned int\000"
 202      20756E73 
 202      69676E65 
 202      6420696E 
 202      7400
 203              	.LASF14:
 204 0067 474E5520 		.ascii	"GNU C 4.8.2 -mcpu=cortex-m3 -mno-thumb-interwork -m"
 204      4320342E 
 204      382E3220 
 204      2D6D6370 
 204      753D636F 
 205 009a 7468756D 		.ascii	"thumb -ggdb -O2 -fomit-frame-pointer -ffunction-sec"
ARM GAS  /tmp/cceL3kmR.s 			page 5


 205      62202D67 
 205      67646220 
 205      2D4F3220 
 205      2D666F6D 
 206 00cd 74696F6E 		.ascii	"tions -fdata-sections -fno-common\000"
 206      73202D66 
 206      64617461 
 206      2D736563 
 206      74696F6E 
 207              	.LASF8:
 208 00ef 6C6F6E67 		.ascii	"long long unsigned int\000"
 208      206C6F6E 
 208      6720756E 
 208      7369676E 
 208      65642069 
 209              	.LASF4:
 210 0106 73686F72 		.ascii	"short unsigned int\000"
 210      7420756E 
 210      7369676E 
 210      65642069 
 210      6E7400
 211              	.LASF16:
 212 0119 2F686F6D 		.ascii	"/home/caroline/Documents/PAF/elfes/Code\000"
 212      652F6361 
 212      726F6C69 
 212      6E652F44 
 212      6F63756D 
 213              	.LASF2:
 214 0141 756E7369 		.ascii	"unsigned char\000"
 214      676E6564 
 214      20636861 
 214      7200
 215              	.LASF13:
 216 014f 63686172 		.ascii	"char\000"
 216      00
 217              	.LASF5:
 218 0154 6C6F6E67 		.ascii	"long int\000"
 218      20696E74 
 218      00
 219              	.LASF11:
 220 015d 5F426F6F 		.ascii	"_Bool\000"
 220      6C00
 221              	.LASF17:
 222 0163 49544D5F 		.ascii	"ITM_RxBuffer\000"
 222      52784275 
 222      66666572 
 222      00
 223              	.LASF1:
 224 0170 7369676E 		.ascii	"signed char\000"
 224      65642063 
 224      68617200 
 225              	.LASF9:
 226 017c 5F5F696E 		.ascii	"__int32_t\000"
 226      7433325F 
 226      7400
 227              	.LASF3:
 228 0186 73686F72 		.ascii	"short int\000"
ARM GAS  /tmp/cceL3kmR.s 			page 6


 228      7420696E 
 228      7400
 229              	.LASF10:
 230 0190 696E7433 		.ascii	"int32_t\000"
 230      325F7400 
 231              	.LASF12:
 232 0198 73697A65 		.ascii	"sizetype\000"
 232      74797065 
 232      00
 233              		.ident	"GCC: (4.8.2-14ubuntu1+6) 4.8.2"
ARM GAS  /tmp/cceL3kmR.s 			page 7


DEFINED SYMBOLS
                            *ABS*:0000000000000000 ext_lld_isr.c

NO UNDEFINED SYMBOLS
