ARM GAS  /tmp/ccEYe6wz.s 			page 1


   1              		.syntax unified
   2              		.cpu cortex-m3
   3              		.fpu softvfp
   4              		.eabi_attribute 20, 1
   5              		.eabi_attribute 21, 1
   6              		.eabi_attribute 23, 3
   7              		.eabi_attribute 24, 1
   8              		.eabi_attribute 25, 1
   9              		.eabi_attribute 26, 1
  10              		.eabi_attribute 30, 2
  11              		.eabi_attribute 34, 1
  12              		.eabi_attribute 18, 4
  13              		.thumb
  14              		.file	"hal_lld.c"
  15              		.text
  16              	.Ltext0:
  17              		.cfi_sections	.debug_frame
  18              		.section	.text.hal_lld_init,"ax",%progbits
  19              		.align	2
  20              		.global	hal_lld_init
  21              		.thumb
  22              		.thumb_func
  23              		.type	hal_lld_init, %function
  24              	hal_lld_init:
  25              	.LFB64:
  26              		.file 1 "../ChibiOS_2.6.4/os/hal/platforms/STM32L1xx/hal_lld.c"
  27              		.loc 1 94 0
  28              		.cfi_startproc
  29              		@ args = 0, pretend = 0, frame = 0
  30              		@ frame_needed = 0, uses_anonymous_args = 0
  31              		@ link register save eliminated.
  32              		.loc 1 97 0
  33 0000 4FF46053 		mov	r3, #14336
  34 0004 C4F20203 		movt	r3, 16386
  35 0008 1A69     		ldr	r2, [r3, #16]
  36 000a 0021     		movs	r1, #0
  37 000c 62F40042 		orn	r2, r2, #32768
  38              		.loc 1 94 0
  39 0010 F0B4     		push	{r4, r5, r6, r7}
  40              		.cfi_def_cfa_offset 16
  41              		.cfi_offset 4, -16
  42              		.cfi_offset 5, -12
  43              		.cfi_offset 6, -8
  44              		.cfi_offset 7, -4
  45              		.loc 1 97 0
  46 0012 1A61     		str	r2, [r3, #16]
  47 0014 1961     		str	r1, [r3, #16]
  48              		.loc 1 98 0
  49 0016 9869     		ldr	r0, [r3, #24]
  50              		.loc 1 102 0
  51 0018 4EF21002 		movw	r2, #57360
  52              		.loc 1 98 0
  53 001c 60F08050 		orn	r0, r0, #268435456
  54 0020 9861     		str	r0, [r3, #24]
  55              		.loc 1 102 0
  56 0022 CEF20002 		movt	r2, 57344
  57              		.loc 1 98 0
ARM GAS  /tmp/ccEYe6wz.s 			page 2


  58 0026 9961     		str	r1, [r3, #24]
  59              		.loc 1 99 0
  60 0028 4FF0FF36 		mov	r6, #-1
  61              		.loc 1 102 0
  62 002c 47F6FF45 		movw	r5, #31999
  63              		.loc 1 104 0
  64 0030 0724     		movs	r4, #7
  65              		.loc 1 109 0
  66 0032 4EF6F050 		movw	r0, #60912
  67              		.loc 1 99 0
  68 0036 5F69     		ldr	r7, [r3, #20]
  69              		.loc 1 109 0
  70 0038 CEF20000 		movt	r0, 57344
  71              		.loc 1 99 0
  72 003c 5E61     		str	r6, [r3, #20]
  73 003e 5961     		str	r1, [r3, #20]
  74              		.loc 1 102 0
  75 0040 5560     		str	r5, [r2, #4]
  76              		.loc 1 103 0
  77 0042 9160     		str	r1, [r2, #8]
  78              		.loc 1 104 0
  79 0044 1460     		str	r4, [r2]
  80              		.loc 1 109 0
  81 0046 C268     		ldr	r2, [r0, #12]
  82              		.loc 1 110 0
  83 0048 4FF48051 		mov	r1, #4096
  84              		.loc 1 109 0
  85 004c 42F08072 		orr	r2, r2, #16777216
  86 0050 C260     		str	r2, [r0, #12]
  87              		.loc 1 110 0
  88 0052 CEF20001 		movt	r1, 57344
  89 0056 0868     		ldr	r0, [r1]
  90              	.LBB4:
  91              	.LBB5:
  92              		.loc 1 52 0
  93 0058 4FF4E042 		mov	r2, #28672
  94              	.LBE5:
  95              	.LBE4:
  96              		.loc 1 110 0
  97 005c 40F00100 		orr	r0, r0, #1
  98 0060 0860     		str	r0, [r1]
  99              		.loc 1 113 0
 100 0062 596A     		ldr	r1, [r3, #36]
 101              	.LBB8:
 102              	.LBB6:
 103              		.loc 1 52 0
 104 0064 C4F20002 		movt	r2, 16384
 105              	.LBE6:
 106              	.LBE8:
 107              		.loc 1 113 0
 108 0068 41F08051 		orr	r1, r1, #268435456
 109 006c 5962     		str	r1, [r3, #36]
 110              	.LBB9:
 111              	.LBB7:
 112              		.loc 1 52 0
 113 006e 1168     		ldr	r1, [r2]
 114 0070 41F48071 		orr	r1, r1, #256
ARM GAS  /tmp/ccEYe6wz.s 			page 3


 115 0074 1160     		str	r1, [r2]
 116              		.loc 1 55 0
 117 0076 5A6B     		ldr	r2, [r3, #52]
 118 0078 02F44032 		and	r2, r2, #196608
 119 007c B2F5803F 		cmp	r2, #65536
 120 0080 07D0     		beq	.L2
 121              		.loc 1 57 0
 122 0082 5A6B     		ldr	r2, [r3, #52]
 123 0084 42F40002 		orr	r2, r2, #8388608
 124 0088 5A63     		str	r2, [r3, #52]
 125              		.loc 1 58 0
 126 008a 5A6B     		ldr	r2, [r3, #52]
 127 008c 22F40002 		bic	r2, r2, #8388608
 128 0090 5A63     		str	r2, [r3, #52]
 129              	.L2:
 130              		.loc 1 63 0
 131 0092 4FF46053 		mov	r3, #14336
 132 0096 C4F20203 		movt	r3, 16386
 133 009a 5A6B     		ldr	r2, [r3, #52]
 134              		.loc 1 64 0
 135 009c 1946     		mov	r1, r3
 136              		.loc 1 63 0
 137 009e 42F48072 		orr	r2, r2, #256
 138 00a2 5A63     		str	r2, [r3, #52]
 139              	.L4:
 140              		.loc 1 64 0
 141 00a4 4A6B     		ldr	r2, [r1, #52]
 142 00a6 4FF46053 		mov	r3, #14336
 143 00aa 9005     		lsls	r0, r2, #22
 144 00ac C4F20203 		movt	r3, 16386
 145 00b0 F8D5     		bpl	.L4
 146              		.loc 1 71 0
 147 00b2 5A6B     		ldr	r2, [r3, #52]
 148 00b4 5202     		lsls	r2, r2, #9
 149 00b6 07D4     		bmi	.L5
 150              		.loc 1 73 0
 151 00b8 5A6B     		ldr	r2, [r3, #52]
 152 00ba 42F48032 		orr	r2, r2, #65536
 153 00be 5A63     		str	r2, [r3, #52]
 154              		.loc 1 76 0
 155 00c0 5A6B     		ldr	r2, [r3, #52]
 156 00c2 42F48002 		orr	r2, r2, #4194304
 157 00c6 5A63     		str	r2, [r3, #52]
 158              	.L5:
 159              	.LBE7:
 160              	.LBE9:
 161              		.loc 1 126 0
 162 00c8 F0BC     		pop	{r4, r5, r6, r7}
 163              		.loc 1 119 0
 164 00ca FFF7FEBF 		b	dmaInit
 165              	.LVL0:
 166              		.cfi_endproc
 167              	.LFE64:
 168              		.size	hal_lld_init, .-hal_lld_init
 169 00ce 00BF     		.section	.text.stm32_clock_init,"ax",%progbits
 170              		.align	2
 171              		.global	stm32_clock_init
ARM GAS  /tmp/ccEYe6wz.s 			page 4


 172              		.thumb
 173              		.thumb_func
 174              		.type	stm32_clock_init, %function
 175              	stm32_clock_init:
 176              	.LFB65:
 177              		.loc 1 139 0
 178              		.cfi_startproc
 179              		@ args = 0, pretend = 0, frame = 0
 180              		@ frame_needed = 0, uses_anonymous_args = 0
 181              		@ link register save eliminated.
 182              		.loc 1 143 0
 183 0000 4FF46053 		mov	r3, #14336
 184 0004 C4F20203 		movt	r3, 16386
 185 0008 4FF08052 		mov	r2, #268435456
 186              		.loc 1 146 0
 187 000c 4FF4E041 		mov	r1, #28672
 188              		.loc 1 139 0
 189 0010 10B4     		push	{r4}
 190              		.cfi_def_cfa_offset 4
 191              		.cfi_offset 4, -4
 192              		.loc 1 146 0
 193 0012 C4F20001 		movt	r1, 16384
 194              		.loc 1 143 0
 195 0016 5A62     		str	r2, [r3, #36]
 196              	.L12:
 197              		.loc 1 146 0 discriminator 1
 198 0018 4A68     		ldr	r2, [r1, #4]
 199 001a 4FF4E043 		mov	r3, #28672
 200 001e D006     		lsls	r0, r2, #27
 201 0020 C4F20003 		movt	r3, 16384
 202 0024 F8D4     		bmi	.L12
 203              		.loc 1 148 0
 204 0026 4FF40062 		mov	r2, #2048
 205 002a 1A60     		str	r2, [r3]
 206              		.loc 1 149 0
 207 002c 1A46     		mov	r2, r3
 208              	.L14:
 209              		.loc 1 149 0 is_stmt 0 discriminator 1
 210 002e 5368     		ldr	r3, [r2, #4]
 211 0030 13F01003 		ands	r3, r3, #16
 212 0034 FBD1     		bne	.L14
 213              		.loc 1 155 0 is_stmt 1
 214 0036 4FF46052 		mov	r2, #14336
 215 003a C4F20202 		movt	r2, 16386
 216 003e 9360     		str	r3, [r2, #8]
 217              		.loc 1 156 0
 218 0040 5168     		ldr	r1, [r2, #4]
 219              		.loc 1 157 0
 220 0042 4FF48073 		mov	r3, #256
 221              		.loc 1 156 0
 222 0046 21F46041 		bic	r1, r1, #57344
 223 004a 41F42041 		orr	r1, r1, #40960
 224 004e 5160     		str	r1, [r2, #4]
 225              		.loc 1 158 0
 226 0050 1146     		mov	r1, r2
 227              		.loc 1 157 0
 228 0052 1360     		str	r3, [r2]
ARM GAS  /tmp/ccEYe6wz.s 			page 5


 229              	.L16:
 230              		.loc 1 158 0 discriminator 1
 231 0054 0A68     		ldr	r2, [r1]
 232 0056 4FF46053 		mov	r3, #14336
 233 005a 9205     		lsls	r2, r2, #22
 234 005c C4F20203 		movt	r3, 16386
 235 0060 F8D5     		bpl	.L16
 236              		.loc 1 163 0
 237 0062 1A68     		ldr	r2, [r3]
 238              		.loc 1 164 0
 239 0064 1946     		mov	r1, r3
 240              		.loc 1 163 0
 241 0066 42F00102 		orr	r2, r2, #1
 242 006a 1A60     		str	r2, [r3]
 243              	.L18:
 244              		.loc 1 164 0 discriminator 1
 245 006c 0A68     		ldr	r2, [r1]
 246 006e 4FF46053 		mov	r3, #14336
 247 0072 9407     		lsls	r4, r2, #30
 248 0074 C4F20203 		movt	r3, 16386
 249 0078 F8D5     		bpl	.L18
 250              		.loc 1 181 0
 251 007a 5A6B     		ldr	r2, [r3, #52]
 252              		.loc 1 182 0
 253 007c 1946     		mov	r1, r3
 254              		.loc 1 181 0
 255 007e 42F00102 		orr	r2, r2, #1
 256 0082 5A63     		str	r2, [r3, #52]
 257              	.L20:
 258              		.loc 1 182 0 discriminator 1
 259 0084 4A6B     		ldr	r2, [r1, #52]
 260 0086 4FF46053 		mov	r3, #14336
 261 008a 9007     		lsls	r0, r2, #30
 262 008c C4F20203 		movt	r3, 16386
 263 0090 F8D5     		bpl	.L20
 264              		.loc 1 188 0
 265 0092 5A6B     		ldr	r2, [r3, #52]
 266 0094 D105     		lsls	r1, r2, #23
 267 0096 0FD4     		bmi	.L21
 268              		.loc 1 189 0
 269 0098 4FF4E042 		mov	r2, #28672
 270 009c C4F20002 		movt	r2, 16384
 271 00a0 1168     		ldr	r1, [r2]
 272 00a2 41F48071 		orr	r1, r1, #256
 273 00a6 1160     		str	r1, [r2]
 274              		.loc 1 190 0
 275 00a8 596B     		ldr	r1, [r3, #52]
 276 00aa 41F48071 		orr	r1, r1, #256
 277 00ae 5963     		str	r1, [r3, #52]
 278              		.loc 1 191 0
 279 00b0 1368     		ldr	r3, [r2]
 280 00b2 23F48073 		bic	r3, r3, #256
 281 00b6 1360     		str	r3, [r2]
 282              	.L21:
 283              		.loc 1 193 0 discriminator 1
 284 00b8 4FF46051 		mov	r1, #14336
 285 00bc C4F20201 		movt	r1, 16386
ARM GAS  /tmp/ccEYe6wz.s 			page 6


 286              	.L23:
 287 00c0 4A6B     		ldr	r2, [r1, #52]
 288 00c2 4FF46053 		mov	r3, #14336
 289 00c6 9205     		lsls	r2, r2, #22
 290 00c8 C4F20203 		movt	r3, 16386
 291 00cc F8D5     		bpl	.L23
 292              		.loc 1 199 0
 293 00ce 9A68     		ldr	r2, [r3, #8]
 294              		.loc 1 201 0
 295 00d0 1946     		mov	r1, r3
 296              		.loc 1 199 0
 297 00d2 42F40802 		orr	r2, r2, #8912896
 298 00d6 9A60     		str	r2, [r3, #8]
 299              		.loc 1 200 0
 300 00d8 1A68     		ldr	r2, [r3]
 301 00da 42F08072 		orr	r2, r2, #16777216
 302 00de 1A60     		str	r2, [r3]
 303              	.L25:
 304              		.loc 1 201 0 discriminator 1
 305 00e0 0A68     		ldr	r2, [r1]
 306 00e2 4FF46053 		mov	r3, #14336
 307 00e6 9401     		lsls	r4, r2, #6
 308 00e8 C4F20203 		movt	r3, 16386
 309 00ec F8D5     		bpl	.L25
 310              		.loc 1 206 0
 311 00ee 1968     		ldr	r1, [r3]
 312              		.loc 1 213 0
 313 00f0 4FF47052 		mov	r2, #15360
 314              		.loc 1 206 0
 315 00f4 1960     		str	r1, [r3]
 316              		.loc 1 207 0
 317 00f6 9968     		ldr	r1, [r3, #8]
 318              		.loc 1 213 0
 319 00f8 C4F20202 		movt	r2, 16386
 320              		.loc 1 207 0
 321 00fc 9960     		str	r1, [r3, #8]
 322              		.loc 1 209 0
 323 00fe 5C6B     		ldr	r4, [r3, #52]
 324              		.loc 1 216 0
 325 0100 0721     		movs	r1, #7
 326              		.loc 1 213 0
 327 0102 0420     		movs	r0, #4
 328              		.loc 1 209 0
 329 0104 44F48034 		orr	r4, r4, #65536
 330 0108 5C63     		str	r4, [r3, #52]
 331              		.loc 1 213 0
 332 010a 1060     		str	r0, [r2]
 333              		.loc 1 216 0
 334 010c 1160     		str	r1, [r2]
 335              		.loc 1 221 0
 336 010e 9A68     		ldr	r2, [r3, #8]
 337              		.loc 1 222 0
 338 0110 1946     		mov	r1, r3
 339              		.loc 1 221 0
 340 0112 42F00302 		orr	r2, r2, #3
 341 0116 9A60     		str	r2, [r3, #8]
 342              	.L27:
ARM GAS  /tmp/ccEYe6wz.s 			page 7


 343              		.loc 1 222 0 discriminator 1
 344 0118 8A68     		ldr	r2, [r1, #8]
 345 011a 4FF46053 		mov	r3, #14336
 346 011e 02F00C02 		and	r2, r2, #12
 347 0122 0C2A     		cmp	r2, #12
 348 0124 C4F20203 		movt	r3, 16386
 349 0128 F6D1     		bne	.L27
 350              		.loc 1 229 0
 351 012a 1A6A     		ldr	r2, [r3, #32]
 352              		.loc 1 230 0
 353 012c 5DF8044B 		ldr	r4, [sp], #4
 354              		.loc 1 229 0
 355 0130 42F00102 		orr	r2, r2, #1
 356 0134 1A62     		str	r2, [r3, #32]
 357 0136 DA6A     		ldr	r2, [r3, #44]
 358 0138 42F00102 		orr	r2, r2, #1
 359 013c DA62     		str	r2, [r3, #44]
 360              		.loc 1 230 0
 361 013e 7047     		bx	lr
 362              		.cfi_endproc
 363              	.LFE65:
 364              		.size	stm32_clock_init, .-stm32_clock_init
 365              		.text
 366              	.Letext0:
 367              		.file 2 "/usr/include/newlib/machine/_default_types.h"
 368              		.file 3 "/usr/include/newlib/stdint.h"
 369              		.file 4 "../ChibiOS_2.6.4/os/ports/common/ARMCMx/nvic.h"
 370              		.file 5 "../ChibiOS_2.6.4/os/ports/common/ARMCMx/CMSIS/include/core_cm3.h"
 371              		.file 6 "../ChibiOS_2.6.4/os/hal/platforms/STM32L1xx/stm32l1xx.h"
 372              		.file 7 "../ChibiOS_2.6.4/os/hal/platforms/STM32L1xx/stm32_dma.h"
 373              		.section	.debug_info,"",%progbits
 374              	.Ldebug_info0:
 375 0000 FB030000 		.4byte	0x3fb
 376 0004 0400     		.2byte	0x4
 377 0006 00000000 		.4byte	.Ldebug_abbrev0
 378 000a 04       		.byte	0x4
 379 000b 01       		.uleb128 0x1
 380 000c E1000000 		.4byte	.LASF59
 381 0010 01       		.byte	0x1
 382 0011 A2010000 		.4byte	.LASF60
 383 0015 EB020000 		.4byte	.LASF61
 384 0019 20000000 		.4byte	.Ldebug_ranges0+0x20
 385 001d 00000000 		.4byte	0
 386 0021 00000000 		.4byte	.Ldebug_line0
 387 0025 02       		.uleb128 0x2
 388 0026 04       		.byte	0x4
 389 0027 05       		.byte	0x5
 390 0028 696E7400 		.ascii	"int\000"
 391 002c 03       		.uleb128 0x3
 392 002d 04       		.byte	0x4
 393 002e 07       		.byte	0x7
 394 002f 26020000 		.4byte	.LASF0
 395 0033 03       		.uleb128 0x3
 396 0034 01       		.byte	0x1
 397 0035 06       		.byte	0x6
 398 0036 F4010000 		.4byte	.LASF1
 399 003a 03       		.uleb128 0x3
ARM GAS  /tmp/ccEYe6wz.s 			page 8


 400 003b 01       		.byte	0x1
 401 003c 08       		.byte	0x8
 402 003d DF010000 		.4byte	.LASF2
 403 0041 03       		.uleb128 0x3
 404 0042 02       		.byte	0x2
 405 0043 05       		.byte	0x5
 406 0044 0F000000 		.4byte	.LASF3
 407 0048 04       		.uleb128 0x4
 408 0049 5E000000 		.4byte	.LASF5
 409 004d 02       		.byte	0x2
 410 004e 26       		.byte	0x26
 411 004f 53000000 		.4byte	0x53
 412 0053 03       		.uleb128 0x3
 413 0054 02       		.byte	0x2
 414 0055 07       		.byte	0x7
 415 0056 56020000 		.4byte	.LASF4
 416 005a 04       		.uleb128 0x4
 417 005b D5020000 		.4byte	.LASF6
 418 005f 02       		.byte	0x2
 419 0060 37       		.byte	0x37
 420 0061 65000000 		.4byte	0x65
 421 0065 03       		.uleb128 0x3
 422 0066 04       		.byte	0x4
 423 0067 05       		.byte	0x5
 424 0068 6F010000 		.4byte	.LASF7
 425 006c 04       		.uleb128 0x4
 426 006d 42000000 		.4byte	.LASF8
 427 0071 02       		.byte	0x2
 428 0072 38       		.byte	0x38
 429 0073 77000000 		.4byte	0x77
 430 0077 03       		.uleb128 0x3
 431 0078 04       		.byte	0x4
 432 0079 07       		.byte	0x7
 433 007a AA020000 		.4byte	.LASF9
 434 007e 03       		.uleb128 0x3
 435 007f 08       		.byte	0x8
 436 0080 05       		.byte	0x5
 437 0081 CC000000 		.4byte	.LASF10
 438 0085 03       		.uleb128 0x3
 439 0086 08       		.byte	0x8
 440 0087 07       		.byte	0x7
 441 0088 00020000 		.4byte	.LASF11
 442 008c 04       		.uleb128 0x4
 443 008d 33020000 		.4byte	.LASF12
 444 0091 03       		.byte	0x3
 445 0092 36       		.byte	0x36
 446 0093 48000000 		.4byte	0x48
 447 0097 04       		.uleb128 0x4
 448 0098 8D020000 		.4byte	.LASF13
 449 009c 03       		.byte	0x3
 450 009d 41       		.byte	0x41
 451 009e 5A000000 		.4byte	0x5a
 452 00a2 04       		.uleb128 0x4
 453 00a3 1D020000 		.4byte	.LASF14
 454 00a7 03       		.byte	0x3
 455 00a8 42       		.byte	0x42
 456 00a9 6C000000 		.4byte	0x6c
ARM GAS  /tmp/ccEYe6wz.s 			page 9


 457 00ad 03       		.uleb128 0x3
 458 00ae 01       		.byte	0x1
 459 00af 02       		.byte	0x2
 460 00b0 95020000 		.4byte	.LASF15
 461 00b4 04       		.uleb128 0x4
 462 00b5 B4000000 		.4byte	.LASF16
 463 00b9 04       		.byte	0x4
 464 00ba 3A       		.byte	0x3a
 465 00bb BF000000 		.4byte	0xbf
 466 00bf 05       		.uleb128 0x5
 467 00c0 A2000000 		.4byte	0xa2
 468 00c4 03       		.uleb128 0x3
 469 00c5 04       		.byte	0x4
 470 00c6 07       		.byte	0x7
 471 00c7 19000000 		.4byte	.LASF17
 472 00cb 06       		.uleb128 0x6
 473 00cc 10       		.byte	0x10
 474 00cd 04       		.byte	0x4
 475 00ce F1       		.byte	0xf1
 476 00cf 04010000 		.4byte	0x104
 477 00d3 07       		.uleb128 0x7
 478 00d4 69010000 		.4byte	.LASF18
 479 00d8 04       		.byte	0x4
 480 00d9 F2       		.byte	0xf2
 481 00da B4000000 		.4byte	0xb4
 482 00de 00       		.byte	0
 483 00df 07       		.uleb128 0x7
 484 00e0 7B000000 		.4byte	.LASF19
 485 00e4 04       		.byte	0x4
 486 00e5 F3       		.byte	0xf3
 487 00e6 B4000000 		.4byte	0xb4
 488 00ea 04       		.byte	0x4
 489 00eb 07       		.uleb128 0x7
 490 00ec A6000000 		.4byte	.LASF20
 491 00f0 04       		.byte	0x4
 492 00f1 F4       		.byte	0xf4
 493 00f2 B4000000 		.4byte	0xb4
 494 00f6 08       		.byte	0x8
 495 00f7 07       		.uleb128 0x7
 496 00f8 09000000 		.4byte	.LASF21
 497 00fc 04       		.byte	0x4
 498 00fd F5       		.byte	0xf5
 499 00fe B4000000 		.4byte	0xb4
 500 0102 0C       		.byte	0xc
 501 0103 00       		.byte	0
 502 0104 04       		.uleb128 0x4
 503 0105 85020000 		.4byte	.LASF22
 504 0109 04       		.byte	0x4
 505 010a F6       		.byte	0xf6
 506 010b CB000000 		.4byte	0xcb
 507 010f 08       		.uleb128 0x8
 508 0110 20       		.byte	0x20
 509 0111 04       		.byte	0x4
 510 0112 0601     		.2byte	0x106
 511 0114 81010000 		.4byte	0x181
 512 0118 09       		.uleb128 0x9
 513 0119 69000000 		.4byte	.LASF23
ARM GAS  /tmp/ccEYe6wz.s 			page 10


 514 011d 04       		.byte	0x4
 515 011e 0701     		.2byte	0x107
 516 0120 B4000000 		.4byte	0xb4
 517 0124 00       		.byte	0
 518 0125 09       		.uleb128 0x9
 519 0126 DA000000 		.4byte	.LASF24
 520 012a 04       		.byte	0x4
 521 012b 0801     		.2byte	0x108
 522 012d B4000000 		.4byte	0xb4
 523 0131 04       		.byte	0x4
 524 0132 09       		.uleb128 0x9
 525 0133 A3020000 		.4byte	.LASF25
 526 0137 04       		.byte	0x4
 527 0138 0901     		.2byte	0x109
 528 013a B4000000 		.4byte	0xb4
 529 013e 08       		.byte	0x8
 530 013f 09       		.uleb128 0x9
 531 0140 D8010000 		.4byte	.LASF26
 532 0144 04       		.byte	0x4
 533 0145 0A01     		.2byte	0x10a
 534 0147 B4000000 		.4byte	0xb4
 535 014b 0C       		.byte	0xc
 536 014c 09       		.uleb128 0x9
 537 014d 84010000 		.4byte	.LASF27
 538 0151 04       		.byte	0x4
 539 0152 0B01     		.2byte	0x10b
 540 0154 B4000000 		.4byte	0xb4
 541 0158 10       		.byte	0x10
 542 0159 09       		.uleb128 0x9
 543 015a DF020000 		.4byte	.LASF28
 544 015e 04       		.byte	0x4
 545 015f 0C01     		.2byte	0x10c
 546 0161 B4000000 		.4byte	0xb4
 547 0165 14       		.byte	0x14
 548 0166 09       		.uleb128 0x9
 549 0167 27000000 		.4byte	.LASF29
 550 016b 04       		.byte	0x4
 551 016c 0D01     		.2byte	0x10d
 552 016e B4000000 		.4byte	0xb4
 553 0172 18       		.byte	0x18
 554 0173 09       		.uleb128 0x9
 555 0174 22000000 		.4byte	.LASF30
 556 0178 04       		.byte	0x4
 557 0179 0E01     		.2byte	0x10e
 558 017b B4000000 		.4byte	0xb4
 559 017f 1C       		.byte	0x1c
 560 0180 00       		.byte	0
 561 0181 0A       		.uleb128 0xa
 562 0182 4D000000 		.4byte	.LASF31
 563 0186 04       		.byte	0x4
 564 0187 0F01     		.2byte	0x10f
 565 0189 0F010000 		.4byte	0x10f
 566 018d 03       		.uleb128 0x3
 567 018e 01       		.byte	0x1
 568 018f 08       		.byte	0x8
 569 0190 80020000 		.4byte	.LASF32
 570 0194 0B       		.uleb128 0xb
ARM GAS  /tmp/ccEYe6wz.s 			page 11


 571 0195 BF000000 		.4byte	0xbf
 572 0199 08       		.uleb128 0x8
 573 019a 10       		.byte	0x10
 574 019b 05       		.byte	0x5
 575 019c 3F02     		.2byte	0x23f
 576 019e D7010000 		.4byte	0x1d7
 577 01a2 09       		.uleb128 0x9
 578 01a3 69000000 		.4byte	.LASF23
 579 01a7 05       		.byte	0x5
 580 01a8 4102     		.2byte	0x241
 581 01aa BF000000 		.4byte	0xbf
 582 01ae 00       		.byte	0
 583 01af 09       		.uleb128 0x9
 584 01b0 E6020000 		.4byte	.LASF33
 585 01b4 05       		.byte	0x5
 586 01b5 4202     		.2byte	0x242
 587 01b7 BF000000 		.4byte	0xbf
 588 01bb 04       		.byte	0x4
 589 01bc 0C       		.uleb128 0xc
 590 01bd 56414C00 		.ascii	"VAL\000"
 591 01c1 05       		.byte	0x5
 592 01c2 4302     		.2byte	0x243
 593 01c4 BF000000 		.4byte	0xbf
 594 01c8 08       		.byte	0x8
 595 01c9 09       		.uleb128 0x9
 596 01ca 17020000 		.4byte	.LASF34
 597 01ce 05       		.byte	0x5
 598 01cf 4402     		.2byte	0x244
 599 01d1 94010000 		.4byte	0x194
 600 01d5 0C       		.byte	0xc
 601 01d6 00       		.byte	0
 602 01d7 0A       		.uleb128 0xa
 603 01d8 49020000 		.4byte	.LASF35
 604 01dc 05       		.byte	0x5
 605 01dd 4502     		.2byte	0x245
 606 01df 99010000 		.4byte	0x199
 607 01e3 08       		.uleb128 0x8
 608 01e4 88       		.byte	0x88
 609 01e5 06       		.byte	0x6
 610 01e6 E201     		.2byte	0x1e2
 611 01e8 88020000 		.4byte	0x288
 612 01ec 0C       		.uleb128 0xc
 613 01ed 41435200 		.ascii	"ACR\000"
 614 01f1 06       		.byte	0x6
 615 01f2 E401     		.2byte	0x1e4
 616 01f4 BF000000 		.4byte	0xbf
 617 01f8 00       		.byte	0
 618 01f9 09       		.uleb128 0x9
 619 01fa 6F020000 		.4byte	.LASF36
 620 01fe 06       		.byte	0x6
 621 01ff E501     		.2byte	0x1e5
 622 0201 BF000000 		.4byte	0xbf
 623 0205 04       		.byte	0x4
 624 0206 09       		.uleb128 0x9
 625 0207 3B000000 		.4byte	.LASF37
 626 020b 06       		.byte	0x6
 627 020c E601     		.2byte	0x1e6
ARM GAS  /tmp/ccEYe6wz.s 			page 12


 628 020e BF000000 		.4byte	0xbf
 629 0212 08       		.byte	0x8
 630 0213 09       		.uleb128 0x9
 631 0214 ED010000 		.4byte	.LASF38
 632 0218 06       		.byte	0x6
 633 0219 E701     		.2byte	0x1e7
 634 021b BF000000 		.4byte	0xbf
 635 021f 0C       		.byte	0xc
 636 0220 09       		.uleb128 0x9
 637 0221 BC020000 		.4byte	.LASF39
 638 0225 06       		.byte	0x6
 639 0226 E801     		.2byte	0x1e8
 640 0228 BF000000 		.4byte	0xbf
 641 022c 10       		.byte	0x10
 642 022d 09       		.uleb128 0x9
 643 022e BC000000 		.4byte	.LASF40
 644 0232 06       		.byte	0x6
 645 0233 E901     		.2byte	0x1e9
 646 0235 BF000000 		.4byte	0xbf
 647 0239 14       		.byte	0x14
 648 023a 0C       		.uleb128 0xc
 649 023b 535200   		.ascii	"SR\000"
 650 023e 06       		.byte	0x6
 651 023f EA01     		.2byte	0x1ea
 652 0241 BF000000 		.4byte	0xbf
 653 0245 18       		.byte	0x18
 654 0246 0C       		.uleb128 0xc
 655 0247 4F425200 		.ascii	"OBR\000"
 656 024b 06       		.byte	0x6
 657 024c EB01     		.2byte	0x1eb
 658 024e BF000000 		.4byte	0xbf
 659 0252 1C       		.byte	0x1c
 660 0253 09       		.uleb128 0x9
 661 0254 96010000 		.4byte	.LASF41
 662 0258 06       		.byte	0x6
 663 0259 EC01     		.2byte	0x1ec
 664 025b BF000000 		.4byte	0xbf
 665 025f 20       		.byte	0x20
 666 0260 09       		.uleb128 0x9
 667 0261 13030000 		.4byte	.LASF42
 668 0265 06       		.byte	0x6
 669 0266 ED01     		.2byte	0x1ed
 670 0268 88020000 		.4byte	0x288
 671 026c 24       		.byte	0x24
 672 026d 09       		.uleb128 0x9
 673 026e 74020000 		.4byte	.LASF43
 674 0272 06       		.byte	0x6
 675 0273 EE01     		.2byte	0x1ee
 676 0275 BF000000 		.4byte	0xbf
 677 0279 80       		.byte	0x80
 678 027a 09       		.uleb128 0x9
 679 027b 7A020000 		.4byte	.LASF44
 680 027f 06       		.byte	0x6
 681 0280 EF01     		.2byte	0x1ef
 682 0282 BF000000 		.4byte	0xbf
 683 0286 84       		.byte	0x84
 684 0287 00       		.byte	0
ARM GAS  /tmp/ccEYe6wz.s 			page 13


 685 0288 0D       		.uleb128 0xd
 686 0289 A2000000 		.4byte	0xa2
 687 028d 98020000 		.4byte	0x298
 688 0291 0E       		.uleb128 0xe
 689 0292 C4000000 		.4byte	0xc4
 690 0296 16       		.byte	0x16
 691 0297 00       		.byte	0
 692 0298 0A       		.uleb128 0xa
 693 0299 1C030000 		.4byte	.LASF45
 694 029d 06       		.byte	0x6
 695 029e F001     		.2byte	0x1f0
 696 02a0 E3010000 		.4byte	0x1e3
 697 02a4 08       		.uleb128 0x8
 698 02a5 08       		.byte	0x8
 699 02a6 06       		.byte	0x6
 700 02a7 7C02     		.2byte	0x27c
 701 02a9 C7020000 		.4byte	0x2c7
 702 02ad 0C       		.uleb128 0xc
 703 02ae 435200   		.ascii	"CR\000"
 704 02b1 06       		.byte	0x6
 705 02b2 7E02     		.2byte	0x27e
 706 02b4 BF000000 		.4byte	0xbf
 707 02b8 00       		.byte	0
 708 02b9 0C       		.uleb128 0xc
 709 02ba 43535200 		.ascii	"CSR\000"
 710 02be 06       		.byte	0x6
 711 02bf 7F02     		.2byte	0x27f
 712 02c1 BF000000 		.4byte	0xbf
 713 02c5 04       		.byte	0x4
 714 02c6 00       		.byte	0
 715 02c7 0A       		.uleb128 0xa
 716 02c8 2F000000 		.4byte	.LASF46
 717 02cc 06       		.byte	0x6
 718 02cd 8002     		.2byte	0x280
 719 02cf A4020000 		.4byte	0x2a4
 720 02d3 08       		.uleb128 0x8
 721 02d4 38       		.byte	0x38
 722 02d5 06       		.byte	0x6
 723 02d6 8602     		.2byte	0x286
 724 02d8 92030000 		.4byte	0x392
 725 02dc 0C       		.uleb128 0xc
 726 02dd 435200   		.ascii	"CR\000"
 727 02e0 06       		.byte	0x6
 728 02e1 8802     		.2byte	0x288
 729 02e3 BF000000 		.4byte	0xbf
 730 02e7 00       		.byte	0
 731 02e8 09       		.uleb128 0x9
 732 02e9 69020000 		.4byte	.LASF47
 733 02ed 06       		.byte	0x6
 734 02ee 8902     		.2byte	0x289
 735 02f0 BF000000 		.4byte	0xbf
 736 02f4 04       		.byte	0x4
 737 02f5 09       		.uleb128 0x9
 738 02f6 6E000000 		.4byte	.LASF48
 739 02fa 06       		.byte	0x6
 740 02fb 8A02     		.2byte	0x28a
 741 02fd BF000000 		.4byte	0xbf
ARM GAS  /tmp/ccEYe6wz.s 			page 14


 742 0301 08       		.byte	0x8
 743 0302 0C       		.uleb128 0xc
 744 0303 43495200 		.ascii	"CIR\000"
 745 0307 06       		.byte	0x6
 746 0308 8B02     		.2byte	0x28b
 747 030a BF000000 		.4byte	0xbf
 748 030e 0C       		.byte	0xc
 749 030f 09       		.uleb128 0x9
 750 0310 C4000000 		.4byte	.LASF49
 751 0314 06       		.byte	0x6
 752 0315 8C02     		.2byte	0x28c
 753 0317 BF000000 		.4byte	0xbf
 754 031b 10       		.byte	0x10
 755 031c 09       		.uleb128 0x9
 756 031d 8D010000 		.4byte	.LASF50
 757 0321 06       		.byte	0x6
 758 0322 8D02     		.2byte	0x28d
 759 0324 BF000000 		.4byte	0xbf
 760 0328 14       		.byte	0x14
 761 0329 09       		.uleb128 0x9
 762 032a 00000000 		.4byte	.LASF51
 763 032e 06       		.byte	0x6
 764 032f 8E02     		.2byte	0x28e
 765 0331 BF000000 		.4byte	0xbf
 766 0335 18       		.byte	0x18
 767 0336 09       		.uleb128 0x9
 768 0337 9B010000 		.4byte	.LASF52
 769 033b 06       		.byte	0x6
 770 033c 8F02     		.2byte	0x28f
 771 033e BF000000 		.4byte	0xbf
 772 0342 1C       		.byte	0x1c
 773 0343 09       		.uleb128 0x9
 774 0344 AC000000 		.4byte	.LASF53
 775 0348 06       		.byte	0x6
 776 0349 9002     		.2byte	0x290
 777 034b BF000000 		.4byte	0xbf
 778 034f 20       		.byte	0x20
 779 0350 09       		.uleb128 0x9
 780 0351 73000000 		.4byte	.LASF54
 781 0355 06       		.byte	0x6
 782 0356 9102     		.2byte	0x291
 783 0358 BF000000 		.4byte	0xbf
 784 035c 24       		.byte	0x24
 785 035d 09       		.uleb128 0x9
 786 035e 55000000 		.4byte	.LASF55
 787 0362 06       		.byte	0x6
 788 0363 9202     		.2byte	0x292
 789 0365 BF000000 		.4byte	0xbf
 790 0369 28       		.byte	0x28
 791 036a 09       		.uleb128 0x9
 792 036b 37030000 		.4byte	.LASF56
 793 036f 06       		.byte	0x6
 794 0370 9302     		.2byte	0x293
 795 0372 BF000000 		.4byte	0xbf
 796 0376 2C       		.byte	0x2c
 797 0377 09       		.uleb128 0x9
 798 0378 81000000 		.4byte	.LASF57
ARM GAS  /tmp/ccEYe6wz.s 			page 15


 799 037c 06       		.byte	0x6
 800 037d 9402     		.2byte	0x294
 801 037f BF000000 		.4byte	0xbf
 802 0383 30       		.byte	0x30
 803 0384 0C       		.uleb128 0xc
 804 0385 43535200 		.ascii	"CSR\000"
 805 0389 06       		.byte	0x6
 806 038a 9502     		.2byte	0x295
 807 038c BF000000 		.4byte	0xbf
 808 0390 34       		.byte	0x34
 809 0391 00       		.byte	0
 810 0392 0A       		.uleb128 0xa
 811 0393 78010000 		.4byte	.LASF58
 812 0397 06       		.byte	0x6
 813 0398 9602     		.2byte	0x296
 814 039a D3020000 		.4byte	0x2d3
 815 039e 0F       		.uleb128 0xf
 816 039f 8B000000 		.4byte	.LASF62
 817 03a3 01       		.byte	0x1
 818 03a4 31       		.byte	0x31
 819 03a5 01       		.byte	0x1
 820 03a6 10       		.uleb128 0x10
 821 03a7 3C020000 		.4byte	.LASF63
 822 03ab 01       		.byte	0x1
 823 03ac 5E       		.byte	0x5e
 824 03ad 00000000 		.4byte	.LFB64
 825 03b1 CE000000 		.4byte	.LFE64-.LFB64
 826 03b5 01       		.uleb128 0x1
 827 03b6 9C       		.byte	0x9c
 828 03b7 D4030000 		.4byte	0x3d4
 829 03bb 11       		.uleb128 0x11
 830 03bc 9E030000 		.4byte	0x39e
 831 03c0 58000000 		.4byte	.LBB4
 832 03c4 00000000 		.4byte	.Ldebug_ranges0+0
 833 03c8 01       		.byte	0x1
 834 03c9 74       		.byte	0x74
 835 03ca 12       		.uleb128 0x12
 836 03cb CE000000 		.4byte	.LVL0
 837 03cf F6030000 		.4byte	0x3f6
 838 03d3 00       		.byte	0
 839 03d4 13       		.uleb128 0x13
 840 03d5 C4020000 		.4byte	.LASF64
 841 03d9 01       		.byte	0x1
 842 03da 8B       		.byte	0x8b
 843 03db 00000000 		.4byte	.LFB65
 844 03df 40010000 		.4byte	.LFE65-.LFB65
 845 03e3 01       		.uleb128 0x1
 846 03e4 9C       		.byte	0x9c
 847 03e5 14       		.uleb128 0x14
 848 03e6 2A030000 		.4byte	.LASF65
 849 03ea 05       		.byte	0x5
 850 03eb 0706     		.2byte	0x607
 851 03ed F1030000 		.4byte	0x3f1
 852 03f1 05       		.uleb128 0x5
 853 03f2 97000000 		.4byte	0x97
 854 03f6 15       		.uleb128 0x15
 855 03f7 9B020000 		.4byte	.LASF66
ARM GAS  /tmp/ccEYe6wz.s 			page 16


 856 03fb 07       		.byte	0x7
 857 03fc 8001     		.2byte	0x180
 858 03fe 00       		.byte	0
 859              		.section	.debug_abbrev,"",%progbits
 860              	.Ldebug_abbrev0:
 861 0000 01       		.uleb128 0x1
 862 0001 11       		.uleb128 0x11
 863 0002 01       		.byte	0x1
 864 0003 25       		.uleb128 0x25
 865 0004 0E       		.uleb128 0xe
 866 0005 13       		.uleb128 0x13
 867 0006 0B       		.uleb128 0xb
 868 0007 03       		.uleb128 0x3
 869 0008 0E       		.uleb128 0xe
 870 0009 1B       		.uleb128 0x1b
 871 000a 0E       		.uleb128 0xe
 872 000b 55       		.uleb128 0x55
 873 000c 17       		.uleb128 0x17
 874 000d 11       		.uleb128 0x11
 875 000e 01       		.uleb128 0x1
 876 000f 10       		.uleb128 0x10
 877 0010 17       		.uleb128 0x17
 878 0011 00       		.byte	0
 879 0012 00       		.byte	0
 880 0013 02       		.uleb128 0x2
 881 0014 24       		.uleb128 0x24
 882 0015 00       		.byte	0
 883 0016 0B       		.uleb128 0xb
 884 0017 0B       		.uleb128 0xb
 885 0018 3E       		.uleb128 0x3e
 886 0019 0B       		.uleb128 0xb
 887 001a 03       		.uleb128 0x3
 888 001b 08       		.uleb128 0x8
 889 001c 00       		.byte	0
 890 001d 00       		.byte	0
 891 001e 03       		.uleb128 0x3
 892 001f 24       		.uleb128 0x24
 893 0020 00       		.byte	0
 894 0021 0B       		.uleb128 0xb
 895 0022 0B       		.uleb128 0xb
 896 0023 3E       		.uleb128 0x3e
 897 0024 0B       		.uleb128 0xb
 898 0025 03       		.uleb128 0x3
 899 0026 0E       		.uleb128 0xe
 900 0027 00       		.byte	0
 901 0028 00       		.byte	0
 902 0029 04       		.uleb128 0x4
 903 002a 16       		.uleb128 0x16
 904 002b 00       		.byte	0
 905 002c 03       		.uleb128 0x3
 906 002d 0E       		.uleb128 0xe
 907 002e 3A       		.uleb128 0x3a
 908 002f 0B       		.uleb128 0xb
 909 0030 3B       		.uleb128 0x3b
 910 0031 0B       		.uleb128 0xb
 911 0032 49       		.uleb128 0x49
 912 0033 13       		.uleb128 0x13
ARM GAS  /tmp/ccEYe6wz.s 			page 17


 913 0034 00       		.byte	0
 914 0035 00       		.byte	0
 915 0036 05       		.uleb128 0x5
 916 0037 35       		.uleb128 0x35
 917 0038 00       		.byte	0
 918 0039 49       		.uleb128 0x49
 919 003a 13       		.uleb128 0x13
 920 003b 00       		.byte	0
 921 003c 00       		.byte	0
 922 003d 06       		.uleb128 0x6
 923 003e 13       		.uleb128 0x13
 924 003f 01       		.byte	0x1
 925 0040 0B       		.uleb128 0xb
 926 0041 0B       		.uleb128 0xb
 927 0042 3A       		.uleb128 0x3a
 928 0043 0B       		.uleb128 0xb
 929 0044 3B       		.uleb128 0x3b
 930 0045 0B       		.uleb128 0xb
 931 0046 01       		.uleb128 0x1
 932 0047 13       		.uleb128 0x13
 933 0048 00       		.byte	0
 934 0049 00       		.byte	0
 935 004a 07       		.uleb128 0x7
 936 004b 0D       		.uleb128 0xd
 937 004c 00       		.byte	0
 938 004d 03       		.uleb128 0x3
 939 004e 0E       		.uleb128 0xe
 940 004f 3A       		.uleb128 0x3a
 941 0050 0B       		.uleb128 0xb
 942 0051 3B       		.uleb128 0x3b
 943 0052 0B       		.uleb128 0xb
 944 0053 49       		.uleb128 0x49
 945 0054 13       		.uleb128 0x13
 946 0055 38       		.uleb128 0x38
 947 0056 0B       		.uleb128 0xb
 948 0057 00       		.byte	0
 949 0058 00       		.byte	0
 950 0059 08       		.uleb128 0x8
 951 005a 13       		.uleb128 0x13
 952 005b 01       		.byte	0x1
 953 005c 0B       		.uleb128 0xb
 954 005d 0B       		.uleb128 0xb
 955 005e 3A       		.uleb128 0x3a
 956 005f 0B       		.uleb128 0xb
 957 0060 3B       		.uleb128 0x3b
 958 0061 05       		.uleb128 0x5
 959 0062 01       		.uleb128 0x1
 960 0063 13       		.uleb128 0x13
 961 0064 00       		.byte	0
 962 0065 00       		.byte	0
 963 0066 09       		.uleb128 0x9
 964 0067 0D       		.uleb128 0xd
 965 0068 00       		.byte	0
 966 0069 03       		.uleb128 0x3
 967 006a 0E       		.uleb128 0xe
 968 006b 3A       		.uleb128 0x3a
 969 006c 0B       		.uleb128 0xb
ARM GAS  /tmp/ccEYe6wz.s 			page 18


 970 006d 3B       		.uleb128 0x3b
 971 006e 05       		.uleb128 0x5
 972 006f 49       		.uleb128 0x49
 973 0070 13       		.uleb128 0x13
 974 0071 38       		.uleb128 0x38
 975 0072 0B       		.uleb128 0xb
 976 0073 00       		.byte	0
 977 0074 00       		.byte	0
 978 0075 0A       		.uleb128 0xa
 979 0076 16       		.uleb128 0x16
 980 0077 00       		.byte	0
 981 0078 03       		.uleb128 0x3
 982 0079 0E       		.uleb128 0xe
 983 007a 3A       		.uleb128 0x3a
 984 007b 0B       		.uleb128 0xb
 985 007c 3B       		.uleb128 0x3b
 986 007d 05       		.uleb128 0x5
 987 007e 49       		.uleb128 0x49
 988 007f 13       		.uleb128 0x13
 989 0080 00       		.byte	0
 990 0081 00       		.byte	0
 991 0082 0B       		.uleb128 0xb
 992 0083 26       		.uleb128 0x26
 993 0084 00       		.byte	0
 994 0085 49       		.uleb128 0x49
 995 0086 13       		.uleb128 0x13
 996 0087 00       		.byte	0
 997 0088 00       		.byte	0
 998 0089 0C       		.uleb128 0xc
 999 008a 0D       		.uleb128 0xd
 1000 008b 00       		.byte	0
 1001 008c 03       		.uleb128 0x3
 1002 008d 08       		.uleb128 0x8
 1003 008e 3A       		.uleb128 0x3a
 1004 008f 0B       		.uleb128 0xb
 1005 0090 3B       		.uleb128 0x3b
 1006 0091 05       		.uleb128 0x5
 1007 0092 49       		.uleb128 0x49
 1008 0093 13       		.uleb128 0x13
 1009 0094 38       		.uleb128 0x38
 1010 0095 0B       		.uleb128 0xb
 1011 0096 00       		.byte	0
 1012 0097 00       		.byte	0
 1013 0098 0D       		.uleb128 0xd
 1014 0099 01       		.uleb128 0x1
 1015 009a 01       		.byte	0x1
 1016 009b 49       		.uleb128 0x49
 1017 009c 13       		.uleb128 0x13
 1018 009d 01       		.uleb128 0x1
 1019 009e 13       		.uleb128 0x13
 1020 009f 00       		.byte	0
 1021 00a0 00       		.byte	0
 1022 00a1 0E       		.uleb128 0xe
 1023 00a2 21       		.uleb128 0x21
 1024 00a3 00       		.byte	0
 1025 00a4 49       		.uleb128 0x49
 1026 00a5 13       		.uleb128 0x13
ARM GAS  /tmp/ccEYe6wz.s 			page 19


 1027 00a6 2F       		.uleb128 0x2f
 1028 00a7 0B       		.uleb128 0xb
 1029 00a8 00       		.byte	0
 1030 00a9 00       		.byte	0
 1031 00aa 0F       		.uleb128 0xf
 1032 00ab 2E       		.uleb128 0x2e
 1033 00ac 00       		.byte	0
 1034 00ad 03       		.uleb128 0x3
 1035 00ae 0E       		.uleb128 0xe
 1036 00af 3A       		.uleb128 0x3a
 1037 00b0 0B       		.uleb128 0xb
 1038 00b1 3B       		.uleb128 0x3b
 1039 00b2 0B       		.uleb128 0xb
 1040 00b3 27       		.uleb128 0x27
 1041 00b4 19       		.uleb128 0x19
 1042 00b5 20       		.uleb128 0x20
 1043 00b6 0B       		.uleb128 0xb
 1044 00b7 00       		.byte	0
 1045 00b8 00       		.byte	0
 1046 00b9 10       		.uleb128 0x10
 1047 00ba 2E       		.uleb128 0x2e
 1048 00bb 01       		.byte	0x1
 1049 00bc 3F       		.uleb128 0x3f
 1050 00bd 19       		.uleb128 0x19
 1051 00be 03       		.uleb128 0x3
 1052 00bf 0E       		.uleb128 0xe
 1053 00c0 3A       		.uleb128 0x3a
 1054 00c1 0B       		.uleb128 0xb
 1055 00c2 3B       		.uleb128 0x3b
 1056 00c3 0B       		.uleb128 0xb
 1057 00c4 27       		.uleb128 0x27
 1058 00c5 19       		.uleb128 0x19
 1059 00c6 11       		.uleb128 0x11
 1060 00c7 01       		.uleb128 0x1
 1061 00c8 12       		.uleb128 0x12
 1062 00c9 06       		.uleb128 0x6
 1063 00ca 40       		.uleb128 0x40
 1064 00cb 18       		.uleb128 0x18
 1065 00cc 9742     		.uleb128 0x2117
 1066 00ce 19       		.uleb128 0x19
 1067 00cf 01       		.uleb128 0x1
 1068 00d0 13       		.uleb128 0x13
 1069 00d1 00       		.byte	0
 1070 00d2 00       		.byte	0
 1071 00d3 11       		.uleb128 0x11
 1072 00d4 1D       		.uleb128 0x1d
 1073 00d5 00       		.byte	0
 1074 00d6 31       		.uleb128 0x31
 1075 00d7 13       		.uleb128 0x13
 1076 00d8 52       		.uleb128 0x52
 1077 00d9 01       		.uleb128 0x1
 1078 00da 55       		.uleb128 0x55
 1079 00db 17       		.uleb128 0x17
 1080 00dc 58       		.uleb128 0x58
 1081 00dd 0B       		.uleb128 0xb
 1082 00de 59       		.uleb128 0x59
 1083 00df 0B       		.uleb128 0xb
ARM GAS  /tmp/ccEYe6wz.s 			page 20


 1084 00e0 00       		.byte	0
 1085 00e1 00       		.byte	0
 1086 00e2 12       		.uleb128 0x12
 1087 00e3 898201   		.uleb128 0x4109
 1088 00e6 00       		.byte	0
 1089 00e7 11       		.uleb128 0x11
 1090 00e8 01       		.uleb128 0x1
 1091 00e9 9542     		.uleb128 0x2115
 1092 00eb 19       		.uleb128 0x19
 1093 00ec 31       		.uleb128 0x31
 1094 00ed 13       		.uleb128 0x13
 1095 00ee 00       		.byte	0
 1096 00ef 00       		.byte	0
 1097 00f0 13       		.uleb128 0x13
 1098 00f1 2E       		.uleb128 0x2e
 1099 00f2 00       		.byte	0
 1100 00f3 3F       		.uleb128 0x3f
 1101 00f4 19       		.uleb128 0x19
 1102 00f5 03       		.uleb128 0x3
 1103 00f6 0E       		.uleb128 0xe
 1104 00f7 3A       		.uleb128 0x3a
 1105 00f8 0B       		.uleb128 0xb
 1106 00f9 3B       		.uleb128 0x3b
 1107 00fa 0B       		.uleb128 0xb
 1108 00fb 27       		.uleb128 0x27
 1109 00fc 19       		.uleb128 0x19
 1110 00fd 11       		.uleb128 0x11
 1111 00fe 01       		.uleb128 0x1
 1112 00ff 12       		.uleb128 0x12
 1113 0100 06       		.uleb128 0x6
 1114 0101 40       		.uleb128 0x40
 1115 0102 18       		.uleb128 0x18
 1116 0103 9742     		.uleb128 0x2117
 1117 0105 19       		.uleb128 0x19
 1118 0106 00       		.byte	0
 1119 0107 00       		.byte	0
 1120 0108 14       		.uleb128 0x14
 1121 0109 34       		.uleb128 0x34
 1122 010a 00       		.byte	0
 1123 010b 03       		.uleb128 0x3
 1124 010c 0E       		.uleb128 0xe
 1125 010d 3A       		.uleb128 0x3a
 1126 010e 0B       		.uleb128 0xb
 1127 010f 3B       		.uleb128 0x3b
 1128 0110 05       		.uleb128 0x5
 1129 0111 49       		.uleb128 0x49
 1130 0112 13       		.uleb128 0x13
 1131 0113 3F       		.uleb128 0x3f
 1132 0114 19       		.uleb128 0x19
 1133 0115 3C       		.uleb128 0x3c
 1134 0116 19       		.uleb128 0x19
 1135 0117 00       		.byte	0
 1136 0118 00       		.byte	0
 1137 0119 15       		.uleb128 0x15
 1138 011a 2E       		.uleb128 0x2e
 1139 011b 00       		.byte	0
 1140 011c 3F       		.uleb128 0x3f
ARM GAS  /tmp/ccEYe6wz.s 			page 21


 1141 011d 19       		.uleb128 0x19
 1142 011e 03       		.uleb128 0x3
 1143 011f 0E       		.uleb128 0xe
 1144 0120 3A       		.uleb128 0x3a
 1145 0121 0B       		.uleb128 0xb
 1146 0122 3B       		.uleb128 0x3b
 1147 0123 05       		.uleb128 0x5
 1148 0124 27       		.uleb128 0x27
 1149 0125 19       		.uleb128 0x19
 1150 0126 3C       		.uleb128 0x3c
 1151 0127 19       		.uleb128 0x19
 1152 0128 00       		.byte	0
 1153 0129 00       		.byte	0
 1154 012a 00       		.byte	0
 1155              		.section	.debug_aranges,"",%progbits
 1156 0000 24000000 		.4byte	0x24
 1157 0004 0200     		.2byte	0x2
 1158 0006 00000000 		.4byte	.Ldebug_info0
 1159 000a 04       		.byte	0x4
 1160 000b 00       		.byte	0
 1161 000c 0000     		.2byte	0
 1162 000e 0000     		.2byte	0
 1163 0010 00000000 		.4byte	.LFB64
 1164 0014 CE000000 		.4byte	.LFE64-.LFB64
 1165 0018 00000000 		.4byte	.LFB65
 1166 001c 40010000 		.4byte	.LFE65-.LFB65
 1167 0020 00000000 		.4byte	0
 1168 0024 00000000 		.4byte	0
 1169              		.section	.debug_ranges,"",%progbits
 1170              	.Ldebug_ranges0:
 1171 0000 58000000 		.4byte	.LBB4
 1172 0004 5C000000 		.4byte	.LBE4
 1173 0008 64000000 		.4byte	.LBB8
 1174 000c 68000000 		.4byte	.LBE8
 1175 0010 6E000000 		.4byte	.LBB9
 1176 0014 C8000000 		.4byte	.LBE9
 1177 0018 00000000 		.4byte	0
 1178 001c 00000000 		.4byte	0
 1179 0020 00000000 		.4byte	.LFB64
 1180 0024 CE000000 		.4byte	.LFE64
 1181 0028 00000000 		.4byte	.LFB65
 1182 002c 40010000 		.4byte	.LFE65
 1183 0030 00000000 		.4byte	0
 1184 0034 00000000 		.4byte	0
 1185              		.section	.debug_line,"",%progbits
 1186              	.Ldebug_line0:
 1187 0000 F2010000 		.section	.debug_str,"MS",%progbits,1
 1187      02003001 
 1187      00000201 
 1187      FB0E0D00 
 1187      01010101 
 1188              	.LASF51:
 1189 0000 41504231 		.ascii	"APB1RSTR\000"
 1189      52535452 
 1189      00
 1190              	.LASF21:
 1191 0009 44454D43 		.ascii	"DEMCR\000"
ARM GAS  /tmp/ccEYe6wz.s 			page 22


 1191      5200
 1192              	.LASF3:
 1193 000f 73686F72 		.ascii	"short int\000"
 1193      7420696E 
 1193      7400
 1194              	.LASF17:
 1195 0019 73697A65 		.ascii	"sizetype\000"
 1195      74797065 
 1195      00
 1196              	.LASF30:
 1197 0022 50435352 		.ascii	"PCSR\000"
 1197      00
 1198              	.LASF29:
 1199 0027 464F4C44 		.ascii	"FOLDCNT\000"
 1199      434E5400 
 1200              	.LASF46:
 1201 002f 5057525F 		.ascii	"PWR_TypeDef\000"
 1201      54797065 
 1201      44656600 
 1202              	.LASF37:
 1203 003b 50444B45 		.ascii	"PDKEYR\000"
 1203      595200
 1204              	.LASF8:
 1205 0042 5F5F7569 		.ascii	"__uint32_t\000"
 1205      6E743332 
 1205      5F7400
 1206              	.LASF31:
 1207 004d 434D785F 		.ascii	"CMx_DWT\000"
 1207      44575400 
 1208              	.LASF55:
 1209 0055 4148424C 		.ascii	"AHBLPENR\000"
 1209      50454E52 
 1209      00
 1210              	.LASF5:
 1211 005e 5F5F7569 		.ascii	"__uint16_t\000"
 1211      6E743136 
 1211      5F7400
 1212              	.LASF23:
 1213 0069 4354524C 		.ascii	"CTRL\000"
 1213      00
 1214              	.LASF48:
 1215 006e 43464752 		.ascii	"CFGR\000"
 1215      00
 1216              	.LASF54:
 1217 0073 41504231 		.ascii	"APB1ENR\000"
 1217      454E5200 
 1218              	.LASF19:
 1219 007b 44435253 		.ascii	"DCRSR\000"
 1219      5200
 1220              	.LASF57:
 1221 0081 41504231 		.ascii	"APB1LPENR\000"
 1221      4C50454E 
 1221      5200
 1222              	.LASF62:
 1223 008b 68616C5F 		.ascii	"hal_lld_backup_domain_init\000"
 1223      6C6C645F 
 1223      6261636B 
ARM GAS  /tmp/ccEYe6wz.s 			page 23


 1223      75705F64 
 1223      6F6D6169 
 1224              	.LASF20:
 1225 00a6 44435244 		.ascii	"DCRDR\000"
 1225      5200
 1226              	.LASF53:
 1227 00ac 41504232 		.ascii	"APB2ENR\000"
 1227      454E5200 
 1228              	.LASF16:
 1229 00b4 494F5245 		.ascii	"IOREG32\000"
 1229      47333200 
 1230              	.LASF40:
 1231 00bc 4F50544B 		.ascii	"OPTKEYR\000"
 1231      45595200 
 1232              	.LASF49:
 1233 00c4 41484252 		.ascii	"AHBRSTR\000"
 1233      53545200 
 1234              	.LASF10:
 1235 00cc 6C6F6E67 		.ascii	"long long int\000"
 1235      206C6F6E 
 1235      6720696E 
 1235      7400
 1236              	.LASF24:
 1237 00da 43594343 		.ascii	"CYCCNT\000"
 1237      4E5400
 1238              	.LASF59:
 1239 00e1 474E5520 		.ascii	"GNU C 4.8.2 -mcpu=cortex-m3 -mno-thumb-interwork -m"
 1239      4320342E 
 1239      382E3220 
 1239      2D6D6370 
 1239      753D636F 
 1240 0114 7468756D 		.ascii	"thumb -ggdb -O2 -fomit-frame-pointer -ffunction-sec"
 1240      62202D67 
 1240      67646220 
 1240      2D4F3220 
 1240      2D666F6D 
 1241 0147 74696F6E 		.ascii	"tions -fdata-sections -fno-common\000"
 1241      73202D66 
 1241      64617461 
 1241      2D736563 
 1241      74696F6E 
 1242              	.LASF18:
 1243 0169 44484353 		.ascii	"DHCSR\000"
 1243      5200
 1244              	.LASF7:
 1245 016f 6C6F6E67 		.ascii	"long int\000"
 1245      20696E74 
 1245      00
 1246              	.LASF58:
 1247 0178 5243435F 		.ascii	"RCC_TypeDef\000"
 1247      54797065 
 1247      44656600 
 1248              	.LASF27:
 1249 0184 534C4545 		.ascii	"SLEEPCNT\000"
 1249      50434E54 
 1249      00
 1250              	.LASF50:
ARM GAS  /tmp/ccEYe6wz.s 			page 24


 1251 018d 41504232 		.ascii	"APB2RSTR\000"
 1251      52535452 
 1251      00
 1252              	.LASF41:
 1253 0196 57525052 		.ascii	"WRPR\000"
 1253      00
 1254              	.LASF52:
 1255 019b 41484245 		.ascii	"AHBENR\000"
 1255      4E5200
 1256              	.LASF60:
 1257 01a2 2E2E2F43 		.ascii	"../ChibiOS_2.6.4/os/hal/platforms/STM32L1xx/hal_lld"
 1257      68696269 
 1257      4F535F32 
 1257      2E362E34 
 1257      2F6F732F 
 1258 01d5 2E6300   		.ascii	".c\000"
 1259              	.LASF26:
 1260 01d8 45584343 		.ascii	"EXCCNT\000"
 1260      4E5400
 1261              	.LASF2:
 1262 01df 756E7369 		.ascii	"unsigned char\000"
 1262      676E6564 
 1262      20636861 
 1262      7200
 1263              	.LASF38:
 1264 01ed 50454B45 		.ascii	"PEKEYR\000"
 1264      595200
 1265              	.LASF1:
 1266 01f4 7369676E 		.ascii	"signed char\000"
 1266      65642063 
 1266      68617200 
 1267              	.LASF11:
 1268 0200 6C6F6E67 		.ascii	"long long unsigned int\000"
 1268      206C6F6E 
 1268      6720756E 
 1268      7369676E 
 1268      65642069 
 1269              	.LASF34:
 1270 0217 43414C49 		.ascii	"CALIB\000"
 1270      4200
 1271              	.LASF14:
 1272 021d 75696E74 		.ascii	"uint32_t\000"
 1272      33325F74 
 1272      00
 1273              	.LASF0:
 1274 0226 756E7369 		.ascii	"unsigned int\000"
 1274      676E6564 
 1274      20696E74 
 1274      00
 1275              	.LASF12:
 1276 0233 75696E74 		.ascii	"uint16_t\000"
 1276      31365F74 
 1276      00
 1277              	.LASF63:
 1278 023c 68616C5F 		.ascii	"hal_lld_init\000"
 1278      6C6C645F 
 1278      696E6974 
ARM GAS  /tmp/ccEYe6wz.s 			page 25


 1278      00
 1279              	.LASF35:
 1280 0249 53797354 		.ascii	"SysTick_Type\000"
 1280      69636B5F 
 1280      54797065 
 1280      00
 1281              	.LASF4:
 1282 0256 73686F72 		.ascii	"short unsigned int\000"
 1282      7420756E 
 1282      7369676E 
 1282      65642069 
 1282      6E7400
 1283              	.LASF47:
 1284 0269 49435343 		.ascii	"ICSCR\000"
 1284      5200
 1285              	.LASF36:
 1286 026f 50454352 		.ascii	"PECR\000"
 1286      00
 1287              	.LASF43:
 1288 0274 57525052 		.ascii	"WRPR1\000"
 1288      3100
 1289              	.LASF44:
 1290 027a 57525052 		.ascii	"WRPR2\000"
 1290      3200
 1291              	.LASF32:
 1292 0280 63686172 		.ascii	"char\000"
 1292      00
 1293              	.LASF22:
 1294 0285 434D785F 		.ascii	"CMx_SCS\000"
 1294      53435300 
 1295              	.LASF13:
 1296 028d 696E7433 		.ascii	"int32_t\000"
 1296      325F7400 
 1297              	.LASF15:
 1298 0295 5F426F6F 		.ascii	"_Bool\000"
 1298      6C00
 1299              	.LASF66:
 1300 029b 646D6149 		.ascii	"dmaInit\000"
 1300      6E697400 
 1301              	.LASF25:
 1302 02a3 43504943 		.ascii	"CPICNT\000"
 1302      4E5400
 1303              	.LASF9:
 1304 02aa 6C6F6E67 		.ascii	"long unsigned int\000"
 1304      20756E73 
 1304      69676E65 
 1304      6420696E 
 1304      7400
 1305              	.LASF39:
 1306 02bc 5052474B 		.ascii	"PRGKEYR\000"
 1306      45595200 
 1307              	.LASF64:
 1308 02c4 73746D33 		.ascii	"stm32_clock_init\000"
 1308      325F636C 
 1308      6F636B5F 
 1308      696E6974 
 1308      00
ARM GAS  /tmp/ccEYe6wz.s 			page 26


 1309              	.LASF6:
 1310 02d5 5F5F696E 		.ascii	"__int32_t\000"
 1310      7433325F 
 1310      7400
 1311              	.LASF28:
 1312 02df 4C535543 		.ascii	"LSUCNT\000"
 1312      4E5400
 1313              	.LASF33:
 1314 02e6 4C4F4144 		.ascii	"LOAD\000"
 1314      00
 1315              	.LASF61:
 1316 02eb 2F686F6D 		.ascii	"/home/caroline/Documents/PAF/elfes/Code\000"
 1316      652F6361 
 1316      726F6C69 
 1316      6E652F44 
 1316      6F63756D 
 1317              	.LASF42:
 1318 0313 52455345 		.ascii	"RESERVED\000"
 1318      52564544 
 1318      00
 1319              	.LASF45:
 1320 031c 464C4153 		.ascii	"FLASH_TypeDef\000"
 1320      485F5479 
 1320      70654465 
 1320      6600
 1321              	.LASF65:
 1322 032a 49544D5F 		.ascii	"ITM_RxBuffer\000"
 1322      52784275 
 1322      66666572 
 1322      00
 1323              	.LASF56:
 1324 0337 41504232 		.ascii	"APB2LPENR\000"
 1324      4C50454E 
 1324      5200
 1325              		.ident	"GCC: (4.8.2-14ubuntu1+6) 4.8.2"
ARM GAS  /tmp/ccEYe6wz.s 			page 27


DEFINED SYMBOLS
                            *ABS*:0000000000000000 hal_lld.c
     /tmp/ccEYe6wz.s:19     .text.hal_lld_init:0000000000000000 $t
     /tmp/ccEYe6wz.s:24     .text.hal_lld_init:0000000000000000 hal_lld_init
     /tmp/ccEYe6wz.s:170    .text.stm32_clock_init:0000000000000000 $t
     /tmp/ccEYe6wz.s:175    .text.stm32_clock_init:0000000000000000 stm32_clock_init
                     .debug_frame:0000000000000010 $d

UNDEFINED SYMBOLS
dmaInit
