ARM GAS  /tmp/ccVXv7j9.s 			page 1


   1              		.syntax unified
   2              		.cpu cortex-m3
   3              		.fpu softvfp
   4              		.eabi_attribute 20, 1
   5              		.eabi_attribute 21, 1
   6              		.eabi_attribute 23, 3
   7              		.eabi_attribute 24, 1
   8              		.eabi_attribute 25, 1
   9              		.eabi_attribute 26, 1
  10              		.eabi_attribute 30, 2
  11              		.eabi_attribute 34, 1
  12              		.eabi_attribute 18, 4
  13              		.thumb
  14              		.file	"nvic.c"
  15              		.text
  16              	.Ltext0:
  17              		.cfi_sections	.debug_frame
  18              		.section	.text.nvicEnableVector,"ax",%progbits
  19              		.align	2
  20              		.global	nvicEnableVector
  21              		.thumb
  22              		.thumb_func
  23              		.type	nvicEnableVector, %function
  24              	nvicEnableVector:
  25              	.LFB7:
  26              		.file 1 "../ChibiOS_2.6.4/os/ports/common/ARMCMx/nvic.c"
  27              		.loc 1 46 0
  28              		.cfi_startproc
  29              		@ args = 0, pretend = 0, frame = 0
  30              		@ frame_needed = 0, uses_anonymous_args = 0
  31              		@ link register save eliminated.
  32              	.LVL0:
  33              		.loc 1 47 0
  34 0000 00F00303 		and	r3, r0, #3
  35              		.loc 1 46 0
  36 0004 30B4     		push	{r4, r5}
  37              		.cfi_def_cfa_offset 8
  38              		.cfi_offset 4, -8
  39              		.cfi_offset 5, -4
  40              		.loc 1 47 0
  41 0006 DB00     		lsls	r3, r3, #3
  42              	.LVL1:
  43              		.loc 1 49 0
  44 0008 FF25     		movs	r5, #255
  45 000a 9D40     		lsls	r5, r5, r3
  46 000c 9940     		lsls	r1, r1, r3
  47              	.LVL2:
  48              		.loc 1 50 0
  49 000e 0122     		movs	r2, #1
  50 0010 00F01F03 		and	r3, r0, #31
  51              	.LVL3:
  52 0014 9A40     		lsls	r2, r2, r3
  53 0016 20F00304 		bic	r4, r0, #3
  54 001a 04F16044 		add	r4, r4, #-536870912
  55 001e 04F56144 		add	r4, r4, #57600
  56              		.loc 1 49 0
  57 0022 D4F80033 		ldr	r3, [r4, #768]
ARM GAS  /tmp/ccVXv7j9.s 			page 2


  58              		.loc 1 50 0
  59 0026 4009     		lsrs	r0, r0, #5
  60              	.LVL4:
  61 0028 8000     		lsls	r0, r0, #2
  62              		.loc 1 49 0
  63 002a 23EA0503 		bic	r3, r3, r5
  64 002e 00F16040 		add	r0, r0, #-536870912
  65 0032 00F56140 		add	r0, r0, #57600
  66 0036 0B43     		orrs	r3, r3, r1
  67 0038 C4F80033 		str	r3, [r4, #768]
  68              		.loc 1 50 0
  69 003c C0F88021 		str	r2, [r0, #384]
  70              		.loc 1 52 0
  71 0040 30BC     		pop	{r4, r5}
  72              		.loc 1 51 0
  73 0042 0260     		str	r2, [r0]
  74              		.loc 1 52 0
  75 0044 7047     		bx	lr
  76              		.cfi_endproc
  77              	.LFE7:
  78              		.size	nvicEnableVector, .-nvicEnableVector
  79 0046 00BF     		.section	.text.nvicDisableVector,"ax",%progbits
  80              		.align	2
  81              		.global	nvicDisableVector
  82              		.thumb
  83              		.thumb_func
  84              		.type	nvicDisableVector, %function
  85              	nvicDisableVector:
  86              	.LFB8:
  87              		.loc 1 60 0
  88              		.cfi_startproc
  89              		@ args = 0, pretend = 0, frame = 0
  90              		@ frame_needed = 0, uses_anonymous_args = 0
  91              		@ link register save eliminated.
  92              	.LVL5:
  93 0000 10B4     		push	{r4}
  94              		.cfi_def_cfa_offset 4
  95              		.cfi_offset 4, -4
  96              		.loc 1 63 0
  97 0002 00F01F03 		and	r3, r0, #31
  98 0006 0124     		movs	r4, #1
  99 0008 9C40     		lsls	r4, r4, r3
 100              		.loc 1 61 0
 101 000a 00F00301 		and	r1, r0, #3
 102              		.loc 1 64 0
 103 000e FF23     		movs	r3, #255
 104              		.loc 1 61 0
 105 0010 C900     		lsls	r1, r1, #3
 106              	.LVL6:
 107              		.loc 1 64 0
 108 0012 03FA01F1 		lsl	r1, r3, r1
 109              	.LVL7:
 110              		.loc 1 63 0
 111 0016 4209     		lsrs	r2, r0, #5
 112 0018 4FF46143 		mov	r3, #57600
 113 001c 20F00300 		bic	r0, r0, #3
 114              	.LVL8:
ARM GAS  /tmp/ccVXv7j9.s 			page 3


 115 0020 2032     		adds	r2, r2, #32
 116 0022 CEF20003 		movt	r3, 57344
 117 0026 00F16040 		add	r0, r0, #-536870912
 118 002a 43F82240 		str	r4, [r3, r2, lsl #2]
 119 002e 00F56140 		add	r0, r0, #57600
 120              		.loc 1 64 0
 121 0032 D0F80023 		ldr	r2, [r0, #768]
 122              		.loc 1 65 0
 123 0036 5DF8044B 		ldr	r4, [sp], #4
 124              		.loc 1 64 0
 125 003a 22EA0103 		bic	r3, r2, r1
 126 003e C0F80033 		str	r3, [r0, #768]
 127              		.loc 1 65 0
 128 0042 7047     		bx	lr
 129              		.cfi_endproc
 130              	.LFE8:
 131              		.size	nvicDisableVector, .-nvicDisableVector
 132              		.section	.text.nvicSetSystemHandlerPriority,"ax",%progbits
 133              		.align	2
 134              		.global	nvicSetSystemHandlerPriority
 135              		.thumb
 136              		.thumb_func
 137              		.type	nvicSetSystemHandlerPriority, %function
 138              	nvicSetSystemHandlerPriority:
 139              	.LFB9:
 140              		.loc 1 74 0
 141              		.cfi_startproc
 142              		@ args = 0, pretend = 0, frame = 0
 143              		@ frame_needed = 0, uses_anonymous_args = 0
 144              		@ link register save eliminated.
 145              	.LVL9:
 146              		.loc 1 75 0
 147 0000 00F00303 		and	r3, r0, #3
 148 0004 DB00     		lsls	r3, r3, #3
 149              	.LVL10:
 150              		.loc 1 78 0
 151 0006 FF22     		movs	r2, #255
 152 0008 9A40     		lsls	r2, r2, r3
 153 000a 9940     		lsls	r1, r1, r3
 154              	.LVL11:
 155 000c 20F00300 		bic	r0, r0, #3
 156              	.LVL12:
 157 0010 00F16040 		add	r0, r0, #-536870912
 158 0014 00F56D40 		add	r0, r0, #60672
 159              		.loc 1 77 0
 160 0018 8369     		ldr	r3, [r0, #24]
 161              	.LVL13:
 162 001a 23EA0203 		bic	r3, r3, r2
 163              		.loc 1 78 0
 164 001e 0B43     		orrs	r3, r3, r1
 165              		.loc 1 77 0
 166 0020 8361     		str	r3, [r0, #24]
 167 0022 7047     		bx	lr
 168              		.cfi_endproc
 169              	.LFE9:
 170              		.size	nvicSetSystemHandlerPriority, .-nvicSetSystemHandlerPriority
 171              		.text
ARM GAS  /tmp/ccVXv7j9.s 			page 4


 172              	.Letext0:
 173              		.file 2 "/usr/include/newlib/machine/_default_types.h"
 174              		.file 3 "/usr/include/newlib/stdint.h"
 175              		.file 4 "../ChibiOS_2.6.4/os/ports/common/ARMCMx/nvic.h"
 176              		.section	.debug_info,"",%progbits
 177              	.Ldebug_info0:
 178 0000 02040000 		.4byte	0x402
 179 0004 0400     		.2byte	0x4
 180 0006 00000000 		.4byte	.Ldebug_abbrev0
 181 000a 04       		.byte	0x4
 182 000b 01       		.uleb128 0x1
 183 000c A6010000 		.4byte	.LASF47
 184 0010 01       		.byte	0x1
 185 0011 27000000 		.4byte	.LASF48
 186 0015 FE000000 		.4byte	.LASF49
 187 0019 00000000 		.4byte	.Ldebug_ranges0+0
 188 001d 00000000 		.4byte	0
 189 0021 00000000 		.4byte	.Ldebug_line0
 190 0025 02       		.uleb128 0x2
 191 0026 04       		.byte	0x4
 192 0027 05       		.byte	0x5
 193 0028 696E7400 		.ascii	"int\000"
 194 002c 03       		.uleb128 0x3
 195 002d 04       		.byte	0x4
 196 002e 07       		.byte	0x7
 197 002f 26010000 		.4byte	.LASF0
 198 0033 03       		.uleb128 0x3
 199 0034 01       		.byte	0x1
 200 0035 06       		.byte	0x6
 201 0036 4B020000 		.4byte	.LASF1
 202 003a 03       		.uleb128 0x3
 203 003b 01       		.byte	0x1
 204 003c 08       		.byte	0x8
 205 003d 7B000000 		.4byte	.LASF2
 206 0041 03       		.uleb128 0x3
 207 0042 02       		.byte	0x2
 208 0043 05       		.byte	0x5
 209 0044 64000000 		.4byte	.LASF3
 210 0048 03       		.uleb128 0x3
 211 0049 02       		.byte	0x2
 212 004a 07       		.byte	0x7
 213 004b B9000000 		.4byte	.LASF4
 214 004f 03       		.uleb128 0x3
 215 0050 04       		.byte	0x4
 216 0051 05       		.byte	0x5
 217 0052 3D020000 		.4byte	.LASF5
 218 0056 04       		.uleb128 0x4
 219 0057 F3000000 		.4byte	.LASF9
 220 005b 02       		.byte	0x2
 221 005c 38       		.byte	0x38
 222 005d 61000000 		.4byte	0x61
 223 0061 03       		.uleb128 0x3
 224 0062 04       		.byte	0x4
 225 0063 07       		.byte	0x7
 226 0064 D6000000 		.4byte	.LASF6
 227 0068 03       		.uleb128 0x3
 228 0069 08       		.byte	0x8
ARM GAS  /tmp/ccVXv7j9.s 			page 5


 229 006a 05       		.byte	0x5
 230 006b 7D010000 		.4byte	.LASF7
 231 006f 03       		.uleb128 0x3
 232 0070 08       		.byte	0x8
 233 0071 07       		.byte	0x7
 234 0072 3D010000 		.4byte	.LASF8
 235 0076 04       		.uleb128 0x4
 236 0077 34020000 		.4byte	.LASF10
 237 007b 03       		.byte	0x3
 238 007c 42       		.byte	0x42
 239 007d 56000000 		.4byte	0x56
 240 0081 03       		.uleb128 0x3
 241 0082 01       		.byte	0x1
 242 0083 02       		.byte	0x2
 243 0084 0F000000 		.4byte	.LASF11
 244 0088 04       		.uleb128 0x4
 245 0089 73000000 		.4byte	.LASF12
 246 008d 04       		.byte	0x4
 247 008e 3A       		.byte	0x3a
 248 008f 93000000 		.4byte	0x93
 249 0093 05       		.uleb128 0x5
 250 0094 76000000 		.4byte	0x76
 251 0098 06       		.uleb128 0x6
 252 0099 040E     		.2byte	0xe04
 253 009b 04       		.byte	0x4
 254 009c 6A       		.byte	0x6a
 255 009d 47010000 		.4byte	0x147
 256 00a1 07       		.uleb128 0x7
 257 00a2 96010000 		.4byte	.LASF13
 258 00a6 04       		.byte	0x4
 259 00a7 6B       		.byte	0x6b
 260 00a8 5E010000 		.4byte	0x15e
 261 00ac 00       		.byte	0
 262 00ad 07       		.uleb128 0x7
 263 00ae 89000000 		.4byte	.LASF14
 264 00b2 04       		.byte	0x4
 265 00b3 6C       		.byte	0x6c
 266 00b4 73010000 		.4byte	0x173
 267 00b8 20       		.byte	0x20
 268 00b9 07       		.uleb128 0x7
 269 00ba 6E000000 		.4byte	.LASF15
 270 00be 04       		.byte	0x4
 271 00bf 6D       		.byte	0x6d
 272 00c0 78010000 		.4byte	0x178
 273 00c4 80       		.byte	0x80
 274 00c5 07       		.uleb128 0x7
 275 00c6 91000000 		.4byte	.LASF16
 276 00ca 04       		.byte	0x4
 277 00cb 6E       		.byte	0x6e
 278 00cc 7D010000 		.4byte	0x17d
 279 00d0 A0       		.byte	0xa0
 280 00d1 08       		.uleb128 0x8
 281 00d2 33010000 		.4byte	.LASF17
 282 00d6 04       		.byte	0x4
 283 00d7 6F       		.byte	0x6f
 284 00d8 82010000 		.4byte	0x182
 285 00dc 0001     		.2byte	0x100
ARM GAS  /tmp/ccVXv7j9.s 			page 6


 286 00de 08       		.uleb128 0x8
 287 00df 99000000 		.4byte	.LASF18
 288 00e3 04       		.byte	0x4
 289 00e4 70       		.byte	0x70
 290 00e5 87010000 		.4byte	0x187
 291 00e9 2001     		.2byte	0x120
 292 00eb 08       		.uleb128 0x8
 293 00ec 05000000 		.4byte	.LASF19
 294 00f0 04       		.byte	0x4
 295 00f1 71       		.byte	0x71
 296 00f2 8C010000 		.4byte	0x18c
 297 00f6 8001     		.2byte	0x180
 298 00f8 08       		.uleb128 0x8
 299 00f9 A1000000 		.4byte	.LASF20
 300 00fd 04       		.byte	0x4
 301 00fe 72       		.byte	0x72
 302 00ff 91010000 		.4byte	0x191
 303 0103 A001     		.2byte	0x1a0
 304 0105 08       		.uleb128 0x8
 305 0106 74020000 		.4byte	.LASF21
 306 010a 04       		.byte	0x4
 307 010b 73       		.byte	0x73
 308 010c 96010000 		.4byte	0x196
 309 0110 0002     		.2byte	0x200
 310 0112 08       		.uleb128 0x8
 311 0113 A9000000 		.4byte	.LASF22
 312 0117 04       		.byte	0x4
 313 0118 74       		.byte	0x74
 314 0119 AB010000 		.4byte	0x1ab
 315 011d 2002     		.2byte	0x220
 316 011f 09       		.uleb128 0x9
 317 0120 49505200 		.ascii	"IPR\000"
 318 0124 04       		.byte	0x4
 319 0125 75       		.byte	0x75
 320 0126 C0010000 		.4byte	0x1c0
 321 012a 0003     		.2byte	0x300
 322 012c 08       		.uleb128 0x8
 323 012d B1000000 		.4byte	.LASF23
 324 0131 04       		.byte	0x4
 325 0132 76       		.byte	0x76
 326 0133 D6010000 		.4byte	0x1d6
 327 0137 F003     		.2byte	0x3f0
 328 0139 08       		.uleb128 0x8
 329 013a EE000000 		.4byte	.LASF24
 330 013e 04       		.byte	0x4
 331 013f 77       		.byte	0x77
 332 0140 88000000 		.4byte	0x88
 333 0144 000E     		.2byte	0xe00
 334 0146 00       		.byte	0
 335 0147 0A       		.uleb128 0xa
 336 0148 88000000 		.4byte	0x88
 337 014c 57010000 		.4byte	0x157
 338 0150 0B       		.uleb128 0xb
 339 0151 57010000 		.4byte	0x157
 340 0155 07       		.byte	0x7
 341 0156 00       		.byte	0
 342 0157 03       		.uleb128 0x3
ARM GAS  /tmp/ccVXv7j9.s 			page 7


 343 0158 04       		.byte	0x4
 344 0159 07       		.byte	0x7
 345 015a 74010000 		.4byte	.LASF25
 346 015e 05       		.uleb128 0x5
 347 015f 47010000 		.4byte	0x147
 348 0163 0A       		.uleb128 0xa
 349 0164 88000000 		.4byte	0x88
 350 0168 73010000 		.4byte	0x173
 351 016c 0B       		.uleb128 0xb
 352 016d 57010000 		.4byte	0x157
 353 0171 17       		.byte	0x17
 354 0172 00       		.byte	0
 355 0173 05       		.uleb128 0x5
 356 0174 63010000 		.4byte	0x163
 357 0178 05       		.uleb128 0x5
 358 0179 47010000 		.4byte	0x147
 359 017d 05       		.uleb128 0x5
 360 017e 63010000 		.4byte	0x163
 361 0182 05       		.uleb128 0x5
 362 0183 47010000 		.4byte	0x147
 363 0187 05       		.uleb128 0x5
 364 0188 63010000 		.4byte	0x163
 365 018c 05       		.uleb128 0x5
 366 018d 47010000 		.4byte	0x147
 367 0191 05       		.uleb128 0x5
 368 0192 63010000 		.4byte	0x163
 369 0196 05       		.uleb128 0x5
 370 0197 47010000 		.4byte	0x147
 371 019b 0A       		.uleb128 0xa
 372 019c 88000000 		.4byte	0x88
 373 01a0 AB010000 		.4byte	0x1ab
 374 01a4 0B       		.uleb128 0xb
 375 01a5 57010000 		.4byte	0x157
 376 01a9 37       		.byte	0x37
 377 01aa 00       		.byte	0
 378 01ab 05       		.uleb128 0x5
 379 01ac 9B010000 		.4byte	0x19b
 380 01b0 0A       		.uleb128 0xa
 381 01b1 88000000 		.4byte	0x88
 382 01b5 C0010000 		.4byte	0x1c0
 383 01b9 0B       		.uleb128 0xb
 384 01ba 57010000 		.4byte	0x157
 385 01be 3B       		.byte	0x3b
 386 01bf 00       		.byte	0
 387 01c0 05       		.uleb128 0x5
 388 01c1 B0010000 		.4byte	0x1b0
 389 01c5 0A       		.uleb128 0xa
 390 01c6 88000000 		.4byte	0x88
 391 01ca D6010000 		.4byte	0x1d6
 392 01ce 0C       		.uleb128 0xc
 393 01cf 57010000 		.4byte	0x157
 394 01d3 8302     		.2byte	0x283
 395 01d5 00       		.byte	0
 396 01d6 05       		.uleb128 0x5
 397 01d7 C5010000 		.4byte	0x1c5
 398 01db 04       		.uleb128 0x4
 399 01dc 56000000 		.4byte	.LASF26
ARM GAS  /tmp/ccVXv7j9.s 			page 8


 400 01e0 04       		.byte	0x4
 401 01e1 78       		.byte	0x78
 402 01e2 98000000 		.4byte	0x98
 403 01e6 0D       		.uleb128 0xd
 404 01e7 8C       		.byte	0x8c
 405 01e8 04       		.byte	0x4
 406 01e9 89       		.byte	0x89
 407 01ea EB020000 		.4byte	0x2eb
 408 01ee 07       		.uleb128 0x7
 409 01ef 8B010000 		.4byte	.LASF27
 410 01f3 04       		.byte	0x4
 411 01f4 8A       		.byte	0x8a
 412 01f5 88000000 		.4byte	0x88
 413 01f9 00       		.byte	0
 414 01fa 07       		.uleb128 0x7
 415 01fb 54010000 		.4byte	.LASF28
 416 01ff 04       		.byte	0x4
 417 0200 8B       		.byte	0x8b
 418 0201 88000000 		.4byte	0x88
 419 0205 04       		.byte	0x4
 420 0206 07       		.uleb128 0x7
 421 0207 5F000000 		.4byte	.LASF29
 422 020b 04       		.byte	0x4
 423 020c 8C       		.byte	0x8c
 424 020d 88000000 		.4byte	0x88
 425 0211 08       		.byte	0x8
 426 0212 07       		.uleb128 0x7
 427 0213 61010000 		.4byte	.LASF30
 428 0217 04       		.byte	0x4
 429 0218 8D       		.byte	0x8d
 430 0219 88000000 		.4byte	0x88
 431 021d 0C       		.byte	0xc
 432 021e 0E       		.uleb128 0xe
 433 021f 53435200 		.ascii	"SCR\000"
 434 0223 04       		.byte	0x4
 435 0224 8E       		.byte	0x8e
 436 0225 88000000 		.4byte	0x88
 437 0229 10       		.byte	0x10
 438 022a 0E       		.uleb128 0xe
 439 022b 43435200 		.ascii	"CCR\000"
 440 022f 04       		.byte	0x4
 441 0230 8F       		.byte	0x8f
 442 0231 88000000 		.4byte	0x88
 443 0235 14       		.byte	0x14
 444 0236 07       		.uleb128 0x7
 445 0237 46020000 		.4byte	.LASF31
 446 023b 04       		.byte	0x4
 447 023c 90       		.byte	0x90
 448 023d FB020000 		.4byte	0x2fb
 449 0241 18       		.byte	0x18
 450 0242 07       		.uleb128 0x7
 451 0243 2E020000 		.4byte	.LASF32
 452 0247 04       		.byte	0x4
 453 0248 91       		.byte	0x91
 454 0249 88000000 		.4byte	0x88
 455 024d 24       		.byte	0x24
 456 024e 07       		.uleb128 0x7
ARM GAS  /tmp/ccVXv7j9.s 			page 9


 457 024f CC000000 		.4byte	.LASF33
 458 0253 04       		.byte	0x4
 459 0254 92       		.byte	0x92
 460 0255 88000000 		.4byte	0x88
 461 0259 28       		.byte	0x28
 462 025a 07       		.uleb128 0x7
 463 025b D1000000 		.4byte	.LASF34
 464 025f 04       		.byte	0x4
 465 0260 93       		.byte	0x93
 466 0261 88000000 		.4byte	0x88
 467 0265 2C       		.byte	0x2c
 468 0266 07       		.uleb128 0x7
 469 0267 38010000 		.4byte	.LASF35
 470 026b 04       		.byte	0x4
 471 026c 94       		.byte	0x94
 472 026d 88000000 		.4byte	0x88
 473 0271 30       		.byte	0x30
 474 0272 07       		.uleb128 0x7
 475 0273 A0010000 		.4byte	.LASF36
 476 0277 04       		.byte	0x4
 477 0278 95       		.byte	0x95
 478 0279 88000000 		.4byte	0x88
 479 027d 34       		.byte	0x34
 480 027e 07       		.uleb128 0x7
 481 027f 67010000 		.4byte	.LASF37
 482 0283 04       		.byte	0x4
 483 0284 96       		.byte	0x96
 484 0285 88000000 		.4byte	0x88
 485 0289 38       		.byte	0x38
 486 028a 07       		.uleb128 0x7
 487 028b 9B010000 		.4byte	.LASF38
 488 028f 04       		.byte	0x4
 489 0290 97       		.byte	0x97
 490 0291 88000000 		.4byte	0x88
 491 0295 3C       		.byte	0x3c
 492 0296 0E       		.uleb128 0xe
 493 0297 50465200 		.ascii	"PFR\000"
 494 029b 04       		.byte	0x4
 495 029c 98       		.byte	0x98
 496 029d 10030000 		.4byte	0x310
 497 02a1 40       		.byte	0x40
 498 02a2 0E       		.uleb128 0xe
 499 02a3 44465200 		.ascii	"DFR\000"
 500 02a7 04       		.byte	0x4
 501 02a8 99       		.byte	0x99
 502 02a9 88000000 		.4byte	0x88
 503 02ad 48       		.byte	0x48
 504 02ae 0E       		.uleb128 0xe
 505 02af 41445200 		.ascii	"ADR\000"
 506 02b3 04       		.byte	0x4
 507 02b4 9A       		.byte	0x9a
 508 02b5 88000000 		.4byte	0x88
 509 02b9 4C       		.byte	0x4c
 510 02ba 07       		.uleb128 0x7
 511 02bb 0A000000 		.4byte	.LASF39
 512 02bf 04       		.byte	0x4
 513 02c0 9B       		.byte	0x9b
ARM GAS  /tmp/ccVXv7j9.s 			page 10


 514 02c1 25030000 		.4byte	0x325
 515 02c5 50       		.byte	0x50
 516 02c6 0E       		.uleb128 0xe
 517 02c7 53415200 		.ascii	"SAR\000"
 518 02cb 04       		.byte	0x4
 519 02cc 9C       		.byte	0x9c
 520 02cd 3A030000 		.4byte	0x33a
 521 02d1 60       		.byte	0x60
 522 02d2 07       		.uleb128 0x7
 523 02d3 89000000 		.4byte	.LASF14
 524 02d7 04       		.byte	0x4
 525 02d8 9D       		.byte	0x9d
 526 02d9 3F030000 		.4byte	0x33f
 527 02dd 74       		.byte	0x74
 528 02de 07       		.uleb128 0x7
 529 02df E8000000 		.4byte	.LASF40
 530 02e3 04       		.byte	0x4
 531 02e4 9E       		.byte	0x9e
 532 02e5 88000000 		.4byte	0x88
 533 02e9 88       		.byte	0x88
 534 02ea 00       		.byte	0
 535 02eb 0A       		.uleb128 0xa
 536 02ec 88000000 		.4byte	0x88
 537 02f0 FB020000 		.4byte	0x2fb
 538 02f4 0B       		.uleb128 0xb
 539 02f5 57010000 		.4byte	0x157
 540 02f9 02       		.byte	0x2
 541 02fa 00       		.byte	0
 542 02fb 05       		.uleb128 0x5
 543 02fc EB020000 		.4byte	0x2eb
 544 0300 0A       		.uleb128 0xa
 545 0301 88000000 		.4byte	0x88
 546 0305 10030000 		.4byte	0x310
 547 0309 0B       		.uleb128 0xb
 548 030a 57010000 		.4byte	0x157
 549 030e 01       		.byte	0x1
 550 030f 00       		.byte	0
 551 0310 05       		.uleb128 0x5
 552 0311 00030000 		.4byte	0x300
 553 0315 0A       		.uleb128 0xa
 554 0316 88000000 		.4byte	0x88
 555 031a 25030000 		.4byte	0x325
 556 031e 0B       		.uleb128 0xb
 557 031f 57010000 		.4byte	0x157
 558 0323 03       		.byte	0x3
 559 0324 00       		.byte	0
 560 0325 05       		.uleb128 0x5
 561 0326 15030000 		.4byte	0x315
 562 032a 0A       		.uleb128 0xa
 563 032b 88000000 		.4byte	0x88
 564 032f 3A030000 		.4byte	0x33a
 565 0333 0B       		.uleb128 0xb
 566 0334 57010000 		.4byte	0x157
 567 0338 04       		.byte	0x4
 568 0339 00       		.byte	0
 569 033a 05       		.uleb128 0x5
 570 033b 2A030000 		.4byte	0x32a
ARM GAS  /tmp/ccVXv7j9.s 			page 11


 571 033f 05       		.uleb128 0x5
 572 0340 2A030000 		.4byte	0x32a
 573 0344 04       		.uleb128 0x4
 574 0345 59010000 		.4byte	.LASF41
 575 0349 04       		.byte	0x4
 576 034a 9F       		.byte	0x9f
 577 034b E6010000 		.4byte	0x1e6
 578 034f 03       		.uleb128 0x3
 579 0350 01       		.byte	0x1
 580 0351 08       		.byte	0x8
 581 0352 91010000 		.4byte	.LASF42
 582 0356 0F       		.uleb128 0xf
 583 0357 79020000 		.4byte	.LASF44
 584 035b 01       		.byte	0x1
 585 035c 2E       		.byte	0x2e
 586 035d 00000000 		.4byte	.LFB7
 587 0361 46000000 		.4byte	.LFE7-.LFB7
 588 0365 01       		.uleb128 0x1
 589 0366 9C       		.byte	0x9c
 590 0367 96030000 		.4byte	0x396
 591 036b 10       		.uleb128 0x10
 592 036c 6E00     		.ascii	"n\000"
 593 036e 01       		.byte	0x1
 594 036f 2E       		.byte	0x2e
 595 0370 76000000 		.4byte	0x76
 596 0374 00000000 		.4byte	.LLST0
 597 0378 11       		.uleb128 0x11
 598 0379 00000000 		.4byte	.LASF43
 599 037d 01       		.byte	0x1
 600 037e 2E       		.byte	0x2e
 601 037f 76000000 		.4byte	0x76
 602 0383 21000000 		.4byte	.LLST1
 603 0387 12       		.uleb128 0x12
 604 0388 736800   		.ascii	"sh\000"
 605 038b 01       		.byte	0x1
 606 038c 2F       		.byte	0x2f
 607 038d 2C000000 		.4byte	0x2c
 608 0391 42000000 		.4byte	.LLST2
 609 0395 00       		.byte	0
 610 0396 0F       		.uleb128 0xf
 611 0397 15000000 		.4byte	.LASF45
 612 039b 01       		.byte	0x1
 613 039c 3C       		.byte	0x3c
 614 039d 00000000 		.4byte	.LFB8
 615 03a1 44000000 		.4byte	.LFE8-.LFB8
 616 03a5 01       		.uleb128 0x1
 617 03a6 9C       		.byte	0x9c
 618 03a7 C7030000 		.4byte	0x3c7
 619 03ab 10       		.uleb128 0x10
 620 03ac 6E00     		.ascii	"n\000"
 621 03ae 01       		.byte	0x1
 622 03af 3C       		.byte	0x3c
 623 03b0 76000000 		.4byte	0x76
 624 03b4 89000000 		.4byte	.LLST3
 625 03b8 12       		.uleb128 0x12
 626 03b9 736800   		.ascii	"sh\000"
 627 03bc 01       		.byte	0x1
ARM GAS  /tmp/ccVXv7j9.s 			page 12


 628 03bd 3D       		.byte	0x3d
 629 03be 2C000000 		.4byte	0x2c
 630 03c2 AA000000 		.4byte	.LLST4
 631 03c6 00       		.byte	0
 632 03c7 13       		.uleb128 0x13
 633 03c8 57020000 		.4byte	.LASF50
 634 03cc 01       		.byte	0x1
 635 03cd 4A       		.byte	0x4a
 636 03ce 00000000 		.4byte	.LFB9
 637 03d2 24000000 		.4byte	.LFE9-.LFB9
 638 03d6 01       		.uleb128 0x1
 639 03d7 9C       		.byte	0x9c
 640 03d8 11       		.uleb128 0x11
 641 03d9 6C010000 		.4byte	.LASF46
 642 03dd 01       		.byte	0x1
 643 03de 4A       		.byte	0x4a
 644 03df 76000000 		.4byte	0x76
 645 03e3 F1000000 		.4byte	.LLST5
 646 03e7 11       		.uleb128 0x11
 647 03e8 00000000 		.4byte	.LASF43
 648 03ec 01       		.byte	0x1
 649 03ed 4A       		.byte	0x4a
 650 03ee 76000000 		.4byte	0x76
 651 03f2 12010000 		.4byte	.LLST6
 652 03f6 12       		.uleb128 0x12
 653 03f7 736800   		.ascii	"sh\000"
 654 03fa 01       		.byte	0x1
 655 03fb 4B       		.byte	0x4b
 656 03fc 2C000000 		.4byte	0x2c
 657 0400 33010000 		.4byte	.LLST7
 658 0404 00       		.byte	0
 659 0405 00       		.byte	0
 660              		.section	.debug_abbrev,"",%progbits
 661              	.Ldebug_abbrev0:
 662 0000 01       		.uleb128 0x1
 663 0001 11       		.uleb128 0x11
 664 0002 01       		.byte	0x1
 665 0003 25       		.uleb128 0x25
 666 0004 0E       		.uleb128 0xe
 667 0005 13       		.uleb128 0x13
 668 0006 0B       		.uleb128 0xb
 669 0007 03       		.uleb128 0x3
 670 0008 0E       		.uleb128 0xe
 671 0009 1B       		.uleb128 0x1b
 672 000a 0E       		.uleb128 0xe
 673 000b 55       		.uleb128 0x55
 674 000c 17       		.uleb128 0x17
 675 000d 11       		.uleb128 0x11
 676 000e 01       		.uleb128 0x1
 677 000f 10       		.uleb128 0x10
 678 0010 17       		.uleb128 0x17
 679 0011 00       		.byte	0
 680 0012 00       		.byte	0
 681 0013 02       		.uleb128 0x2
 682 0014 24       		.uleb128 0x24
 683 0015 00       		.byte	0
 684 0016 0B       		.uleb128 0xb
ARM GAS  /tmp/ccVXv7j9.s 			page 13


 685 0017 0B       		.uleb128 0xb
 686 0018 3E       		.uleb128 0x3e
 687 0019 0B       		.uleb128 0xb
 688 001a 03       		.uleb128 0x3
 689 001b 08       		.uleb128 0x8
 690 001c 00       		.byte	0
 691 001d 00       		.byte	0
 692 001e 03       		.uleb128 0x3
 693 001f 24       		.uleb128 0x24
 694 0020 00       		.byte	0
 695 0021 0B       		.uleb128 0xb
 696 0022 0B       		.uleb128 0xb
 697 0023 3E       		.uleb128 0x3e
 698 0024 0B       		.uleb128 0xb
 699 0025 03       		.uleb128 0x3
 700 0026 0E       		.uleb128 0xe
 701 0027 00       		.byte	0
 702 0028 00       		.byte	0
 703 0029 04       		.uleb128 0x4
 704 002a 16       		.uleb128 0x16
 705 002b 00       		.byte	0
 706 002c 03       		.uleb128 0x3
 707 002d 0E       		.uleb128 0xe
 708 002e 3A       		.uleb128 0x3a
 709 002f 0B       		.uleb128 0xb
 710 0030 3B       		.uleb128 0x3b
 711 0031 0B       		.uleb128 0xb
 712 0032 49       		.uleb128 0x49
 713 0033 13       		.uleb128 0x13
 714 0034 00       		.byte	0
 715 0035 00       		.byte	0
 716 0036 05       		.uleb128 0x5
 717 0037 35       		.uleb128 0x35
 718 0038 00       		.byte	0
 719 0039 49       		.uleb128 0x49
 720 003a 13       		.uleb128 0x13
 721 003b 00       		.byte	0
 722 003c 00       		.byte	0
 723 003d 06       		.uleb128 0x6
 724 003e 13       		.uleb128 0x13
 725 003f 01       		.byte	0x1
 726 0040 0B       		.uleb128 0xb
 727 0041 05       		.uleb128 0x5
 728 0042 3A       		.uleb128 0x3a
 729 0043 0B       		.uleb128 0xb
 730 0044 3B       		.uleb128 0x3b
 731 0045 0B       		.uleb128 0xb
 732 0046 01       		.uleb128 0x1
 733 0047 13       		.uleb128 0x13
 734 0048 00       		.byte	0
 735 0049 00       		.byte	0
 736 004a 07       		.uleb128 0x7
 737 004b 0D       		.uleb128 0xd
 738 004c 00       		.byte	0
 739 004d 03       		.uleb128 0x3
 740 004e 0E       		.uleb128 0xe
 741 004f 3A       		.uleb128 0x3a
ARM GAS  /tmp/ccVXv7j9.s 			page 14


 742 0050 0B       		.uleb128 0xb
 743 0051 3B       		.uleb128 0x3b
 744 0052 0B       		.uleb128 0xb
 745 0053 49       		.uleb128 0x49
 746 0054 13       		.uleb128 0x13
 747 0055 38       		.uleb128 0x38
 748 0056 0B       		.uleb128 0xb
 749 0057 00       		.byte	0
 750 0058 00       		.byte	0
 751 0059 08       		.uleb128 0x8
 752 005a 0D       		.uleb128 0xd
 753 005b 00       		.byte	0
 754 005c 03       		.uleb128 0x3
 755 005d 0E       		.uleb128 0xe
 756 005e 3A       		.uleb128 0x3a
 757 005f 0B       		.uleb128 0xb
 758 0060 3B       		.uleb128 0x3b
 759 0061 0B       		.uleb128 0xb
 760 0062 49       		.uleb128 0x49
 761 0063 13       		.uleb128 0x13
 762 0064 38       		.uleb128 0x38
 763 0065 05       		.uleb128 0x5
 764 0066 00       		.byte	0
 765 0067 00       		.byte	0
 766 0068 09       		.uleb128 0x9
 767 0069 0D       		.uleb128 0xd
 768 006a 00       		.byte	0
 769 006b 03       		.uleb128 0x3
 770 006c 08       		.uleb128 0x8
 771 006d 3A       		.uleb128 0x3a
 772 006e 0B       		.uleb128 0xb
 773 006f 3B       		.uleb128 0x3b
 774 0070 0B       		.uleb128 0xb
 775 0071 49       		.uleb128 0x49
 776 0072 13       		.uleb128 0x13
 777 0073 38       		.uleb128 0x38
 778 0074 05       		.uleb128 0x5
 779 0075 00       		.byte	0
 780 0076 00       		.byte	0
 781 0077 0A       		.uleb128 0xa
 782 0078 01       		.uleb128 0x1
 783 0079 01       		.byte	0x1
 784 007a 49       		.uleb128 0x49
 785 007b 13       		.uleb128 0x13
 786 007c 01       		.uleb128 0x1
 787 007d 13       		.uleb128 0x13
 788 007e 00       		.byte	0
 789 007f 00       		.byte	0
 790 0080 0B       		.uleb128 0xb
 791 0081 21       		.uleb128 0x21
 792 0082 00       		.byte	0
 793 0083 49       		.uleb128 0x49
 794 0084 13       		.uleb128 0x13
 795 0085 2F       		.uleb128 0x2f
 796 0086 0B       		.uleb128 0xb
 797 0087 00       		.byte	0
 798 0088 00       		.byte	0
ARM GAS  /tmp/ccVXv7j9.s 			page 15


 799 0089 0C       		.uleb128 0xc
 800 008a 21       		.uleb128 0x21
 801 008b 00       		.byte	0
 802 008c 49       		.uleb128 0x49
 803 008d 13       		.uleb128 0x13
 804 008e 2F       		.uleb128 0x2f
 805 008f 05       		.uleb128 0x5
 806 0090 00       		.byte	0
 807 0091 00       		.byte	0
 808 0092 0D       		.uleb128 0xd
 809 0093 13       		.uleb128 0x13
 810 0094 01       		.byte	0x1
 811 0095 0B       		.uleb128 0xb
 812 0096 0B       		.uleb128 0xb
 813 0097 3A       		.uleb128 0x3a
 814 0098 0B       		.uleb128 0xb
 815 0099 3B       		.uleb128 0x3b
 816 009a 0B       		.uleb128 0xb
 817 009b 01       		.uleb128 0x1
 818 009c 13       		.uleb128 0x13
 819 009d 00       		.byte	0
 820 009e 00       		.byte	0
 821 009f 0E       		.uleb128 0xe
 822 00a0 0D       		.uleb128 0xd
 823 00a1 00       		.byte	0
 824 00a2 03       		.uleb128 0x3
 825 00a3 08       		.uleb128 0x8
 826 00a4 3A       		.uleb128 0x3a
 827 00a5 0B       		.uleb128 0xb
 828 00a6 3B       		.uleb128 0x3b
 829 00a7 0B       		.uleb128 0xb
 830 00a8 49       		.uleb128 0x49
 831 00a9 13       		.uleb128 0x13
 832 00aa 38       		.uleb128 0x38
 833 00ab 0B       		.uleb128 0xb
 834 00ac 00       		.byte	0
 835 00ad 00       		.byte	0
 836 00ae 0F       		.uleb128 0xf
 837 00af 2E       		.uleb128 0x2e
 838 00b0 01       		.byte	0x1
 839 00b1 3F       		.uleb128 0x3f
 840 00b2 19       		.uleb128 0x19
 841 00b3 03       		.uleb128 0x3
 842 00b4 0E       		.uleb128 0xe
 843 00b5 3A       		.uleb128 0x3a
 844 00b6 0B       		.uleb128 0xb
 845 00b7 3B       		.uleb128 0x3b
 846 00b8 0B       		.uleb128 0xb
 847 00b9 27       		.uleb128 0x27
 848 00ba 19       		.uleb128 0x19
 849 00bb 11       		.uleb128 0x11
 850 00bc 01       		.uleb128 0x1
 851 00bd 12       		.uleb128 0x12
 852 00be 06       		.uleb128 0x6
 853 00bf 40       		.uleb128 0x40
 854 00c0 18       		.uleb128 0x18
 855 00c1 9742     		.uleb128 0x2117
ARM GAS  /tmp/ccVXv7j9.s 			page 16


 856 00c3 19       		.uleb128 0x19
 857 00c4 01       		.uleb128 0x1
 858 00c5 13       		.uleb128 0x13
 859 00c6 00       		.byte	0
 860 00c7 00       		.byte	0
 861 00c8 10       		.uleb128 0x10
 862 00c9 05       		.uleb128 0x5
 863 00ca 00       		.byte	0
 864 00cb 03       		.uleb128 0x3
 865 00cc 08       		.uleb128 0x8
 866 00cd 3A       		.uleb128 0x3a
 867 00ce 0B       		.uleb128 0xb
 868 00cf 3B       		.uleb128 0x3b
 869 00d0 0B       		.uleb128 0xb
 870 00d1 49       		.uleb128 0x49
 871 00d2 13       		.uleb128 0x13
 872 00d3 02       		.uleb128 0x2
 873 00d4 17       		.uleb128 0x17
 874 00d5 00       		.byte	0
 875 00d6 00       		.byte	0
 876 00d7 11       		.uleb128 0x11
 877 00d8 05       		.uleb128 0x5
 878 00d9 00       		.byte	0
 879 00da 03       		.uleb128 0x3
 880 00db 0E       		.uleb128 0xe
 881 00dc 3A       		.uleb128 0x3a
 882 00dd 0B       		.uleb128 0xb
 883 00de 3B       		.uleb128 0x3b
 884 00df 0B       		.uleb128 0xb
 885 00e0 49       		.uleb128 0x49
 886 00e1 13       		.uleb128 0x13
 887 00e2 02       		.uleb128 0x2
 888 00e3 17       		.uleb128 0x17
 889 00e4 00       		.byte	0
 890 00e5 00       		.byte	0
 891 00e6 12       		.uleb128 0x12
 892 00e7 34       		.uleb128 0x34
 893 00e8 00       		.byte	0
 894 00e9 03       		.uleb128 0x3
 895 00ea 08       		.uleb128 0x8
 896 00eb 3A       		.uleb128 0x3a
 897 00ec 0B       		.uleb128 0xb
 898 00ed 3B       		.uleb128 0x3b
 899 00ee 0B       		.uleb128 0xb
 900 00ef 49       		.uleb128 0x49
 901 00f0 13       		.uleb128 0x13
 902 00f1 02       		.uleb128 0x2
 903 00f2 17       		.uleb128 0x17
 904 00f3 00       		.byte	0
 905 00f4 00       		.byte	0
 906 00f5 13       		.uleb128 0x13
 907 00f6 2E       		.uleb128 0x2e
 908 00f7 01       		.byte	0x1
 909 00f8 3F       		.uleb128 0x3f
 910 00f9 19       		.uleb128 0x19
 911 00fa 03       		.uleb128 0x3
 912 00fb 0E       		.uleb128 0xe
ARM GAS  /tmp/ccVXv7j9.s 			page 17


 913 00fc 3A       		.uleb128 0x3a
 914 00fd 0B       		.uleb128 0xb
 915 00fe 3B       		.uleb128 0x3b
 916 00ff 0B       		.uleb128 0xb
 917 0100 27       		.uleb128 0x27
 918 0101 19       		.uleb128 0x19
 919 0102 11       		.uleb128 0x11
 920 0103 01       		.uleb128 0x1
 921 0104 12       		.uleb128 0x12
 922 0105 06       		.uleb128 0x6
 923 0106 40       		.uleb128 0x40
 924 0107 18       		.uleb128 0x18
 925 0108 9742     		.uleb128 0x2117
 926 010a 19       		.uleb128 0x19
 927 010b 00       		.byte	0
 928 010c 00       		.byte	0
 929 010d 00       		.byte	0
 930              		.section	.debug_loc,"",%progbits
 931              	.Ldebug_loc0:
 932              	.LLST0:
 933 0000 00000000 		.4byte	.LVL0
 934 0004 28000000 		.4byte	.LVL4
 935 0008 0100     		.2byte	0x1
 936 000a 50       		.byte	0x50
 937 000b 28000000 		.4byte	.LVL4
 938 000f 46000000 		.4byte	.LFE7
 939 0013 0400     		.2byte	0x4
 940 0015 F3       		.byte	0xf3
 941 0016 01       		.uleb128 0x1
 942 0017 50       		.byte	0x50
 943 0018 9F       		.byte	0x9f
 944 0019 00000000 		.4byte	0
 945 001d 00000000 		.4byte	0
 946              	.LLST1:
 947 0021 00000000 		.4byte	.LVL0
 948 0025 0E000000 		.4byte	.LVL2
 949 0029 0100     		.2byte	0x1
 950 002b 51       		.byte	0x51
 951 002c 0E000000 		.4byte	.LVL2
 952 0030 46000000 		.4byte	.LFE7
 953 0034 0400     		.2byte	0x4
 954 0036 F3       		.byte	0xf3
 955 0037 01       		.uleb128 0x1
 956 0038 51       		.byte	0x51
 957 0039 9F       		.byte	0x9f
 958 003a 00000000 		.4byte	0
 959 003e 00000000 		.4byte	0
 960              	.LLST2:
 961 0042 00000000 		.4byte	.LVL0
 962 0046 08000000 		.4byte	.LVL1
 963 004a 0700     		.2byte	0x7
 964 004c 70       		.byte	0x70
 965 004d 00       		.sleb128 0
 966 004e 33       		.byte	0x33
 967 004f 1A       		.byte	0x1a
 968 0050 33       		.byte	0x33
 969 0051 24       		.byte	0x24
ARM GAS  /tmp/ccVXv7j9.s 			page 18


 970 0052 9F       		.byte	0x9f
 971 0053 08000000 		.4byte	.LVL1
 972 0057 14000000 		.4byte	.LVL3
 973 005b 0100     		.2byte	0x1
 974 005d 53       		.byte	0x53
 975 005e 14000000 		.4byte	.LVL3
 976 0062 28000000 		.4byte	.LVL4
 977 0066 0700     		.2byte	0x7
 978 0068 70       		.byte	0x70
 979 0069 00       		.sleb128 0
 980 006a 33       		.byte	0x33
 981 006b 1A       		.byte	0x1a
 982 006c 33       		.byte	0x33
 983 006d 24       		.byte	0x24
 984 006e 9F       		.byte	0x9f
 985 006f 28000000 		.4byte	.LVL4
 986 0073 46000000 		.4byte	.LFE7
 987 0077 0800     		.2byte	0x8
 988 0079 F3       		.byte	0xf3
 989 007a 01       		.uleb128 0x1
 990 007b 50       		.byte	0x50
 991 007c 33       		.byte	0x33
 992 007d 1A       		.byte	0x1a
 993 007e 33       		.byte	0x33
 994 007f 24       		.byte	0x24
 995 0080 9F       		.byte	0x9f
 996 0081 00000000 		.4byte	0
 997 0085 00000000 		.4byte	0
 998              	.LLST3:
 999 0089 00000000 		.4byte	.LVL5
 1000 008d 20000000 		.4byte	.LVL8
 1001 0091 0100     		.2byte	0x1
 1002 0093 50       		.byte	0x50
 1003 0094 20000000 		.4byte	.LVL8
 1004 0098 44000000 		.4byte	.LFE8
 1005 009c 0400     		.2byte	0x4
 1006 009e F3       		.byte	0xf3
 1007 009f 01       		.uleb128 0x1
 1008 00a0 50       		.byte	0x50
 1009 00a1 9F       		.byte	0x9f
 1010 00a2 00000000 		.4byte	0
 1011 00a6 00000000 		.4byte	0
 1012              	.LLST4:
 1013 00aa 00000000 		.4byte	.LVL5
 1014 00ae 12000000 		.4byte	.LVL6
 1015 00b2 0700     		.2byte	0x7
 1016 00b4 70       		.byte	0x70
 1017 00b5 00       		.sleb128 0
 1018 00b6 33       		.byte	0x33
 1019 00b7 1A       		.byte	0x1a
 1020 00b8 33       		.byte	0x33
 1021 00b9 24       		.byte	0x24
 1022 00ba 9F       		.byte	0x9f
 1023 00bb 12000000 		.4byte	.LVL6
 1024 00bf 16000000 		.4byte	.LVL7
 1025 00c3 0100     		.2byte	0x1
 1026 00c5 51       		.byte	0x51
ARM GAS  /tmp/ccVXv7j9.s 			page 19


 1027 00c6 16000000 		.4byte	.LVL7
 1028 00ca 20000000 		.4byte	.LVL8
 1029 00ce 0700     		.2byte	0x7
 1030 00d0 70       		.byte	0x70
 1031 00d1 00       		.sleb128 0
 1032 00d2 33       		.byte	0x33
 1033 00d3 1A       		.byte	0x1a
 1034 00d4 33       		.byte	0x33
 1035 00d5 24       		.byte	0x24
 1036 00d6 9F       		.byte	0x9f
 1037 00d7 20000000 		.4byte	.LVL8
 1038 00db 44000000 		.4byte	.LFE8
 1039 00df 0800     		.2byte	0x8
 1040 00e1 F3       		.byte	0xf3
 1041 00e2 01       		.uleb128 0x1
 1042 00e3 50       		.byte	0x50
 1043 00e4 33       		.byte	0x33
 1044 00e5 1A       		.byte	0x1a
 1045 00e6 33       		.byte	0x33
 1046 00e7 24       		.byte	0x24
 1047 00e8 9F       		.byte	0x9f
 1048 00e9 00000000 		.4byte	0
 1049 00ed 00000000 		.4byte	0
 1050              	.LLST5:
 1051 00f1 00000000 		.4byte	.LVL9
 1052 00f5 10000000 		.4byte	.LVL12
 1053 00f9 0100     		.2byte	0x1
 1054 00fb 50       		.byte	0x50
 1055 00fc 10000000 		.4byte	.LVL12
 1056 0100 24000000 		.4byte	.LFE9
 1057 0104 0400     		.2byte	0x4
 1058 0106 F3       		.byte	0xf3
 1059 0107 01       		.uleb128 0x1
 1060 0108 50       		.byte	0x50
 1061 0109 9F       		.byte	0x9f
 1062 010a 00000000 		.4byte	0
 1063 010e 00000000 		.4byte	0
 1064              	.LLST6:
 1065 0112 00000000 		.4byte	.LVL9
 1066 0116 0C000000 		.4byte	.LVL11
 1067 011a 0100     		.2byte	0x1
 1068 011c 51       		.byte	0x51
 1069 011d 0C000000 		.4byte	.LVL11
 1070 0121 24000000 		.4byte	.LFE9
 1071 0125 0400     		.2byte	0x4
 1072 0127 F3       		.byte	0xf3
 1073 0128 01       		.uleb128 0x1
 1074 0129 51       		.byte	0x51
 1075 012a 9F       		.byte	0x9f
 1076 012b 00000000 		.4byte	0
 1077 012f 00000000 		.4byte	0
 1078              	.LLST7:
 1079 0133 00000000 		.4byte	.LVL9
 1080 0137 06000000 		.4byte	.LVL10
 1081 013b 0700     		.2byte	0x7
 1082 013d 70       		.byte	0x70
 1083 013e 00       		.sleb128 0
ARM GAS  /tmp/ccVXv7j9.s 			page 20


 1084 013f 33       		.byte	0x33
 1085 0140 1A       		.byte	0x1a
 1086 0141 33       		.byte	0x33
 1087 0142 24       		.byte	0x24
 1088 0143 9F       		.byte	0x9f
 1089 0144 06000000 		.4byte	.LVL10
 1090 0148 1A000000 		.4byte	.LVL13
 1091 014c 0100     		.2byte	0x1
 1092 014e 53       		.byte	0x53
 1093 014f 1A000000 		.4byte	.LVL13
 1094 0153 24000000 		.4byte	.LFE9
 1095 0157 0800     		.2byte	0x8
 1096 0159 F3       		.byte	0xf3
 1097 015a 01       		.uleb128 0x1
 1098 015b 50       		.byte	0x50
 1099 015c 33       		.byte	0x33
 1100 015d 1A       		.byte	0x1a
 1101 015e 33       		.byte	0x33
 1102 015f 24       		.byte	0x24
 1103 0160 9F       		.byte	0x9f
 1104 0161 00000000 		.4byte	0
 1105 0165 00000000 		.4byte	0
 1106              		.section	.debug_aranges,"",%progbits
 1107 0000 2C000000 		.4byte	0x2c
 1108 0004 0200     		.2byte	0x2
 1109 0006 00000000 		.4byte	.Ldebug_info0
 1110 000a 04       		.byte	0x4
 1111 000b 00       		.byte	0
 1112 000c 0000     		.2byte	0
 1113 000e 0000     		.2byte	0
 1114 0010 00000000 		.4byte	.LFB7
 1115 0014 46000000 		.4byte	.LFE7-.LFB7
 1116 0018 00000000 		.4byte	.LFB8
 1117 001c 44000000 		.4byte	.LFE8-.LFB8
 1118 0020 00000000 		.4byte	.LFB9
 1119 0024 24000000 		.4byte	.LFE9-.LFB9
 1120 0028 00000000 		.4byte	0
 1121 002c 00000000 		.4byte	0
 1122              		.section	.debug_ranges,"",%progbits
 1123              	.Ldebug_ranges0:
 1124 0000 00000000 		.4byte	.LFB7
 1125 0004 46000000 		.4byte	.LFE7
 1126 0008 00000000 		.4byte	.LFB8
 1127 000c 44000000 		.4byte	.LFE8
 1128 0010 00000000 		.4byte	.LFB9
 1129 0014 24000000 		.4byte	.LFE9
 1130 0018 00000000 		.4byte	0
 1131 001c 00000000 		.4byte	0
 1132              		.section	.debug_line,"",%progbits
 1133              	.Ldebug_line0:
 1134 0000 EE000000 		.section	.debug_str,"MS",%progbits,1
 1134      02009F00 
 1134      00000201 
 1134      FB0E0D00 
 1134      01010101 
 1135              	.LASF43:
 1136 0000 7072696F 		.ascii	"prio\000"
ARM GAS  /tmp/ccVXv7j9.s 			page 21


 1136      00
 1137              	.LASF19:
 1138 0005 49435052 		.ascii	"ICPR\000"
 1138      00
 1139              	.LASF39:
 1140 000a 4D4D4652 		.ascii	"MMFR\000"
 1140      00
 1141              	.LASF11:
 1142 000f 5F426F6F 		.ascii	"_Bool\000"
 1142      6C00
 1143              	.LASF45:
 1144 0015 6E766963 		.ascii	"nvicDisableVector\000"
 1144      44697361 
 1144      626C6556 
 1144      6563746F 
 1144      7200
 1145              	.LASF48:
 1146 0027 2E2E2F43 		.ascii	"../ChibiOS_2.6.4/os/ports/common/ARMCMx/nvic.c\000"
 1146      68696269 
 1146      4F535F32 
 1146      2E362E34 
 1146      2F6F732F 
 1147              	.LASF26:
 1148 0056 434D785F 		.ascii	"CMx_NVIC\000"
 1148      4E564943 
 1148      00
 1149              	.LASF29:
 1150 005f 56544F52 		.ascii	"VTOR\000"
 1150      00
 1151              	.LASF3:
 1152 0064 73686F72 		.ascii	"short int\000"
 1152      7420696E 
 1152      7400
 1153              	.LASF15:
 1154 006e 49434552 		.ascii	"ICER\000"
 1154      00
 1155              	.LASF12:
 1156 0073 494F5245 		.ascii	"IOREG32\000"
 1156      47333200 
 1157              	.LASF2:
 1158 007b 756E7369 		.ascii	"unsigned char\000"
 1158      676E6564 
 1158      20636861 
 1158      7200
 1159              	.LASF14:
 1160 0089 756E7573 		.ascii	"unused1\000"
 1160      65643100 
 1161              	.LASF16:
 1162 0091 756E7573 		.ascii	"unused2\000"
 1162      65643200 
 1163              	.LASF18:
 1164 0099 756E7573 		.ascii	"unused3\000"
 1164      65643300 
 1165              	.LASF20:
 1166 00a1 756E7573 		.ascii	"unused4\000"
 1166      65643400 
 1167              	.LASF22:
ARM GAS  /tmp/ccVXv7j9.s 			page 22


 1168 00a9 756E7573 		.ascii	"unused5\000"
 1168      65643500 
 1169              	.LASF23:
 1170 00b1 756E7573 		.ascii	"unused6\000"
 1170      65643600 
 1171              	.LASF4:
 1172 00b9 73686F72 		.ascii	"short unsigned int\000"
 1172      7420756E 
 1172      7369676E 
 1172      65642069 
 1172      6E7400
 1173              	.LASF33:
 1174 00cc 43465352 		.ascii	"CFSR\000"
 1174      00
 1175              	.LASF34:
 1176 00d1 48465352 		.ascii	"HFSR\000"
 1176      00
 1177              	.LASF6:
 1178 00d6 6C6F6E67 		.ascii	"long unsigned int\000"
 1178      20756E73 
 1178      69676E65 
 1178      6420696E 
 1178      7400
 1179              	.LASF40:
 1180 00e8 43504143 		.ascii	"CPACR\000"
 1180      5200
 1181              	.LASF24:
 1182 00ee 53544952 		.ascii	"STIR\000"
 1182      00
 1183              	.LASF9:
 1184 00f3 5F5F7569 		.ascii	"__uint32_t\000"
 1184      6E743332 
 1184      5F7400
 1185              	.LASF49:
 1186 00fe 2F686F6D 		.ascii	"/home/caroline/Documents/PAF/elfes/Code\000"
 1186      652F6361 
 1186      726F6C69 
 1186      6E652F44 
 1186      6F63756D 
 1187              	.LASF0:
 1188 0126 756E7369 		.ascii	"unsigned int\000"
 1188      676E6564 
 1188      20696E74 
 1188      00
 1189              	.LASF17:
 1190 0133 49535052 		.ascii	"ISPR\000"
 1190      00
 1191              	.LASF35:
 1192 0138 44465352 		.ascii	"DFSR\000"
 1192      00
 1193              	.LASF8:
 1194 013d 6C6F6E67 		.ascii	"long long unsigned int\000"
 1194      206C6F6E 
 1194      6720756E 
 1194      7369676E 
 1194      65642069 
 1195              	.LASF28:
ARM GAS  /tmp/ccVXv7j9.s 			page 23


 1196 0154 49435352 		.ascii	"ICSR\000"
 1196      00
 1197              	.LASF41:
 1198 0159 434D785F 		.ascii	"CMx_SCB\000"
 1198      53434200 
 1199              	.LASF30:
 1200 0161 41495243 		.ascii	"AIRCR\000"
 1200      5200
 1201              	.LASF37:
 1202 0167 42464152 		.ascii	"BFAR\000"
 1202      00
 1203              	.LASF46:
 1204 016c 68616E64 		.ascii	"handler\000"
 1204      6C657200 
 1205              	.LASF25:
 1206 0174 73697A65 		.ascii	"sizetype\000"
 1206      74797065 
 1206      00
 1207              	.LASF7:
 1208 017d 6C6F6E67 		.ascii	"long long int\000"
 1208      206C6F6E 
 1208      6720696E 
 1208      7400
 1209              	.LASF27:
 1210 018b 43505549 		.ascii	"CPUID\000"
 1210      4400
 1211              	.LASF42:
 1212 0191 63686172 		.ascii	"char\000"
 1212      00
 1213              	.LASF13:
 1214 0196 49534552 		.ascii	"ISER\000"
 1214      00
 1215              	.LASF38:
 1216 019b 41465352 		.ascii	"AFSR\000"
 1216      00
 1217              	.LASF36:
 1218 01a0 4D4D4641 		.ascii	"MMFAR\000"
 1218      5200
 1219              	.LASF47:
 1220 01a6 474E5520 		.ascii	"GNU C 4.8.2 -mcpu=cortex-m3 -mno-thumb-interwork -m"
 1220      4320342E 
 1220      382E3220 
 1220      2D6D6370 
 1220      753D636F 
 1221 01d9 7468756D 		.ascii	"thumb -ggdb -O2 -fomit-frame-pointer -ffunction-sec"
 1221      62202D67 
 1221      67646220 
 1221      2D4F3220 
 1221      2D666F6D 
 1222 020c 74696F6E 		.ascii	"tions -fdata-sections -fno-common\000"
 1222      73202D66 
 1222      64617461 
 1222      2D736563 
 1222      74696F6E 
 1223              	.LASF32:
 1224 022e 53484353 		.ascii	"SHCSR\000"
 1224      5200
ARM GAS  /tmp/ccVXv7j9.s 			page 24


 1225              	.LASF10:
 1226 0234 75696E74 		.ascii	"uint32_t\000"
 1226      33325F74 
 1226      00
 1227              	.LASF5:
 1228 023d 6C6F6E67 		.ascii	"long int\000"
 1228      20696E74 
 1228      00
 1229              	.LASF31:
 1230 0246 53485052 		.ascii	"SHPR\000"
 1230      00
 1231              	.LASF1:
 1232 024b 7369676E 		.ascii	"signed char\000"
 1232      65642063 
 1232      68617200 
 1233              	.LASF50:
 1234 0257 6E766963 		.ascii	"nvicSetSystemHandlerPriority\000"
 1234      53657453 
 1234      79737465 
 1234      6D48616E 
 1234      646C6572 
 1235              	.LASF21:
 1236 0274 49414252 		.ascii	"IABR\000"
 1236      00
 1237              	.LASF44:
 1238 0279 6E766963 		.ascii	"nvicEnableVector\000"
 1238      456E6162 
 1238      6C655665 
 1238      63746F72 
 1238      00
 1239              		.ident	"GCC: (4.8.2-14ubuntu1+6) 4.8.2"
ARM GAS  /tmp/ccVXv7j9.s 			page 25


DEFINED SYMBOLS
                            *ABS*:0000000000000000 nvic.c
     /tmp/ccVXv7j9.s:19     .text.nvicEnableVector:0000000000000000 $t
     /tmp/ccVXv7j9.s:24     .text.nvicEnableVector:0000000000000000 nvicEnableVector
     /tmp/ccVXv7j9.s:80     .text.nvicDisableVector:0000000000000000 $t
     /tmp/ccVXv7j9.s:85     .text.nvicDisableVector:0000000000000000 nvicDisableVector
     /tmp/ccVXv7j9.s:133    .text.nvicSetSystemHandlerPriority:0000000000000000 $t
     /tmp/ccVXv7j9.s:138    .text.nvicSetSystemHandlerPriority:0000000000000000 nvicSetSystemHandlerPriority
                     .debug_frame:0000000000000010 $d

NO UNDEFINED SYMBOLS
