ARM GAS  /tmp/ccDHw6BA.s 			page 1


   1              		.syntax unified
   2              		.cpu cortex-m3
   3              		.fpu softvfp
   4              		.eabi_attribute 20, 1
   5              		.eabi_attribute 21, 1
   6              		.eabi_attribute 23, 3
   7              		.eabi_attribute 24, 1
   8              		.eabi_attribute 25, 1
   9              		.eabi_attribute 26, 1
  10              		.eabi_attribute 30, 2
  11              		.eabi_attribute 34, 1
  12              		.eabi_attribute 18, 4
  13              		.thumb
  14              		.file	"pal.c"
  15              		.text
  16              	.Ltext0:
  17              		.cfi_sections	.debug_frame
  18              		.section	.text.palReadBus,"ax",%progbits
  19              		.align	2
  20              		.global	palReadBus
  21              		.thumb
  22              		.thumb_func
  23              		.type	palReadBus, %function
  24              	palReadBus:
  25              	.LFB63:
  26              		.file 1 "../ChibiOS_2.6.4/os/hal/src/pal.c"
  27              		.loc 1 77 0
  28              		.cfi_startproc
  29              		@ args = 0, pretend = 0, frame = 0
  30              		@ frame_needed = 0, uses_anonymous_args = 0
  31              		@ link register save eliminated.
  32              	.LVL0:
  33              		.loc 1 82 0
  34 0000 0368     		ldr	r3, [r0]
  35 0002 8268     		ldr	r2, [r0, #8]
  36 0004 1969     		ldr	r1, [r3, #16]
  37 0006 4368     		ldr	r3, [r0, #4]
  38 0008 21FA02F0 		lsr	r0, r1, r2
  39              	.LVL1:
  40              		.loc 1 83 0
  41 000c 1840     		ands	r0, r0, r3
  42 000e 7047     		bx	lr
  43              		.cfi_endproc
  44              	.LFE63:
  45              		.size	palReadBus, .-palReadBus
  46              		.section	.text.palWriteBus,"ax",%progbits
  47              		.align	2
  48              		.global	palWriteBus
  49              		.thumb
  50              		.thumb_func
  51              		.type	palWriteBus, %function
  52              	palWriteBus:
  53              	.LFB64:
  54              		.loc 1 103 0
  55              		.cfi_startproc
  56              		@ args = 0, pretend = 0, frame = 0
  57              		@ frame_needed = 0, uses_anonymous_args = 0
ARM GAS  /tmp/ccDHw6BA.s 			page 2


  58              		@ link register save eliminated.
  59              	.LVL2:
  60              		.loc 1 108 0
  61 0000 4268     		ldr	r2, [r0, #4]
  62 0002 8368     		ldr	r3, [r0, #8]
  63              		.loc 1 103 0
  64 0004 30B4     		push	{r4, r5}
  65              		.cfi_def_cfa_offset 8
  66              		.cfi_offset 4, -8
  67              		.cfi_offset 5, -4
  68              		.loc 1 108 0
  69 0006 22EA0105 		bic	r5, r2, r1
  70 000a 03F11004 		add	r4, r3, #16
  71 000e 0A40     		ands	r2, r2, r1
  72 0010 02FA03F3 		lsl	r3, r2, r3
  73 0014 05FA04F2 		lsl	r2, r5, r4
  74 0018 0068     		ldr	r0, [r0]
  75              	.LVL3:
  76 001a 1343     		orrs	r3, r3, r2
  77 001c 8361     		str	r3, [r0, #24]
  78              		.loc 1 109 0
  79 001e 30BC     		pop	{r4, r5}
  80 0020 7047     		bx	lr
  81              		.cfi_endproc
  82              	.LFE64:
  83              		.size	palWriteBus, .-palWriteBus
  84 0022 00BF     		.section	.text.palSetBusMode,"ax",%progbits
  85              		.align	2
  86              		.global	palSetBusMode
  87              		.thumb
  88              		.thumb_func
  89              		.type	palSetBusMode, %function
  90              	palSetBusMode:
  91              	.LFB65:
  92              		.loc 1 127 0
  93              		.cfi_startproc
  94              		@ args = 0, pretend = 0, frame = 0
  95              		@ frame_needed = 0, uses_anonymous_args = 0
  96              		@ link register save eliminated.
  97              	.LVL4:
  98 0000 10B4     		push	{r4}
  99              		.cfi_def_cfa_offset 4
 100              		.cfi_offset 4, -4
 101              		.loc 1 132 0
 102 0002 8368     		ldr	r3, [r0, #8]
 103 0004 4468     		ldr	r4, [r0, #4]
 104              		.loc 1 127 0
 105 0006 0A46     		mov	r2, r1
 106              		.loc 1 132 0
 107 0008 0068     		ldr	r0, [r0]
 108              	.LVL5:
 109 000a 04FA03F1 		lsl	r1, r4, r3
 110              	.LVL6:
 111              		.loc 1 133 0
 112 000e 5DF8044B 		ldr	r4, [sp], #4
 113              		.loc 1 132 0
 114 0012 FFF7FEBF 		b	_pal_lld_setgroupmode
ARM GAS  /tmp/ccDHw6BA.s 			page 3


 115              	.LVL7:
 116              		.cfi_endproc
 117              	.LFE65:
 118              		.size	palSetBusMode, .-palSetBusMode
 119 0016 00BF     		.text
 120              	.Letext0:
 121              		.file 2 "/usr/include/newlib/machine/_default_types.h"
 122              		.file 3 "/usr/include/newlib/stdint.h"
 123              		.file 4 "../ChibiOS_2.6.4/os/hal/platforms/STM32/GPIOv2/pal_lld.h"
 124              		.file 5 "../ChibiOS_2.6.4/os/hal/include/pal.h"
 125              		.file 6 "../ChibiOS_2.6.4/os/ports/common/ARMCMx/CMSIS/include/core_cm3.h"
 126              		.section	.debug_info,"",%progbits
 127              	.Ldebug_info0:
 128 0000 CA020000 		.4byte	0x2ca
 129 0004 0400     		.2byte	0x4
 130 0006 00000000 		.4byte	.Ldebug_abbrev0
 131 000a 04       		.byte	0x4
 132 000b 01       		.uleb128 0x1
 133 000c 8B000000 		.4byte	.LASF40
 134 0010 01       		.byte	0x1
 135 0011 6D010000 		.4byte	.LASF41
 136 0015 00000000 		.4byte	.LASF42
 137 0019 00000000 		.4byte	.Ldebug_ranges0+0
 138 001d 00000000 		.4byte	0
 139 0021 00000000 		.4byte	.Ldebug_line0
 140 0025 02       		.uleb128 0x2
 141 0026 04       		.byte	0x4
 142 0027 05       		.byte	0x5
 143 0028 696E7400 		.ascii	"int\000"
 144 002c 03       		.uleb128 0x3
 145 002d 04       		.byte	0x4
 146 002e 07       		.byte	0x7
 147 002f C3010000 		.4byte	.LASF0
 148 0033 03       		.uleb128 0x3
 149 0034 01       		.byte	0x1
 150 0035 06       		.byte	0x6
 151 0036 50020000 		.4byte	.LASF1
 152 003a 03       		.uleb128 0x3
 153 003b 01       		.byte	0x1
 154 003c 08       		.byte	0x8
 155 003d 30010000 		.4byte	.LASF2
 156 0041 03       		.uleb128 0x3
 157 0042 02       		.byte	0x2
 158 0043 05       		.byte	0x5
 159 0044 6C000000 		.4byte	.LASF3
 160 0048 04       		.uleb128 0x4
 161 0049 8F010000 		.4byte	.LASF5
 162 004d 02       		.byte	0x2
 163 004e 26       		.byte	0x26
 164 004f 53000000 		.4byte	0x53
 165 0053 03       		.uleb128 0x3
 166 0054 02       		.byte	0x2
 167 0055 07       		.byte	0x7
 168 0056 55010000 		.4byte	.LASF4
 169 005a 04       		.uleb128 0x4
 170 005b 44000000 		.4byte	.LASF6
 171 005f 02       		.byte	0x2
ARM GAS  /tmp/ccDHw6BA.s 			page 4


 172 0060 37       		.byte	0x37
 173 0061 65000000 		.4byte	0x65
 174 0065 03       		.uleb128 0x3
 175 0066 04       		.byte	0x4
 176 0067 05       		.byte	0x5
 177 0068 47020000 		.4byte	.LASF7
 178 006c 04       		.uleb128 0x4
 179 006d 9A010000 		.4byte	.LASF8
 180 0071 02       		.byte	0x2
 181 0072 38       		.byte	0x38
 182 0073 77000000 		.4byte	0x77
 183 0077 03       		.uleb128 0x3
 184 0078 04       		.byte	0x4
 185 0079 07       		.byte	0x7
 186 007a 43010000 		.4byte	.LASF9
 187 007e 03       		.uleb128 0x3
 188 007f 08       		.byte	0x8
 189 0080 05       		.byte	0x5
 190 0081 0B020000 		.4byte	.LASF10
 191 0085 03       		.uleb128 0x3
 192 0086 08       		.byte	0x8
 193 0087 07       		.byte	0x7
 194 0088 62020000 		.4byte	.LASF11
 195 008c 04       		.uleb128 0x4
 196 008d 35020000 		.4byte	.LASF12
 197 0091 03       		.byte	0x3
 198 0092 36       		.byte	0x36
 199 0093 48000000 		.4byte	0x48
 200 0097 04       		.uleb128 0x4
 201 0098 F4010000 		.4byte	.LASF13
 202 009c 03       		.byte	0x3
 203 009d 41       		.byte	0x41
 204 009e 5A000000 		.4byte	0x5a
 205 00a2 04       		.uleb128 0x4
 206 00a3 3E020000 		.4byte	.LASF14
 207 00a7 03       		.byte	0x3
 208 00a8 42       		.byte	0x42
 209 00a9 6C000000 		.4byte	0x6c
 210 00ad 04       		.uleb128 0x4
 211 00ae 4E000000 		.4byte	.LASF15
 212 00b2 03       		.byte	0x3
 213 00b3 60       		.byte	0x60
 214 00b4 2C000000 		.4byte	0x2c
 215 00b8 03       		.uleb128 0x3
 216 00b9 01       		.byte	0x1
 217 00ba 02       		.byte	0x2
 218 00bb 5C020000 		.4byte	.LASF16
 219 00bf 05       		.uleb128 0x5
 220 00c0 A2000000 		.4byte	0xa2
 221 00c4 03       		.uleb128 0x3
 222 00c5 04       		.byte	0x4
 223 00c6 07       		.byte	0x7
 224 00c7 FC010000 		.4byte	.LASF17
 225 00cb 03       		.uleb128 0x3
 226 00cc 01       		.byte	0x1
 227 00cd 08       		.byte	0x8
 228 00ce DD010000 		.4byte	.LASF18
ARM GAS  /tmp/ccDHw6BA.s 			page 5


 229 00d2 06       		.uleb128 0x6
 230 00d3 04       		.byte	0x4
 231 00d4 04       		.byte	0x4
 232 00d5 96       		.byte	0x96
 233 00d6 F3000000 		.4byte	0xf3
 234 00da 07       		.uleb128 0x7
 235 00db 73657400 		.ascii	"set\000"
 236 00df 04       		.byte	0x4
 237 00e0 97       		.byte	0x97
 238 00e1 8C000000 		.4byte	0x8c
 239 00e5 00       		.byte	0
 240 00e6 08       		.uleb128 0x8
 241 00e7 2D000000 		.4byte	.LASF19
 242 00eb 04       		.byte	0x4
 243 00ec 98       		.byte	0x98
 244 00ed 8C000000 		.4byte	0x8c
 245 00f1 02       		.byte	0x2
 246 00f2 00       		.byte	0
 247 00f3 09       		.uleb128 0x9
 248 00f4 04       		.byte	0x4
 249 00f5 04       		.byte	0x4
 250 00f6 94       		.byte	0x94
 251 00f7 0E010000 		.4byte	0x10e
 252 00fb 0A       		.uleb128 0xa
 253 00fc 5700     		.ascii	"W\000"
 254 00fe 04       		.byte	0x4
 255 00ff 95       		.byte	0x95
 256 0100 A2000000 		.4byte	0xa2
 257 0104 0A       		.uleb128 0xa
 258 0105 4800     		.ascii	"H\000"
 259 0107 04       		.byte	0x4
 260 0108 99       		.byte	0x99
 261 0109 D2000000 		.4byte	0xd2
 262 010d 00       		.byte	0
 263 010e 06       		.uleb128 0x6
 264 010f 28       		.byte	0x28
 265 0110 04       		.byte	0x4
 266 0111 8C       		.byte	0x8c
 267 0112 8F010000 		.4byte	0x18f
 268 0116 08       		.uleb128 0x8
 269 0117 33000000 		.4byte	.LASF20
 270 011b 04       		.byte	0x4
 271 011c 8E       		.byte	0x8e
 272 011d BF000000 		.4byte	0xbf
 273 0121 00       		.byte	0
 274 0122 08       		.uleb128 0x8
 275 0123 20010000 		.4byte	.LASF21
 276 0127 04       		.byte	0x4
 277 0128 8F       		.byte	0x8f
 278 0129 BF000000 		.4byte	0xbf
 279 012d 04       		.byte	0x4
 280 012e 08       		.uleb128 0x8
 281 012f A5010000 		.4byte	.LASF22
 282 0133 04       		.byte	0x4
 283 0134 90       		.byte	0x90
 284 0135 BF000000 		.4byte	0xbf
 285 0139 08       		.byte	0x8
ARM GAS  /tmp/ccDHw6BA.s 			page 6


 286 013a 08       		.uleb128 0x8
 287 013b 05020000 		.4byte	.LASF23
 288 013f 04       		.byte	0x4
 289 0140 91       		.byte	0x91
 290 0141 BF000000 		.4byte	0xbf
 291 0145 0C       		.byte	0xc
 292 0146 07       		.uleb128 0x7
 293 0147 49445200 		.ascii	"IDR\000"
 294 014b 04       		.byte	0x4
 295 014c 92       		.byte	0x92
 296 014d BF000000 		.4byte	0xbf
 297 0151 10       		.byte	0x10
 298 0152 07       		.uleb128 0x7
 299 0153 4F445200 		.ascii	"ODR\000"
 300 0157 04       		.byte	0x4
 301 0158 93       		.byte	0x93
 302 0159 BF000000 		.4byte	0xbf
 303 015d 14       		.byte	0x14
 304 015e 08       		.uleb128 0x8
 305 015f 5B000000 		.4byte	.LASF24
 306 0163 04       		.byte	0x4
 307 0164 9A       		.byte	0x9a
 308 0165 8F010000 		.4byte	0x18f
 309 0169 18       		.byte	0x18
 310 016a 08       		.uleb128 0x8
 311 016b 28000000 		.4byte	.LASF25
 312 016f 04       		.byte	0x4
 313 0170 9B       		.byte	0x9b
 314 0171 BF000000 		.4byte	0xbf
 315 0175 1C       		.byte	0x1c
 316 0176 08       		.uleb128 0x8
 317 0177 68010000 		.4byte	.LASF26
 318 017b 04       		.byte	0x4
 319 017c 9C       		.byte	0x9c
 320 017d BF000000 		.4byte	0xbf
 321 0181 20       		.byte	0x20
 322 0182 08       		.uleb128 0x8
 323 0183 3E010000 		.4byte	.LASF27
 324 0187 04       		.byte	0x4
 325 0188 9D       		.byte	0x9d
 326 0189 BF000000 		.4byte	0xbf
 327 018d 24       		.byte	0x24
 328 018e 00       		.byte	0
 329 018f 05       		.uleb128 0x5
 330 0190 F3000000 		.4byte	0xf3
 331 0194 04       		.uleb128 0x4
 332 0195 D0010000 		.4byte	.LASF28
 333 0199 04       		.byte	0x4
 334 019a 9E       		.byte	0x9e
 335 019b 0E010000 		.4byte	0x10e
 336 019f 04       		.uleb128 0x4
 337 01a0 13010000 		.4byte	.LASF29
 338 01a4 04       		.byte	0x4
 339 01a5 F0       		.byte	0xf0
 340 01a6 A2000000 		.4byte	0xa2
 341 01aa 04       		.uleb128 0x4
 342 01ab 27010000 		.4byte	.LASF30
ARM GAS  /tmp/ccDHw6BA.s 			page 7


 343 01af 04       		.byte	0x4
 344 01b0 F5       		.byte	0xf5
 345 01b1 A2000000 		.4byte	0xa2
 346 01b5 04       		.uleb128 0x4
 347 01b6 2A020000 		.4byte	.LASF31
 348 01ba 04       		.byte	0x4
 349 01bb FD       		.byte	0xfd
 350 01bc C0010000 		.4byte	0x1c0
 351 01c0 0B       		.uleb128 0xb
 352 01c1 04       		.byte	0x4
 353 01c2 94010000 		.4byte	0x194
 354 01c6 06       		.uleb128 0x6
 355 01c7 0C       		.byte	0xc
 356 01c8 05       		.byte	0x5
 357 01c9 85       		.byte	0x85
 358 01ca F3010000 		.4byte	0x1f3
 359 01ce 08       		.uleb128 0x8
 360 01cf 84000000 		.4byte	.LASF32
 361 01d3 05       		.byte	0x5
 362 01d4 89       		.byte	0x89
 363 01d5 B5010000 		.4byte	0x1b5
 364 01d9 00       		.byte	0
 365 01da 08       		.uleb128 0x8
 366 01db 19020000 		.4byte	.LASF33
 367 01df 05       		.byte	0x5
 368 01e0 8F       		.byte	0x8f
 369 01e1 9F010000 		.4byte	0x19f
 370 01e5 04       		.byte	0x4
 371 01e6 08       		.uleb128 0x8
 372 01e7 23020000 		.4byte	.LASF34
 373 01eb 05       		.byte	0x5
 374 01ec 93       		.byte	0x93
 375 01ed AD000000 		.4byte	0xad
 376 01f1 08       		.byte	0x8
 377 01f2 00       		.byte	0
 378 01f3 04       		.uleb128 0x4
 379 01f4 79020000 		.4byte	.LASF35
 380 01f8 05       		.byte	0x5
 381 01f9 94       		.byte	0x94
 382 01fa C6010000 		.4byte	0x1c6
 383 01fe 0C       		.uleb128 0xc
 384 01ff 39000000 		.4byte	.LASF43
 385 0203 01       		.byte	0x1
 386 0204 4D       		.byte	0x4d
 387 0205 9F010000 		.4byte	0x19f
 388 0209 00000000 		.4byte	.LFB63
 389 020d 10000000 		.4byte	.LFE63-.LFB63
 390 0211 01       		.uleb128 0x1
 391 0212 9C       		.byte	0x9c
 392 0213 27020000 		.4byte	0x227
 393 0217 0D       		.uleb128 0xd
 394 0218 62757300 		.ascii	"bus\000"
 395 021c 01       		.byte	0x1
 396 021d 4D       		.byte	0x4d
 397 021e 27020000 		.4byte	0x227
 398 0222 00000000 		.4byte	.LLST0
 399 0226 00       		.byte	0
ARM GAS  /tmp/ccDHw6BA.s 			page 8


 400 0227 0B       		.uleb128 0xb
 401 0228 04       		.byte	0x4
 402 0229 F3010000 		.4byte	0x1f3
 403 022d 0E       		.uleb128 0xe
 404 022e 60000000 		.4byte	.LASF37
 405 0232 01       		.byte	0x1
 406 0233 67       		.byte	0x67
 407 0234 00000000 		.4byte	.LFB64
 408 0238 22000000 		.4byte	.LFE64-.LFB64
 409 023c 01       		.uleb128 0x1
 410 023d 9C       		.byte	0x9c
 411 023e 5F020000 		.4byte	0x25f
 412 0242 0D       		.uleb128 0xd
 413 0243 62757300 		.ascii	"bus\000"
 414 0247 01       		.byte	0x1
 415 0248 67       		.byte	0x67
 416 0249 27020000 		.4byte	0x227
 417 024d 21000000 		.4byte	.LLST1
 418 0251 0F       		.uleb128 0xf
 419 0252 1E020000 		.4byte	.LASF36
 420 0256 01       		.byte	0x1
 421 0257 67       		.byte	0x67
 422 0258 9F010000 		.4byte	0x19f
 423 025c 01       		.uleb128 0x1
 424 025d 51       		.byte	0x51
 425 025e 00       		.byte	0
 426 025f 0E       		.uleb128 0xe
 427 0260 76000000 		.4byte	.LASF38
 428 0264 01       		.byte	0x1
 429 0265 7F       		.byte	0x7f
 430 0266 00000000 		.4byte	.LFB65
 431 026a 16000000 		.4byte	.LFE65-.LFB65
 432 026e 01       		.uleb128 0x1
 433 026f 9C       		.byte	0x9c
 434 0270 A4020000 		.4byte	0x2a4
 435 0274 0D       		.uleb128 0xd
 436 0275 62757300 		.ascii	"bus\000"
 437 0279 01       		.byte	0x1
 438 027a 7F       		.byte	0x7f
 439 027b 27020000 		.4byte	0x227
 440 027f 42000000 		.4byte	.LLST2
 441 0283 10       		.uleb128 0x10
 442 0284 E2010000 		.4byte	.LASF39
 443 0288 01       		.byte	0x1
 444 0289 7F       		.byte	0x7f
 445 028a AA010000 		.4byte	0x1aa
 446 028e 63000000 		.4byte	.LLST3
 447 0292 11       		.uleb128 0x11
 448 0293 16000000 		.4byte	.LVL7
 449 0297 B5020000 		.4byte	0x2b5
 450 029b 12       		.uleb128 0x12
 451 029c 01       		.uleb128 0x1
 452 029d 52       		.byte	0x52
 453 029e 03       		.uleb128 0x3
 454 029f F3       		.byte	0xf3
 455 02a0 01       		.uleb128 0x1
 456 02a1 51       		.byte	0x51
ARM GAS  /tmp/ccDHw6BA.s 			page 9


 457 02a2 00       		.byte	0
 458 02a3 00       		.byte	0
 459 02a4 13       		.uleb128 0x13
 460 02a5 E7010000 		.4byte	.LASF44
 461 02a9 06       		.byte	0x6
 462 02aa 0706     		.2byte	0x607
 463 02ac B0020000 		.4byte	0x2b0
 464 02b0 05       		.uleb128 0x5
 465 02b1 97000000 		.4byte	0x97
 466 02b5 14       		.uleb128 0x14
 467 02b6 AD010000 		.4byte	.LASF45
 468 02ba 04       		.byte	0x4
 469 02bb C201     		.2byte	0x1c2
 470 02bd 15       		.uleb128 0x15
 471 02be B5010000 		.4byte	0x1b5
 472 02c2 15       		.uleb128 0x15
 473 02c3 9F010000 		.4byte	0x19f
 474 02c7 15       		.uleb128 0x15
 475 02c8 AA010000 		.4byte	0x1aa
 476 02cc 00       		.byte	0
 477 02cd 00       		.byte	0
 478              		.section	.debug_abbrev,"",%progbits
 479              	.Ldebug_abbrev0:
 480 0000 01       		.uleb128 0x1
 481 0001 11       		.uleb128 0x11
 482 0002 01       		.byte	0x1
 483 0003 25       		.uleb128 0x25
 484 0004 0E       		.uleb128 0xe
 485 0005 13       		.uleb128 0x13
 486 0006 0B       		.uleb128 0xb
 487 0007 03       		.uleb128 0x3
 488 0008 0E       		.uleb128 0xe
 489 0009 1B       		.uleb128 0x1b
 490 000a 0E       		.uleb128 0xe
 491 000b 55       		.uleb128 0x55
 492 000c 17       		.uleb128 0x17
 493 000d 11       		.uleb128 0x11
 494 000e 01       		.uleb128 0x1
 495 000f 10       		.uleb128 0x10
 496 0010 17       		.uleb128 0x17
 497 0011 00       		.byte	0
 498 0012 00       		.byte	0
 499 0013 02       		.uleb128 0x2
 500 0014 24       		.uleb128 0x24
 501 0015 00       		.byte	0
 502 0016 0B       		.uleb128 0xb
 503 0017 0B       		.uleb128 0xb
 504 0018 3E       		.uleb128 0x3e
 505 0019 0B       		.uleb128 0xb
 506 001a 03       		.uleb128 0x3
 507 001b 08       		.uleb128 0x8
 508 001c 00       		.byte	0
 509 001d 00       		.byte	0
 510 001e 03       		.uleb128 0x3
 511 001f 24       		.uleb128 0x24
 512 0020 00       		.byte	0
 513 0021 0B       		.uleb128 0xb
ARM GAS  /tmp/ccDHw6BA.s 			page 10


 514 0022 0B       		.uleb128 0xb
 515 0023 3E       		.uleb128 0x3e
 516 0024 0B       		.uleb128 0xb
 517 0025 03       		.uleb128 0x3
 518 0026 0E       		.uleb128 0xe
 519 0027 00       		.byte	0
 520 0028 00       		.byte	0
 521 0029 04       		.uleb128 0x4
 522 002a 16       		.uleb128 0x16
 523 002b 00       		.byte	0
 524 002c 03       		.uleb128 0x3
 525 002d 0E       		.uleb128 0xe
 526 002e 3A       		.uleb128 0x3a
 527 002f 0B       		.uleb128 0xb
 528 0030 3B       		.uleb128 0x3b
 529 0031 0B       		.uleb128 0xb
 530 0032 49       		.uleb128 0x49
 531 0033 13       		.uleb128 0x13
 532 0034 00       		.byte	0
 533 0035 00       		.byte	0
 534 0036 05       		.uleb128 0x5
 535 0037 35       		.uleb128 0x35
 536 0038 00       		.byte	0
 537 0039 49       		.uleb128 0x49
 538 003a 13       		.uleb128 0x13
 539 003b 00       		.byte	0
 540 003c 00       		.byte	0
 541 003d 06       		.uleb128 0x6
 542 003e 13       		.uleb128 0x13
 543 003f 01       		.byte	0x1
 544 0040 0B       		.uleb128 0xb
 545 0041 0B       		.uleb128 0xb
 546 0042 3A       		.uleb128 0x3a
 547 0043 0B       		.uleb128 0xb
 548 0044 3B       		.uleb128 0x3b
 549 0045 0B       		.uleb128 0xb
 550 0046 01       		.uleb128 0x1
 551 0047 13       		.uleb128 0x13
 552 0048 00       		.byte	0
 553 0049 00       		.byte	0
 554 004a 07       		.uleb128 0x7
 555 004b 0D       		.uleb128 0xd
 556 004c 00       		.byte	0
 557 004d 03       		.uleb128 0x3
 558 004e 08       		.uleb128 0x8
 559 004f 3A       		.uleb128 0x3a
 560 0050 0B       		.uleb128 0xb
 561 0051 3B       		.uleb128 0x3b
 562 0052 0B       		.uleb128 0xb
 563 0053 49       		.uleb128 0x49
 564 0054 13       		.uleb128 0x13
 565 0055 38       		.uleb128 0x38
 566 0056 0B       		.uleb128 0xb
 567 0057 00       		.byte	0
 568 0058 00       		.byte	0
 569 0059 08       		.uleb128 0x8
 570 005a 0D       		.uleb128 0xd
ARM GAS  /tmp/ccDHw6BA.s 			page 11


 571 005b 00       		.byte	0
 572 005c 03       		.uleb128 0x3
 573 005d 0E       		.uleb128 0xe
 574 005e 3A       		.uleb128 0x3a
 575 005f 0B       		.uleb128 0xb
 576 0060 3B       		.uleb128 0x3b
 577 0061 0B       		.uleb128 0xb
 578 0062 49       		.uleb128 0x49
 579 0063 13       		.uleb128 0x13
 580 0064 38       		.uleb128 0x38
 581 0065 0B       		.uleb128 0xb
 582 0066 00       		.byte	0
 583 0067 00       		.byte	0
 584 0068 09       		.uleb128 0x9
 585 0069 17       		.uleb128 0x17
 586 006a 01       		.byte	0x1
 587 006b 0B       		.uleb128 0xb
 588 006c 0B       		.uleb128 0xb
 589 006d 3A       		.uleb128 0x3a
 590 006e 0B       		.uleb128 0xb
 591 006f 3B       		.uleb128 0x3b
 592 0070 0B       		.uleb128 0xb
 593 0071 01       		.uleb128 0x1
 594 0072 13       		.uleb128 0x13
 595 0073 00       		.byte	0
 596 0074 00       		.byte	0
 597 0075 0A       		.uleb128 0xa
 598 0076 0D       		.uleb128 0xd
 599 0077 00       		.byte	0
 600 0078 03       		.uleb128 0x3
 601 0079 08       		.uleb128 0x8
 602 007a 3A       		.uleb128 0x3a
 603 007b 0B       		.uleb128 0xb
 604 007c 3B       		.uleb128 0x3b
 605 007d 0B       		.uleb128 0xb
 606 007e 49       		.uleb128 0x49
 607 007f 13       		.uleb128 0x13
 608 0080 00       		.byte	0
 609 0081 00       		.byte	0
 610 0082 0B       		.uleb128 0xb
 611 0083 0F       		.uleb128 0xf
 612 0084 00       		.byte	0
 613 0085 0B       		.uleb128 0xb
 614 0086 0B       		.uleb128 0xb
 615 0087 49       		.uleb128 0x49
 616 0088 13       		.uleb128 0x13
 617 0089 00       		.byte	0
 618 008a 00       		.byte	0
 619 008b 0C       		.uleb128 0xc
 620 008c 2E       		.uleb128 0x2e
 621 008d 01       		.byte	0x1
 622 008e 3F       		.uleb128 0x3f
 623 008f 19       		.uleb128 0x19
 624 0090 03       		.uleb128 0x3
 625 0091 0E       		.uleb128 0xe
 626 0092 3A       		.uleb128 0x3a
 627 0093 0B       		.uleb128 0xb
ARM GAS  /tmp/ccDHw6BA.s 			page 12


 628 0094 3B       		.uleb128 0x3b
 629 0095 0B       		.uleb128 0xb
 630 0096 27       		.uleb128 0x27
 631 0097 19       		.uleb128 0x19
 632 0098 49       		.uleb128 0x49
 633 0099 13       		.uleb128 0x13
 634 009a 11       		.uleb128 0x11
 635 009b 01       		.uleb128 0x1
 636 009c 12       		.uleb128 0x12
 637 009d 06       		.uleb128 0x6
 638 009e 40       		.uleb128 0x40
 639 009f 18       		.uleb128 0x18
 640 00a0 9742     		.uleb128 0x2117
 641 00a2 19       		.uleb128 0x19
 642 00a3 01       		.uleb128 0x1
 643 00a4 13       		.uleb128 0x13
 644 00a5 00       		.byte	0
 645 00a6 00       		.byte	0
 646 00a7 0D       		.uleb128 0xd
 647 00a8 05       		.uleb128 0x5
 648 00a9 00       		.byte	0
 649 00aa 03       		.uleb128 0x3
 650 00ab 08       		.uleb128 0x8
 651 00ac 3A       		.uleb128 0x3a
 652 00ad 0B       		.uleb128 0xb
 653 00ae 3B       		.uleb128 0x3b
 654 00af 0B       		.uleb128 0xb
 655 00b0 49       		.uleb128 0x49
 656 00b1 13       		.uleb128 0x13
 657 00b2 02       		.uleb128 0x2
 658 00b3 17       		.uleb128 0x17
 659 00b4 00       		.byte	0
 660 00b5 00       		.byte	0
 661 00b6 0E       		.uleb128 0xe
 662 00b7 2E       		.uleb128 0x2e
 663 00b8 01       		.byte	0x1
 664 00b9 3F       		.uleb128 0x3f
 665 00ba 19       		.uleb128 0x19
 666 00bb 03       		.uleb128 0x3
 667 00bc 0E       		.uleb128 0xe
 668 00bd 3A       		.uleb128 0x3a
 669 00be 0B       		.uleb128 0xb
 670 00bf 3B       		.uleb128 0x3b
 671 00c0 0B       		.uleb128 0xb
 672 00c1 27       		.uleb128 0x27
 673 00c2 19       		.uleb128 0x19
 674 00c3 11       		.uleb128 0x11
 675 00c4 01       		.uleb128 0x1
 676 00c5 12       		.uleb128 0x12
 677 00c6 06       		.uleb128 0x6
 678 00c7 40       		.uleb128 0x40
 679 00c8 18       		.uleb128 0x18
 680 00c9 9742     		.uleb128 0x2117
 681 00cb 19       		.uleb128 0x19
 682 00cc 01       		.uleb128 0x1
 683 00cd 13       		.uleb128 0x13
 684 00ce 00       		.byte	0
ARM GAS  /tmp/ccDHw6BA.s 			page 13


 685 00cf 00       		.byte	0
 686 00d0 0F       		.uleb128 0xf
 687 00d1 05       		.uleb128 0x5
 688 00d2 00       		.byte	0
 689 00d3 03       		.uleb128 0x3
 690 00d4 0E       		.uleb128 0xe
 691 00d5 3A       		.uleb128 0x3a
 692 00d6 0B       		.uleb128 0xb
 693 00d7 3B       		.uleb128 0x3b
 694 00d8 0B       		.uleb128 0xb
 695 00d9 49       		.uleb128 0x49
 696 00da 13       		.uleb128 0x13
 697 00db 02       		.uleb128 0x2
 698 00dc 18       		.uleb128 0x18
 699 00dd 00       		.byte	0
 700 00de 00       		.byte	0
 701 00df 10       		.uleb128 0x10
 702 00e0 05       		.uleb128 0x5
 703 00e1 00       		.byte	0
 704 00e2 03       		.uleb128 0x3
 705 00e3 0E       		.uleb128 0xe
 706 00e4 3A       		.uleb128 0x3a
 707 00e5 0B       		.uleb128 0xb
 708 00e6 3B       		.uleb128 0x3b
 709 00e7 0B       		.uleb128 0xb
 710 00e8 49       		.uleb128 0x49
 711 00e9 13       		.uleb128 0x13
 712 00ea 02       		.uleb128 0x2
 713 00eb 17       		.uleb128 0x17
 714 00ec 00       		.byte	0
 715 00ed 00       		.byte	0
 716 00ee 11       		.uleb128 0x11
 717 00ef 898201   		.uleb128 0x4109
 718 00f2 01       		.byte	0x1
 719 00f3 11       		.uleb128 0x11
 720 00f4 01       		.uleb128 0x1
 721 00f5 9542     		.uleb128 0x2115
 722 00f7 19       		.uleb128 0x19
 723 00f8 31       		.uleb128 0x31
 724 00f9 13       		.uleb128 0x13
 725 00fa 00       		.byte	0
 726 00fb 00       		.byte	0
 727 00fc 12       		.uleb128 0x12
 728 00fd 8A8201   		.uleb128 0x410a
 729 0100 00       		.byte	0
 730 0101 02       		.uleb128 0x2
 731 0102 18       		.uleb128 0x18
 732 0103 9142     		.uleb128 0x2111
 733 0105 18       		.uleb128 0x18
 734 0106 00       		.byte	0
 735 0107 00       		.byte	0
 736 0108 13       		.uleb128 0x13
 737 0109 34       		.uleb128 0x34
 738 010a 00       		.byte	0
 739 010b 03       		.uleb128 0x3
 740 010c 0E       		.uleb128 0xe
 741 010d 3A       		.uleb128 0x3a
ARM GAS  /tmp/ccDHw6BA.s 			page 14


 742 010e 0B       		.uleb128 0xb
 743 010f 3B       		.uleb128 0x3b
 744 0110 05       		.uleb128 0x5
 745 0111 49       		.uleb128 0x49
 746 0112 13       		.uleb128 0x13
 747 0113 3F       		.uleb128 0x3f
 748 0114 19       		.uleb128 0x19
 749 0115 3C       		.uleb128 0x3c
 750 0116 19       		.uleb128 0x19
 751 0117 00       		.byte	0
 752 0118 00       		.byte	0
 753 0119 14       		.uleb128 0x14
 754 011a 2E       		.uleb128 0x2e
 755 011b 01       		.byte	0x1
 756 011c 3F       		.uleb128 0x3f
 757 011d 19       		.uleb128 0x19
 758 011e 03       		.uleb128 0x3
 759 011f 0E       		.uleb128 0xe
 760 0120 3A       		.uleb128 0x3a
 761 0121 0B       		.uleb128 0xb
 762 0122 3B       		.uleb128 0x3b
 763 0123 05       		.uleb128 0x5
 764 0124 27       		.uleb128 0x27
 765 0125 19       		.uleb128 0x19
 766 0126 3C       		.uleb128 0x3c
 767 0127 19       		.uleb128 0x19
 768 0128 00       		.byte	0
 769 0129 00       		.byte	0
 770 012a 15       		.uleb128 0x15
 771 012b 05       		.uleb128 0x5
 772 012c 00       		.byte	0
 773 012d 49       		.uleb128 0x49
 774 012e 13       		.uleb128 0x13
 775 012f 00       		.byte	0
 776 0130 00       		.byte	0
 777 0131 00       		.byte	0
 778              		.section	.debug_loc,"",%progbits
 779              	.Ldebug_loc0:
 780              	.LLST0:
 781 0000 00000000 		.4byte	.LVL0
 782 0004 0C000000 		.4byte	.LVL1
 783 0008 0100     		.2byte	0x1
 784 000a 50       		.byte	0x50
 785 000b 0C000000 		.4byte	.LVL1
 786 000f 10000000 		.4byte	.LFE63
 787 0013 0400     		.2byte	0x4
 788 0015 F3       		.byte	0xf3
 789 0016 01       		.uleb128 0x1
 790 0017 50       		.byte	0x50
 791 0018 9F       		.byte	0x9f
 792 0019 00000000 		.4byte	0
 793 001d 00000000 		.4byte	0
 794              	.LLST1:
 795 0021 00000000 		.4byte	.LVL2
 796 0025 1A000000 		.4byte	.LVL3
 797 0029 0100     		.2byte	0x1
 798 002b 50       		.byte	0x50
ARM GAS  /tmp/ccDHw6BA.s 			page 15


 799 002c 1A000000 		.4byte	.LVL3
 800 0030 22000000 		.4byte	.LFE64
 801 0034 0400     		.2byte	0x4
 802 0036 F3       		.byte	0xf3
 803 0037 01       		.uleb128 0x1
 804 0038 50       		.byte	0x50
 805 0039 9F       		.byte	0x9f
 806 003a 00000000 		.4byte	0
 807 003e 00000000 		.4byte	0
 808              	.LLST2:
 809 0042 00000000 		.4byte	.LVL4
 810 0046 0A000000 		.4byte	.LVL5
 811 004a 0100     		.2byte	0x1
 812 004c 50       		.byte	0x50
 813 004d 0A000000 		.4byte	.LVL5
 814 0051 16000000 		.4byte	.LFE65
 815 0055 0400     		.2byte	0x4
 816 0057 F3       		.byte	0xf3
 817 0058 01       		.uleb128 0x1
 818 0059 50       		.byte	0x50
 819 005a 9F       		.byte	0x9f
 820 005b 00000000 		.4byte	0
 821 005f 00000000 		.4byte	0
 822              	.LLST3:
 823 0063 00000000 		.4byte	.LVL4
 824 0067 0E000000 		.4byte	.LVL6
 825 006b 0100     		.2byte	0x1
 826 006d 51       		.byte	0x51
 827 006e 0E000000 		.4byte	.LVL6
 828 0072 15000000 		.4byte	.LVL7-1
 829 0076 0100     		.2byte	0x1
 830 0078 52       		.byte	0x52
 831 0079 15000000 		.4byte	.LVL7-1
 832 007d 16000000 		.4byte	.LFE65
 833 0081 0400     		.2byte	0x4
 834 0083 F3       		.byte	0xf3
 835 0084 01       		.uleb128 0x1
 836 0085 51       		.byte	0x51
 837 0086 9F       		.byte	0x9f
 838 0087 00000000 		.4byte	0
 839 008b 00000000 		.4byte	0
 840              		.section	.debug_aranges,"",%progbits
 841 0000 2C000000 		.4byte	0x2c
 842 0004 0200     		.2byte	0x2
 843 0006 00000000 		.4byte	.Ldebug_info0
 844 000a 04       		.byte	0x4
 845 000b 00       		.byte	0
 846 000c 0000     		.2byte	0
 847 000e 0000     		.2byte	0
 848 0010 00000000 		.4byte	.LFB63
 849 0014 10000000 		.4byte	.LFE63-.LFB63
 850 0018 00000000 		.4byte	.LFB64
 851 001c 22000000 		.4byte	.LFE64-.LFB64
 852 0020 00000000 		.4byte	.LFB65
 853 0024 16000000 		.4byte	.LFE65-.LFB65
 854 0028 00000000 		.4byte	0
 855 002c 00000000 		.4byte	0
ARM GAS  /tmp/ccDHw6BA.s 			page 16


 856              		.section	.debug_ranges,"",%progbits
 857              	.Ldebug_ranges0:
 858 0000 00000000 		.4byte	.LFB63
 859 0004 10000000 		.4byte	.LFE63
 860 0008 00000000 		.4byte	.LFB64
 861 000c 22000000 		.4byte	.LFE64
 862 0010 00000000 		.4byte	.LFB65
 863 0014 16000000 		.4byte	.LFE65
 864 0018 00000000 		.4byte	0
 865 001c 00000000 		.4byte	0
 866              		.section	.debug_line,"",%progbits
 867              	.Ldebug_line0:
 868 0000 72010000 		.section	.debug_str,"MS",%progbits,1
 868      02003101 
 868      00000201 
 868      FB0E0D00 
 868      01010101 
 869              	.LASF42:
 870 0000 2F686F6D 		.ascii	"/home/caroline/Documents/PAF/elfes/Code\000"
 870      652F6361 
 870      726F6C69 
 870      6E652F44 
 870      6F63756D 
 871              	.LASF25:
 872 0028 4C434B52 		.ascii	"LCKR\000"
 872      00
 873              	.LASF19:
 874 002d 636C6561 		.ascii	"clear\000"
 874      7200
 875              	.LASF20:
 876 0033 4D4F4445 		.ascii	"MODER\000"
 876      5200
 877              	.LASF43:
 878 0039 70616C52 		.ascii	"palReadBus\000"
 878      65616442 
 878      757300
 879              	.LASF6:
 880 0044 5F5F696E 		.ascii	"__int32_t\000"
 880      7433325F 
 880      7400
 881              	.LASF15:
 882 004e 75696E74 		.ascii	"uint_fast8_t\000"
 882      5F666173 
 882      74385F74 
 882      00
 883              	.LASF24:
 884 005b 42535252 		.ascii	"BSRR\000"
 884      00
 885              	.LASF37:
 886 0060 70616C57 		.ascii	"palWriteBus\000"
 886      72697465 
 886      42757300 
 887              	.LASF3:
 888 006c 73686F72 		.ascii	"short int\000"
 888      7420696E 
 888      7400
 889              	.LASF38:
ARM GAS  /tmp/ccDHw6BA.s 			page 17


 890 0076 70616C53 		.ascii	"palSetBusMode\000"
 890      65744275 
 890      734D6F64 
 890      6500
 891              	.LASF32:
 892 0084 706F7274 		.ascii	"portid\000"
 892      696400
 893              	.LASF40:
 894 008b 474E5520 		.ascii	"GNU C 4.8.2 -mcpu=cortex-m3 -mno-thumb-interwork -m"
 894      4320342E 
 894      382E3220 
 894      2D6D6370 
 894      753D636F 
 895 00be 7468756D 		.ascii	"thumb -ggdb -O2 -fomit-frame-pointer -ffunction-sec"
 895      62202D67 
 895      67646220 
 895      2D4F3220 
 895      2D666F6D 
 896 00f1 74696F6E 		.ascii	"tions -fdata-sections -fno-common\000"
 896      73202D66 
 896      64617461 
 896      2D736563 
 896      74696F6E 
 897              	.LASF29:
 898 0113 696F706F 		.ascii	"ioportmask_t\000"
 898      72746D61 
 898      736B5F74 
 898      00
 899              	.LASF21:
 900 0120 4F545950 		.ascii	"OTYPER\000"
 900      455200
 901              	.LASF30:
 902 0127 696F6D6F 		.ascii	"iomode_t\000"
 902      64655F74 
 902      00
 903              	.LASF2:
 904 0130 756E7369 		.ascii	"unsigned char\000"
 904      676E6564 
 904      20636861 
 904      7200
 905              	.LASF27:
 906 013e 41465248 		.ascii	"AFRH\000"
 906      00
 907              	.LASF9:
 908 0143 6C6F6E67 		.ascii	"long unsigned int\000"
 908      20756E73 
 908      69676E65 
 908      6420696E 
 908      7400
 909              	.LASF4:
 910 0155 73686F72 		.ascii	"short unsigned int\000"
 910      7420756E 
 910      7369676E 
 910      65642069 
 910      6E7400
 911              	.LASF26:
 912 0168 4146524C 		.ascii	"AFRL\000"
ARM GAS  /tmp/ccDHw6BA.s 			page 18


 912      00
 913              	.LASF41:
 914 016d 2E2E2F43 		.ascii	"../ChibiOS_2.6.4/os/hal/src/pal.c\000"
 914      68696269 
 914      4F535F32 
 914      2E362E34 
 914      2F6F732F 
 915              	.LASF5:
 916 018f 5F5F7569 		.ascii	"__uint16_t\000"
 916      6E743136 
 916      5F7400
 917              	.LASF8:
 918 019a 5F5F7569 		.ascii	"__uint32_t\000"
 918      6E743332 
 918      5F7400
 919              	.LASF22:
 920 01a5 4F535045 		.ascii	"OSPEEDR\000"
 920      45445200 
 921              	.LASF45:
 922 01ad 5F70616C 		.ascii	"_pal_lld_setgroupmode\000"
 922      5F6C6C64 
 922      5F736574 
 922      67726F75 
 922      706D6F64 
 923              	.LASF0:
 924 01c3 756E7369 		.ascii	"unsigned int\000"
 924      676E6564 
 924      20696E74 
 924      00
 925              	.LASF28:
 926 01d0 4750494F 		.ascii	"GPIO_TypeDef\000"
 926      5F547970 
 926      65446566 
 926      00
 927              	.LASF18:
 928 01dd 63686172 		.ascii	"char\000"
 928      00
 929              	.LASF39:
 930 01e2 6D6F6465 		.ascii	"mode\000"
 930      00
 931              	.LASF44:
 932 01e7 49544D5F 		.ascii	"ITM_RxBuffer\000"
 932      52784275 
 932      66666572 
 932      00
 933              	.LASF13:
 934 01f4 696E7433 		.ascii	"int32_t\000"
 934      325F7400 
 935              	.LASF17:
 936 01fc 73697A65 		.ascii	"sizetype\000"
 936      74797065 
 936      00
 937              	.LASF23:
 938 0205 50555044 		.ascii	"PUPDR\000"
 938      5200
 939              	.LASF10:
 940 020b 6C6F6E67 		.ascii	"long long int\000"
ARM GAS  /tmp/ccDHw6BA.s 			page 19


 940      206C6F6E 
 940      6720696E 
 940      7400
 941              	.LASF33:
 942 0219 6D61736B 		.ascii	"mask\000"
 942      00
 943              	.LASF36:
 944 021e 62697473 		.ascii	"bits\000"
 944      00
 945              	.LASF34:
 946 0223 6F666673 		.ascii	"offset\000"
 946      657400
 947              	.LASF31:
 948 022a 696F706F 		.ascii	"ioportid_t\000"
 948      72746964 
 948      5F7400
 949              	.LASF12:
 950 0235 75696E74 		.ascii	"uint16_t\000"
 950      31365F74 
 950      00
 951              	.LASF14:
 952 023e 75696E74 		.ascii	"uint32_t\000"
 952      33325F74 
 952      00
 953              	.LASF7:
 954 0247 6C6F6E67 		.ascii	"long int\000"
 954      20696E74 
 954      00
 955              	.LASF1:
 956 0250 7369676E 		.ascii	"signed char\000"
 956      65642063 
 956      68617200 
 957              	.LASF16:
 958 025c 5F426F6F 		.ascii	"_Bool\000"
 958      6C00
 959              	.LASF11:
 960 0262 6C6F6E67 		.ascii	"long long unsigned int\000"
 960      206C6F6E 
 960      6720756E 
 960      7369676E 
 960      65642069 
 961              	.LASF35:
 962 0279 494F4275 		.ascii	"IOBus\000"
 962      7300
 963              		.ident	"GCC: (4.8.2-14ubuntu1+6) 4.8.2"
ARM GAS  /tmp/ccDHw6BA.s 			page 20


DEFINED SYMBOLS
                            *ABS*:0000000000000000 pal.c
     /tmp/ccDHw6BA.s:19     .text.palReadBus:0000000000000000 $t
     /tmp/ccDHw6BA.s:24     .text.palReadBus:0000000000000000 palReadBus
     /tmp/ccDHw6BA.s:47     .text.palWriteBus:0000000000000000 $t
     /tmp/ccDHw6BA.s:52     .text.palWriteBus:0000000000000000 palWriteBus
     /tmp/ccDHw6BA.s:85     .text.palSetBusMode:0000000000000000 $t
     /tmp/ccDHw6BA.s:90     .text.palSetBusMode:0000000000000000 palSetBusMode
                     .debug_frame:0000000000000010 $d

UNDEFINED SYMBOLS
_pal_lld_setgroupmode
