ARM GAS  /tmp/ccFCxesp.s 			page 1


   1              		.syntax unified
   2              		.cpu cortex-m3
   3              		.fpu softvfp
   4              		.eabi_attribute 20, 1
   5              		.eabi_attribute 21, 1
   6              		.eabi_attribute 23, 3
   7              		.eabi_attribute 24, 1
   8              		.eabi_attribute 25, 1
   9              		.eabi_attribute 26, 1
  10              		.eabi_attribute 30, 2
  11              		.eabi_attribute 34, 1
  12              		.eabi_attribute 18, 4
  13              		.thumb
  14              		.file	"stm32_dma.c"
  15              		.text
  16              	.Ltext0:
  17              		.cfi_sections	.debug_frame
  18              		.section	.text.Vector6C,"ax",%progbits
  19              		.align	2
  20              		.global	Vector6C
  21              		.thumb
  22              		.thumb_func
  23              		.type	Vector6C, %function
  24              	Vector6C:
  25              	.LFB63:
  26              		.file 1 "../ChibiOS_2.6.4/os/hal/platforms/STM32L1xx/stm32_dma.c"
  27              		.loc 1 114 0
  28              		.cfi_startproc
  29              		@ args = 0, pretend = 0, frame = 0
  30              		@ frame_needed = 0, uses_anonymous_args = 0
  31              		.loc 1 119 0
  32 0000 4FF4C042 		mov	r2, #24576
  33 0004 C4F20202 		movt	r2, 16386
  34              		.loc 1 121 0
  35 0008 40F20003 		movw	r3, #:lower16:.LANCHOR0
  36              		.loc 1 119 0
  37 000c 1168     		ldr	r1, [r2]
  38              		.loc 1 121 0
  39 000e C0F20003 		movt	r3, #:upper16:.LANCHOR0
  40              		.loc 1 114 0
  41 0012 10B5     		push	{r4, lr}
  42              		.cfi_def_cfa_offset 8
  43              		.cfi_offset 4, -8
  44              		.cfi_offset 14, -4
  45              		.loc 1 121 0
  46 0014 1C68     		ldr	r4, [r3]
  47              		.loc 1 119 0
  48 0016 01F00F01 		and	r1, r1, #15
  49              	.LVL0:
  50              		.loc 1 120 0
  51 001a 5160     		str	r1, [r2, #4]
  52              		.loc 1 121 0
  53 001c 0CB1     		cbz	r4, .L2
  54              		.loc 1 122 0
  55 001e 5868     		ldr	r0, [r3, #4]
  56 0020 A047     		blx	r4
  57              	.LVL1:
ARM GAS  /tmp/ccFCxesp.s 			page 2


  58              	.L2:
  59              		.loc 1 125 0
  60 0022 BDE81040 		pop	{r4, lr}
  61              		.loc 1 124 0
  62 0026 FFF7FEBF 		b	_port_irq_epilogue
  63              	.LVL2:
  64              		.cfi_endproc
  65              	.LFE63:
  66              		.size	Vector6C, .-Vector6C
  67 002a 00BF     		.section	.text.Vector70,"ax",%progbits
  68              		.align	2
  69              		.global	Vector70
  70              		.thumb
  71              		.thumb_func
  72              		.type	Vector70, %function
  73              	Vector70:
  74              	.LFB64:
  75              		.loc 1 132 0
  76              		.cfi_startproc
  77              		@ args = 0, pretend = 0, frame = 0
  78              		@ frame_needed = 0, uses_anonymous_args = 0
  79              		.loc 1 137 0
  80 0000 4FF4C042 		mov	r2, #24576
  81 0004 C4F20202 		movt	r2, 16386
  82 0008 1168     		ldr	r1, [r2]
  83              		.loc 1 139 0
  84 000a 40F20003 		movw	r3, #:lower16:.LANCHOR0
  85 000e C0F20003 		movt	r3, #:upper16:.LANCHOR0
  86              		.loc 1 132 0
  87 0012 10B5     		push	{r4, lr}
  88              		.cfi_def_cfa_offset 8
  89              		.cfi_offset 4, -8
  90              		.cfi_offset 14, -4
  91              		.loc 1 137 0
  92 0014 C1F30311 		ubfx	r1, r1, #4, #4
  93              	.LVL3:
  94              		.loc 1 139 0
  95 0018 9C68     		ldr	r4, [r3, #8]
  96              		.loc 1 138 0
  97 001a 0801     		lsls	r0, r1, #4
  98 001c 5060     		str	r0, [r2, #4]
  99              		.loc 1 139 0
 100 001e 0CB1     		cbz	r4, .L8
 101              		.loc 1 140 0
 102 0020 D868     		ldr	r0, [r3, #12]
 103 0022 A047     		blx	r4
 104              	.LVL4:
 105              	.L8:
 106              		.loc 1 143 0
 107 0024 BDE81040 		pop	{r4, lr}
 108              		.loc 1 142 0
 109 0028 FFF7FEBF 		b	_port_irq_epilogue
 110              	.LVL5:
 111              		.cfi_endproc
 112              	.LFE64:
 113              		.size	Vector70, .-Vector70
 114              		.section	.text.Vector74,"ax",%progbits
ARM GAS  /tmp/ccFCxesp.s 			page 3


 115              		.align	2
 116              		.global	Vector74
 117              		.thumb
 118              		.thumb_func
 119              		.type	Vector74, %function
 120              	Vector74:
 121              	.LFB65:
 122              		.loc 1 150 0
 123              		.cfi_startproc
 124              		@ args = 0, pretend = 0, frame = 0
 125              		@ frame_needed = 0, uses_anonymous_args = 0
 126              		.loc 1 155 0
 127 0000 4FF4C042 		mov	r2, #24576
 128 0004 C4F20202 		movt	r2, 16386
 129 0008 1168     		ldr	r1, [r2]
 130              		.loc 1 157 0
 131 000a 40F20003 		movw	r3, #:lower16:.LANCHOR0
 132 000e C0F20003 		movt	r3, #:upper16:.LANCHOR0
 133              		.loc 1 150 0
 134 0012 10B5     		push	{r4, lr}
 135              		.cfi_def_cfa_offset 8
 136              		.cfi_offset 4, -8
 137              		.cfi_offset 14, -4
 138              		.loc 1 155 0
 139 0014 C1F30321 		ubfx	r1, r1, #8, #4
 140              	.LVL6:
 141              		.loc 1 157 0
 142 0018 1C69     		ldr	r4, [r3, #16]
 143              		.loc 1 156 0
 144 001a 0802     		lsls	r0, r1, #8
 145 001c 5060     		str	r0, [r2, #4]
 146              		.loc 1 157 0
 147 001e 0CB1     		cbz	r4, .L13
 148              		.loc 1 158 0
 149 0020 5869     		ldr	r0, [r3, #20]
 150 0022 A047     		blx	r4
 151              	.LVL7:
 152              	.L13:
 153              		.loc 1 161 0
 154 0024 BDE81040 		pop	{r4, lr}
 155              		.loc 1 160 0
 156 0028 FFF7FEBF 		b	_port_irq_epilogue
 157              	.LVL8:
 158              		.cfi_endproc
 159              	.LFE65:
 160              		.size	Vector74, .-Vector74
 161              		.section	.text.Vector78,"ax",%progbits
 162              		.align	2
 163              		.global	Vector78
 164              		.thumb
 165              		.thumb_func
 166              		.type	Vector78, %function
 167              	Vector78:
 168              	.LFB66:
 169              		.loc 1 168 0
 170              		.cfi_startproc
 171              		@ args = 0, pretend = 0, frame = 0
ARM GAS  /tmp/ccFCxesp.s 			page 4


 172              		@ frame_needed = 0, uses_anonymous_args = 0
 173              		.loc 1 173 0
 174 0000 4FF4C042 		mov	r2, #24576
 175 0004 C4F20202 		movt	r2, 16386
 176 0008 1168     		ldr	r1, [r2]
 177              		.loc 1 175 0
 178 000a 40F20003 		movw	r3, #:lower16:.LANCHOR0
 179 000e C0F20003 		movt	r3, #:upper16:.LANCHOR0
 180              		.loc 1 168 0
 181 0012 10B5     		push	{r4, lr}
 182              		.cfi_def_cfa_offset 8
 183              		.cfi_offset 4, -8
 184              		.cfi_offset 14, -4
 185              		.loc 1 173 0
 186 0014 C1F30331 		ubfx	r1, r1, #12, #4
 187              	.LVL9:
 188              		.loc 1 175 0
 189 0018 9C69     		ldr	r4, [r3, #24]
 190              		.loc 1 174 0
 191 001a 0803     		lsls	r0, r1, #12
 192 001c 5060     		str	r0, [r2, #4]
 193              		.loc 1 175 0
 194 001e 0CB1     		cbz	r4, .L18
 195              		.loc 1 176 0
 196 0020 D869     		ldr	r0, [r3, #28]
 197 0022 A047     		blx	r4
 198              	.LVL10:
 199              	.L18:
 200              		.loc 1 179 0
 201 0024 BDE81040 		pop	{r4, lr}
 202              		.loc 1 178 0
 203 0028 FFF7FEBF 		b	_port_irq_epilogue
 204              	.LVL11:
 205              		.cfi_endproc
 206              	.LFE66:
 207              		.size	Vector78, .-Vector78
 208              		.section	.text.Vector7C,"ax",%progbits
 209              		.align	2
 210              		.global	Vector7C
 211              		.thumb
 212              		.thumb_func
 213              		.type	Vector7C, %function
 214              	Vector7C:
 215              	.LFB67:
 216              		.loc 1 186 0
 217              		.cfi_startproc
 218              		@ args = 0, pretend = 0, frame = 0
 219              		@ frame_needed = 0, uses_anonymous_args = 0
 220              		.loc 1 191 0
 221 0000 4FF4C042 		mov	r2, #24576
 222 0004 C4F20202 		movt	r2, 16386
 223 0008 1168     		ldr	r1, [r2]
 224              		.loc 1 193 0
 225 000a 40F20003 		movw	r3, #:lower16:.LANCHOR0
 226 000e C0F20003 		movt	r3, #:upper16:.LANCHOR0
 227              		.loc 1 186 0
 228 0012 10B5     		push	{r4, lr}
ARM GAS  /tmp/ccFCxesp.s 			page 5


 229              		.cfi_def_cfa_offset 8
 230              		.cfi_offset 4, -8
 231              		.cfi_offset 14, -4
 232              		.loc 1 191 0
 233 0014 C1F30341 		ubfx	r1, r1, #16, #4
 234              	.LVL12:
 235              		.loc 1 193 0
 236 0018 1C6A     		ldr	r4, [r3, #32]
 237              		.loc 1 192 0
 238 001a 0804     		lsls	r0, r1, #16
 239 001c 5060     		str	r0, [r2, #4]
 240              		.loc 1 193 0
 241 001e 0CB1     		cbz	r4, .L23
 242              		.loc 1 194 0
 243 0020 586A     		ldr	r0, [r3, #36]
 244 0022 A047     		blx	r4
 245              	.LVL13:
 246              	.L23:
 247              		.loc 1 197 0
 248 0024 BDE81040 		pop	{r4, lr}
 249              		.loc 1 196 0
 250 0028 FFF7FEBF 		b	_port_irq_epilogue
 251              	.LVL14:
 252              		.cfi_endproc
 253              	.LFE67:
 254              		.size	Vector7C, .-Vector7C
 255              		.section	.text.Vector80,"ax",%progbits
 256              		.align	2
 257              		.global	Vector80
 258              		.thumb
 259              		.thumb_func
 260              		.type	Vector80, %function
 261              	Vector80:
 262              	.LFB68:
 263              		.loc 1 204 0
 264              		.cfi_startproc
 265              		@ args = 0, pretend = 0, frame = 0
 266              		@ frame_needed = 0, uses_anonymous_args = 0
 267              		.loc 1 209 0
 268 0000 4FF4C042 		mov	r2, #24576
 269 0004 C4F20202 		movt	r2, 16386
 270 0008 1168     		ldr	r1, [r2]
 271              		.loc 1 211 0
 272 000a 40F20003 		movw	r3, #:lower16:.LANCHOR0
 273 000e C0F20003 		movt	r3, #:upper16:.LANCHOR0
 274              		.loc 1 204 0
 275 0012 10B5     		push	{r4, lr}
 276              		.cfi_def_cfa_offset 8
 277              		.cfi_offset 4, -8
 278              		.cfi_offset 14, -4
 279              		.loc 1 209 0
 280 0014 C1F30351 		ubfx	r1, r1, #20, #4
 281              	.LVL15:
 282              		.loc 1 211 0
 283 0018 9C6A     		ldr	r4, [r3, #40]
 284              		.loc 1 210 0
 285 001a 0805     		lsls	r0, r1, #20
ARM GAS  /tmp/ccFCxesp.s 			page 6


 286 001c 5060     		str	r0, [r2, #4]
 287              		.loc 1 211 0
 288 001e 0CB1     		cbz	r4, .L28
 289              		.loc 1 212 0
 290 0020 D86A     		ldr	r0, [r3, #44]
 291 0022 A047     		blx	r4
 292              	.LVL16:
 293              	.L28:
 294              		.loc 1 215 0
 295 0024 BDE81040 		pop	{r4, lr}
 296              		.loc 1 214 0
 297 0028 FFF7FEBF 		b	_port_irq_epilogue
 298              	.LVL17:
 299              		.cfi_endproc
 300              	.LFE68:
 301              		.size	Vector80, .-Vector80
 302              		.section	.text.Vector84,"ax",%progbits
 303              		.align	2
 304              		.global	Vector84
 305              		.thumb
 306              		.thumb_func
 307              		.type	Vector84, %function
 308              	Vector84:
 309              	.LFB69:
 310              		.loc 1 222 0
 311              		.cfi_startproc
 312              		@ args = 0, pretend = 0, frame = 0
 313              		@ frame_needed = 0, uses_anonymous_args = 0
 314              		.loc 1 227 0
 315 0000 4FF4C042 		mov	r2, #24576
 316 0004 C4F20202 		movt	r2, 16386
 317 0008 1168     		ldr	r1, [r2]
 318              		.loc 1 229 0
 319 000a 40F20003 		movw	r3, #:lower16:.LANCHOR0
 320 000e C0F20003 		movt	r3, #:upper16:.LANCHOR0
 321              		.loc 1 222 0
 322 0012 10B5     		push	{r4, lr}
 323              		.cfi_def_cfa_offset 8
 324              		.cfi_offset 4, -8
 325              		.cfi_offset 14, -4
 326              		.loc 1 227 0
 327 0014 C1F30361 		ubfx	r1, r1, #24, #4
 328              	.LVL18:
 329              		.loc 1 229 0
 330 0018 1C6B     		ldr	r4, [r3, #48]
 331              		.loc 1 228 0
 332 001a 0806     		lsls	r0, r1, #24
 333 001c 5060     		str	r0, [r2, #4]
 334              		.loc 1 229 0
 335 001e 0CB1     		cbz	r4, .L33
 336              		.loc 1 230 0
 337 0020 586B     		ldr	r0, [r3, #52]
 338 0022 A047     		blx	r4
 339              	.LVL19:
 340              	.L33:
 341              		.loc 1 233 0
 342 0024 BDE81040 		pop	{r4, lr}
ARM GAS  /tmp/ccFCxesp.s 			page 7


 343              		.loc 1 232 0
 344 0028 FFF7FEBF 		b	_port_irq_epilogue
 345              	.LVL20:
 346              		.cfi_endproc
 347              	.LFE69:
 348              		.size	Vector84, .-Vector84
 349              		.section	.text.dmaInit,"ax",%progbits
 350              		.align	2
 351              		.global	dmaInit
 352              		.thumb
 353              		.thumb_func
 354              		.type	dmaInit, %function
 355              	dmaInit:
 356              	.LFB70:
 357              		.loc 1 244 0
 358              		.cfi_startproc
 359              		@ args = 0, pretend = 0, frame = 0
 360              		@ frame_needed = 0, uses_anonymous_args = 0
 361              		@ link register save eliminated.
 362              		.loc 1 247 0
 363 0000 40F20003 		movw	r3, #:lower16:.LANCHOR1
 364              		.loc 1 244 0
 365 0004 30B4     		push	{r4, r5}
 366              		.cfi_def_cfa_offset 8
 367              		.cfi_offset 4, -8
 368              		.cfi_offset 5, -4
 369              		.loc 1 247 0
 370 0006 0021     		movs	r1, #0
 371 0008 C0F20003 		movt	r3, #:upper16:.LANCHOR1
 372 000c 40F20005 		movw	r5, #:lower16:.LANCHOR2
 373 0010 40F20004 		movw	r4, #:lower16:.LANCHOR0
 374 0014 1960     		str	r1, [r3]
 375              	.LVL21:
 376 0016 0A46     		mov	r2, r1
 377 0018 0B46     		mov	r3, r1
 378 001a C0F20005 		movt	r5, #:upper16:.LANCHOR2
 379 001e C0F20004 		movt	r4, #:upper16:.LANCHOR0
 380              	.LVL22:
 381              	.L39:
 382              		.loc 1 249 0 discriminator 2
 383 0022 E858     		ldr	r0, [r5, r3]
 384 0024 0C33     		adds	r3, r3, #12
 385              		.loc 1 248 0 discriminator 2
 386 0026 542B     		cmp	r3, #84
 387              		.loc 1 249 0 discriminator 2
 388 0028 0160     		str	r1, [r0]
 389              		.loc 1 250 0 discriminator 2
 390 002a A150     		str	r1, [r4, r2]
 391 002c 02F10802 		add	r2, r2, #8
 392              		.loc 1 248 0 discriminator 2
 393 0030 F7D1     		bne	.L39
 394              		.loc 1 253 0
 395 0032 30BC     		pop	{r4, r5}
 396              		.loc 1 252 0
 397 0034 4FF4C043 		mov	r3, #24576
 398 0038 C4F20203 		movt	r3, 16386
 399 003c 4FF0FF32 		mov	r2, #-1
ARM GAS  /tmp/ccFCxesp.s 			page 8


 400 0040 5A60     		str	r2, [r3, #4]
 401              		.loc 1 253 0
 402 0042 7047     		bx	lr
 403              		.cfi_endproc
 404              	.LFE70:
 405              		.size	dmaInit, .-dmaInit
 406              		.section	.text.dmaStreamAllocate,"ax",%progbits
 407              		.align	2
 408              		.global	dmaStreamAllocate
 409              		.thumb
 410              		.thumb_func
 411              		.type	dmaStreamAllocate, %function
 412              	dmaStreamAllocate:
 413              	.LFB71:
 414              		.loc 1 282 0
 415              		.cfi_startproc
 416              		@ args = 0, pretend = 0, frame = 0
 417              		@ frame_needed = 0, uses_anonymous_args = 0
 418              	.LVL23:
 419 0000 F8B5     		push	{r3, r4, r5, r6, r7, lr}
 420              		.cfi_def_cfa_offset 24
 421              		.cfi_offset 3, -24
 422              		.cfi_offset 4, -20
 423              		.cfi_offset 5, -16
 424              		.cfi_offset 6, -12
 425              		.cfi_offset 7, -8
 426              		.cfi_offset 14, -4
 427              		.loc 1 287 0
 428 0002 457A     		ldrb	r5, [r0, #9]	@ zero_extendqisi2
 429 0004 0126     		movs	r6, #1
 430 0006 06FA05FC 		lsl	ip, r6, r5
 431 000a 40F20004 		movw	r4, #:lower16:.LANCHOR1
 432 000e C0F20004 		movt	r4, #:upper16:.LANCHOR1
 433 0012 2768     		ldr	r7, [r4]
 434 0014 1CEA070F 		tst	ip, r7
 435 0018 2DD1     		bne	.L44
 436              		.loc 1 291 0
 437 001a 40F20006 		movw	r6, #:lower16:.LANCHOR0
 438 001e C0F20006 		movt	r6, #:upper16:.LANCHOR0
 439              		.loc 1 293 0
 440 0022 4CEA0707 		orr	r7, ip, r7
 441              		.loc 1 292 0
 442 0026 06EBC50C 		add	ip, r6, r5, lsl #3
 443              		.loc 1 291 0
 444 002a 46F83520 		str	r2, [r6, r5, lsl #3]
 445              		.loc 1 292 0
 446 002e CCF80430 		str	r3, [ip, #4]
 447              		.loc 1 296 0
 448 0032 7B06     		lsls	r3, r7, #25
 449              	.LVL24:
 450              		.loc 1 297 0
 451 0034 18BF     		it	ne
 452 0036 4FF46053 		movne	r3, #14336
 453              		.loc 1 293 0
 454 003a 2760     		str	r7, [r4]
 455              		.loc 1 297 0
 456 003c 1CBF     		itt	ne
ARM GAS  /tmp/ccFCxesp.s 			page 9


 457 003e C4F20203 		movtne	r3, 16386
 458 0042 DC69     		ldrne	r4, [r3, #28]
 459              		.loc 1 300 0
 460 0044 4FF00F07 		mov	r7, #15
 461              		.loc 1 297 0
 462 0048 1CBF     		itt	ne
 463 004a 44F08074 		orrne	r4, r4, #16777216
 464 004e DC61     		strne	r4, [r3, #28]
 465              		.loc 1 300 0
 466 0050 0368     		ldr	r3, [r0]
 467 0052 4468     		ldr	r4, [r0, #4]
 468 0054 1D68     		ldr	r5, [r3]
 469              		.loc 1 301 0
 470 0056 0026     		movs	r6, #0
 471              		.loc 1 300 0
 472 0058 25F00F05 		bic	r5, r5, #15
 473 005c 1D60     		str	r5, [r3]
 474 005e 057A     		ldrb	r5, [r0, #8]	@ zero_extendqisi2
 475 0060 07FA05F5 		lsl	r5, r7, r5
 476 0064 2560     		str	r5, [r4]
 477              		.loc 1 301 0
 478 0066 1E60     		str	r6, [r3]
 479              		.loc 1 304 0
 480 0068 3AB1     		cbz	r2, .L45
 481              		.loc 1 305 0
 482 006a 807A     		ldrb	r0, [r0, #10]	@ zero_extendqisi2
 483              	.LVL25:
 484 006c 0901     		lsls	r1, r1, #4
 485              	.LVL26:
 486 006e FFF7FEFF 		bl	nvicEnableVector
 487              	.LVL27:
 488              		.loc 1 307 0
 489 0072 3046     		mov	r0, r6
 490 0074 F8BD     		pop	{r3, r4, r5, r6, r7, pc}
 491              	.LVL28:
 492              	.L44:
 493              		.loc 1 288 0
 494 0076 3046     		mov	r0, r6
 495              	.LVL29:
 496 0078 F8BD     		pop	{r3, r4, r5, r6, r7, pc}
 497              	.LVL30:
 498              	.L45:
 499              		.loc 1 307 0
 500 007a 1046     		mov	r0, r2
 501              	.LVL31:
 502              		.loc 1 308 0
 503 007c F8BD     		pop	{r3, r4, r5, r6, r7, pc}
 504              		.cfi_endproc
 505              	.LFE71:
 506              		.size	dmaStreamAllocate, .-dmaStreamAllocate
 507 007e 00BF     		.section	.text.dmaStreamRelease,"ax",%progbits
 508              		.align	2
 509              		.global	dmaStreamRelease
 510              		.thumb
 511              		.thumb_func
 512              		.type	dmaStreamRelease, %function
 513              	dmaStreamRelease:
ARM GAS  /tmp/ccFCxesp.s 			page 10


 514              	.LFB72:
 515              		.loc 1 323 0
 516              		.cfi_startproc
 517              		@ args = 0, pretend = 0, frame = 0
 518              		@ frame_needed = 0, uses_anonymous_args = 0
 519              	.LVL32:
 520 0000 10B5     		push	{r4, lr}
 521              		.cfi_def_cfa_offset 8
 522              		.cfi_offset 4, -8
 523              		.cfi_offset 14, -4
 524              		.loc 1 323 0
 525 0002 0446     		mov	r4, r0
 526              		.loc 1 332 0
 527 0004 807A     		ldrb	r0, [r0, #10]	@ zero_extendqisi2
 528              	.LVL33:
 529 0006 FFF7FEFF 		bl	nvicDisableVector
 530              	.LVL34:
 531              		.loc 1 335 0
 532 000a 637A     		ldrb	r3, [r4, #9]	@ zero_extendqisi2
 533 000c 0122     		movs	r2, #1
 534 000e 9A40     		lsls	r2, r2, r3
 535 0010 40F20003 		movw	r3, #:lower16:.LANCHOR1
 536 0014 C0F20003 		movt	r3, #:upper16:.LANCHOR1
 537 0018 1968     		ldr	r1, [r3]
 538 001a 21EA0202 		bic	r2, r1, r2
 539 001e 1A60     		str	r2, [r3]
 540              		.loc 1 338 0
 541 0020 5206     		lsls	r2, r2, #25
 542              		.loc 1 339 0
 543 0022 01BF     		itttt	eq
 544 0024 4FF46053 		moveq	r3, #14336
 545 0028 C4F20203 		movteq	r3, 16386
 546 002c DA69     		ldreq	r2, [r3, #28]
 547 002e 22F08072 		biceq	r2, r2, #16777216
 548 0032 08BF     		it	eq
 549 0034 DA61     		streq	r2, [r3, #28]
 550 0036 10BD     		pop	{r4, pc}
 551              		.cfi_endproc
 552              	.LFE72:
 553              		.size	dmaStreamRelease, .-dmaStreamRelease
 554              		.global	_stm32_dma_streams
 555              		.section	.bss.dma_isr_redir,"aw",%nobits
 556              		.align	2
 557              		.set	.LANCHOR0,. + 0
 558              		.type	dma_isr_redir, %object
 559              		.size	dma_isr_redir, 56
 560              	dma_isr_redir:
 561 0000 00000000 		.space	56
 561      00000000 
 561      00000000 
 561      00000000 
 561      00000000 
 562              		.section	.rodata._stm32_dma_streams,"a",%progbits
 563              		.align	2
 564              		.set	.LANCHOR2,. + 0
 565              		.type	_stm32_dma_streams, %object
 566              		.size	_stm32_dma_streams, 84
ARM GAS  /tmp/ccFCxesp.s 			page 11


 567              	_stm32_dma_streams:
 568 0000 08600240 		.word	1073897480
 569 0004 04600240 		.word	1073897476
 570 0008 00       		.byte	0
 571 0009 00       		.byte	0
 572 000a 0B       		.byte	11
 573 000b 00       		.space	1
 574 000c 1C600240 		.word	1073897500
 575 0010 04600240 		.word	1073897476
 576 0014 04       		.byte	4
 577 0015 01       		.byte	1
 578 0016 0C       		.byte	12
 579 0017 00       		.space	1
 580 0018 30600240 		.word	1073897520
 581 001c 04600240 		.word	1073897476
 582 0020 08       		.byte	8
 583 0021 02       		.byte	2
 584 0022 0D       		.byte	13
 585 0023 00       		.space	1
 586 0024 44600240 		.word	1073897540
 587 0028 04600240 		.word	1073897476
 588 002c 0C       		.byte	12
 589 002d 03       		.byte	3
 590 002e 0E       		.byte	14
 591 002f 00       		.space	1
 592 0030 58600240 		.word	1073897560
 593 0034 04600240 		.word	1073897476
 594 0038 10       		.byte	16
 595 0039 04       		.byte	4
 596 003a 0F       		.byte	15
 597 003b 00       		.space	1
 598 003c 6C600240 		.word	1073897580
 599 0040 04600240 		.word	1073897476
 600 0044 14       		.byte	20
 601 0045 05       		.byte	5
 602 0046 10       		.byte	16
 603 0047 00       		.space	1
 604 0048 80600240 		.word	1073897600
 605 004c 04600240 		.word	1073897476
 606 0050 18       		.byte	24
 607 0051 06       		.byte	6
 608 0052 11       		.byte	17
 609 0053 00       		.space	1
 610              		.section	.bss.dma_streams_mask,"aw",%nobits
 611              		.align	2
 612              		.set	.LANCHOR1,. + 0
 613              		.type	dma_streams_mask, %object
 614              		.size	dma_streams_mask, 4
 615              	dma_streams_mask:
 616 0000 00000000 		.space	4
 617              		.text
 618              	.Letext0:
 619              		.file 2 "/usr/include/newlib/machine/_default_types.h"
 620              		.file 3 "/usr/include/newlib/stdint.h"
 621              		.file 4 "../ChibiOS_2.6.4/os/ports/GCC/ARMCMx/chtypes.h"
 622              		.file 5 "../ChibiOS_2.6.4/os/hal/platforms/STM32L1xx/stm32l1xx.h"
 623              		.file 6 "../ChibiOS_2.6.4/os/hal/platforms/STM32L1xx/stm32_dma.h"
ARM GAS  /tmp/ccFCxesp.s 			page 12


 624              		.file 7 "../ChibiOS_2.6.4/os/ports/common/ARMCMx/CMSIS/include/core_cm3.h"
 625              		.file 8 "../ChibiOS_2.6.4/os/ports/GCC/ARMCMx/chcore_v7m.h"
 626              		.file 9 "../ChibiOS_2.6.4/os/ports/common/ARMCMx/nvic.h"
 627              		.section	.debug_info,"",%progbits
 628              	.Ldebug_info0:
 629 0000 FC060000 		.4byte	0x6fc
 630 0004 0400     		.2byte	0x4
 631 0006 00000000 		.4byte	.Ldebug_abbrev0
 632 000a 04       		.byte	0x4
 633 000b 01       		.uleb128 0x1
 634 000c 3F020000 		.4byte	.LASF120
 635 0010 01       		.byte	0x1
 636 0011 EB030000 		.4byte	.LASF121
 637 0015 1F030000 		.4byte	.LASF122
 638 0019 00000000 		.4byte	.Ldebug_ranges0+0
 639 001d 00000000 		.4byte	0
 640 0021 00000000 		.4byte	.Ldebug_line0
 641 0025 02       		.uleb128 0x2
 642 0026 04       		.byte	0x4
 643 0027 05       		.byte	0x5
 644 0028 696E7400 		.ascii	"int\000"
 645 002c 03       		.uleb128 0x3
 646 002d 04       		.byte	0x4
 647 002e 07       		.byte	0x7
 648 002f 15050000 		.4byte	.LASF0
 649 0033 03       		.uleb128 0x3
 650 0034 01       		.byte	0x1
 651 0035 06       		.byte	0x6
 652 0036 E8000000 		.4byte	.LASF1
 653 003a 04       		.uleb128 0x4
 654 003b 47000000 		.4byte	.LASF4
 655 003f 02       		.byte	0x2
 656 0040 1C       		.byte	0x1c
 657 0041 45000000 		.4byte	0x45
 658 0045 03       		.uleb128 0x3
 659 0046 01       		.byte	0x1
 660 0047 08       		.byte	0x8
 661 0048 3A040000 		.4byte	.LASF2
 662 004c 03       		.uleb128 0x3
 663 004d 02       		.byte	0x2
 664 004e 05       		.byte	0x5
 665 004f 6A040000 		.4byte	.LASF3
 666 0053 04       		.uleb128 0x4
 667 0054 22050000 		.4byte	.LASF5
 668 0058 02       		.byte	0x2
 669 0059 26       		.byte	0x26
 670 005a 5E000000 		.4byte	0x5e
 671 005e 03       		.uleb128 0x3
 672 005f 02       		.byte	0x2
 673 0060 07       		.byte	0x7
 674 0061 1D020000 		.4byte	.LASF6
 675 0065 04       		.uleb128 0x4
 676 0066 4B050000 		.4byte	.LASF7
 677 006a 02       		.byte	0x2
 678 006b 37       		.byte	0x37
 679 006c 70000000 		.4byte	0x70
 680 0070 03       		.uleb128 0x3
ARM GAS  /tmp/ccFCxesp.s 			page 13


 681 0071 04       		.byte	0x4
 682 0072 05       		.byte	0x5
 683 0073 02010000 		.4byte	.LASF8
 684 0077 04       		.uleb128 0x4
 685 0078 72010000 		.4byte	.LASF9
 686 007c 02       		.byte	0x2
 687 007d 38       		.byte	0x38
 688 007e 82000000 		.4byte	0x82
 689 0082 03       		.uleb128 0x3
 690 0083 04       		.byte	0x4
 691 0084 07       		.byte	0x7
 692 0085 D1010000 		.4byte	.LASF10
 693 0089 03       		.uleb128 0x3
 694 008a 08       		.byte	0x8
 695 008b 05       		.byte	0x5
 696 008c DA000000 		.4byte	.LASF11
 697 0090 03       		.uleb128 0x3
 698 0091 08       		.byte	0x8
 699 0092 07       		.byte	0x7
 700 0093 5A000000 		.4byte	.LASF12
 701 0097 04       		.uleb128 0x4
 702 0098 FA050000 		.4byte	.LASF13
 703 009c 03       		.byte	0x3
 704 009d 2A       		.byte	0x2a
 705 009e 3A000000 		.4byte	0x3a
 706 00a2 04       		.uleb128 0x4
 707 00a3 2C010000 		.4byte	.LASF14
 708 00a7 03       		.byte	0x3
 709 00a8 36       		.byte	0x36
 710 00a9 53000000 		.4byte	0x53
 711 00ad 04       		.uleb128 0x4
 712 00ae 32040000 		.4byte	.LASF15
 713 00b2 03       		.byte	0x3
 714 00b3 41       		.byte	0x41
 715 00b4 65000000 		.4byte	0x65
 716 00b8 04       		.uleb128 0x4
 717 00b9 35010000 		.4byte	.LASF16
 718 00bd 03       		.byte	0x3
 719 00be 42       		.byte	0x42
 720 00bf 77000000 		.4byte	0x77
 721 00c3 04       		.uleb128 0x4
 722 00c4 F4000000 		.4byte	.LASF17
 723 00c8 04       		.byte	0x4
 724 00c9 2B       		.byte	0x2b
 725 00ca CE000000 		.4byte	0xce
 726 00ce 03       		.uleb128 0x3
 727 00cf 01       		.byte	0x1
 728 00d0 02       		.byte	0x2
 729 00d1 2C040000 		.4byte	.LASF18
 730 00d5 05       		.uleb128 0x5
 731 00d6 04       		.byte	0x4
 732 00d7 06       		.uleb128 0x6
 733 00d8 B8000000 		.4byte	0xb8
 734 00dc 03       		.uleb128 0x3
 735 00dd 04       		.byte	0x4
 736 00de 07       		.byte	0x7
 737 00df 47030000 		.4byte	.LASF19
ARM GAS  /tmp/ccFCxesp.s 			page 14


 738 00e3 03       		.uleb128 0x3
 739 00e4 01       		.byte	0x1
 740 00e5 08       		.byte	0x8
 741 00e6 F6040000 		.4byte	.LASF20
 742 00ea 07       		.uleb128 0x7
 743 00eb 07030000 		.4byte	.LASF123
 744 00ef 01       		.byte	0x1
 745 00f0 05       		.byte	0x5
 746 00f1 AB       		.byte	0xab
 747 00f2 35020000 		.4byte	0x235
 748 00f6 08       		.uleb128 0x8
 749 00f7 37050000 		.4byte	.LASF21
 750 00fb 72       		.sleb128 -14
 751 00fc 08       		.uleb128 0x8
 752 00fd B6030000 		.4byte	.LASF22
 753 0101 74       		.sleb128 -12
 754 0102 08       		.uleb128 0x8
 755 0103 7D010000 		.4byte	.LASF23
 756 0107 75       		.sleb128 -11
 757 0108 08       		.uleb128 0x8
 758 0109 C8040000 		.4byte	.LASF24
 759 010d 76       		.sleb128 -10
 760 010e 08       		.uleb128 0x8
 761 010f 8A060000 		.4byte	.LASF25
 762 0113 7B       		.sleb128 -5
 763 0114 08       		.uleb128 0x8
 764 0115 8E050000 		.4byte	.LASF26
 765 0119 7C       		.sleb128 -4
 766 011a 08       		.uleb128 0x8
 767 011b 53010000 		.4byte	.LASF27
 768 011f 7E       		.sleb128 -2
 769 0120 08       		.uleb128 0x8
 770 0121 F0020000 		.4byte	.LASF28
 771 0125 7F       		.sleb128 -1
 772 0126 08       		.uleb128 0x8
 773 0127 BF000000 		.4byte	.LASF29
 774 012b 00       		.sleb128 0
 775 012c 08       		.uleb128 0x8
 776 012d 1A000000 		.4byte	.LASF30
 777 0131 01       		.sleb128 1
 778 0132 08       		.uleb128 0x8
 779 0133 4C060000 		.4byte	.LASF31
 780 0137 02       		.sleb128 2
 781 0138 08       		.uleb128 0x8
 782 0139 B1000000 		.4byte	.LASF32
 783 013d 03       		.sleb128 3
 784 013e 08       		.uleb128 0x8
 785 013f 9A040000 		.4byte	.LASF33
 786 0143 04       		.sleb128 4
 787 0144 08       		.uleb128 0x8
 788 0145 70060000 		.4byte	.LASF34
 789 0149 05       		.sleb128 5
 790 014a 08       		.uleb128 0x8
 791 014b D1050000 		.4byte	.LASF35
 792 014f 06       		.sleb128 6
 793 0150 08       		.uleb128 0x8
 794 0151 1C060000 		.4byte	.LASF36
ARM GAS  /tmp/ccFCxesp.s 			page 15


 795 0155 07       		.sleb128 7
 796 0156 08       		.uleb128 0x8
 797 0157 7F040000 		.4byte	.LASF37
 798 015b 08       		.sleb128 8
 799 015c 08       		.uleb128 0x8
 800 015d 63030000 		.4byte	.LASF38
 801 0161 09       		.sleb128 9
 802 0162 08       		.uleb128 0x8
 803 0163 5F040000 		.4byte	.LASF39
 804 0167 0A       		.sleb128 10
 805 0168 08       		.uleb128 0x8
 806 0169 A3030000 		.4byte	.LASF40
 807 016d 0B       		.sleb128 11
 808 016e 08       		.uleb128 0x8
 809 016f 0C030000 		.4byte	.LASF41
 810 0173 0C       		.sleb128 12
 811 0174 08       		.uleb128 0x8
 812 0175 19010000 		.4byte	.LASF42
 813 0179 0D       		.sleb128 13
 814 017a 08       		.uleb128 0x8
 815 017b 5F010000 		.4byte	.LASF43
 816 017f 0E       		.sleb128 14
 817 0180 08       		.uleb128 0x8
 818 0181 0A020000 		.4byte	.LASF44
 819 0185 0F       		.sleb128 15
 820 0186 08       		.uleb128 0x8
 821 0187 55050000 		.4byte	.LASF45
 822 018b 10       		.sleb128 16
 823 018c 08       		.uleb128 0x8
 824 018d 27060000 		.4byte	.LASF46
 825 0191 11       		.sleb128 17
 826 0192 08       		.uleb128 0x8
 827 0193 FD020000 		.4byte	.LASF47
 828 0197 12       		.sleb128 18
 829 0198 08       		.uleb128 0x8
 830 0199 E4020000 		.4byte	.LASF48
 831 019d 13       		.sleb128 19
 832 019e 08       		.uleb128 0x8
 833 019f 71050000 		.4byte	.LASF49
 834 01a3 14       		.sleb128 20
 835 01a4 08       		.uleb128 0x8
 836 01a5 68050000 		.4byte	.LASF50
 837 01a9 15       		.sleb128 21
 838 01aa 08       		.uleb128 0x8
 839 01ab 30000000 		.4byte	.LASF51
 840 01af 16       		.sleb128 22
 841 01b0 08       		.uleb128 0x8
 842 01b1 23000000 		.4byte	.LASF52
 843 01b5 17       		.sleb128 23
 844 01b6 08       		.uleb128 0x8
 845 01b7 A0050000 		.4byte	.LASF53
 846 01bb 18       		.sleb128 24
 847 01bc 08       		.uleb128 0x8
 848 01bd A1010000 		.4byte	.LASF54
 849 01c1 19       		.sleb128 25
 850 01c2 08       		.uleb128 0x8
 851 01c3 3E010000 		.4byte	.LASF55
ARM GAS  /tmp/ccFCxesp.s 			page 16


 852 01c7 1A       		.sleb128 26
 853 01c8 08       		.uleb128 0x8
 854 01c9 74040000 		.4byte	.LASF56
 855 01cd 1B       		.sleb128 27
 856 01ce 08       		.uleb128 0x8
 857 01cf C7050000 		.4byte	.LASF57
 858 01d3 1C       		.sleb128 28
 859 01d4 08       		.uleb128 0x8
 860 01d5 79060000 		.4byte	.LASF58
 861 01d9 1D       		.sleb128 29
 862 01da 08       		.uleb128 0x8
 863 01db A7000000 		.4byte	.LASF59
 864 01df 1E       		.sleb128 30
 865 01e0 08       		.uleb128 0x8
 866 01e1 3A000000 		.4byte	.LASF60
 867 01e5 1F       		.sleb128 31
 868 01e6 08       		.uleb128 0x8
 869 01e7 3F060000 		.4byte	.LASF61
 870 01eb 20       		.sleb128 32
 871 01ec 08       		.uleb128 0x8
 872 01ed 50030000 		.4byte	.LASF62
 873 01f1 21       		.sleb128 33
 874 01f2 08       		.uleb128 0x8
 875 01f3 9A000000 		.4byte	.LASF63
 876 01f7 22       		.sleb128 34
 877 01f8 08       		.uleb128 0x8
 878 01f9 C7020000 		.4byte	.LASF64
 879 01fd 23       		.sleb128 35
 880 01fe 08       		.uleb128 0x8
 881 01ff 6E030000 		.4byte	.LASF65
 882 0203 24       		.sleb128 36
 883 0204 08       		.uleb128 0x8
 884 0205 CC030000 		.4byte	.LASF66
 885 0209 25       		.sleb128 37
 886 020a 08       		.uleb128 0x8
 887 020b BC040000 		.4byte	.LASF67
 888 020f 26       		.sleb128 38
 889 0210 08       		.uleb128 0x8
 890 0211 B2050000 		.4byte	.LASF68
 891 0215 27       		.sleb128 39
 892 0216 08       		.uleb128 0x8
 893 0217 30020000 		.4byte	.LASF69
 894 021b 28       		.sleb128 40
 895 021c 08       		.uleb128 0x8
 896 021d 71000000 		.4byte	.LASF70
 897 0221 29       		.sleb128 41
 898 0222 08       		.uleb128 0x8
 899 0223 89030000 		.4byte	.LASF71
 900 0227 2A       		.sleb128 42
 901 0228 08       		.uleb128 0x8
 902 0229 55040000 		.4byte	.LASF72
 903 022d 2B       		.sleb128 43
 904 022e 08       		.uleb128 0x8
 905 022f 2D050000 		.4byte	.LASF73
 906 0233 2C       		.sleb128 44
 907 0234 00       		.byte	0
 908 0235 09       		.uleb128 0x9
ARM GAS  /tmp/ccFCxesp.s 			page 17


 909 0236 10       		.byte	0x10
 910 0237 05       		.byte	0x5
 911 0238 C201     		.2byte	0x1c2
 912 023a 73020000 		.4byte	0x273
 913 023e 0A       		.uleb128 0xa
 914 023f 43435200 		.ascii	"CCR\000"
 915 0243 05       		.byte	0x5
 916 0244 C401     		.2byte	0x1c4
 917 0246 D7000000 		.4byte	0xd7
 918 024a 00       		.byte	0
 919 024b 0B       		.uleb128 0xb
 920 024c DC050000 		.4byte	.LASF74
 921 0250 05       		.byte	0x5
 922 0251 C501     		.2byte	0x1c5
 923 0253 D7000000 		.4byte	0xd7
 924 0257 04       		.byte	0x4
 925 0258 0B       		.uleb128 0xb
 926 0259 BD010000 		.4byte	.LASF75
 927 025d 05       		.byte	0x5
 928 025e C601     		.2byte	0x1c6
 929 0260 D7000000 		.4byte	0xd7
 930 0264 08       		.byte	0x8
 931 0265 0B       		.uleb128 0xb
 932 0266 E2050000 		.4byte	.LASF76
 933 026a 05       		.byte	0x5
 934 026b C701     		.2byte	0x1c7
 935 026d D7000000 		.4byte	0xd7
 936 0271 0C       		.byte	0xc
 937 0272 00       		.byte	0
 938 0273 0C       		.uleb128 0xc
 939 0274 EF010000 		.4byte	.LASF77
 940 0278 05       		.byte	0x5
 941 0279 C801     		.2byte	0x1c8
 942 027b 35020000 		.4byte	0x235
 943 027f 09       		.uleb128 0x9
 944 0280 08       		.byte	0x8
 945 0281 05       		.byte	0x5
 946 0282 CA01     		.2byte	0x1ca
 947 0284 A3020000 		.4byte	0x2a3
 948 0288 0A       		.uleb128 0xa
 949 0289 49535200 		.ascii	"ISR\000"
 950 028d 05       		.byte	0x5
 951 028e CC01     		.2byte	0x1cc
 952 0290 D7000000 		.4byte	0xd7
 953 0294 00       		.byte	0
 954 0295 0B       		.uleb128 0xb
 955 0296 F1040000 		.4byte	.LASF78
 956 029a 05       		.byte	0x5
 957 029b CD01     		.2byte	0x1cd
 958 029d D7000000 		.4byte	0xd7
 959 02a1 04       		.byte	0x4
 960 02a2 00       		.byte	0
 961 02a3 0C       		.uleb128 0xc
 962 02a4 95010000 		.4byte	.LASF79
 963 02a8 05       		.byte	0x5
 964 02a9 CE01     		.2byte	0x1ce
 965 02ab 7F020000 		.4byte	0x27f
ARM GAS  /tmp/ccFCxesp.s 			page 18


 966 02af 09       		.uleb128 0x9
 967 02b0 38       		.byte	0x38
 968 02b1 05       		.byte	0x5
 969 02b2 8602     		.2byte	0x286
 970 02b4 6E030000 		.4byte	0x36e
 971 02b8 0A       		.uleb128 0xa
 972 02b9 435200   		.ascii	"CR\000"
 973 02bc 05       		.byte	0x5
 974 02bd 8802     		.2byte	0x288
 975 02bf D7000000 		.4byte	0xd7
 976 02c3 00       		.byte	0
 977 02c4 0B       		.uleb128 0xb
 978 02c5 08060000 		.4byte	.LASF80
 979 02c9 05       		.byte	0x5
 980 02ca 8902     		.2byte	0x289
 981 02cc D7000000 		.4byte	0xd7
 982 02d0 04       		.byte	0x4
 983 02d1 0B       		.uleb128 0xb
 984 02d2 3A060000 		.4byte	.LASF81
 985 02d6 05       		.byte	0x5
 986 02d7 8A02     		.2byte	0x28a
 987 02d9 D7000000 		.4byte	0xd7
 988 02dd 08       		.byte	0x8
 989 02de 0A       		.uleb128 0xa
 990 02df 43495200 		.ascii	"CIR\000"
 991 02e3 05       		.byte	0x5
 992 02e4 8B02     		.2byte	0x28b
 993 02e6 D7000000 		.4byte	0xd7
 994 02ea 0C       		.byte	0xc
 995 02eb 0B       		.uleb128 0xb
 996 02ec 81030000 		.4byte	.LASF82
 997 02f0 05       		.byte	0x5
 998 02f1 8C02     		.2byte	0x28c
 999 02f3 D7000000 		.4byte	0xd7
 1000 02f7 10       		.byte	0x10
 1001 02f8 0B       		.uleb128 0xb
 1002 02f9 0B010000 		.4byte	.LASF83
 1003 02fd 05       		.byte	0x5
 1004 02fe 8D02     		.2byte	0x28d
 1005 0300 D7000000 		.4byte	0xd7
 1006 0304 14       		.byte	0x14
 1007 0305 0B       		.uleb128 0xb
 1008 0306 9A030000 		.4byte	.LASF84
 1009 030a 05       		.byte	0x5
 1010 030b 8E02     		.2byte	0x28e
 1011 030d D7000000 		.4byte	0xd7
 1012 0311 18       		.byte	0x18
 1013 0312 0B       		.uleb128 0xb
 1014 0313 83060000 		.4byte	.LASF85
 1015 0317 05       		.byte	0x5
 1016 0318 8F02     		.2byte	0x28f
 1017 031a D7000000 		.4byte	0xd7
 1018 031e 1C       		.byte	0x1c
 1019 031f 0B       		.uleb128 0xb
 1020 0320 8A040000 		.4byte	.LASF86
 1021 0324 05       		.byte	0x5
 1022 0325 9002     		.2byte	0x290
ARM GAS  /tmp/ccFCxesp.s 			page 19


 1023 0327 D7000000 		.4byte	0xd7
 1024 032b 20       		.byte	0x20
 1025 032c 0B       		.uleb128 0xb
 1026 032d E1040000 		.4byte	.LASF87
 1027 0331 05       		.byte	0x5
 1028 0332 9102     		.2byte	0x291
 1029 0334 D7000000 		.4byte	0xd7
 1030 0338 24       		.byte	0x24
 1031 0339 0B       		.uleb128 0xb
 1032 033a 51000000 		.4byte	.LASF88
 1033 033e 05       		.byte	0x5
 1034 033f 9202     		.2byte	0x292
 1035 0341 D7000000 		.4byte	0xd7
 1036 0345 28       		.byte	0x28
 1037 0346 0B       		.uleb128 0xb
 1038 0347 DA020000 		.4byte	.LASF89
 1039 034b 05       		.byte	0x5
 1040 034c 9302     		.2byte	0x293
 1041 034e D7000000 		.4byte	0xd7
 1042 0352 2C       		.byte	0x2c
 1043 0353 0B       		.uleb128 0xb
 1044 0354 10000000 		.4byte	.LASF90
 1045 0358 05       		.byte	0x5
 1046 0359 9402     		.2byte	0x294
 1047 035b D7000000 		.4byte	0xd7
 1048 035f 30       		.byte	0x30
 1049 0360 0A       		.uleb128 0xa
 1050 0361 43535200 		.ascii	"CSR\000"
 1051 0365 05       		.byte	0x5
 1052 0366 9502     		.2byte	0x295
 1053 0368 D7000000 		.4byte	0xd7
 1054 036c 34       		.byte	0x34
 1055 036d 00       		.byte	0
 1056 036e 0C       		.uleb128 0xc
 1057 036f E3010000 		.4byte	.LASF91
 1058 0373 05       		.byte	0x5
 1059 0374 9602     		.2byte	0x296
 1060 0376 AF020000 		.4byte	0x2af
 1061 037a 0D       		.uleb128 0xd
 1062 037b 0C       		.byte	0xc
 1063 037c 06       		.byte	0x6
 1064 037d B8       		.byte	0xb8
 1065 037e BF030000 		.4byte	0x3bf
 1066 0382 0E       		.uleb128 0xe
 1067 0383 92040000 		.4byte	.LASF92
 1068 0387 06       		.byte	0x6
 1069 0388 B9       		.byte	0xb9
 1070 0389 BF030000 		.4byte	0x3bf
 1071 038d 00       		.byte	0
 1072 038e 0E       		.uleb128 0xe
 1073 038f A5040000 		.4byte	.LASF93
 1074 0393 06       		.byte	0x6
 1075 0394 BA       		.byte	0xba
 1076 0395 C5030000 		.4byte	0x3c5
 1077 0399 04       		.byte	0x4
 1078 039a 0E       		.uleb128 0xe
 1079 039b 03020000 		.4byte	.LASF94
ARM GAS  /tmp/ccFCxesp.s 			page 20


 1080 039f 06       		.byte	0x6
 1081 03a0 BB       		.byte	0xbb
 1082 03a1 97000000 		.4byte	0x97
 1083 03a5 08       		.byte	0x8
 1084 03a6 0E       		.uleb128 0xe
 1085 03a7 8B010000 		.4byte	.LASF95
 1086 03ab 06       		.byte	0x6
 1087 03ac BD       		.byte	0xbd
 1088 03ad 97000000 		.4byte	0x97
 1089 03b1 09       		.byte	0x9
 1090 03b2 0E       		.uleb128 0xe
 1091 03b3 80000000 		.4byte	.LASF96
 1092 03b7 06       		.byte	0x6
 1093 03b8 BE       		.byte	0xbe
 1094 03b9 97000000 		.4byte	0x97
 1095 03bd 0A       		.byte	0xa
 1096 03be 00       		.byte	0
 1097 03bf 0F       		.uleb128 0xf
 1098 03c0 04       		.byte	0x4
 1099 03c1 73020000 		.4byte	0x273
 1100 03c5 0F       		.uleb128 0xf
 1101 03c6 04       		.byte	0x4
 1102 03c7 D7000000 		.4byte	0xd7
 1103 03cb 04       		.uleb128 0x4
 1104 03cc D8030000 		.4byte	.LASF97
 1105 03d0 06       		.byte	0x6
 1106 03d1 BF       		.byte	0xbf
 1107 03d2 7A030000 		.4byte	0x37a
 1108 03d6 04       		.uleb128 0x4
 1109 03d7 C2010000 		.4byte	.LASF98
 1110 03db 06       		.byte	0x6
 1111 03dc C8       		.byte	0xc8
 1112 03dd E1030000 		.4byte	0x3e1
 1113 03e1 0F       		.uleb128 0xf
 1114 03e2 04       		.byte	0x4
 1115 03e3 E7030000 		.4byte	0x3e7
 1116 03e7 10       		.uleb128 0x10
 1117 03e8 F7030000 		.4byte	0x3f7
 1118 03ec 11       		.uleb128 0x11
 1119 03ed D5000000 		.4byte	0xd5
 1120 03f1 11       		.uleb128 0x11
 1121 03f2 B8000000 		.4byte	0xb8
 1122 03f6 00       		.byte	0
 1123 03f7 0F       		.uleb128 0xf
 1124 03f8 04       		.byte	0x4
 1125 03f9 FD030000 		.4byte	0x3fd
 1126 03fd 12       		.uleb128 0x12
 1127 03fe CB030000 		.4byte	0x3cb
 1128 0402 0D       		.uleb128 0xd
 1129 0403 08       		.byte	0x8
 1130 0404 01       		.byte	0x1
 1131 0405 56       		.byte	0x56
 1132 0406 23040000 		.4byte	0x423
 1133 040a 0E       		.uleb128 0xe
 1134 040b 78030000 		.4byte	.LASF99
 1135 040f 01       		.byte	0x1
 1136 0410 57       		.byte	0x57
ARM GAS  /tmp/ccFCxesp.s 			page 21


 1137 0411 D6030000 		.4byte	0x3d6
 1138 0415 00       		.byte	0
 1139 0416 0E       		.uleb128 0xe
 1140 0417 49010000 		.4byte	.LASF100
 1141 041b 01       		.byte	0x1
 1142 041c 58       		.byte	0x58
 1143 041d D5000000 		.4byte	0xd5
 1144 0421 04       		.byte	0x4
 1145 0422 00       		.byte	0
 1146 0423 04       		.uleb128 0x4
 1147 0424 00000000 		.4byte	.LASF101
 1148 0428 01       		.byte	0x1
 1149 0429 59       		.byte	0x59
 1150 042a 02040000 		.4byte	0x402
 1151 042e 13       		.uleb128 0x13
 1152 042f 23040000 		.4byte	.LASF102
 1153 0433 01       		.byte	0x1
 1154 0434 72       		.byte	0x72
 1155 0435 00000000 		.4byte	.LFB63
 1156 0439 2A000000 		.4byte	.LFE63-.LFB63
 1157 043d 01       		.uleb128 0x1
 1158 043e 9C       		.byte	0x9c
 1159 043f 64040000 		.4byte	0x464
 1160 0443 14       		.uleb128 0x14
 1161 0444 02060000 		.4byte	.LASF104
 1162 0448 01       		.byte	0x1
 1163 0449 73       		.byte	0x73
 1164 044a B8000000 		.4byte	0xb8
 1165 044e 00000000 		.4byte	.LLST0
 1166 0452 15       		.uleb128 0x15
 1167 0453 22000000 		.4byte	.LVL1
 1168 0457 02       		.uleb128 0x2
 1169 0458 74       		.byte	0x74
 1170 0459 00       		.sleb128 0
 1171 045a 16       		.uleb128 0x16
 1172 045b 2A000000 		.4byte	.LVL2
 1173 045f D2060000 		.4byte	0x6d2
 1174 0463 00       		.byte	0
 1175 0464 13       		.uleb128 0x13
 1176 0465 AA040000 		.4byte	.LASF103
 1177 0469 01       		.byte	0x1
 1178 046a 84       		.byte	0x84
 1179 046b 00000000 		.4byte	.LFB64
 1180 046f 2C000000 		.4byte	.LFE64-.LFB64
 1181 0473 01       		.uleb128 0x1
 1182 0474 9C       		.byte	0x9c
 1183 0475 9A040000 		.4byte	0x49a
 1184 0479 14       		.uleb128 0x14
 1185 047a 02060000 		.4byte	.LASF104
 1186 047e 01       		.byte	0x1
 1187 047f 85       		.byte	0x85
 1188 0480 B8000000 		.4byte	0xb8
 1189 0484 13000000 		.4byte	.LLST1
 1190 0488 15       		.uleb128 0x15
 1191 0489 24000000 		.4byte	.LVL4
 1192 048d 02       		.uleb128 0x2
 1193 048e 74       		.byte	0x74
ARM GAS  /tmp/ccFCxesp.s 			page 22


 1194 048f 00       		.sleb128 0
 1195 0490 16       		.uleb128 0x16
 1196 0491 2C000000 		.4byte	.LVL5
 1197 0495 D2060000 		.4byte	0x6d2
 1198 0499 00       		.byte	0
 1199 049a 13       		.uleb128 0x13
 1200 049b B3040000 		.4byte	.LASF105
 1201 049f 01       		.byte	0x1
 1202 04a0 96       		.byte	0x96
 1203 04a1 00000000 		.4byte	.LFB65
 1204 04a5 2C000000 		.4byte	.LFE65-.LFB65
 1205 04a9 01       		.uleb128 0x1
 1206 04aa 9C       		.byte	0x9c
 1207 04ab D0040000 		.4byte	0x4d0
 1208 04af 14       		.uleb128 0x14
 1209 04b0 02060000 		.4byte	.LASF104
 1210 04b4 01       		.byte	0x1
 1211 04b5 97       		.byte	0x97
 1212 04b6 B8000000 		.4byte	0xb8
 1213 04ba 26000000 		.4byte	.LLST2
 1214 04be 15       		.uleb128 0x15
 1215 04bf 24000000 		.4byte	.LVL7
 1216 04c3 02       		.uleb128 0x2
 1217 04c4 74       		.byte	0x74
 1218 04c5 00       		.sleb128 0
 1219 04c6 16       		.uleb128 0x16
 1220 04c7 2C000000 		.4byte	.LVL8
 1221 04cb D2060000 		.4byte	0x6d2
 1222 04cf 00       		.byte	0
 1223 04d0 13       		.uleb128 0x13
 1224 04d1 D8040000 		.4byte	.LASF106
 1225 04d5 01       		.byte	0x1
 1226 04d6 A8       		.byte	0xa8
 1227 04d7 00000000 		.4byte	.LFB66
 1228 04db 2C000000 		.4byte	.LFE66-.LFB66
 1229 04df 01       		.uleb128 0x1
 1230 04e0 9C       		.byte	0x9c
 1231 04e1 06050000 		.4byte	0x506
 1232 04e5 14       		.uleb128 0x14
 1233 04e6 02060000 		.4byte	.LASF104
 1234 04ea 01       		.byte	0x1
 1235 04eb A9       		.byte	0xa9
 1236 04ec B8000000 		.4byte	0xb8
 1237 04f0 39000000 		.4byte	.LLST3
 1238 04f4 15       		.uleb128 0x15
 1239 04f5 24000000 		.4byte	.LVL10
 1240 04f9 02       		.uleb128 0x2
 1241 04fa 74       		.byte	0x74
 1242 04fb 00       		.sleb128 0
 1243 04fc 16       		.uleb128 0x16
 1244 04fd 2C000000 		.4byte	.LVL11
 1245 0501 D2060000 		.4byte	0x6d2
 1246 0505 00       		.byte	0
 1247 0506 13       		.uleb128 0x13
 1248 0507 0C050000 		.4byte	.LASF107
 1249 050b 01       		.byte	0x1
 1250 050c BA       		.byte	0xba
ARM GAS  /tmp/ccFCxesp.s 			page 23


 1251 050d 00000000 		.4byte	.LFB67
 1252 0511 2C000000 		.4byte	.LFE67-.LFB67
 1253 0515 01       		.uleb128 0x1
 1254 0516 9C       		.byte	0x9c
 1255 0517 3C050000 		.4byte	0x53c
 1256 051b 14       		.uleb128 0x14
 1257 051c 02060000 		.4byte	.LASF104
 1258 0520 01       		.byte	0x1
 1259 0521 BB       		.byte	0xbb
 1260 0522 B8000000 		.4byte	0xb8
 1261 0526 4C000000 		.4byte	.LLST4
 1262 052a 15       		.uleb128 0x15
 1263 052b 24000000 		.4byte	.LVL13
 1264 052f 02       		.uleb128 0x2
 1265 0530 74       		.byte	0x74
 1266 0531 00       		.sleb128 0
 1267 0532 16       		.uleb128 0x16
 1268 0533 2C000000 		.4byte	.LVL14
 1269 0537 D2060000 		.4byte	0x6d2
 1270 053b 00       		.byte	0
 1271 053c 13       		.uleb128 0x13
 1272 053d A9050000 		.4byte	.LASF108
 1273 0541 01       		.byte	0x1
 1274 0542 CC       		.byte	0xcc
 1275 0543 00000000 		.4byte	.LFB68
 1276 0547 2C000000 		.4byte	.LFE68-.LFB68
 1277 054b 01       		.uleb128 0x1
 1278 054c 9C       		.byte	0x9c
 1279 054d 72050000 		.4byte	0x572
 1280 0551 14       		.uleb128 0x14
 1281 0552 02060000 		.4byte	.LASF104
 1282 0556 01       		.byte	0x1
 1283 0557 CD       		.byte	0xcd
 1284 0558 B8000000 		.4byte	0xb8
 1285 055c 5F000000 		.4byte	.LLST5
 1286 0560 15       		.uleb128 0x15
 1287 0561 24000000 		.4byte	.LVL16
 1288 0565 02       		.uleb128 0x2
 1289 0566 74       		.byte	0x74
 1290 0567 00       		.sleb128 0
 1291 0568 16       		.uleb128 0x16
 1292 0569 2C000000 		.4byte	.LVL17
 1293 056d D2060000 		.4byte	0x6d2
 1294 0571 00       		.byte	0
 1295 0572 13       		.uleb128 0x13
 1296 0573 BE050000 		.4byte	.LASF109
 1297 0577 01       		.byte	0x1
 1298 0578 DE       		.byte	0xde
 1299 0579 00000000 		.4byte	.LFB69
 1300 057d 2C000000 		.4byte	.LFE69-.LFB69
 1301 0581 01       		.uleb128 0x1
 1302 0582 9C       		.byte	0x9c
 1303 0583 A8050000 		.4byte	0x5a8
 1304 0587 14       		.uleb128 0x14
 1305 0588 02060000 		.4byte	.LASF104
 1306 058c 01       		.byte	0x1
 1307 058d DF       		.byte	0xdf
ARM GAS  /tmp/ccFCxesp.s 			page 24


 1308 058e B8000000 		.4byte	0xb8
 1309 0592 72000000 		.4byte	.LLST6
 1310 0596 15       		.uleb128 0x15
 1311 0597 24000000 		.4byte	.LVL19
 1312 059b 02       		.uleb128 0x2
 1313 059c 74       		.byte	0x74
 1314 059d 00       		.sleb128 0
 1315 059e 16       		.uleb128 0x16
 1316 059f 2C000000 		.4byte	.LVL20
 1317 05a3 D2060000 		.4byte	0x6d2
 1318 05a7 00       		.byte	0
 1319 05a8 13       		.uleb128 0x13
 1320 05a9 E9040000 		.4byte	.LASF110
 1321 05ad 01       		.byte	0x1
 1322 05ae F4       		.byte	0xf4
 1323 05af 00000000 		.4byte	.LFB70
 1324 05b3 44000000 		.4byte	.LFE70-.LFB70
 1325 05b7 01       		.uleb128 0x1
 1326 05b8 9C       		.byte	0x9c
 1327 05b9 CB050000 		.4byte	0x5cb
 1328 05bd 17       		.uleb128 0x17
 1329 05be 6900     		.ascii	"i\000"
 1330 05c0 01       		.byte	0x1
 1331 05c1 F5       		.byte	0xf5
 1332 05c2 25000000 		.4byte	0x25
 1333 05c6 85000000 		.4byte	.LLST7
 1334 05ca 00       		.byte	0
 1335 05cb 18       		.uleb128 0x18
 1336 05cc 5E060000 		.4byte	.LASF124
 1337 05d0 01       		.byte	0x1
 1338 05d1 1701     		.2byte	0x117
 1339 05d3 C3000000 		.4byte	0xc3
 1340 05d7 00000000 		.4byte	.LFB71
 1341 05db 7E000000 		.4byte	.LFE71-.LFB71
 1342 05df 01       		.uleb128 0x1
 1343 05e0 9C       		.byte	0x9c
 1344 05e1 39060000 		.4byte	0x639
 1345 05e5 19       		.uleb128 0x19
 1346 05e6 FB000000 		.4byte	.LASF111
 1347 05ea 01       		.byte	0x1
 1348 05eb 1701     		.2byte	0x117
 1349 05ed F7030000 		.4byte	0x3f7
 1350 05f1 99000000 		.4byte	.LLST8
 1351 05f5 19       		.uleb128 0x19
 1352 05f6 D1020000 		.4byte	.LASF112
 1353 05fa 01       		.byte	0x1
 1354 05fb 1801     		.2byte	0x118
 1355 05fd B8000000 		.4byte	0xb8
 1356 0601 EC000000 		.4byte	.LLST9
 1357 0605 19       		.uleb128 0x19
 1358 0606 14010000 		.4byte	.LASF113
 1359 060a 01       		.byte	0x1
 1360 060b 1901     		.2byte	0x119
 1361 060d D6030000 		.4byte	0x3d6
 1362 0611 18010000 		.4byte	.LLST10
 1363 0615 19       		.uleb128 0x19
 1364 0616 5D030000 		.4byte	.LASF114
ARM GAS  /tmp/ccFCxesp.s 			page 25


 1365 061a 01       		.byte	0x1
 1366 061b 1A01     		.2byte	0x11a
 1367 061d D5000000 		.4byte	0xd5
 1368 0621 44010000 		.4byte	.LLST11
 1369 0625 1A       		.uleb128 0x1a
 1370 0626 72000000 		.4byte	.LVL27
 1371 062a DA060000 		.4byte	0x6da
 1372 062e 1B       		.uleb128 0x1b
 1373 062f 01       		.uleb128 0x1
 1374 0630 51       		.byte	0x51
 1375 0631 05       		.uleb128 0x5
 1376 0632 F3       		.byte	0xf3
 1377 0633 01       		.uleb128 0x1
 1378 0634 51       		.byte	0x51
 1379 0635 34       		.byte	0x34
 1380 0636 24       		.byte	0x24
 1381 0637 00       		.byte	0
 1382 0638 00       		.byte	0
 1383 0639 1C       		.uleb128 0x1c
 1384 063a FB040000 		.4byte	.LASF115
 1385 063e 01       		.byte	0x1
 1386 063f 4301     		.2byte	0x143
 1387 0641 00000000 		.4byte	.LFB72
 1388 0645 38000000 		.4byte	.LFE72-.LFB72
 1389 0649 01       		.uleb128 0x1
 1390 064a 9C       		.byte	0x9c
 1391 064b 69060000 		.4byte	0x669
 1392 064f 19       		.uleb128 0x19
 1393 0650 FB000000 		.4byte	.LASF111
 1394 0654 01       		.byte	0x1
 1395 0655 4301     		.2byte	0x143
 1396 0657 F7030000 		.4byte	0x3f7
 1397 065b 88010000 		.4byte	.LLST12
 1398 065f 1D       		.uleb128 0x1d
 1399 0660 0A000000 		.4byte	.LVL34
 1400 0664 F1060000 		.4byte	0x6f1
 1401 0668 00       		.byte	0
 1402 0669 1E       		.uleb128 0x1e
 1403 066a 7D050000 		.4byte	.LASF116
 1404 066e 01       		.byte	0x1
 1405 066f 5E       		.byte	0x5e
 1406 0670 B8000000 		.4byte	0xb8
 1407 0674 05       		.uleb128 0x5
 1408 0675 03       		.byte	0x3
 1409 0676 00000000 		.4byte	dma_streams_mask
 1410 067a 1F       		.uleb128 0x1f
 1411 067b 23040000 		.4byte	0x423
 1412 067f 8A060000 		.4byte	0x68a
 1413 0683 20       		.uleb128 0x20
 1414 0684 DC000000 		.4byte	0xdc
 1415 0688 06       		.byte	0x6
 1416 0689 00       		.byte	0
 1417 068a 1E       		.uleb128 0x1e
 1418 068b 0E060000 		.4byte	.LASF117
 1419 068f 01       		.byte	0x1
 1420 0690 63       		.byte	0x63
 1421 0691 7A060000 		.4byte	0x67a
ARM GAS  /tmp/ccFCxesp.s 			page 26


 1422 0695 05       		.uleb128 0x5
 1423 0696 03       		.byte	0x3
 1424 0697 00000000 		.4byte	dma_isr_redir
 1425 069b 21       		.uleb128 0x21
 1426 069c 48040000 		.4byte	.LASF118
 1427 06a0 07       		.byte	0x7
 1428 06a1 0706     		.2byte	0x607
 1429 06a3 A7060000 		.4byte	0x6a7
 1430 06a7 06       		.uleb128 0x6
 1431 06a8 AD000000 		.4byte	0xad
 1432 06ac 1F       		.uleb128 0x1f
 1433 06ad CB030000 		.4byte	0x3cb
 1434 06b1 BC060000 		.4byte	0x6bc
 1435 06b5 20       		.uleb128 0x20
 1436 06b6 DC000000 		.4byte	0xdc
 1437 06ba 06       		.byte	0x6
 1438 06bb 00       		.byte	0
 1439 06bc 22       		.uleb128 0x22
 1440 06bd 87000000 		.4byte	.LASF119
 1441 06c1 01       		.byte	0x1
 1442 06c2 45       		.byte	0x45
 1443 06c3 CD060000 		.4byte	0x6cd
 1444 06c7 05       		.uleb128 0x5
 1445 06c8 03       		.byte	0x3
 1446 06c9 00000000 		.4byte	_stm32_dma_streams
 1447 06cd 12       		.uleb128 0x12
 1448 06ce AC060000 		.4byte	0x6ac
 1449 06d2 23       		.uleb128 0x23
 1450 06d3 E7050000 		.4byte	.LASF125
 1451 06d7 08       		.byte	0x8
 1452 06d8 0302     		.2byte	0x203
 1453 06da 24       		.uleb128 0x24
 1454 06db C9000000 		.4byte	.LASF126
 1455 06df 09       		.byte	0x9
 1456 06e0 2301     		.2byte	0x123
 1457 06e2 F1060000 		.4byte	0x6f1
 1458 06e6 11       		.uleb128 0x11
 1459 06e7 B8000000 		.4byte	0xb8
 1460 06eb 11       		.uleb128 0x11
 1461 06ec B8000000 		.4byte	0xb8
 1462 06f0 00       		.byte	0
 1463 06f1 25       		.uleb128 0x25
 1464 06f2 AB010000 		.4byte	.LASF127
 1465 06f6 09       		.byte	0x9
 1466 06f7 2401     		.2byte	0x124
 1467 06f9 11       		.uleb128 0x11
 1468 06fa B8000000 		.4byte	0xb8
 1469 06fe 00       		.byte	0
 1470 06ff 00       		.byte	0
 1471              		.section	.debug_abbrev,"",%progbits
 1472              	.Ldebug_abbrev0:
 1473 0000 01       		.uleb128 0x1
 1474 0001 11       		.uleb128 0x11
 1475 0002 01       		.byte	0x1
 1476 0003 25       		.uleb128 0x25
 1477 0004 0E       		.uleb128 0xe
 1478 0005 13       		.uleb128 0x13
ARM GAS  /tmp/ccFCxesp.s 			page 27


 1479 0006 0B       		.uleb128 0xb
 1480 0007 03       		.uleb128 0x3
 1481 0008 0E       		.uleb128 0xe
 1482 0009 1B       		.uleb128 0x1b
 1483 000a 0E       		.uleb128 0xe
 1484 000b 55       		.uleb128 0x55
 1485 000c 17       		.uleb128 0x17
 1486 000d 11       		.uleb128 0x11
 1487 000e 01       		.uleb128 0x1
 1488 000f 10       		.uleb128 0x10
 1489 0010 17       		.uleb128 0x17
 1490 0011 00       		.byte	0
 1491 0012 00       		.byte	0
 1492 0013 02       		.uleb128 0x2
 1493 0014 24       		.uleb128 0x24
 1494 0015 00       		.byte	0
 1495 0016 0B       		.uleb128 0xb
 1496 0017 0B       		.uleb128 0xb
 1497 0018 3E       		.uleb128 0x3e
 1498 0019 0B       		.uleb128 0xb
 1499 001a 03       		.uleb128 0x3
 1500 001b 08       		.uleb128 0x8
 1501 001c 00       		.byte	0
 1502 001d 00       		.byte	0
 1503 001e 03       		.uleb128 0x3
 1504 001f 24       		.uleb128 0x24
 1505 0020 00       		.byte	0
 1506 0021 0B       		.uleb128 0xb
 1507 0022 0B       		.uleb128 0xb
 1508 0023 3E       		.uleb128 0x3e
 1509 0024 0B       		.uleb128 0xb
 1510 0025 03       		.uleb128 0x3
 1511 0026 0E       		.uleb128 0xe
 1512 0027 00       		.byte	0
 1513 0028 00       		.byte	0
 1514 0029 04       		.uleb128 0x4
 1515 002a 16       		.uleb128 0x16
 1516 002b 00       		.byte	0
 1517 002c 03       		.uleb128 0x3
 1518 002d 0E       		.uleb128 0xe
 1519 002e 3A       		.uleb128 0x3a
 1520 002f 0B       		.uleb128 0xb
 1521 0030 3B       		.uleb128 0x3b
 1522 0031 0B       		.uleb128 0xb
 1523 0032 49       		.uleb128 0x49
 1524 0033 13       		.uleb128 0x13
 1525 0034 00       		.byte	0
 1526 0035 00       		.byte	0
 1527 0036 05       		.uleb128 0x5
 1528 0037 0F       		.uleb128 0xf
 1529 0038 00       		.byte	0
 1530 0039 0B       		.uleb128 0xb
 1531 003a 0B       		.uleb128 0xb
 1532 003b 00       		.byte	0
 1533 003c 00       		.byte	0
 1534 003d 06       		.uleb128 0x6
 1535 003e 35       		.uleb128 0x35
ARM GAS  /tmp/ccFCxesp.s 			page 28


 1536 003f 00       		.byte	0
 1537 0040 49       		.uleb128 0x49
 1538 0041 13       		.uleb128 0x13
 1539 0042 00       		.byte	0
 1540 0043 00       		.byte	0
 1541 0044 07       		.uleb128 0x7
 1542 0045 04       		.uleb128 0x4
 1543 0046 01       		.byte	0x1
 1544 0047 03       		.uleb128 0x3
 1545 0048 0E       		.uleb128 0xe
 1546 0049 0B       		.uleb128 0xb
 1547 004a 0B       		.uleb128 0xb
 1548 004b 3A       		.uleb128 0x3a
 1549 004c 0B       		.uleb128 0xb
 1550 004d 3B       		.uleb128 0x3b
 1551 004e 0B       		.uleb128 0xb
 1552 004f 01       		.uleb128 0x1
 1553 0050 13       		.uleb128 0x13
 1554 0051 00       		.byte	0
 1555 0052 00       		.byte	0
 1556 0053 08       		.uleb128 0x8
 1557 0054 28       		.uleb128 0x28
 1558 0055 00       		.byte	0
 1559 0056 03       		.uleb128 0x3
 1560 0057 0E       		.uleb128 0xe
 1561 0058 1C       		.uleb128 0x1c
 1562 0059 0D       		.uleb128 0xd
 1563 005a 00       		.byte	0
 1564 005b 00       		.byte	0
 1565 005c 09       		.uleb128 0x9
 1566 005d 13       		.uleb128 0x13
 1567 005e 01       		.byte	0x1
 1568 005f 0B       		.uleb128 0xb
 1569 0060 0B       		.uleb128 0xb
 1570 0061 3A       		.uleb128 0x3a
 1571 0062 0B       		.uleb128 0xb
 1572 0063 3B       		.uleb128 0x3b
 1573 0064 05       		.uleb128 0x5
 1574 0065 01       		.uleb128 0x1
 1575 0066 13       		.uleb128 0x13
 1576 0067 00       		.byte	0
 1577 0068 00       		.byte	0
 1578 0069 0A       		.uleb128 0xa
 1579 006a 0D       		.uleb128 0xd
 1580 006b 00       		.byte	0
 1581 006c 03       		.uleb128 0x3
 1582 006d 08       		.uleb128 0x8
 1583 006e 3A       		.uleb128 0x3a
 1584 006f 0B       		.uleb128 0xb
 1585 0070 3B       		.uleb128 0x3b
 1586 0071 05       		.uleb128 0x5
 1587 0072 49       		.uleb128 0x49
 1588 0073 13       		.uleb128 0x13
 1589 0074 38       		.uleb128 0x38
 1590 0075 0B       		.uleb128 0xb
 1591 0076 00       		.byte	0
 1592 0077 00       		.byte	0
ARM GAS  /tmp/ccFCxesp.s 			page 29


 1593 0078 0B       		.uleb128 0xb
 1594 0079 0D       		.uleb128 0xd
 1595 007a 00       		.byte	0
 1596 007b 03       		.uleb128 0x3
 1597 007c 0E       		.uleb128 0xe
 1598 007d 3A       		.uleb128 0x3a
 1599 007e 0B       		.uleb128 0xb
 1600 007f 3B       		.uleb128 0x3b
 1601 0080 05       		.uleb128 0x5
 1602 0081 49       		.uleb128 0x49
 1603 0082 13       		.uleb128 0x13
 1604 0083 38       		.uleb128 0x38
 1605 0084 0B       		.uleb128 0xb
 1606 0085 00       		.byte	0
 1607 0086 00       		.byte	0
 1608 0087 0C       		.uleb128 0xc
 1609 0088 16       		.uleb128 0x16
 1610 0089 00       		.byte	0
 1611 008a 03       		.uleb128 0x3
 1612 008b 0E       		.uleb128 0xe
 1613 008c 3A       		.uleb128 0x3a
 1614 008d 0B       		.uleb128 0xb
 1615 008e 3B       		.uleb128 0x3b
 1616 008f 05       		.uleb128 0x5
 1617 0090 49       		.uleb128 0x49
 1618 0091 13       		.uleb128 0x13
 1619 0092 00       		.byte	0
 1620 0093 00       		.byte	0
 1621 0094 0D       		.uleb128 0xd
 1622 0095 13       		.uleb128 0x13
 1623 0096 01       		.byte	0x1
 1624 0097 0B       		.uleb128 0xb
 1625 0098 0B       		.uleb128 0xb
 1626 0099 3A       		.uleb128 0x3a
 1627 009a 0B       		.uleb128 0xb
 1628 009b 3B       		.uleb128 0x3b
 1629 009c 0B       		.uleb128 0xb
 1630 009d 01       		.uleb128 0x1
 1631 009e 13       		.uleb128 0x13
 1632 009f 00       		.byte	0
 1633 00a0 00       		.byte	0
 1634 00a1 0E       		.uleb128 0xe
 1635 00a2 0D       		.uleb128 0xd
 1636 00a3 00       		.byte	0
 1637 00a4 03       		.uleb128 0x3
 1638 00a5 0E       		.uleb128 0xe
 1639 00a6 3A       		.uleb128 0x3a
 1640 00a7 0B       		.uleb128 0xb
 1641 00a8 3B       		.uleb128 0x3b
 1642 00a9 0B       		.uleb128 0xb
 1643 00aa 49       		.uleb128 0x49
 1644 00ab 13       		.uleb128 0x13
 1645 00ac 38       		.uleb128 0x38
 1646 00ad 0B       		.uleb128 0xb
 1647 00ae 00       		.byte	0
 1648 00af 00       		.byte	0
 1649 00b0 0F       		.uleb128 0xf
ARM GAS  /tmp/ccFCxesp.s 			page 30


 1650 00b1 0F       		.uleb128 0xf
 1651 00b2 00       		.byte	0
 1652 00b3 0B       		.uleb128 0xb
 1653 00b4 0B       		.uleb128 0xb
 1654 00b5 49       		.uleb128 0x49
 1655 00b6 13       		.uleb128 0x13
 1656 00b7 00       		.byte	0
 1657 00b8 00       		.byte	0
 1658 00b9 10       		.uleb128 0x10
 1659 00ba 15       		.uleb128 0x15
 1660 00bb 01       		.byte	0x1
 1661 00bc 27       		.uleb128 0x27
 1662 00bd 19       		.uleb128 0x19
 1663 00be 01       		.uleb128 0x1
 1664 00bf 13       		.uleb128 0x13
 1665 00c0 00       		.byte	0
 1666 00c1 00       		.byte	0
 1667 00c2 11       		.uleb128 0x11
 1668 00c3 05       		.uleb128 0x5
 1669 00c4 00       		.byte	0
 1670 00c5 49       		.uleb128 0x49
 1671 00c6 13       		.uleb128 0x13
 1672 00c7 00       		.byte	0
 1673 00c8 00       		.byte	0
 1674 00c9 12       		.uleb128 0x12
 1675 00ca 26       		.uleb128 0x26
 1676 00cb 00       		.byte	0
 1677 00cc 49       		.uleb128 0x49
 1678 00cd 13       		.uleb128 0x13
 1679 00ce 00       		.byte	0
 1680 00cf 00       		.byte	0
 1681 00d0 13       		.uleb128 0x13
 1682 00d1 2E       		.uleb128 0x2e
 1683 00d2 01       		.byte	0x1
 1684 00d3 3F       		.uleb128 0x3f
 1685 00d4 19       		.uleb128 0x19
 1686 00d5 03       		.uleb128 0x3
 1687 00d6 0E       		.uleb128 0xe
 1688 00d7 3A       		.uleb128 0x3a
 1689 00d8 0B       		.uleb128 0xb
 1690 00d9 3B       		.uleb128 0x3b
 1691 00da 0B       		.uleb128 0xb
 1692 00db 27       		.uleb128 0x27
 1693 00dc 19       		.uleb128 0x19
 1694 00dd 11       		.uleb128 0x11
 1695 00de 01       		.uleb128 0x1
 1696 00df 12       		.uleb128 0x12
 1697 00e0 06       		.uleb128 0x6
 1698 00e1 40       		.uleb128 0x40
 1699 00e2 18       		.uleb128 0x18
 1700 00e3 9742     		.uleb128 0x2117
 1701 00e5 19       		.uleb128 0x19
 1702 00e6 01       		.uleb128 0x1
 1703 00e7 13       		.uleb128 0x13
 1704 00e8 00       		.byte	0
 1705 00e9 00       		.byte	0
 1706 00ea 14       		.uleb128 0x14
ARM GAS  /tmp/ccFCxesp.s 			page 31


 1707 00eb 34       		.uleb128 0x34
 1708 00ec 00       		.byte	0
 1709 00ed 03       		.uleb128 0x3
 1710 00ee 0E       		.uleb128 0xe
 1711 00ef 3A       		.uleb128 0x3a
 1712 00f0 0B       		.uleb128 0xb
 1713 00f1 3B       		.uleb128 0x3b
 1714 00f2 0B       		.uleb128 0xb
 1715 00f3 49       		.uleb128 0x49
 1716 00f4 13       		.uleb128 0x13
 1717 00f5 02       		.uleb128 0x2
 1718 00f6 17       		.uleb128 0x17
 1719 00f7 00       		.byte	0
 1720 00f8 00       		.byte	0
 1721 00f9 15       		.uleb128 0x15
 1722 00fa 898201   		.uleb128 0x4109
 1723 00fd 00       		.byte	0
 1724 00fe 11       		.uleb128 0x11
 1725 00ff 01       		.uleb128 0x1
 1726 0100 9342     		.uleb128 0x2113
 1727 0102 18       		.uleb128 0x18
 1728 0103 00       		.byte	0
 1729 0104 00       		.byte	0
 1730 0105 16       		.uleb128 0x16
 1731 0106 898201   		.uleb128 0x4109
 1732 0109 00       		.byte	0
 1733 010a 11       		.uleb128 0x11
 1734 010b 01       		.uleb128 0x1
 1735 010c 9542     		.uleb128 0x2115
 1736 010e 19       		.uleb128 0x19
 1737 010f 31       		.uleb128 0x31
 1738 0110 13       		.uleb128 0x13
 1739 0111 00       		.byte	0
 1740 0112 00       		.byte	0
 1741 0113 17       		.uleb128 0x17
 1742 0114 34       		.uleb128 0x34
 1743 0115 00       		.byte	0
 1744 0116 03       		.uleb128 0x3
 1745 0117 08       		.uleb128 0x8
 1746 0118 3A       		.uleb128 0x3a
 1747 0119 0B       		.uleb128 0xb
 1748 011a 3B       		.uleb128 0x3b
 1749 011b 0B       		.uleb128 0xb
 1750 011c 49       		.uleb128 0x49
 1751 011d 13       		.uleb128 0x13
 1752 011e 02       		.uleb128 0x2
 1753 011f 17       		.uleb128 0x17
 1754 0120 00       		.byte	0
 1755 0121 00       		.byte	0
 1756 0122 18       		.uleb128 0x18
 1757 0123 2E       		.uleb128 0x2e
 1758 0124 01       		.byte	0x1
 1759 0125 3F       		.uleb128 0x3f
 1760 0126 19       		.uleb128 0x19
 1761 0127 03       		.uleb128 0x3
 1762 0128 0E       		.uleb128 0xe
 1763 0129 3A       		.uleb128 0x3a
ARM GAS  /tmp/ccFCxesp.s 			page 32


 1764 012a 0B       		.uleb128 0xb
 1765 012b 3B       		.uleb128 0x3b
 1766 012c 05       		.uleb128 0x5
 1767 012d 27       		.uleb128 0x27
 1768 012e 19       		.uleb128 0x19
 1769 012f 49       		.uleb128 0x49
 1770 0130 13       		.uleb128 0x13
 1771 0131 11       		.uleb128 0x11
 1772 0132 01       		.uleb128 0x1
 1773 0133 12       		.uleb128 0x12
 1774 0134 06       		.uleb128 0x6
 1775 0135 40       		.uleb128 0x40
 1776 0136 18       		.uleb128 0x18
 1777 0137 9742     		.uleb128 0x2117
 1778 0139 19       		.uleb128 0x19
 1779 013a 01       		.uleb128 0x1
 1780 013b 13       		.uleb128 0x13
 1781 013c 00       		.byte	0
 1782 013d 00       		.byte	0
 1783 013e 19       		.uleb128 0x19
 1784 013f 05       		.uleb128 0x5
 1785 0140 00       		.byte	0
 1786 0141 03       		.uleb128 0x3
 1787 0142 0E       		.uleb128 0xe
 1788 0143 3A       		.uleb128 0x3a
 1789 0144 0B       		.uleb128 0xb
 1790 0145 3B       		.uleb128 0x3b
 1791 0146 05       		.uleb128 0x5
 1792 0147 49       		.uleb128 0x49
 1793 0148 13       		.uleb128 0x13
 1794 0149 02       		.uleb128 0x2
 1795 014a 17       		.uleb128 0x17
 1796 014b 00       		.byte	0
 1797 014c 00       		.byte	0
 1798 014d 1A       		.uleb128 0x1a
 1799 014e 898201   		.uleb128 0x4109
 1800 0151 01       		.byte	0x1
 1801 0152 11       		.uleb128 0x11
 1802 0153 01       		.uleb128 0x1
 1803 0154 31       		.uleb128 0x31
 1804 0155 13       		.uleb128 0x13
 1805 0156 00       		.byte	0
 1806 0157 00       		.byte	0
 1807 0158 1B       		.uleb128 0x1b
 1808 0159 8A8201   		.uleb128 0x410a
 1809 015c 00       		.byte	0
 1810 015d 02       		.uleb128 0x2
 1811 015e 18       		.uleb128 0x18
 1812 015f 9142     		.uleb128 0x2111
 1813 0161 18       		.uleb128 0x18
 1814 0162 00       		.byte	0
 1815 0163 00       		.byte	0
 1816 0164 1C       		.uleb128 0x1c
 1817 0165 2E       		.uleb128 0x2e
 1818 0166 01       		.byte	0x1
 1819 0167 3F       		.uleb128 0x3f
 1820 0168 19       		.uleb128 0x19
ARM GAS  /tmp/ccFCxesp.s 			page 33


 1821 0169 03       		.uleb128 0x3
 1822 016a 0E       		.uleb128 0xe
 1823 016b 3A       		.uleb128 0x3a
 1824 016c 0B       		.uleb128 0xb
 1825 016d 3B       		.uleb128 0x3b
 1826 016e 05       		.uleb128 0x5
 1827 016f 27       		.uleb128 0x27
 1828 0170 19       		.uleb128 0x19
 1829 0171 11       		.uleb128 0x11
 1830 0172 01       		.uleb128 0x1
 1831 0173 12       		.uleb128 0x12
 1832 0174 06       		.uleb128 0x6
 1833 0175 40       		.uleb128 0x40
 1834 0176 18       		.uleb128 0x18
 1835 0177 9742     		.uleb128 0x2117
 1836 0179 19       		.uleb128 0x19
 1837 017a 01       		.uleb128 0x1
 1838 017b 13       		.uleb128 0x13
 1839 017c 00       		.byte	0
 1840 017d 00       		.byte	0
 1841 017e 1D       		.uleb128 0x1d
 1842 017f 898201   		.uleb128 0x4109
 1843 0182 00       		.byte	0
 1844 0183 11       		.uleb128 0x11
 1845 0184 01       		.uleb128 0x1
 1846 0185 31       		.uleb128 0x31
 1847 0186 13       		.uleb128 0x13
 1848 0187 00       		.byte	0
 1849 0188 00       		.byte	0
 1850 0189 1E       		.uleb128 0x1e
 1851 018a 34       		.uleb128 0x34
 1852 018b 00       		.byte	0
 1853 018c 03       		.uleb128 0x3
 1854 018d 0E       		.uleb128 0xe
 1855 018e 3A       		.uleb128 0x3a
 1856 018f 0B       		.uleb128 0xb
 1857 0190 3B       		.uleb128 0x3b
 1858 0191 0B       		.uleb128 0xb
 1859 0192 49       		.uleb128 0x49
 1860 0193 13       		.uleb128 0x13
 1861 0194 02       		.uleb128 0x2
 1862 0195 18       		.uleb128 0x18
 1863 0196 00       		.byte	0
 1864 0197 00       		.byte	0
 1865 0198 1F       		.uleb128 0x1f
 1866 0199 01       		.uleb128 0x1
 1867 019a 01       		.byte	0x1
 1868 019b 49       		.uleb128 0x49
 1869 019c 13       		.uleb128 0x13
 1870 019d 01       		.uleb128 0x1
 1871 019e 13       		.uleb128 0x13
 1872 019f 00       		.byte	0
 1873 01a0 00       		.byte	0
 1874 01a1 20       		.uleb128 0x20
 1875 01a2 21       		.uleb128 0x21
 1876 01a3 00       		.byte	0
 1877 01a4 49       		.uleb128 0x49
ARM GAS  /tmp/ccFCxesp.s 			page 34


 1878 01a5 13       		.uleb128 0x13
 1879 01a6 2F       		.uleb128 0x2f
 1880 01a7 0B       		.uleb128 0xb
 1881 01a8 00       		.byte	0
 1882 01a9 00       		.byte	0
 1883 01aa 21       		.uleb128 0x21
 1884 01ab 34       		.uleb128 0x34
 1885 01ac 00       		.byte	0
 1886 01ad 03       		.uleb128 0x3
 1887 01ae 0E       		.uleb128 0xe
 1888 01af 3A       		.uleb128 0x3a
 1889 01b0 0B       		.uleb128 0xb
 1890 01b1 3B       		.uleb128 0x3b
 1891 01b2 05       		.uleb128 0x5
 1892 01b3 49       		.uleb128 0x49
 1893 01b4 13       		.uleb128 0x13
 1894 01b5 3F       		.uleb128 0x3f
 1895 01b6 19       		.uleb128 0x19
 1896 01b7 3C       		.uleb128 0x3c
 1897 01b8 19       		.uleb128 0x19
 1898 01b9 00       		.byte	0
 1899 01ba 00       		.byte	0
 1900 01bb 22       		.uleb128 0x22
 1901 01bc 34       		.uleb128 0x34
 1902 01bd 00       		.byte	0
 1903 01be 03       		.uleb128 0x3
 1904 01bf 0E       		.uleb128 0xe
 1905 01c0 3A       		.uleb128 0x3a
 1906 01c1 0B       		.uleb128 0xb
 1907 01c2 3B       		.uleb128 0x3b
 1908 01c3 0B       		.uleb128 0xb
 1909 01c4 49       		.uleb128 0x49
 1910 01c5 13       		.uleb128 0x13
 1911 01c6 3F       		.uleb128 0x3f
 1912 01c7 19       		.uleb128 0x19
 1913 01c8 02       		.uleb128 0x2
 1914 01c9 18       		.uleb128 0x18
 1915 01ca 00       		.byte	0
 1916 01cb 00       		.byte	0
 1917 01cc 23       		.uleb128 0x23
 1918 01cd 2E       		.uleb128 0x2e
 1919 01ce 00       		.byte	0
 1920 01cf 3F       		.uleb128 0x3f
 1921 01d0 19       		.uleb128 0x19
 1922 01d1 03       		.uleb128 0x3
 1923 01d2 0E       		.uleb128 0xe
 1924 01d3 3A       		.uleb128 0x3a
 1925 01d4 0B       		.uleb128 0xb
 1926 01d5 3B       		.uleb128 0x3b
 1927 01d6 05       		.uleb128 0x5
 1928 01d7 27       		.uleb128 0x27
 1929 01d8 19       		.uleb128 0x19
 1930 01d9 3C       		.uleb128 0x3c
 1931 01da 19       		.uleb128 0x19
 1932 01db 00       		.byte	0
 1933 01dc 00       		.byte	0
 1934 01dd 24       		.uleb128 0x24
ARM GAS  /tmp/ccFCxesp.s 			page 35


 1935 01de 2E       		.uleb128 0x2e
 1936 01df 01       		.byte	0x1
 1937 01e0 3F       		.uleb128 0x3f
 1938 01e1 19       		.uleb128 0x19
 1939 01e2 03       		.uleb128 0x3
 1940 01e3 0E       		.uleb128 0xe
 1941 01e4 3A       		.uleb128 0x3a
 1942 01e5 0B       		.uleb128 0xb
 1943 01e6 3B       		.uleb128 0x3b
 1944 01e7 05       		.uleb128 0x5
 1945 01e8 27       		.uleb128 0x27
 1946 01e9 19       		.uleb128 0x19
 1947 01ea 3C       		.uleb128 0x3c
 1948 01eb 19       		.uleb128 0x19
 1949 01ec 01       		.uleb128 0x1
 1950 01ed 13       		.uleb128 0x13
 1951 01ee 00       		.byte	0
 1952 01ef 00       		.byte	0
 1953 01f0 25       		.uleb128 0x25
 1954 01f1 2E       		.uleb128 0x2e
 1955 01f2 01       		.byte	0x1
 1956 01f3 3F       		.uleb128 0x3f
 1957 01f4 19       		.uleb128 0x19
 1958 01f5 03       		.uleb128 0x3
 1959 01f6 0E       		.uleb128 0xe
 1960 01f7 3A       		.uleb128 0x3a
 1961 01f8 0B       		.uleb128 0xb
 1962 01f9 3B       		.uleb128 0x3b
 1963 01fa 05       		.uleb128 0x5
 1964 01fb 27       		.uleb128 0x27
 1965 01fc 19       		.uleb128 0x19
 1966 01fd 3C       		.uleb128 0x3c
 1967 01fe 19       		.uleb128 0x19
 1968 01ff 00       		.byte	0
 1969 0200 00       		.byte	0
 1970 0201 00       		.byte	0
 1971              		.section	.debug_loc,"",%progbits
 1972              	.Ldebug_loc0:
 1973              	.LLST0:
 1974 0000 1A000000 		.4byte	.LVL0
 1975 0004 21000000 		.4byte	.LVL1-1
 1976 0008 0100     		.2byte	0x1
 1977 000a 51       		.byte	0x51
 1978 000b 00000000 		.4byte	0
 1979 000f 00000000 		.4byte	0
 1980              	.LLST1:
 1981 0013 18000000 		.4byte	.LVL3
 1982 0017 23000000 		.4byte	.LVL4-1
 1983 001b 0100     		.2byte	0x1
 1984 001d 51       		.byte	0x51
 1985 001e 00000000 		.4byte	0
 1986 0022 00000000 		.4byte	0
 1987              	.LLST2:
 1988 0026 18000000 		.4byte	.LVL6
 1989 002a 23000000 		.4byte	.LVL7-1
 1990 002e 0100     		.2byte	0x1
 1991 0030 51       		.byte	0x51
ARM GAS  /tmp/ccFCxesp.s 			page 36


 1992 0031 00000000 		.4byte	0
 1993 0035 00000000 		.4byte	0
 1994              	.LLST3:
 1995 0039 18000000 		.4byte	.LVL9
 1996 003d 23000000 		.4byte	.LVL10-1
 1997 0041 0100     		.2byte	0x1
 1998 0043 51       		.byte	0x51
 1999 0044 00000000 		.4byte	0
 2000 0048 00000000 		.4byte	0
 2001              	.LLST4:
 2002 004c 18000000 		.4byte	.LVL12
 2003 0050 23000000 		.4byte	.LVL13-1
 2004 0054 0100     		.2byte	0x1
 2005 0056 51       		.byte	0x51
 2006 0057 00000000 		.4byte	0
 2007 005b 00000000 		.4byte	0
 2008              	.LLST5:
 2009 005f 18000000 		.4byte	.LVL15
 2010 0063 23000000 		.4byte	.LVL16-1
 2011 0067 0100     		.2byte	0x1
 2012 0069 51       		.byte	0x51
 2013 006a 00000000 		.4byte	0
 2014 006e 00000000 		.4byte	0
 2015              	.LLST6:
 2016 0072 18000000 		.4byte	.LVL18
 2017 0076 23000000 		.4byte	.LVL19-1
 2018 007a 0100     		.2byte	0x1
 2019 007c 51       		.byte	0x51
 2020 007d 00000000 		.4byte	0
 2021 0081 00000000 		.4byte	0
 2022              	.LLST7:
 2023 0085 16000000 		.4byte	.LVL21
 2024 0089 22000000 		.4byte	.LVL22
 2025 008d 0200     		.2byte	0x2
 2026 008f 30       		.byte	0x30
 2027 0090 9F       		.byte	0x9f
 2028 0091 00000000 		.4byte	0
 2029 0095 00000000 		.4byte	0
 2030              	.LLST8:
 2031 0099 00000000 		.4byte	.LVL23
 2032 009d 6C000000 		.4byte	.LVL25
 2033 00a1 0100     		.2byte	0x1
 2034 00a3 50       		.byte	0x50
 2035 00a4 6C000000 		.4byte	.LVL25
 2036 00a8 76000000 		.4byte	.LVL28
 2037 00ac 0400     		.2byte	0x4
 2038 00ae F3       		.byte	0xf3
 2039 00af 01       		.uleb128 0x1
 2040 00b0 50       		.byte	0x50
 2041 00b1 9F       		.byte	0x9f
 2042 00b2 76000000 		.4byte	.LVL28
 2043 00b6 78000000 		.4byte	.LVL29
 2044 00ba 0100     		.2byte	0x1
 2045 00bc 50       		.byte	0x50
 2046 00bd 78000000 		.4byte	.LVL29
 2047 00c1 7A000000 		.4byte	.LVL30
 2048 00c5 0400     		.2byte	0x4
ARM GAS  /tmp/ccFCxesp.s 			page 37


 2049 00c7 F3       		.byte	0xf3
 2050 00c8 01       		.uleb128 0x1
 2051 00c9 50       		.byte	0x50
 2052 00ca 9F       		.byte	0x9f
 2053 00cb 7A000000 		.4byte	.LVL30
 2054 00cf 7C000000 		.4byte	.LVL31
 2055 00d3 0100     		.2byte	0x1
 2056 00d5 50       		.byte	0x50
 2057 00d6 7C000000 		.4byte	.LVL31
 2058 00da 7E000000 		.4byte	.LFE71
 2059 00de 0400     		.2byte	0x4
 2060 00e0 F3       		.byte	0xf3
 2061 00e1 01       		.uleb128 0x1
 2062 00e2 50       		.byte	0x50
 2063 00e3 9F       		.byte	0x9f
 2064 00e4 00000000 		.4byte	0
 2065 00e8 00000000 		.4byte	0
 2066              	.LLST9:
 2067 00ec 00000000 		.4byte	.LVL23
 2068 00f0 6E000000 		.4byte	.LVL26
 2069 00f4 0100     		.2byte	0x1
 2070 00f6 51       		.byte	0x51
 2071 00f7 6E000000 		.4byte	.LVL26
 2072 00fb 76000000 		.4byte	.LVL28
 2073 00ff 0400     		.2byte	0x4
 2074 0101 F3       		.byte	0xf3
 2075 0102 01       		.uleb128 0x1
 2076 0103 51       		.byte	0x51
 2077 0104 9F       		.byte	0x9f
 2078 0105 76000000 		.4byte	.LVL28
 2079 0109 7E000000 		.4byte	.LFE71
 2080 010d 0100     		.2byte	0x1
 2081 010f 51       		.byte	0x51
 2082 0110 00000000 		.4byte	0
 2083 0114 00000000 		.4byte	0
 2084              	.LLST10:
 2085 0118 00000000 		.4byte	.LVL23
 2086 011c 71000000 		.4byte	.LVL27-1
 2087 0120 0100     		.2byte	0x1
 2088 0122 52       		.byte	0x52
 2089 0123 71000000 		.4byte	.LVL27-1
 2090 0127 76000000 		.4byte	.LVL28
 2091 012b 0400     		.2byte	0x4
 2092 012d F3       		.byte	0xf3
 2093 012e 01       		.uleb128 0x1
 2094 012f 52       		.byte	0x52
 2095 0130 9F       		.byte	0x9f
 2096 0131 76000000 		.4byte	.LVL28
 2097 0135 7E000000 		.4byte	.LFE71
 2098 0139 0100     		.2byte	0x1
 2099 013b 52       		.byte	0x52
 2100 013c 00000000 		.4byte	0
 2101 0140 00000000 		.4byte	0
 2102              	.LLST11:
 2103 0144 00000000 		.4byte	.LVL23
 2104 0148 34000000 		.4byte	.LVL24
 2105 014c 0100     		.2byte	0x1
ARM GAS  /tmp/ccFCxesp.s 			page 38


 2106 014e 53       		.byte	0x53
 2107 014f 34000000 		.4byte	.LVL24
 2108 0153 71000000 		.4byte	.LVL27-1
 2109 0157 0200     		.2byte	0x2
 2110 0159 7C       		.byte	0x7c
 2111 015a 04       		.sleb128 4
 2112 015b 71000000 		.4byte	.LVL27-1
 2113 015f 76000000 		.4byte	.LVL28
 2114 0163 0400     		.2byte	0x4
 2115 0165 F3       		.byte	0xf3
 2116 0166 01       		.uleb128 0x1
 2117 0167 53       		.byte	0x53
 2118 0168 9F       		.byte	0x9f
 2119 0169 76000000 		.4byte	.LVL28
 2120 016d 7A000000 		.4byte	.LVL30
 2121 0171 0100     		.2byte	0x1
 2122 0173 53       		.byte	0x53
 2123 0174 7A000000 		.4byte	.LVL30
 2124 0178 7E000000 		.4byte	.LFE71
 2125 017c 0200     		.2byte	0x2
 2126 017e 7C       		.byte	0x7c
 2127 017f 04       		.sleb128 4
 2128 0180 00000000 		.4byte	0
 2129 0184 00000000 		.4byte	0
 2130              	.LLST12:
 2131 0188 00000000 		.4byte	.LVL32
 2132 018c 06000000 		.4byte	.LVL33
 2133 0190 0100     		.2byte	0x1
 2134 0192 50       		.byte	0x50
 2135 0193 06000000 		.4byte	.LVL33
 2136 0197 38000000 		.4byte	.LFE72
 2137 019b 0100     		.2byte	0x1
 2138 019d 54       		.byte	0x54
 2139 019e 00000000 		.4byte	0
 2140 01a2 00000000 		.4byte	0
 2141              		.section	.debug_aranges,"",%progbits
 2142 0000 64000000 		.4byte	0x64
 2143 0004 0200     		.2byte	0x2
 2144 0006 00000000 		.4byte	.Ldebug_info0
 2145 000a 04       		.byte	0x4
 2146 000b 00       		.byte	0
 2147 000c 0000     		.2byte	0
 2148 000e 0000     		.2byte	0
 2149 0010 00000000 		.4byte	.LFB63
 2150 0014 2A000000 		.4byte	.LFE63-.LFB63
 2151 0018 00000000 		.4byte	.LFB64
 2152 001c 2C000000 		.4byte	.LFE64-.LFB64
 2153 0020 00000000 		.4byte	.LFB65
 2154 0024 2C000000 		.4byte	.LFE65-.LFB65
 2155 0028 00000000 		.4byte	.LFB66
 2156 002c 2C000000 		.4byte	.LFE66-.LFB66
 2157 0030 00000000 		.4byte	.LFB67
 2158 0034 2C000000 		.4byte	.LFE67-.LFB67
 2159 0038 00000000 		.4byte	.LFB68
 2160 003c 2C000000 		.4byte	.LFE68-.LFB68
 2161 0040 00000000 		.4byte	.LFB69
 2162 0044 2C000000 		.4byte	.LFE69-.LFB69
ARM GAS  /tmp/ccFCxesp.s 			page 39


 2163 0048 00000000 		.4byte	.LFB70
 2164 004c 44000000 		.4byte	.LFE70-.LFB70
 2165 0050 00000000 		.4byte	.LFB71
 2166 0054 7E000000 		.4byte	.LFE71-.LFB71
 2167 0058 00000000 		.4byte	.LFB72
 2168 005c 38000000 		.4byte	.LFE72-.LFB72
 2169 0060 00000000 		.4byte	0
 2170 0064 00000000 		.4byte	0
 2171              		.section	.debug_ranges,"",%progbits
 2172              	.Ldebug_ranges0:
 2173 0000 00000000 		.4byte	.LFB63
 2174 0004 2A000000 		.4byte	.LFE63
 2175 0008 00000000 		.4byte	.LFB64
 2176 000c 2C000000 		.4byte	.LFE64
 2177 0010 00000000 		.4byte	.LFB65
 2178 0014 2C000000 		.4byte	.LFE65
 2179 0018 00000000 		.4byte	.LFB66
 2180 001c 2C000000 		.4byte	.LFE66
 2181 0020 00000000 		.4byte	.LFB67
 2182 0024 2C000000 		.4byte	.LFE67
 2183 0028 00000000 		.4byte	.LFB68
 2184 002c 2C000000 		.4byte	.LFE68
 2185 0030 00000000 		.4byte	.LFB69
 2186 0034 2C000000 		.4byte	.LFE69
 2187 0038 00000000 		.4byte	.LFB70
 2188 003c 44000000 		.4byte	.LFE70
 2189 0040 00000000 		.4byte	.LFB71
 2190 0044 7E000000 		.4byte	.LFE71
 2191 0048 00000000 		.4byte	.LFB72
 2192 004c 38000000 		.4byte	.LFE72
 2193 0050 00000000 		.4byte	0
 2194 0054 00000000 		.4byte	0
 2195              		.section	.debug_line,"",%progbits
 2196              	.Ldebug_line0:
 2197 0000 B0020000 		.section	.debug_str,"MS",%progbits,1
 2197      02007401 
 2197      00000201 
 2197      FB0E0D00 
 2197      01010101 
 2198              	.LASF101:
 2199 0000 646D615F 		.ascii	"dma_isr_redir_t\000"
 2199      6973725F 
 2199      72656469 
 2199      725F7400 
 2200              	.LASF90:
 2201 0010 41504231 		.ascii	"APB1LPENR\000"
 2201      4C50454E 
 2201      5200
 2202              	.LASF30:
 2203 001a 5056445F 		.ascii	"PVD_IRQn\000"
 2203      4952516E 
 2203      00
 2204              	.LASF52:
 2205 0023 45585449 		.ascii	"EXTI9_5_IRQn\000"
 2205      395F355F 
 2205      4952516E 
 2205      00
ARM GAS  /tmp/ccFCxesp.s 			page 40


 2206              	.LASF51:
 2207 0030 434F4D50 		.ascii	"COMP_IRQn\000"
 2207      5F495251 
 2207      6E00
 2208              	.LASF60:
 2209 003a 49324331 		.ascii	"I2C1_EV_IRQn\000"
 2209      5F45565F 
 2209      4952516E 
 2209      00
 2210              	.LASF4:
 2211 0047 5F5F7569 		.ascii	"__uint8_t\000"
 2211      6E74385F 
 2211      7400
 2212              	.LASF88:
 2213 0051 4148424C 		.ascii	"AHBLPENR\000"
 2213      50454E52 
 2213      00
 2214              	.LASF12:
 2215 005a 6C6F6E67 		.ascii	"long long unsigned int\000"
 2215      206C6F6E 
 2215      6720756E 
 2215      7369676E 
 2215      65642069 
 2216              	.LASF70:
 2217 0071 5254435F 		.ascii	"RTC_Alarm_IRQn\000"
 2217      416C6172 
 2217      6D5F4952 
 2217      516E00
 2218              	.LASF96:
 2219 0080 76656374 		.ascii	"vector\000"
 2219      6F7200
 2220              	.LASF119:
 2221 0087 5F73746D 		.ascii	"_stm32_dma_streams\000"
 2221      33325F64 
 2221      6D615F73 
 2221      74726561 
 2221      6D7300
 2222              	.LASF63:
 2223 009a 49324332 		.ascii	"I2C2_ER_IRQn\000"
 2223      5F45525F 
 2223      4952516E 
 2223      00
 2224              	.LASF59:
 2225 00a7 54494D34 		.ascii	"TIM4_IRQn\000"
 2225      5F495251 
 2225      6E00
 2226              	.LASF32:
 2227 00b1 5254435F 		.ascii	"RTC_WKUP_IRQn\000"
 2227      574B5550 
 2227      5F495251 
 2227      6E00
 2228              	.LASF29:
 2229 00bf 57574447 		.ascii	"WWDG_IRQn\000"
 2229      5F495251 
 2229      6E00
 2230              	.LASF126:
 2231 00c9 6E766963 		.ascii	"nvicEnableVector\000"
ARM GAS  /tmp/ccFCxesp.s 			page 41


 2231      456E6162 
 2231      6C655665 
 2231      63746F72 
 2231      00
 2232              	.LASF11:
 2233 00da 6C6F6E67 		.ascii	"long long int\000"
 2233      206C6F6E 
 2233      6720696E 
 2233      7400
 2234              	.LASF1:
 2235 00e8 7369676E 		.ascii	"signed char\000"
 2235      65642063 
 2235      68617200 
 2236              	.LASF17:
 2237 00f4 626F6F6C 		.ascii	"bool_t\000"
 2237      5F7400
 2238              	.LASF111:
 2239 00fb 646D6173 		.ascii	"dmastp\000"
 2239      747000
 2240              	.LASF8:
 2241 0102 6C6F6E67 		.ascii	"long int\000"
 2241      20696E74 
 2241      00
 2242              	.LASF83:
 2243 010b 41504232 		.ascii	"APB2RSTR\000"
 2243      52535452 
 2243      00
 2244              	.LASF113:
 2245 0114 66756E63 		.ascii	"func\000"
 2245      00
 2246              	.LASF42:
 2247 0119 444D4131 		.ascii	"DMA1_Channel3_IRQn\000"
 2247      5F436861 
 2247      6E6E656C 
 2247      335F4952 
 2247      516E00
 2248              	.LASF14:
 2249 012c 75696E74 		.ascii	"uint16_t\000"
 2249      31365F74 
 2249      00
 2250              	.LASF16:
 2251 0135 75696E74 		.ascii	"uint32_t\000"
 2251      33325F74 
 2251      00
 2252              	.LASF55:
 2253 013e 54494D31 		.ascii	"TIM10_IRQn\000"
 2253      305F4952 
 2253      516E00
 2254              	.LASF100:
 2255 0149 646D615F 		.ascii	"dma_param\000"
 2255      70617261 
 2255      6D00
 2256              	.LASF27:
 2257 0153 50656E64 		.ascii	"PendSV_IRQn\000"
 2257      53565F49 
 2257      52516E00 
 2258              	.LASF43:
ARM GAS  /tmp/ccFCxesp.s 			page 42


 2259 015f 444D4131 		.ascii	"DMA1_Channel4_IRQn\000"
 2259      5F436861 
 2259      6E6E656C 
 2259      345F4952 
 2259      516E00
 2260              	.LASF9:
 2261 0172 5F5F7569 		.ascii	"__uint32_t\000"
 2261      6E743332 
 2261      5F7400
 2262              	.LASF23:
 2263 017d 42757346 		.ascii	"BusFault_IRQn\000"
 2263      61756C74 
 2263      5F495251 
 2263      6E00
 2264              	.LASF95:
 2265 018b 73656C66 		.ascii	"selfindex\000"
 2265      696E6465 
 2265      7800
 2266              	.LASF79:
 2267 0195 444D415F 		.ascii	"DMA_TypeDef\000"
 2267      54797065 
 2267      44656600 
 2268              	.LASF54:
 2269 01a1 54494D39 		.ascii	"TIM9_IRQn\000"
 2269      5F495251 
 2269      6E00
 2270              	.LASF127:
 2271 01ab 6E766963 		.ascii	"nvicDisableVector\000"
 2271      44697361 
 2271      626C6556 
 2271      6563746F 
 2271      7200
 2272              	.LASF75:
 2273 01bd 43504152 		.ascii	"CPAR\000"
 2273      00
 2274              	.LASF98:
 2275 01c2 73746D33 		.ascii	"stm32_dmaisr_t\000"
 2275      325F646D 
 2275      61697372 
 2275      5F7400
 2276              	.LASF10:
 2277 01d1 6C6F6E67 		.ascii	"long unsigned int\000"
 2277      20756E73 
 2277      69676E65 
 2277      6420696E 
 2277      7400
 2278              	.LASF91:
 2279 01e3 5243435F 		.ascii	"RCC_TypeDef\000"
 2279      54797065 
 2279      44656600 
 2280              	.LASF77:
 2281 01ef 444D415F 		.ascii	"DMA_Channel_TypeDef\000"
 2281      4368616E 
 2281      6E656C5F 
 2281      54797065 
 2281      44656600 
 2282              	.LASF94:
ARM GAS  /tmp/ccFCxesp.s 			page 43


 2283 0203 69736869 		.ascii	"ishift\000"
 2283      667400
 2284              	.LASF44:
 2285 020a 444D4131 		.ascii	"DMA1_Channel5_IRQn\000"
 2285      5F436861 
 2285      6E6E656C 
 2285      355F4952 
 2285      516E00
 2286              	.LASF6:
 2287 021d 73686F72 		.ascii	"short unsigned int\000"
 2287      7420756E 
 2287      7369676E 
 2287      65642069 
 2287      6E7400
 2288              	.LASF69:
 2289 0230 45585449 		.ascii	"EXTI15_10_IRQn\000"
 2289      31355F31 
 2289      305F4952 
 2289      516E00
 2290              	.LASF120:
 2291 023f 474E5520 		.ascii	"GNU C 4.8.2 -mcpu=cortex-m3 -mno-thumb-interwork -m"
 2291      4320342E 
 2291      382E3220 
 2291      2D6D6370 
 2291      753D636F 
 2292 0272 7468756D 		.ascii	"thumb -ggdb -O2 -fomit-frame-pointer -ffunction-sec"
 2292      62202D67 
 2292      67646220 
 2292      2D4F3220 
 2292      2D666F6D 
 2293 02a5 74696F6E 		.ascii	"tions -fdata-sections -fno-common\000"
 2293      73202D66 
 2293      64617461 
 2293      2D736563 
 2293      74696F6E 
 2294              	.LASF64:
 2295 02c7 53504931 		.ascii	"SPI1_IRQn\000"
 2295      5F495251 
 2295      6E00
 2296              	.LASF112:
 2297 02d1 7072696F 		.ascii	"priority\000"
 2297      72697479 
 2297      00
 2298              	.LASF89:
 2299 02da 41504232 		.ascii	"APB2LPENR\000"
 2299      4C50454E 
 2299      5200
 2300              	.LASF48:
 2301 02e4 5553425F 		.ascii	"USB_HP_IRQn\000"
 2301      48505F49 
 2301      52516E00 
 2302              	.LASF28:
 2303 02f0 53797354 		.ascii	"SysTick_IRQn\000"
 2303      69636B5F 
 2303      4952516E 
 2303      00
 2304              	.LASF47:
ARM GAS  /tmp/ccFCxesp.s 			page 44


 2305 02fd 41444331 		.ascii	"ADC1_IRQn\000"
 2305      5F495251 
 2305      6E00
 2306              	.LASF123:
 2307 0307 4952516E 		.ascii	"IRQn\000"
 2307      00
 2308              	.LASF41:
 2309 030c 444D4131 		.ascii	"DMA1_Channel2_IRQn\000"
 2309      5F436861 
 2309      6E6E656C 
 2309      325F4952 
 2309      516E00
 2310              	.LASF122:
 2311 031f 2F686F6D 		.ascii	"/home/caroline/Documents/PAF/elfes/Code\000"
 2311      652F6361 
 2311      726F6C69 
 2311      6E652F44 
 2311      6F63756D 
 2312              	.LASF19:
 2313 0347 73697A65 		.ascii	"sizetype\000"
 2313      74797065 
 2313      00
 2314              	.LASF62:
 2315 0350 49324332 		.ascii	"I2C2_EV_IRQn\000"
 2315      5F45565F 
 2315      4952516E 
 2315      00
 2316              	.LASF114:
 2317 035d 70617261 		.ascii	"param\000"
 2317      6D00
 2318              	.LASF38:
 2319 0363 45585449 		.ascii	"EXTI3_IRQn\000"
 2319      335F4952 
 2319      516E00
 2320              	.LASF65:
 2321 036e 53504932 		.ascii	"SPI2_IRQn\000"
 2321      5F495251 
 2321      6E00
 2322              	.LASF99:
 2323 0378 646D615F 		.ascii	"dma_func\000"
 2323      66756E63 
 2323      00
 2324              	.LASF82:
 2325 0381 41484252 		.ascii	"AHBRSTR\000"
 2325      53545200 
 2326              	.LASF71:
 2327 0389 5553425F 		.ascii	"USB_FS_WKUP_IRQn\000"
 2327      46535F57 
 2327      4B55505F 
 2327      4952516E 
 2327      00
 2328              	.LASF84:
 2329 039a 41504231 		.ascii	"APB1RSTR\000"
 2329      52535452 
 2329      00
 2330              	.LASF40:
 2331 03a3 444D4131 		.ascii	"DMA1_Channel1_IRQn\000"
ARM GAS  /tmp/ccFCxesp.s 			page 45


 2331      5F436861 
 2331      6E6E656C 
 2331      315F4952 
 2331      516E00
 2332              	.LASF22:
 2333 03b6 4D656D6F 		.ascii	"MemoryManagement_IRQn\000"
 2333      72794D61 
 2333      6E616765 
 2333      6D656E74 
 2333      5F495251 
 2334              	.LASF66:
 2335 03cc 55534152 		.ascii	"USART1_IRQn\000"
 2335      54315F49 
 2335      52516E00 
 2336              	.LASF97:
 2337 03d8 73746D33 		.ascii	"stm32_dma_stream_t\000"
 2337      325F646D 
 2337      615F7374 
 2337      7265616D 
 2337      5F7400
 2338              	.LASF121:
 2339 03eb 2E2E2F43 		.ascii	"../ChibiOS_2.6.4/os/hal/platforms/STM32L1xx/stm32_d"
 2339      68696269 
 2339      4F535F32 
 2339      2E362E34 
 2339      2F6F732F 
 2340 041e 6D612E63 		.ascii	"ma.c\000"
 2340      00
 2341              	.LASF102:
 2342 0423 56656374 		.ascii	"Vector6C\000"
 2342      6F723643 
 2342      00
 2343              	.LASF18:
 2344 042c 5F426F6F 		.ascii	"_Bool\000"
 2344      6C00
 2345              	.LASF15:
 2346 0432 696E7433 		.ascii	"int32_t\000"
 2346      325F7400 
 2347              	.LASF2:
 2348 043a 756E7369 		.ascii	"unsigned char\000"
 2348      676E6564 
 2348      20636861 
 2348      7200
 2349              	.LASF118:
 2350 0448 49544D5F 		.ascii	"ITM_RxBuffer\000"
 2350      52784275 
 2350      66666572 
 2350      00
 2351              	.LASF72:
 2352 0455 54494D36 		.ascii	"TIM6_IRQn\000"
 2352      5F495251 
 2352      6E00
 2353              	.LASF39:
 2354 045f 45585449 		.ascii	"EXTI4_IRQn\000"
 2354      345F4952 
 2354      516E00
 2355              	.LASF3:
ARM GAS  /tmp/ccFCxesp.s 			page 46


 2356 046a 73686F72 		.ascii	"short int\000"
 2356      7420696E 
 2356      7400
 2357              	.LASF56:
 2358 0474 54494D31 		.ascii	"TIM11_IRQn\000"
 2358      315F4952 
 2358      516E00
 2359              	.LASF37:
 2360 047f 45585449 		.ascii	"EXTI2_IRQn\000"
 2360      325F4952 
 2360      516E00
 2361              	.LASF86:
 2362 048a 41504232 		.ascii	"APB2ENR\000"
 2362      454E5200 
 2363              	.LASF92:
 2364 0492 6368616E 		.ascii	"channel\000"
 2364      6E656C00 
 2365              	.LASF33:
 2366 049a 464C4153 		.ascii	"FLASH_IRQn\000"
 2366      485F4952 
 2366      516E00
 2367              	.LASF93:
 2368 04a5 69666372 		.ascii	"ifcr\000"
 2368      00
 2369              	.LASF103:
 2370 04aa 56656374 		.ascii	"Vector70\000"
 2370      6F723730 
 2370      00
 2371              	.LASF105:
 2372 04b3 56656374 		.ascii	"Vector74\000"
 2372      6F723734 
 2372      00
 2373              	.LASF67:
 2374 04bc 55534152 		.ascii	"USART2_IRQn\000"
 2374      54325F49 
 2374      52516E00 
 2375              	.LASF24:
 2376 04c8 55736167 		.ascii	"UsageFault_IRQn\000"
 2376      65466175 
 2376      6C745F49 
 2376      52516E00 
 2377              	.LASF106:
 2378 04d8 56656374 		.ascii	"Vector78\000"
 2378      6F723738 
 2378      00
 2379              	.LASF87:
 2380 04e1 41504231 		.ascii	"APB1ENR\000"
 2380      454E5200 
 2381              	.LASF110:
 2382 04e9 646D6149 		.ascii	"dmaInit\000"
 2382      6E697400 
 2383              	.LASF78:
 2384 04f1 49464352 		.ascii	"IFCR\000"
 2384      00
 2385              	.LASF20:
 2386 04f6 63686172 		.ascii	"char\000"
 2386      00
ARM GAS  /tmp/ccFCxesp.s 			page 47


 2387              	.LASF115:
 2388 04fb 646D6153 		.ascii	"dmaStreamRelease\000"
 2388      74726561 
 2388      6D52656C 
 2388      65617365 
 2388      00
 2389              	.LASF107:
 2390 050c 56656374 		.ascii	"Vector7C\000"
 2390      6F723743 
 2390      00
 2391              	.LASF0:
 2392 0515 756E7369 		.ascii	"unsigned int\000"
 2392      676E6564 
 2392      20696E74 
 2392      00
 2393              	.LASF5:
 2394 0522 5F5F7569 		.ascii	"__uint16_t\000"
 2394      6E743136 
 2394      5F7400
 2395              	.LASF73:
 2396 052d 54494D37 		.ascii	"TIM7_IRQn\000"
 2396      5F495251 
 2396      6E00
 2397              	.LASF21:
 2398 0537 4E6F6E4D 		.ascii	"NonMaskableInt_IRQn\000"
 2398      61736B61 
 2398      626C6549 
 2398      6E745F49 
 2398      52516E00 
 2399              	.LASF7:
 2400 054b 5F5F696E 		.ascii	"__int32_t\000"
 2400      7433325F 
 2400      7400
 2401              	.LASF45:
 2402 0555 444D4131 		.ascii	"DMA1_Channel6_IRQn\000"
 2402      5F436861 
 2402      6E6E656C 
 2402      365F4952 
 2402      516E00
 2403              	.LASF50:
 2404 0568 4441435F 		.ascii	"DAC_IRQn\000"
 2404      4952516E 
 2404      00
 2405              	.LASF49:
 2406 0571 5553425F 		.ascii	"USB_LP_IRQn\000"
 2406      4C505F49 
 2406      52516E00 
 2407              	.LASF116:
 2408 057d 646D615F 		.ascii	"dma_streams_mask\000"
 2408      73747265 
 2408      616D735F 
 2408      6D61736B 
 2408      00
 2409              	.LASF26:
 2410 058e 44656275 		.ascii	"DebugMonitor_IRQn\000"
 2410      674D6F6E 
 2410      69746F72 
ARM GAS  /tmp/ccFCxesp.s 			page 48


 2410      5F495251 
 2410      6E00
 2411              	.LASF53:
 2412 05a0 4C43445F 		.ascii	"LCD_IRQn\000"
 2412      4952516E 
 2412      00
 2413              	.LASF108:
 2414 05a9 56656374 		.ascii	"Vector80\000"
 2414      6F723830 
 2414      00
 2415              	.LASF68:
 2416 05b2 55534152 		.ascii	"USART3_IRQn\000"
 2416      54335F49 
 2416      52516E00 
 2417              	.LASF109:
 2418 05be 56656374 		.ascii	"Vector84\000"
 2418      6F723834 
 2418      00
 2419              	.LASF57:
 2420 05c7 54494D32 		.ascii	"TIM2_IRQn\000"
 2420      5F495251 
 2420      6E00
 2421              	.LASF35:
 2422 05d1 45585449 		.ascii	"EXTI0_IRQn\000"
 2422      305F4952 
 2422      516E00
 2423              	.LASF74:
 2424 05dc 434E4454 		.ascii	"CNDTR\000"
 2424      5200
 2425              	.LASF76:
 2426 05e2 434D4152 		.ascii	"CMAR\000"
 2426      00
 2427              	.LASF125:
 2428 05e7 5F706F72 		.ascii	"_port_irq_epilogue\000"
 2428      745F6972 
 2428      715F6570 
 2428      696C6F67 
 2428      756500
 2429              	.LASF13:
 2430 05fa 75696E74 		.ascii	"uint8_t\000"
 2430      385F7400 
 2431              	.LASF104:
 2432 0602 666C6167 		.ascii	"flags\000"
 2432      7300
 2433              	.LASF80:
 2434 0608 49435343 		.ascii	"ICSCR\000"
 2434      5200
 2435              	.LASF117:
 2436 060e 646D615F 		.ascii	"dma_isr_redir\000"
 2436      6973725F 
 2436      72656469 
 2436      7200
 2437              	.LASF36:
 2438 061c 45585449 		.ascii	"EXTI1_IRQn\000"
 2438      315F4952 
 2438      516E00
 2439              	.LASF46:
ARM GAS  /tmp/ccFCxesp.s 			page 49


 2440 0627 444D4131 		.ascii	"DMA1_Channel7_IRQn\000"
 2440      5F436861 
 2440      6E6E656C 
 2440      375F4952 
 2440      516E00
 2441              	.LASF81:
 2442 063a 43464752 		.ascii	"CFGR\000"
 2442      00
 2443              	.LASF61:
 2444 063f 49324331 		.ascii	"I2C1_ER_IRQn\000"
 2444      5F45525F 
 2444      4952516E 
 2444      00
 2445              	.LASF31:
 2446 064c 54414D50 		.ascii	"TAMPER_STAMP_IRQn\000"
 2446      45525F53 
 2446      54414D50 
 2446      5F495251 
 2446      6E00
 2447              	.LASF124:
 2448 065e 646D6153 		.ascii	"dmaStreamAllocate\000"
 2448      74726561 
 2448      6D416C6C 
 2448      6F636174 
 2448      6500
 2449              	.LASF34:
 2450 0670 5243435F 		.ascii	"RCC_IRQn\000"
 2450      4952516E 
 2450      00
 2451              	.LASF58:
 2452 0679 54494D33 		.ascii	"TIM3_IRQn\000"
 2452      5F495251 
 2452      6E00
 2453              	.LASF85:
 2454 0683 41484245 		.ascii	"AHBENR\000"
 2454      4E5200
 2455              	.LASF25:
 2456 068a 5356435F 		.ascii	"SVC_IRQn\000"
 2456      4952516E 
 2456      00
 2457              		.ident	"GCC: (4.8.2-14ubuntu1+6) 4.8.2"
ARM GAS  /tmp/ccFCxesp.s 			page 50


DEFINED SYMBOLS
                            *ABS*:0000000000000000 stm32_dma.c
     /tmp/ccFCxesp.s:19     .text.Vector6C:0000000000000000 $t
     /tmp/ccFCxesp.s:24     .text.Vector6C:0000000000000000 Vector6C
     /tmp/ccFCxesp.s:557    .bss.dma_isr_redir:0000000000000000 .LANCHOR0
     /tmp/ccFCxesp.s:68     .text.Vector70:0000000000000000 $t
     /tmp/ccFCxesp.s:73     .text.Vector70:0000000000000000 Vector70
     /tmp/ccFCxesp.s:115    .text.Vector74:0000000000000000 $t
     /tmp/ccFCxesp.s:120    .text.Vector74:0000000000000000 Vector74
     /tmp/ccFCxesp.s:162    .text.Vector78:0000000000000000 $t
     /tmp/ccFCxesp.s:167    .text.Vector78:0000000000000000 Vector78
     /tmp/ccFCxesp.s:209    .text.Vector7C:0000000000000000 $t
     /tmp/ccFCxesp.s:214    .text.Vector7C:0000000000000000 Vector7C
     /tmp/ccFCxesp.s:256    .text.Vector80:0000000000000000 $t
     /tmp/ccFCxesp.s:261    .text.Vector80:0000000000000000 Vector80
     /tmp/ccFCxesp.s:303    .text.Vector84:0000000000000000 $t
     /tmp/ccFCxesp.s:308    .text.Vector84:0000000000000000 Vector84
     /tmp/ccFCxesp.s:350    .text.dmaInit:0000000000000000 $t
     /tmp/ccFCxesp.s:355    .text.dmaInit:0000000000000000 dmaInit
     /tmp/ccFCxesp.s:612    .bss.dma_streams_mask:0000000000000000 .LANCHOR1
     /tmp/ccFCxesp.s:564    .rodata._stm32_dma_streams:0000000000000000 .LANCHOR2
     /tmp/ccFCxesp.s:407    .text.dmaStreamAllocate:0000000000000000 $t
     /tmp/ccFCxesp.s:412    .text.dmaStreamAllocate:0000000000000000 dmaStreamAllocate
     /tmp/ccFCxesp.s:508    .text.dmaStreamRelease:0000000000000000 $t
     /tmp/ccFCxesp.s:513    .text.dmaStreamRelease:0000000000000000 dmaStreamRelease
     /tmp/ccFCxesp.s:567    .rodata._stm32_dma_streams:0000000000000000 _stm32_dma_streams
     /tmp/ccFCxesp.s:556    .bss.dma_isr_redir:0000000000000000 $d
     /tmp/ccFCxesp.s:560    .bss.dma_isr_redir:0000000000000000 dma_isr_redir
     /tmp/ccFCxesp.s:563    .rodata._stm32_dma_streams:0000000000000000 $d
     /tmp/ccFCxesp.s:611    .bss.dma_streams_mask:0000000000000000 $d
     /tmp/ccFCxesp.s:615    .bss.dma_streams_mask:0000000000000000 dma_streams_mask
                     .debug_frame:0000000000000010 $d

UNDEFINED SYMBOLS
_port_irq_epilogue
nvicEnableVector
nvicDisableVector
