ARM GAS  /tmp/ccj9yltY.s 			page 1


   1              		.syntax unified
   2              		.cpu cortex-m3
   3              		.fpu softvfp
   4              		.eabi_attribute 20, 1
   5              		.eabi_attribute 21, 1
   6              		.eabi_attribute 23, 3
   7              		.eabi_attribute 24, 1
   8              		.eabi_attribute 25, 1
   9              		.eabi_attribute 26, 1
  10              		.eabi_attribute 30, 2
  11              		.eabi_attribute 34, 1
  12              		.eabi_attribute 18, 4
  13              		.thumb
  14              		.file	"vectors.c"
  15              		.text
  16              	.Ltext0:
  17              		.cfi_sections	.debug_frame
  18              		.section	.text._unhandled_exception,"ax",%progbits
  19              		.align	2
  20              		.global	_unhandled_exception
  21              		.thumb
  22              		.thumb_func
  23              		.type	_unhandled_exception, %function
  24              	_unhandled_exception:
  25              	.LFB7:
  26              		.file 1 "../ChibiOS_2.6.4/os/ports/GCC/ARMCMx/STM32L1xx/vectors.c"
  27              		.loc 1 169 0
  28              		.cfi_startproc
  29              		@ Naked Function: prologue and epilogue provided by programmer.
  30              		@ Volatile: function does not return.
  31              		@ args = 0, pretend = 0, frame = 0
  32              		@ frame_needed = 0, uses_anonymous_args = 0
  33              	.L2:
  34 0000 FEE7     		b	.L2
  35              		.cfi_endproc
  36              	.LFE7:
  37              		.size	_unhandled_exception, .-_unhandled_exception
  38              		.weak	NMIVector
  39              		.thumb_set NMIVector,_unhandled_exception
  40              		.weak	HardFaultVector
  41              		.thumb_set HardFaultVector,_unhandled_exception
  42              		.weak	MemManageVector
  43              		.thumb_set MemManageVector,_unhandled_exception
  44              		.weak	BusFaultVector
  45              		.thumb_set BusFaultVector,_unhandled_exception
  46              		.weak	UsageFaultVector
  47              		.thumb_set UsageFaultVector,_unhandled_exception
  48              		.weak	Vector1C
  49              		.thumb_set Vector1C,_unhandled_exception
  50              		.weak	Vector20
  51              		.thumb_set Vector20,_unhandled_exception
  52              		.weak	Vector24
  53              		.thumb_set Vector24,_unhandled_exception
  54              		.weak	Vector28
  55              		.thumb_set Vector28,_unhandled_exception
  56              		.weak	SVCallVector
  57              		.thumb_set SVCallVector,_unhandled_exception
ARM GAS  /tmp/ccj9yltY.s 			page 2


  58              		.weak	DebugMonitorVector
  59              		.thumb_set DebugMonitorVector,_unhandled_exception
  60              		.weak	Vector34
  61              		.thumb_set Vector34,_unhandled_exception
  62              		.weak	PendSVVector
  63              		.thumb_set PendSVVector,_unhandled_exception
  64              		.weak	SysTickVector
  65              		.thumb_set SysTickVector,_unhandled_exception
  66              		.weak	Vector40
  67              		.thumb_set Vector40,_unhandled_exception
  68              		.weak	Vector44
  69              		.thumb_set Vector44,_unhandled_exception
  70              		.weak	Vector48
  71              		.thumb_set Vector48,_unhandled_exception
  72              		.weak	Vector4C
  73              		.thumb_set Vector4C,_unhandled_exception
  74              		.weak	Vector50
  75              		.thumb_set Vector50,_unhandled_exception
  76              		.weak	Vector54
  77              		.thumb_set Vector54,_unhandled_exception
  78              		.weak	Vector58
  79              		.thumb_set Vector58,_unhandled_exception
  80              		.weak	Vector5C
  81              		.thumb_set Vector5C,_unhandled_exception
  82              		.weak	Vector60
  83              		.thumb_set Vector60,_unhandled_exception
  84              		.weak	Vector64
  85              		.thumb_set Vector64,_unhandled_exception
  86              		.weak	Vector68
  87              		.thumb_set Vector68,_unhandled_exception
  88              		.weak	Vector6C
  89              		.thumb_set Vector6C,_unhandled_exception
  90              		.weak	Vector70
  91              		.thumb_set Vector70,_unhandled_exception
  92              		.weak	Vector74
  93              		.thumb_set Vector74,_unhandled_exception
  94              		.weak	Vector78
  95              		.thumb_set Vector78,_unhandled_exception
  96              		.weak	Vector7C
  97              		.thumb_set Vector7C,_unhandled_exception
  98              		.weak	Vector80
  99              		.thumb_set Vector80,_unhandled_exception
 100              		.weak	Vector84
 101              		.thumb_set Vector84,_unhandled_exception
 102              		.weak	Vector88
 103              		.thumb_set Vector88,_unhandled_exception
 104              		.weak	Vector8C
 105              		.thumb_set Vector8C,_unhandled_exception
 106              		.weak	Vector90
 107              		.thumb_set Vector90,_unhandled_exception
 108              		.weak	Vector94
 109              		.thumb_set Vector94,_unhandled_exception
 110              		.weak	Vector98
 111              		.thumb_set Vector98,_unhandled_exception
 112              		.weak	Vector9C
 113              		.thumb_set Vector9C,_unhandled_exception
 114              		.weak	VectorA0
ARM GAS  /tmp/ccj9yltY.s 			page 3


 115              		.thumb_set VectorA0,_unhandled_exception
 116              		.weak	VectorA4
 117              		.thumb_set VectorA4,_unhandled_exception
 118              		.weak	VectorA8
 119              		.thumb_set VectorA8,_unhandled_exception
 120              		.weak	VectorAC
 121              		.thumb_set VectorAC,_unhandled_exception
 122              		.weak	VectorB0
 123              		.thumb_set VectorB0,_unhandled_exception
 124              		.weak	VectorB4
 125              		.thumb_set VectorB4,_unhandled_exception
 126              		.weak	VectorB8
 127              		.thumb_set VectorB8,_unhandled_exception
 128              		.weak	VectorBC
 129              		.thumb_set VectorBC,_unhandled_exception
 130              		.weak	VectorC0
 131              		.thumb_set VectorC0,_unhandled_exception
 132              		.weak	VectorC4
 133              		.thumb_set VectorC4,_unhandled_exception
 134              		.weak	VectorC8
 135              		.thumb_set VectorC8,_unhandled_exception
 136              		.weak	VectorCC
 137              		.thumb_set VectorCC,_unhandled_exception
 138              		.weak	VectorD0
 139              		.thumb_set VectorD0,_unhandled_exception
 140              		.weak	VectorD4
 141              		.thumb_set VectorD4,_unhandled_exception
 142              		.weak	VectorD8
 143              		.thumb_set VectorD8,_unhandled_exception
 144              		.weak	VectorDC
 145              		.thumb_set VectorDC,_unhandled_exception
 146              		.weak	VectorE0
 147              		.thumb_set VectorE0,_unhandled_exception
 148              		.weak	VectorE4
 149              		.thumb_set VectorE4,_unhandled_exception
 150              		.weak	VectorE8
 151              		.thumb_set VectorE8,_unhandled_exception
 152              		.weak	VectorEC
 153              		.thumb_set VectorEC,_unhandled_exception
 154              		.weak	VectorF0
 155              		.thumb_set VectorF0,_unhandled_exception
 156              		.global	_vectors
 157 0002 00BF     		.section	vectors,"aw",%progbits
 158              		.align	2
 159              		.type	_vectors, %object
 160              		.size	_vectors, 244
 161              	_vectors:
 162 0000 00000000 		.word	__main_stack_end__
 163 0004 00000000 		.word	ResetHandler
 164 0008 00000000 		.word	NMIVector
 165 000c 00000000 		.word	HardFaultVector
 166 0010 00000000 		.word	MemManageVector
 167 0014 00000000 		.word	BusFaultVector
 168 0018 00000000 		.word	UsageFaultVector
 169 001c 00000000 		.word	Vector1C
 170 0020 00000000 		.word	Vector20
 171 0024 00000000 		.word	Vector24
ARM GAS  /tmp/ccj9yltY.s 			page 4


 172 0028 00000000 		.word	Vector28
 173 002c 00000000 		.word	SVCallVector
 174 0030 00000000 		.word	DebugMonitorVector
 175 0034 00000000 		.word	Vector34
 176 0038 00000000 		.word	PendSVVector
 177 003c 00000000 		.word	SysTickVector
 178 0040 00000000 		.word	Vector40
 179 0044 00000000 		.word	Vector44
 180 0048 00000000 		.word	Vector48
 181 004c 00000000 		.word	Vector4C
 182 0050 00000000 		.word	Vector50
 183 0054 00000000 		.word	Vector54
 184 0058 00000000 		.word	Vector58
 185 005c 00000000 		.word	Vector5C
 186 0060 00000000 		.word	Vector60
 187 0064 00000000 		.word	Vector64
 188 0068 00000000 		.word	Vector68
 189 006c 00000000 		.word	Vector6C
 190 0070 00000000 		.word	Vector70
 191 0074 00000000 		.word	Vector74
 192 0078 00000000 		.word	Vector78
 193 007c 00000000 		.word	Vector7C
 194 0080 00000000 		.word	Vector80
 195 0084 00000000 		.word	Vector84
 196 0088 00000000 		.word	Vector88
 197 008c 00000000 		.word	Vector8C
 198 0090 00000000 		.word	Vector90
 199 0094 00000000 		.word	Vector94
 200 0098 00000000 		.word	Vector98
 201 009c 00000000 		.word	Vector9C
 202 00a0 00000000 		.word	VectorA0
 203 00a4 00000000 		.word	VectorA4
 204 00a8 00000000 		.word	VectorA8
 205 00ac 00000000 		.word	VectorAC
 206 00b0 00000000 		.word	VectorB0
 207 00b4 00000000 		.word	VectorB4
 208 00b8 00000000 		.word	VectorB8
 209 00bc 00000000 		.word	VectorBC
 210 00c0 00000000 		.word	VectorC0
 211 00c4 00000000 		.word	VectorC4
 212 00c8 00000000 		.word	VectorC8
 213 00cc 00000000 		.word	VectorCC
 214 00d0 00000000 		.word	VectorD0
 215 00d4 00000000 		.word	VectorD4
 216 00d8 00000000 		.word	VectorD8
 217 00dc 00000000 		.word	VectorDC
 218 00e0 00000000 		.word	VectorE0
 219 00e4 00000000 		.word	VectorE4
 220 00e8 00000000 		.word	VectorE8
 221 00ec 00000000 		.word	VectorEC
 222 00f0 00000000 		.word	VectorF0
 223              		.text
 224              	.Letext0:
 225              		.file 2 "/usr/include/newlib/machine/_default_types.h"
 226              		.file 3 "/usr/include/newlib/stdint.h"
 227              		.section	.debug_info,"",%progbits
 228              	.Ldebug_info0:
ARM GAS  /tmp/ccj9yltY.s 			page 5


 229 0000 C8010000 		.4byte	0x1c8
 230 0004 0400     		.2byte	0x4
 231 0006 00000000 		.4byte	.Ldebug_abbrev0
 232 000a 04       		.byte	0x4
 233 000b 01       		.uleb128 0x1
 234 000c 28000000 		.4byte	.LASF35
 235 0010 01       		.byte	0x1
 236 0011 7F020000 		.4byte	.LASF36
 237 0015 1F010000 		.4byte	.LASF37
 238 0019 00000000 		.4byte	.Ldebug_ranges0+0
 239 001d 00000000 		.4byte	0
 240 0021 00000000 		.4byte	.Ldebug_line0
 241 0025 02       		.uleb128 0x2
 242 0026 04       		.byte	0x4
 243 0027 05       		.byte	0x5
 244 0028 696E7400 		.ascii	"int\000"
 245 002c 03       		.uleb128 0x3
 246 002d 04       		.byte	0x4
 247 002e 07       		.byte	0x7
 248 002f 47010000 		.4byte	.LASF0
 249 0033 03       		.uleb128 0x3
 250 0034 01       		.byte	0x1
 251 0035 06       		.byte	0x6
 252 0036 3D020000 		.4byte	.LASF1
 253 003a 03       		.uleb128 0x3
 254 003b 01       		.byte	0x1
 255 003c 08       		.byte	0x8
 256 003d C9000000 		.4byte	.LASF2
 257 0041 03       		.uleb128 0x3
 258 0042 02       		.byte	0x2
 259 0043 05       		.byte	0x5
 260 0044 14020000 		.4byte	.LASF3
 261 0048 03       		.uleb128 0x3
 262 0049 02       		.byte	0x2
 263 004a 07       		.byte	0x7
 264 004b E9000000 		.4byte	.LASF4
 265 004f 03       		.uleb128 0x3
 266 0050 04       		.byte	0x4
 267 0051 05       		.byte	0x5
 268 0052 34020000 		.4byte	.LASF5
 269 0056 04       		.uleb128 0x4
 270 0057 14010000 		.4byte	.LASF9
 271 005b 02       		.byte	0x2
 272 005c 38       		.byte	0x38
 273 005d 61000000 		.4byte	0x61
 274 0061 03       		.uleb128 0x3
 275 0062 04       		.byte	0x4
 276 0063 07       		.byte	0x7
 277 0064 D7000000 		.4byte	.LASF6
 278 0068 03       		.uleb128 0x3
 279 0069 08       		.byte	0x8
 280 006a 05       		.byte	0x5
 281 006b D3010000 		.4byte	.LASF7
 282 006f 03       		.uleb128 0x3
 283 0070 08       		.byte	0x8
 284 0071 07       		.byte	0x7
 285 0072 5F010000 		.4byte	.LASF8
ARM GAS  /tmp/ccj9yltY.s 			page 6


 286 0076 04       		.uleb128 0x4
 287 0077 2B020000 		.4byte	.LASF10
 288 007b 03       		.byte	0x3
 289 007c 42       		.byte	0x42
 290 007d 56000000 		.4byte	0x56
 291 0081 03       		.uleb128 0x3
 292 0082 01       		.byte	0x1
 293 0083 02       		.byte	0x2
 294 0084 66020000 		.4byte	.LASF11
 295 0088 03       		.uleb128 0x3
 296 0089 04       		.byte	0x4
 297 008a 07       		.byte	0x7
 298 008b AB010000 		.4byte	.LASF12
 299 008f 03       		.uleb128 0x3
 300 0090 01       		.byte	0x1
 301 0091 08       		.byte	0x8
 302 0092 E1010000 		.4byte	.LASF13
 303 0096 04       		.uleb128 0x4
 304 0097 09000000 		.4byte	.LASF14
 305 009b 01       		.byte	0x1
 306 009c 2B       		.byte	0x2b
 307 009d A1000000 		.4byte	0xa1
 308 00a1 05       		.uleb128 0x5
 309 00a2 04       		.byte	0x4
 310 00a3 A7000000 		.4byte	0xa7
 311 00a7 06       		.uleb128 0x6
 312 00a8 07       		.uleb128 0x7
 313 00a9 F4       		.byte	0xf4
 314 00aa 01       		.byte	0x1
 315 00ab 30       		.byte	0x30
 316 00ac 7D010000 		.4byte	0x17d
 317 00b0 08       		.uleb128 0x8
 318 00b1 B0000000 		.4byte	.LASF15
 319 00b5 01       		.byte	0x1
 320 00b6 31       		.byte	0x31
 321 00b7 7D010000 		.4byte	0x17d
 322 00bb 00       		.byte	0
 323 00bc 08       		.uleb128 0x8
 324 00bd 1E020000 		.4byte	.LASF16
 325 00c1 01       		.byte	0x1
 326 00c2 32       		.byte	0x32
 327 00c3 96000000 		.4byte	0x96
 328 00c7 04       		.byte	0x4
 329 00c8 08       		.uleb128 0x8
 330 00c9 54010000 		.4byte	.LASF17
 331 00cd 01       		.byte	0x1
 332 00ce 33       		.byte	0x33
 333 00cf 96000000 		.4byte	0x96
 334 00d3 08       		.byte	0x8
 335 00d4 08       		.uleb128 0x8
 336 00d5 C2010000 		.4byte	.LASF18
 337 00d9 01       		.byte	0x1
 338 00da 34       		.byte	0x34
 339 00db 96000000 		.4byte	0x96
 340 00df 0C       		.byte	0xc
 341 00e0 08       		.uleb128 0x8
 342 00e1 E6010000 		.4byte	.LASF19
ARM GAS  /tmp/ccj9yltY.s 			page 7


 343 00e5 01       		.byte	0x1
 344 00e6 35       		.byte	0x35
 345 00e7 96000000 		.4byte	0x96
 346 00eb 10       		.byte	0x10
 347 00ec 08       		.uleb128 0x8
 348 00ed 76010000 		.4byte	.LASF20
 349 00f1 01       		.byte	0x1
 350 00f2 36       		.byte	0x36
 351 00f3 96000000 		.4byte	0x96
 352 00f7 14       		.byte	0x14
 353 00f8 08       		.uleb128 0x8
 354 00f9 8F010000 		.4byte	.LASF21
 355 00fd 01       		.byte	0x1
 356 00fe 37       		.byte	0x37
 357 00ff 96000000 		.4byte	0x96
 358 0103 18       		.byte	0x18
 359 0104 08       		.uleb128 0x8
 360 0105 FC000000 		.4byte	.LASF22
 361 0109 01       		.byte	0x1
 362 010a 38       		.byte	0x38
 363 010b 96000000 		.4byte	0x96
 364 010f 1C       		.byte	0x1c
 365 0110 08       		.uleb128 0x8
 366 0111 5D020000 		.4byte	.LASF23
 367 0115 01       		.byte	0x1
 368 0116 39       		.byte	0x39
 369 0117 96000000 		.4byte	0x96
 370 011b 20       		.byte	0x20
 371 011c 08       		.uleb128 0x8
 372 011d 00000000 		.4byte	.LASF24
 373 0121 01       		.byte	0x1
 374 0122 3A       		.byte	0x3a
 375 0123 96000000 		.4byte	0x96
 376 0127 24       		.byte	0x24
 377 0128 08       		.uleb128 0x8
 378 0129 86010000 		.4byte	.LASF25
 379 012d 01       		.byte	0x1
 380 012e 3B       		.byte	0x3b
 381 012f 96000000 		.4byte	0x96
 382 0133 28       		.byte	0x28
 383 0134 08       		.uleb128 0x8
 384 0135 BB000000 		.4byte	.LASF26
 385 0139 01       		.byte	0x1
 386 013a 3C       		.byte	0x3c
 387 013b 96000000 		.4byte	0x96
 388 013f 2C       		.byte	0x2c
 389 0140 08       		.uleb128 0x8
 390 0141 49020000 		.4byte	.LASF27
 391 0145 01       		.byte	0x1
 392 0146 3D       		.byte	0x3d
 393 0147 96000000 		.4byte	0x96
 394 014b 30       		.byte	0x30
 395 014c 08       		.uleb128 0x8
 396 014d 16000000 		.4byte	.LASF28
 397 0151 01       		.byte	0x1
 398 0152 3E       		.byte	0x3e
 399 0153 96000000 		.4byte	0x96
ARM GAS  /tmp/ccj9yltY.s 			page 8


 400 0157 34       		.byte	0x34
 401 0158 08       		.uleb128 0x8
 402 0159 B4010000 		.4byte	.LASF29
 403 015d 01       		.byte	0x1
 404 015e 3F       		.byte	0x3f
 405 015f 96000000 		.4byte	0x96
 406 0163 38       		.byte	0x38
 407 0164 08       		.uleb128 0x8
 408 0165 05010000 		.4byte	.LASF30
 409 0169 01       		.byte	0x1
 410 016a 40       		.byte	0x40
 411 016b 96000000 		.4byte	0x96
 412 016f 3C       		.byte	0x3c
 413 0170 08       		.uleb128 0x8
 414 0171 0C020000 		.4byte	.LASF31
 415 0175 01       		.byte	0x1
 416 0176 41       		.byte	0x41
 417 0177 83010000 		.4byte	0x183
 418 017b 40       		.byte	0x40
 419 017c 00       		.byte	0
 420 017d 05       		.uleb128 0x5
 421 017e 04       		.byte	0x4
 422 017f 76000000 		.4byte	0x76
 423 0183 09       		.uleb128 0x9
 424 0184 96000000 		.4byte	0x96
 425 0188 93010000 		.4byte	0x193
 426 018c 0A       		.uleb128 0xa
 427 018d 88000000 		.4byte	0x88
 428 0191 2C       		.byte	0x2c
 429 0192 00       		.byte	0
 430 0193 04       		.uleb128 0x4
 431 0194 A1010000 		.4byte	.LASF32
 432 0198 01       		.byte	0x1
 433 0199 42       		.byte	0x42
 434 019a A8000000 		.4byte	0xa8
 435 019e 0B       		.uleb128 0xb
 436 019f F7010000 		.4byte	.LASF38
 437 01a3 01       		.byte	0x1
 438 01a4 A9       		.byte	0xa9
 439 01a5 00000000 		.4byte	.LFB7
 440 01a9 02000000 		.4byte	.LFE7-.LFB7
 441 01ad 01       		.uleb128 0x1
 442 01ae 9C       		.byte	0x9c
 443 01af 0C       		.uleb128 0xc
 444 01b0 6C020000 		.4byte	.LASF33
 445 01b4 01       		.byte	0x1
 446 01b5 45       		.byte	0x45
 447 01b6 76000000 		.4byte	0x76
 448 01ba 0D       		.uleb128 0xd
 449 01bb 1F000000 		.4byte	.LASF34
 450 01bf 01       		.byte	0x1
 451 01c0 8A       		.byte	0x8a
 452 01c1 93010000 		.4byte	0x193
 453 01c5 05       		.uleb128 0x5
 454 01c6 03       		.byte	0x3
 455 01c7 00000000 		.4byte	_vectors
 456 01cb 00       		.byte	0
ARM GAS  /tmp/ccj9yltY.s 			page 9


 457              		.section	.debug_abbrev,"",%progbits
 458              	.Ldebug_abbrev0:
 459 0000 01       		.uleb128 0x1
 460 0001 11       		.uleb128 0x11
 461 0002 01       		.byte	0x1
 462 0003 25       		.uleb128 0x25
 463 0004 0E       		.uleb128 0xe
 464 0005 13       		.uleb128 0x13
 465 0006 0B       		.uleb128 0xb
 466 0007 03       		.uleb128 0x3
 467 0008 0E       		.uleb128 0xe
 468 0009 1B       		.uleb128 0x1b
 469 000a 0E       		.uleb128 0xe
 470 000b 55       		.uleb128 0x55
 471 000c 17       		.uleb128 0x17
 472 000d 11       		.uleb128 0x11
 473 000e 01       		.uleb128 0x1
 474 000f 10       		.uleb128 0x10
 475 0010 17       		.uleb128 0x17
 476 0011 00       		.byte	0
 477 0012 00       		.byte	0
 478 0013 02       		.uleb128 0x2
 479 0014 24       		.uleb128 0x24
 480 0015 00       		.byte	0
 481 0016 0B       		.uleb128 0xb
 482 0017 0B       		.uleb128 0xb
 483 0018 3E       		.uleb128 0x3e
 484 0019 0B       		.uleb128 0xb
 485 001a 03       		.uleb128 0x3
 486 001b 08       		.uleb128 0x8
 487 001c 00       		.byte	0
 488 001d 00       		.byte	0
 489 001e 03       		.uleb128 0x3
 490 001f 24       		.uleb128 0x24
 491 0020 00       		.byte	0
 492 0021 0B       		.uleb128 0xb
 493 0022 0B       		.uleb128 0xb
 494 0023 3E       		.uleb128 0x3e
 495 0024 0B       		.uleb128 0xb
 496 0025 03       		.uleb128 0x3
 497 0026 0E       		.uleb128 0xe
 498 0027 00       		.byte	0
 499 0028 00       		.byte	0
 500 0029 04       		.uleb128 0x4
 501 002a 16       		.uleb128 0x16
 502 002b 00       		.byte	0
 503 002c 03       		.uleb128 0x3
 504 002d 0E       		.uleb128 0xe
 505 002e 3A       		.uleb128 0x3a
 506 002f 0B       		.uleb128 0xb
 507 0030 3B       		.uleb128 0x3b
 508 0031 0B       		.uleb128 0xb
 509 0032 49       		.uleb128 0x49
 510 0033 13       		.uleb128 0x13
 511 0034 00       		.byte	0
 512 0035 00       		.byte	0
 513 0036 05       		.uleb128 0x5
ARM GAS  /tmp/ccj9yltY.s 			page 10


 514 0037 0F       		.uleb128 0xf
 515 0038 00       		.byte	0
 516 0039 0B       		.uleb128 0xb
 517 003a 0B       		.uleb128 0xb
 518 003b 49       		.uleb128 0x49
 519 003c 13       		.uleb128 0x13
 520 003d 00       		.byte	0
 521 003e 00       		.byte	0
 522 003f 06       		.uleb128 0x6
 523 0040 15       		.uleb128 0x15
 524 0041 00       		.byte	0
 525 0042 27       		.uleb128 0x27
 526 0043 19       		.uleb128 0x19
 527 0044 00       		.byte	0
 528 0045 00       		.byte	0
 529 0046 07       		.uleb128 0x7
 530 0047 13       		.uleb128 0x13
 531 0048 01       		.byte	0x1
 532 0049 0B       		.uleb128 0xb
 533 004a 0B       		.uleb128 0xb
 534 004b 3A       		.uleb128 0x3a
 535 004c 0B       		.uleb128 0xb
 536 004d 3B       		.uleb128 0x3b
 537 004e 0B       		.uleb128 0xb
 538 004f 01       		.uleb128 0x1
 539 0050 13       		.uleb128 0x13
 540 0051 00       		.byte	0
 541 0052 00       		.byte	0
 542 0053 08       		.uleb128 0x8
 543 0054 0D       		.uleb128 0xd
 544 0055 00       		.byte	0
 545 0056 03       		.uleb128 0x3
 546 0057 0E       		.uleb128 0xe
 547 0058 3A       		.uleb128 0x3a
 548 0059 0B       		.uleb128 0xb
 549 005a 3B       		.uleb128 0x3b
 550 005b 0B       		.uleb128 0xb
 551 005c 49       		.uleb128 0x49
 552 005d 13       		.uleb128 0x13
 553 005e 38       		.uleb128 0x38
 554 005f 0B       		.uleb128 0xb
 555 0060 00       		.byte	0
 556 0061 00       		.byte	0
 557 0062 09       		.uleb128 0x9
 558 0063 01       		.uleb128 0x1
 559 0064 01       		.byte	0x1
 560 0065 49       		.uleb128 0x49
 561 0066 13       		.uleb128 0x13
 562 0067 01       		.uleb128 0x1
 563 0068 13       		.uleb128 0x13
 564 0069 00       		.byte	0
 565 006a 00       		.byte	0
 566 006b 0A       		.uleb128 0xa
 567 006c 21       		.uleb128 0x21
 568 006d 00       		.byte	0
 569 006e 49       		.uleb128 0x49
 570 006f 13       		.uleb128 0x13
ARM GAS  /tmp/ccj9yltY.s 			page 11


 571 0070 2F       		.uleb128 0x2f
 572 0071 0B       		.uleb128 0xb
 573 0072 00       		.byte	0
 574 0073 00       		.byte	0
 575 0074 0B       		.uleb128 0xb
 576 0075 2E       		.uleb128 0x2e
 577 0076 00       		.byte	0
 578 0077 3F       		.uleb128 0x3f
 579 0078 19       		.uleb128 0x19
 580 0079 03       		.uleb128 0x3
 581 007a 0E       		.uleb128 0xe
 582 007b 3A       		.uleb128 0x3a
 583 007c 0B       		.uleb128 0xb
 584 007d 3B       		.uleb128 0x3b
 585 007e 0B       		.uleb128 0xb
 586 007f 27       		.uleb128 0x27
 587 0080 19       		.uleb128 0x19
 588 0081 11       		.uleb128 0x11
 589 0082 01       		.uleb128 0x1
 590 0083 12       		.uleb128 0x12
 591 0084 06       		.uleb128 0x6
 592 0085 40       		.uleb128 0x40
 593 0086 18       		.uleb128 0x18
 594 0087 9742     		.uleb128 0x2117
 595 0089 19       		.uleb128 0x19
 596 008a 00       		.byte	0
 597 008b 00       		.byte	0
 598 008c 0C       		.uleb128 0xc
 599 008d 34       		.uleb128 0x34
 600 008e 00       		.byte	0
 601 008f 03       		.uleb128 0x3
 602 0090 0E       		.uleb128 0xe
 603 0091 3A       		.uleb128 0x3a
 604 0092 0B       		.uleb128 0xb
 605 0093 3B       		.uleb128 0x3b
 606 0094 0B       		.uleb128 0xb
 607 0095 49       		.uleb128 0x49
 608 0096 13       		.uleb128 0x13
 609 0097 3F       		.uleb128 0x3f
 610 0098 19       		.uleb128 0x19
 611 0099 3C       		.uleb128 0x3c
 612 009a 19       		.uleb128 0x19
 613 009b 00       		.byte	0
 614 009c 00       		.byte	0
 615 009d 0D       		.uleb128 0xd
 616 009e 34       		.uleb128 0x34
 617 009f 00       		.byte	0
 618 00a0 03       		.uleb128 0x3
 619 00a1 0E       		.uleb128 0xe
 620 00a2 3A       		.uleb128 0x3a
 621 00a3 0B       		.uleb128 0xb
 622 00a4 3B       		.uleb128 0x3b
 623 00a5 0B       		.uleb128 0xb
 624 00a6 49       		.uleb128 0x49
 625 00a7 13       		.uleb128 0x13
 626 00a8 3F       		.uleb128 0x3f
 627 00a9 19       		.uleb128 0x19
ARM GAS  /tmp/ccj9yltY.s 			page 12


 628 00aa 02       		.uleb128 0x2
 629 00ab 18       		.uleb128 0x18
 630 00ac 00       		.byte	0
 631 00ad 00       		.byte	0
 632 00ae 00       		.byte	0
 633              		.section	.debug_aranges,"",%progbits
 634 0000 1C000000 		.4byte	0x1c
 635 0004 0200     		.2byte	0x2
 636 0006 00000000 		.4byte	.Ldebug_info0
 637 000a 04       		.byte	0x4
 638 000b 00       		.byte	0
 639 000c 0000     		.2byte	0
 640 000e 0000     		.2byte	0
 641 0010 00000000 		.4byte	.LFB7
 642 0014 02000000 		.4byte	.LFE7-.LFB7
 643 0018 00000000 		.4byte	0
 644 001c 00000000 		.4byte	0
 645              		.section	.debug_ranges,"",%progbits
 646              	.Ldebug_ranges0:
 647 0000 00000000 		.4byte	.LFB7
 648 0004 02000000 		.4byte	.LFE7
 649 0008 00000000 		.4byte	0
 650 000c 00000000 		.4byte	0
 651              		.section	.debug_line,"",%progbits
 652              	.Ldebug_line0:
 653 0000 B5000000 		.section	.debug_str,"MS",%progbits,1
 653      02009F00 
 653      00000201 
 653      FB0E0D00 
 653      01010101 
 654              	.LASF24:
 655 0000 76656374 		.ascii	"vector24\000"
 655      6F723234 
 655      00
 656              	.LASF14:
 657 0009 6972715F 		.ascii	"irq_vector_t\000"
 657      76656374 
 657      6F725F74 
 657      00
 658              	.LASF28:
 659 0016 76656374 		.ascii	"vector34\000"
 659      6F723334 
 659      00
 660              	.LASF34:
 661 001f 5F766563 		.ascii	"_vectors\000"
 661      746F7273 
 661      00
 662              	.LASF35:
 663 0028 474E5520 		.ascii	"GNU C 4.8.2 -mcpu=cortex-m3 -mno-thumb-interwork -m"
 663      4320342E 
 663      382E3220 
 663      2D6D6370 
 663      753D636F 
 664 005b 7468756D 		.ascii	"thumb -ggdb -O2 -fomit-frame-pointer -ffunction-sec"
 664      62202D67 
 664      67646220 
 664      2D4F3220 
ARM GAS  /tmp/ccj9yltY.s 			page 13


 664      2D666F6D 
 665 008e 74696F6E 		.ascii	"tions -fdata-sections -fno-common\000"
 665      73202D66 
 665      64617461 
 665      2D736563 
 665      74696F6E 
 666              	.LASF15:
 667 00b0 696E6974 		.ascii	"init_stack\000"
 667      5F737461 
 667      636B00
 668              	.LASF26:
 669 00bb 73766361 		.ascii	"svcall_vector\000"
 669      6C6C5F76 
 669      6563746F 
 669      7200
 670              	.LASF2:
 671 00c9 756E7369 		.ascii	"unsigned char\000"
 671      676E6564 
 671      20636861 
 671      7200
 672              	.LASF6:
 673 00d7 6C6F6E67 		.ascii	"long unsigned int\000"
 673      20756E73 
 673      69676E65 
 673      6420696E 
 673      7400
 674              	.LASF4:
 675 00e9 73686F72 		.ascii	"short unsigned int\000"
 675      7420756E 
 675      7369676E 
 675      65642069 
 675      6E7400
 676              	.LASF22:
 677 00fc 76656374 		.ascii	"vector1c\000"
 677      6F723163 
 677      00
 678              	.LASF30:
 679 0105 73797374 		.ascii	"systick_vector\000"
 679      69636B5F 
 679      76656374 
 679      6F7200
 680              	.LASF9:
 681 0114 5F5F7569 		.ascii	"__uint32_t\000"
 681      6E743332 
 681      5F7400
 682              	.LASF37:
 683 011f 2F686F6D 		.ascii	"/home/caroline/Documents/PAF/elfes/Code\000"
 683      652F6361 
 683      726F6C69 
 683      6E652F44 
 683      6F63756D 
 684              	.LASF0:
 685 0147 756E7369 		.ascii	"unsigned int\000"
 685      676E6564 
 685      20696E74 
 685      00
 686              	.LASF17:
ARM GAS  /tmp/ccj9yltY.s 			page 14


 687 0154 6E6D695F 		.ascii	"nmi_vector\000"
 687      76656374 
 687      6F7200
 688              	.LASF8:
 689 015f 6C6F6E67 		.ascii	"long long unsigned int\000"
 689      206C6F6E 
 689      6720756E 
 689      7369676E 
 689      65642069 
 690              	.LASF20:
 691 0176 62757366 		.ascii	"busfault_vector\000"
 691      61756C74 
 691      5F766563 
 691      746F7200 
 692              	.LASF25:
 693 0186 76656374 		.ascii	"vector28\000"
 693      6F723238 
 693      00
 694              	.LASF21:
 695 018f 75736167 		.ascii	"usagefault_vector\000"
 695      65666175 
 695      6C745F76 
 695      6563746F 
 695      7200
 696              	.LASF32:
 697 01a1 76656374 		.ascii	"vectors_t\000"
 697      6F72735F 
 697      7400
 698              	.LASF12:
 699 01ab 73697A65 		.ascii	"sizetype\000"
 699      74797065 
 699      00
 700              	.LASF29:
 701 01b4 70656E64 		.ascii	"pendsv_vector\000"
 701      73765F76 
 701      6563746F 
 701      7200
 702              	.LASF18:
 703 01c2 68617264 		.ascii	"hardfault_vector\000"
 703      6661756C 
 703      745F7665 
 703      63746F72 
 703      00
 704              	.LASF7:
 705 01d3 6C6F6E67 		.ascii	"long long int\000"
 705      206C6F6E 
 705      6720696E 
 705      7400
 706              	.LASF13:
 707 01e1 63686172 		.ascii	"char\000"
 707      00
 708              	.LASF19:
 709 01e6 6D656D6D 		.ascii	"memmanage_vector\000"
 709      616E6167 
 709      655F7665 
 709      63746F72 
 709      00
ARM GAS  /tmp/ccj9yltY.s 			page 15


 710              	.LASF38:
 711 01f7 5F756E68 		.ascii	"_unhandled_exception\000"
 711      616E646C 
 711      65645F65 
 711      78636570 
 711      74696F6E 
 712              	.LASF31:
 713 020c 76656374 		.ascii	"vectors\000"
 713      6F727300 
 714              	.LASF3:
 715 0214 73686F72 		.ascii	"short int\000"
 715      7420696E 
 715      7400
 716              	.LASF16:
 717 021e 72657365 		.ascii	"reset_vector\000"
 717      745F7665 
 717      63746F72 
 717      00
 718              	.LASF10:
 719 022b 75696E74 		.ascii	"uint32_t\000"
 719      33325F74 
 719      00
 720              	.LASF5:
 721 0234 6C6F6E67 		.ascii	"long int\000"
 721      20696E74 
 721      00
 722              	.LASF1:
 723 023d 7369676E 		.ascii	"signed char\000"
 723      65642063 
 723      68617200 
 724              	.LASF27:
 725 0249 64656275 		.ascii	"debugmonitor_vector\000"
 725      676D6F6E 
 725      69746F72 
 725      5F766563 
 725      746F7200 
 726              	.LASF23:
 727 025d 76656374 		.ascii	"vector20\000"
 727      6F723230 
 727      00
 728              	.LASF11:
 729 0266 5F426F6F 		.ascii	"_Bool\000"
 729      6C00
 730              	.LASF33:
 731 026c 5F5F6D61 		.ascii	"__main_stack_end__\000"
 731      696E5F73 
 731      7461636B 
 731      5F656E64 
 731      5F5F00
 732              	.LASF36:
 733 027f 2E2E2F43 		.ascii	"../ChibiOS_2.6.4/os/ports/GCC/ARMCMx/STM32L1xx/vect"
 733      68696269 
 733      4F535F32 
 733      2E362E34 
 733      2F6F732F 
 734 02b2 6F72732E 		.ascii	"ors.c\000"
 734      6300
ARM GAS  /tmp/ccj9yltY.s 			page 16


 735              		.ident	"GCC: (4.8.2-14ubuntu1+6) 4.8.2"
ARM GAS  /tmp/ccj9yltY.s 			page 17


DEFINED SYMBOLS
                            *ABS*:0000000000000000 vectors.c
     /tmp/ccj9yltY.s:19     .text._unhandled_exception:0000000000000000 $t
     /tmp/ccj9yltY.s:24     .text._unhandled_exception:0000000000000000 _unhandled_exception
     /tmp/ccj9yltY.s:24     .text._unhandled_exception:0000000000000000 NMIVector
     /tmp/ccj9yltY.s:24     .text._unhandled_exception:0000000000000000 HardFaultVector
     /tmp/ccj9yltY.s:24     .text._unhandled_exception:0000000000000000 MemManageVector
     /tmp/ccj9yltY.s:24     .text._unhandled_exception:0000000000000000 BusFaultVector
     /tmp/ccj9yltY.s:24     .text._unhandled_exception:0000000000000000 UsageFaultVector
     /tmp/ccj9yltY.s:24     .text._unhandled_exception:0000000000000000 Vector1C
     /tmp/ccj9yltY.s:24     .text._unhandled_exception:0000000000000000 Vector20
     /tmp/ccj9yltY.s:24     .text._unhandled_exception:0000000000000000 Vector24
     /tmp/ccj9yltY.s:24     .text._unhandled_exception:0000000000000000 Vector28
     /tmp/ccj9yltY.s:24     .text._unhandled_exception:0000000000000000 SVCallVector
     /tmp/ccj9yltY.s:24     .text._unhandled_exception:0000000000000000 DebugMonitorVector
     /tmp/ccj9yltY.s:24     .text._unhandled_exception:0000000000000000 Vector34
     /tmp/ccj9yltY.s:24     .text._unhandled_exception:0000000000000000 PendSVVector
     /tmp/ccj9yltY.s:24     .text._unhandled_exception:0000000000000000 SysTickVector
     /tmp/ccj9yltY.s:24     .text._unhandled_exception:0000000000000000 Vector40
     /tmp/ccj9yltY.s:24     .text._unhandled_exception:0000000000000000 Vector44
     /tmp/ccj9yltY.s:24     .text._unhandled_exception:0000000000000000 Vector48
     /tmp/ccj9yltY.s:24     .text._unhandled_exception:0000000000000000 Vector4C
     /tmp/ccj9yltY.s:24     .text._unhandled_exception:0000000000000000 Vector50
     /tmp/ccj9yltY.s:24     .text._unhandled_exception:0000000000000000 Vector54
     /tmp/ccj9yltY.s:24     .text._unhandled_exception:0000000000000000 Vector58
     /tmp/ccj9yltY.s:24     .text._unhandled_exception:0000000000000000 Vector5C
     /tmp/ccj9yltY.s:24     .text._unhandled_exception:0000000000000000 Vector60
     /tmp/ccj9yltY.s:24     .text._unhandled_exception:0000000000000000 Vector64
     /tmp/ccj9yltY.s:24     .text._unhandled_exception:0000000000000000 Vector68
     /tmp/ccj9yltY.s:24     .text._unhandled_exception:0000000000000000 Vector6C
     /tmp/ccj9yltY.s:24     .text._unhandled_exception:0000000000000000 Vector70
     /tmp/ccj9yltY.s:24     .text._unhandled_exception:0000000000000000 Vector74
     /tmp/ccj9yltY.s:24     .text._unhandled_exception:0000000000000000 Vector78
     /tmp/ccj9yltY.s:24     .text._unhandled_exception:0000000000000000 Vector7C
     /tmp/ccj9yltY.s:24     .text._unhandled_exception:0000000000000000 Vector80
     /tmp/ccj9yltY.s:24     .text._unhandled_exception:0000000000000000 Vector84
     /tmp/ccj9yltY.s:24     .text._unhandled_exception:0000000000000000 Vector88
     /tmp/ccj9yltY.s:24     .text._unhandled_exception:0000000000000000 Vector8C
     /tmp/ccj9yltY.s:24     .text._unhandled_exception:0000000000000000 Vector90
     /tmp/ccj9yltY.s:24     .text._unhandled_exception:0000000000000000 Vector94
     /tmp/ccj9yltY.s:24     .text._unhandled_exception:0000000000000000 Vector98
     /tmp/ccj9yltY.s:24     .text._unhandled_exception:0000000000000000 Vector9C
     /tmp/ccj9yltY.s:24     .text._unhandled_exception:0000000000000000 VectorA0
     /tmp/ccj9yltY.s:24     .text._unhandled_exception:0000000000000000 VectorA4
     /tmp/ccj9yltY.s:24     .text._unhandled_exception:0000000000000000 VectorA8
     /tmp/ccj9yltY.s:24     .text._unhandled_exception:0000000000000000 VectorAC
     /tmp/ccj9yltY.s:24     .text._unhandled_exception:0000000000000000 VectorB0
     /tmp/ccj9yltY.s:24     .text._unhandled_exception:0000000000000000 VectorB4
     /tmp/ccj9yltY.s:24     .text._unhandled_exception:0000000000000000 VectorB8
     /tmp/ccj9yltY.s:24     .text._unhandled_exception:0000000000000000 VectorBC
     /tmp/ccj9yltY.s:24     .text._unhandled_exception:0000000000000000 VectorC0
     /tmp/ccj9yltY.s:24     .text._unhandled_exception:0000000000000000 VectorC4
     /tmp/ccj9yltY.s:24     .text._unhandled_exception:0000000000000000 VectorC8
     /tmp/ccj9yltY.s:24     .text._unhandled_exception:0000000000000000 VectorCC
     /tmp/ccj9yltY.s:24     .text._unhandled_exception:0000000000000000 VectorD0
     /tmp/ccj9yltY.s:24     .text._unhandled_exception:0000000000000000 VectorD4
     /tmp/ccj9yltY.s:24     .text._unhandled_exception:0000000000000000 VectorD8
ARM GAS  /tmp/ccj9yltY.s 			page 18


     /tmp/ccj9yltY.s:24     .text._unhandled_exception:0000000000000000 VectorDC
     /tmp/ccj9yltY.s:24     .text._unhandled_exception:0000000000000000 VectorE0
     /tmp/ccj9yltY.s:24     .text._unhandled_exception:0000000000000000 VectorE4
     /tmp/ccj9yltY.s:24     .text._unhandled_exception:0000000000000000 VectorE8
     /tmp/ccj9yltY.s:24     .text._unhandled_exception:0000000000000000 VectorEC
     /tmp/ccj9yltY.s:24     .text._unhandled_exception:0000000000000000 VectorF0
     /tmp/ccj9yltY.s:161    vectors:0000000000000000 _vectors
     /tmp/ccj9yltY.s:158    vectors:0000000000000000 $d
                     .debug_frame:0000000000000010 $d

UNDEFINED SYMBOLS
__main_stack_end__
ResetHandler
