ARM GAS  /tmp/ccv4VyZw.s 			page 1


   1              		.syntax unified
   2              		.cpu cortex-m4
   3              		.fpu softvfp
   4              		.eabi_attribute 20, 1
   5              		.eabi_attribute 21, 1
   6              		.eabi_attribute 23, 3
   7              		.eabi_attribute 24, 1
   8              		.eabi_attribute 25, 1
   9              		.eabi_attribute 26, 1
  10              		.eabi_attribute 30, 2
  11              		.eabi_attribute 34, 1
  12              		.eabi_attribute 18, 4
  13              		.thumb
  14              		.file	"evtimer.c"
  15              		.text
  16              	.Ltext0:
  17              		.cfi_sections	.debug_frame
  18              		.section	.text.tmrcb,"ax",%progbits
  19              		.align	2
  20              		.p2align 4,,15
  21              		.thumb
  22              		.thumb_func
  23              		.type	tmrcb, %function
  24              	tmrcb:
  25              	.LFB7:
  26              		.file 1 "../../os/various/evtimer.c"
  27              		.loc 1 28 0
  28              		.cfi_startproc
  29              		@ args = 0, pretend = 0, frame = 0
  30              		@ frame_needed = 0, uses_anonymous_args = 0
  31              	.LVL0:
  32 0000 10B5     		push	{r4, lr}
  33              		.cfi_def_cfa_offset 8
  34              		.cfi_offset 4, -8
  35              		.cfi_offset 14, -4
  36              	.LBB2:
  37              		.loc 1 31 0
  38 0002 2023     		movs	r3, #32
  39              	.LBE2:
  40              		.loc 1 28 0
  41 0004 0446     		mov	r4, r0
  42              	.LVL1:
  43              	.LBB3:
  44              		.loc 1 31 0
  45              	@ 31 "../../os/various/evtimer.c" 1
  46 0006 83F31188 		msr     BASEPRI, r3
  47              	@ 0 "" 2
  48              		.thumb
  49              	.LBE3:
  50              		.loc 1 32 0
  51 000a 0021     		movs	r1, #0
  52 000c 1430     		adds	r0, r0, #20
  53              	.LVL2:
  54 000e FFF7FEFF 		bl	chEvtBroadcastFlagsI
  55              	.LVL3:
  56              		.loc 1 33 0
  57 0012 40F20002 		movw	r2, #:lower16:tmrcb
ARM GAS  /tmp/ccv4VyZw.s 			page 2


  58 0016 2346     		mov	r3, r4
  59 0018 2046     		mov	r0, r4
  60 001a A169     		ldr	r1, [r4, #24]
  61 001c C0F20002 		movt	r2, #:upper16:tmrcb
  62 0020 FFF7FEFF 		bl	chVTSetI
  63              	.LVL4:
  64              	.LBB4:
  65              		.loc 1 34 0
  66 0024 0023     		movs	r3, #0
  67              	@ 34 "../../os/various/evtimer.c" 1
  68 0026 83F31188 		msr     BASEPRI, r3
  69              	@ 0 "" 2
  70              		.thumb
  71 002a 10BD     		pop	{r4, pc}
  72              	.LBE4:
  73              		.cfi_endproc
  74              	.LFE7:
  75              		.size	tmrcb, .-tmrcb
  76 002c AFF30080 		.section	.text.evtStart,"ax",%progbits
  77              		.align	2
  78              		.p2align 4,,15
  79              		.global	evtStart
  80              		.thumb
  81              		.thumb_func
  82              		.type	evtStart, %function
  83              	evtStart:
  84              	.LFB8:
  85              		.loc 1 43 0
  86              		.cfi_startproc
  87              		@ args = 0, pretend = 0, frame = 0
  88              		@ frame_needed = 0, uses_anonymous_args = 0
  89              	.LVL5:
  90 0000 08B5     		push	{r3, lr}
  91              		.cfi_def_cfa_offset 8
  92              		.cfi_offset 3, -8
  93              		.cfi_offset 14, -4
  94              	.LBB5:
  95              		.loc 1 45 0
  96 0002 2023     		movs	r3, #32
  97              	@ 45 "../../os/various/evtimer.c" 1
  98 0004 83F31188 		msr     BASEPRI, r3
  99              	@ 0 "" 2
 100              		.thumb
 101              	.LBE5:
 102              		.loc 1 47 0
 103 0008 C368     		ldr	r3, [r0, #12]
 104 000a 1BB1     		cbz	r3, .L5
 105              	.LBB6:
 106              		.loc 1 50 0
 107 000c 0023     		movs	r3, #0
 108              	@ 50 "../../os/various/evtimer.c" 1
 109 000e 83F31188 		msr     BASEPRI, r3
 110              	@ 0 "" 2
 111              		.thumb
 112 0012 08BD     		pop	{r3, pc}
 113              	.L5:
 114              	.LBE6:
ARM GAS  /tmp/ccv4VyZw.s 			page 3


 115              		.loc 1 48 0
 116 0014 40F20002 		movw	r2, #:lower16:tmrcb
 117 0018 0346     		mov	r3, r0
 118 001a 8169     		ldr	r1, [r0, #24]
 119 001c C0F20002 		movt	r2, #:upper16:tmrcb
 120 0020 FFF7FEFF 		bl	chVTSetI
 121              	.LVL6:
 122              	.LBB7:
 123              		.loc 1 50 0
 124 0024 0023     		movs	r3, #0
 125              	@ 50 "../../os/various/evtimer.c" 1
 126 0026 83F31188 		msr     BASEPRI, r3
 127              	@ 0 "" 2
 128              		.thumb
 129 002a 08BD     		pop	{r3, pc}
 130              	.LBE7:
 131              		.cfi_endproc
 132              	.LFE8:
 133              		.size	evtStart, .-evtStart
 134 002c AFF30080 		.section	.text.evtStop,"ax",%progbits
 135              		.align	2
 136              		.p2align 4,,15
 137              		.global	evtStop
 138              		.thumb
 139              		.thumb_func
 140              		.type	evtStop, %function
 141              	evtStop:
 142              	.LFB9:
 143              		.loc 1 59 0
 144              		.cfi_startproc
 145              		@ args = 0, pretend = 0, frame = 0
 146              		@ frame_needed = 0, uses_anonymous_args = 0
 147              	.LVL7:
 148 0000 08B5     		push	{r3, lr}
 149              		.cfi_def_cfa_offset 8
 150              		.cfi_offset 3, -8
 151              		.cfi_offset 14, -4
 152              	.LBB8:
 153              		.loc 1 61 0
 154 0002 2023     		movs	r3, #32
 155              	@ 61 "../../os/various/evtimer.c" 1
 156 0004 83F31188 		msr     BASEPRI, r3
 157              	@ 0 "" 2
 158              		.thumb
 159              	.LBE8:
 160 0008 C368     		ldr	r3, [r0, #12]
 161 000a 0BB1     		cbz	r3, .L7
 162              		.loc 1 61 0 is_stmt 0 discriminator 1
 163 000c FFF7FEFF 		bl	chVTResetI
 164              	.LVL8:
 165              	.L7:
 166              	.LBB9:
 167              		.loc 1 61 0 discriminator 2
 168 0010 0023     		movs	r3, #0
 169              	@ 61 "../../os/various/evtimer.c" 1
 170 0012 83F31188 		msr     BASEPRI, r3
 171              	@ 0 "" 2
ARM GAS  /tmp/ccv4VyZw.s 			page 4


 172              		.thumb
 173 0016 08BD     		pop	{r3, pc}
 174              	.LBE9:
 175              		.cfi_endproc
 176              	.LFE9:
 177              		.size	evtStop, .-evtStop
 178 0018 AFF30080 		.text
 178      AFF30080 
 179              	.Letext0:
 180              		.file 2 "/usr/include/newlib/machine/_default_types.h"
 181              		.file 3 "/usr/include/newlib/stdint.h"
 182              		.file 4 "../../os/ports/GCC/ARMCMx/chtypes.h"
 183              		.file 5 "../../os/kernel/include/chlists.h"
 184              		.file 6 "../../os/kernel/include/chthreads.h"
 185              		.file 7 "../../os/ports/GCC/ARMCMx/chcore_v7m.h"
 186              		.file 8 "../../os/kernel/include/chvt.h"
 187              		.file 9 "../../os/kernel/include/chmtx.h"
 188              		.file 10 "../../os/kernel/include/chevents.h"
 189              		.file 11 "../../os/various/evtimer.h"
 190              		.section	.debug_info,"",%progbits
 191              	.Ldebug_info0:
 192 0000 A2060000 		.4byte	0x6a2
 193 0004 0400     		.2byte	0x4
 194 0006 00000000 		.4byte	.Ldebug_abbrev0
 195 000a 04       		.byte	0x4
 196 000b 01       		.uleb128 0x1
 197 000c AD020000 		.4byte	.LASF82
 198 0010 01       		.byte	0x1
 199 0011 06040000 		.4byte	.LASF83
 200 0015 65010000 		.4byte	.LASF84
 201 0019 30000000 		.4byte	.Ldebug_ranges0+0x30
 202 001d 00000000 		.4byte	0
 203 0021 00000000 		.4byte	.Ldebug_line0
 204 0025 02       		.uleb128 0x2
 205 0026 04       		.byte	0x4
 206 0027 05       		.byte	0x5
 207 0028 696E7400 		.ascii	"int\000"
 208 002c 03       		.uleb128 0x3
 209 002d 04       		.byte	0x4
 210 002e 07       		.byte	0x7
 211 002f E6000000 		.4byte	.LASF0
 212 0033 03       		.uleb128 0x3
 213 0034 01       		.byte	0x1
 214 0035 06       		.byte	0x6
 215 0036 61000000 		.4byte	.LASF1
 216 003a 04       		.uleb128 0x4
 217 003b 19000000 		.4byte	.LASF5
 218 003f 02       		.byte	0x2
 219 0040 1C       		.byte	0x1c
 220 0041 45000000 		.4byte	0x45
 221 0045 03       		.uleb128 0x3
 222 0046 01       		.byte	0x1
 223 0047 08       		.byte	0x8
 224 0048 16020000 		.4byte	.LASF2
 225 004c 03       		.uleb128 0x3
 226 004d 02       		.byte	0x2
 227 004e 05       		.byte	0x5
ARM GAS  /tmp/ccv4VyZw.s 			page 5


 228 004f 43020000 		.4byte	.LASF3
 229 0053 03       		.uleb128 0x3
 230 0054 02       		.byte	0x2
 231 0055 07       		.byte	0x7
 232 0056 1E010000 		.4byte	.LASF4
 233 005a 04       		.uleb128 0x4
 234 005b 77030000 		.4byte	.LASF6
 235 005f 02       		.byte	0x2
 236 0060 37       		.byte	0x37
 237 0061 65000000 		.4byte	0x65
 238 0065 03       		.uleb128 0x3
 239 0066 04       		.byte	0x4
 240 0067 05       		.byte	0x5
 241 0068 8F000000 		.4byte	.LASF7
 242 006c 04       		.uleb128 0x4
 243 006d BE000000 		.4byte	.LASF8
 244 0071 02       		.byte	0x2
 245 0072 38       		.byte	0x38
 246 0073 77000000 		.4byte	0x77
 247 0077 03       		.uleb128 0x3
 248 0078 04       		.byte	0x4
 249 0079 07       		.byte	0x7
 250 007a FB000000 		.4byte	.LASF9
 251 007e 03       		.uleb128 0x3
 252 007f 08       		.byte	0x8
 253 0080 05       		.byte	0x5
 254 0081 53000000 		.4byte	.LASF10
 255 0085 03       		.uleb128 0x3
 256 0086 08       		.byte	0x8
 257 0087 07       		.byte	0x7
 258 0088 23000000 		.4byte	.LASF11
 259 008c 04       		.uleb128 0x4
 260 008d BC030000 		.4byte	.LASF12
 261 0091 03       		.byte	0x3
 262 0092 2A       		.byte	0x2a
 263 0093 3A000000 		.4byte	0x3a
 264 0097 04       		.uleb128 0x4
 265 0098 0E020000 		.4byte	.LASF13
 266 009c 03       		.byte	0x3
 267 009d 41       		.byte	0x41
 268 009e 5A000000 		.4byte	0x5a
 269 00a2 04       		.uleb128 0x4
 270 00a3 92020000 		.4byte	.LASF14
 271 00a7 03       		.byte	0x3
 272 00a8 42       		.byte	0x42
 273 00a9 6C000000 		.4byte	0x6c
 274 00ad 03       		.uleb128 0x3
 275 00ae 01       		.byte	0x1
 276 00af 02       		.byte	0x2
 277 00b0 08020000 		.4byte	.LASF15
 278 00b4 04       		.uleb128 0x4
 279 00b5 3F010000 		.4byte	.LASF16
 280 00b9 04       		.byte	0x4
 281 00ba 2C       		.byte	0x2c
 282 00bb 8C000000 		.4byte	0x8c
 283 00bf 04       		.uleb128 0x4
 284 00c0 98000000 		.4byte	.LASF17
ARM GAS  /tmp/ccv4VyZw.s 			page 6


 285 00c4 04       		.byte	0x4
 286 00c5 2D       		.byte	0x2d
 287 00c6 8C000000 		.4byte	0x8c
 288 00ca 04       		.uleb128 0x4
 289 00cb F1010000 		.4byte	.LASF18
 290 00cf 04       		.byte	0x4
 291 00d0 2E       		.byte	0x2e
 292 00d1 8C000000 		.4byte	0x8c
 293 00d5 04       		.uleb128 0x4
 294 00d6 85000000 		.4byte	.LASF19
 295 00da 04       		.byte	0x4
 296 00db 2F       		.byte	0x2f
 297 00dc 8C000000 		.4byte	0x8c
 298 00e0 04       		.uleb128 0x4
 299 00e1 00020000 		.4byte	.LASF20
 300 00e5 04       		.byte	0x4
 301 00e6 30       		.byte	0x30
 302 00e7 A2000000 		.4byte	0xa2
 303 00eb 04       		.uleb128 0x4
 304 00ec 31010000 		.4byte	.LASF21
 305 00f0 04       		.byte	0x4
 306 00f1 31       		.byte	0x31
 307 00f2 97000000 		.4byte	0x97
 308 00f6 04       		.uleb128 0x4
 309 00f7 53010000 		.4byte	.LASF22
 310 00fb 04       		.byte	0x4
 311 00fc 33       		.byte	0x33
 312 00fd A2000000 		.4byte	0xa2
 313 0101 04       		.uleb128 0x4
 314 0102 A9030000 		.4byte	.LASF23
 315 0106 04       		.byte	0x4
 316 0107 34       		.byte	0x34
 317 0108 A2000000 		.4byte	0xa2
 318 010c 04       		.uleb128 0x4
 319 010d 62030000 		.4byte	.LASF24
 320 0111 04       		.byte	0x4
 321 0112 35       		.byte	0x35
 322 0113 A2000000 		.4byte	0xa2
 323 0117 04       		.uleb128 0x4
 324 0118 75020000 		.4byte	.LASF25
 325 011c 05       		.byte	0x5
 326 011d 2A       		.byte	0x2a
 327 011e 22010000 		.4byte	0x122
 328 0122 05       		.uleb128 0x5
 329 0123 75020000 		.4byte	.LASF25
 330 0127 48       		.byte	0x48
 331 0128 06       		.byte	0x6
 332 0129 5E       		.byte	0x5e
 333 012a 1F020000 		.4byte	0x21f
 334 012e 06       		.uleb128 0x6
 335 012f 66020000 		.4byte	.LASF26
 336 0133 06       		.byte	0x6
 337 0134 5F       		.byte	0x5f
 338 0135 40020000 		.4byte	0x240
 339 0139 00       		.byte	0
 340 013a 06       		.uleb128 0x6
 341 013b F9010000 		.4byte	.LASF27
ARM GAS  /tmp/ccv4VyZw.s 			page 7


 342 013f 06       		.byte	0x6
 343 0140 61       		.byte	0x61
 344 0141 40020000 		.4byte	0x240
 345 0145 04       		.byte	0x4
 346 0146 06       		.uleb128 0x6
 347 0147 4C000000 		.4byte	.LASF28
 348 014b 06       		.byte	0x6
 349 014c 63       		.byte	0x63
 350 014d E0000000 		.4byte	0xe0
 351 0151 08       		.byte	0x8
 352 0152 06       		.uleb128 0x6
 353 0153 F6030000 		.4byte	.LASF29
 354 0157 06       		.byte	0x6
 355 0158 64       		.byte	0x64
 356 0159 FA020000 		.4byte	0x2fa
 357 015d 0C       		.byte	0xc
 358 015e 06       		.uleb128 0x6
 359 015f B6000000 		.4byte	.LASF30
 360 0163 06       		.byte	0x6
 361 0164 66       		.byte	0x66
 362 0165 40020000 		.4byte	0x240
 363 0169 10       		.byte	0x10
 364 016a 06       		.uleb128 0x6
 365 016b D4010000 		.4byte	.LASF31
 366 016f 06       		.byte	0x6
 367 0170 67       		.byte	0x67
 368 0171 40020000 		.4byte	0x240
 369 0175 14       		.byte	0x14
 370 0176 06       		.uleb128 0x6
 371 0177 D9030000 		.4byte	.LASF32
 372 017b 06       		.byte	0x6
 373 017c 6E       		.byte	0x6e
 374 017d 86040000 		.4byte	0x486
 375 0181 18       		.byte	0x18
 376 0182 06       		.uleb128 0x6
 377 0183 4D020000 		.4byte	.LASF33
 378 0187 06       		.byte	0x6
 379 0188 79       		.byte	0x79
 380 0189 BF000000 		.4byte	0xbf
 381 018d 1C       		.byte	0x1c
 382 018e 06       		.uleb128 0x6
 383 018f 6D020000 		.4byte	.LASF34
 384 0193 06       		.byte	0x6
 385 0194 7D       		.byte	0x7d
 386 0195 B4000000 		.4byte	0xb4
 387 0199 1D       		.byte	0x1d
 388 019a 06       		.uleb128 0x6
 389 019b B5030000 		.4byte	.LASF35
 390 019f 06       		.byte	0x6
 391 01a0 82       		.byte	0x82
 392 01a1 CA000000 		.4byte	0xca
 393 01a5 1E       		.byte	0x1e
 394 01a6 06       		.uleb128 0x6
 395 01a7 55020000 		.4byte	.LASF36
 396 01ab 06       		.byte	0x6
 397 01ac 88       		.byte	0x88
 398 01ad D5000000 		.4byte	0xd5
ARM GAS  /tmp/ccv4VyZw.s 			page 8


 399 01b1 1F       		.byte	0x1f
 400 01b2 06       		.uleb128 0x6
 401 01b3 89030000 		.4byte	.LASF37
 402 01b7 06       		.byte	0x6
 403 01b8 8F       		.byte	0x8f
 404 01b9 98030000 		.4byte	0x398
 405 01bd 20       		.byte	0x20
 406 01be 07       		.uleb128 0x7
 407 01bf 705F7500 		.ascii	"p_u\000"
 408 01c3 06       		.byte	0x6
 409 01c4 B4       		.byte	0xb4
 410 01c5 51040000 		.4byte	0x451
 411 01c9 24       		.byte	0x24
 412 01ca 06       		.uleb128 0x6
 413 01cb FC030000 		.4byte	.LASF38
 414 01cf 06       		.byte	0x6
 415 01d0 B9       		.byte	0xb9
 416 01d1 66020000 		.4byte	0x266
 417 01d5 28       		.byte	0x28
 418 01d6 06       		.uleb128 0x6
 419 01d7 97030000 		.4byte	.LASF39
 420 01db 06       		.byte	0x6
 421 01dc BF       		.byte	0xbf
 422 01dd 46020000 		.4byte	0x246
 423 01e1 2C       		.byte	0x2c
 424 01e2 06       		.uleb128 0x6
 425 01e3 0C000000 		.4byte	.LASF40
 426 01e7 06       		.byte	0x6
 427 01e8 C3       		.byte	0xc3
 428 01e9 EB000000 		.4byte	0xeb
 429 01ed 34       		.byte	0x34
 430 01ee 06       		.uleb128 0x6
 431 01ef 87020000 		.4byte	.LASF41
 432 01f3 06       		.byte	0x6
 433 01f4 C9       		.byte	0xc9
 434 01f5 F6000000 		.4byte	0xf6
 435 01f9 38       		.byte	0x38
 436 01fa 06       		.uleb128 0x6
 437 01fb 39020000 		.4byte	.LASF42
 438 01ff 06       		.byte	0x6
 439 0200 D0       		.byte	0xd0
 440 0201 98040000 		.4byte	0x498
 441 0205 3C       		.byte	0x3c
 442 0206 06       		.uleb128 0x6
 443 0207 6C030000 		.4byte	.LASF43
 444 020b 06       		.byte	0x6
 445 020c D4       		.byte	0xd4
 446 020d E0000000 		.4byte	0xe0
 447 0211 40       		.byte	0x40
 448 0212 06       		.uleb128 0x6
 449 0213 75000000 		.4byte	.LASF44
 450 0217 06       		.byte	0x6
 451 0218 DA       		.byte	0xda
 452 0219 7C020000 		.4byte	0x27c
 453 021d 44       		.byte	0x44
 454 021e 00       		.byte	0
 455 021f 08       		.uleb128 0x8
ARM GAS  /tmp/ccv4VyZw.s 			page 9


 456 0220 08       		.byte	0x8
 457 0221 05       		.byte	0x5
 458 0222 61       		.byte	0x61
 459 0223 40020000 		.4byte	0x240
 460 0227 06       		.uleb128 0x6
 461 0228 66020000 		.4byte	.LASF26
 462 022c 05       		.byte	0x5
 463 022d 62       		.byte	0x62
 464 022e 40020000 		.4byte	0x240
 465 0232 00       		.byte	0
 466 0233 06       		.uleb128 0x6
 467 0234 F9010000 		.4byte	.LASF27
 468 0238 05       		.byte	0x5
 469 0239 64       		.byte	0x64
 470 023a 40020000 		.4byte	0x240
 471 023e 04       		.byte	0x4
 472 023f 00       		.byte	0
 473 0240 09       		.uleb128 0x9
 474 0241 04       		.byte	0x4
 475 0242 17010000 		.4byte	0x117
 476 0246 04       		.uleb128 0x4
 477 0247 DC010000 		.4byte	.LASF45
 478 024b 05       		.byte	0x5
 479 024c 66       		.byte	0x66
 480 024d 1F020000 		.4byte	0x21f
 481 0251 08       		.uleb128 0x8
 482 0252 04       		.byte	0x4
 483 0253 05       		.byte	0x5
 484 0254 6B       		.byte	0x6b
 485 0255 66020000 		.4byte	0x266
 486 0259 06       		.uleb128 0x6
 487 025a 66020000 		.4byte	.LASF26
 488 025e 05       		.byte	0x5
 489 025f 6D       		.byte	0x6d
 490 0260 40020000 		.4byte	0x240
 491 0264 00       		.byte	0
 492 0265 00       		.byte	0
 493 0266 04       		.uleb128 0x4
 494 0267 47010000 		.4byte	.LASF46
 495 026b 05       		.byte	0x5
 496 026c 70       		.byte	0x70
 497 026d 51020000 		.4byte	0x251
 498 0271 04       		.uleb128 0x4
 499 0272 C9000000 		.4byte	.LASF47
 500 0276 07       		.byte	0x7
 501 0277 E5       		.byte	0xe5
 502 0278 7C020000 		.4byte	0x27c
 503 027c 0A       		.uleb128 0xa
 504 027d 04       		.byte	0x4
 505 027e 0B       		.uleb128 0xb
 506 027f 90030000 		.4byte	.LASF48
 507 0283 24       		.byte	0x24
 508 0284 07       		.byte	0x7
 509 0285 0C01     		.2byte	0x10c
 510 0287 FA020000 		.4byte	0x2fa
 511 028b 0C       		.uleb128 0xc
 512 028c 723400   		.ascii	"r4\000"
ARM GAS  /tmp/ccv4VyZw.s 			page 10


 513 028f 07       		.byte	0x7
 514 0290 1F01     		.2byte	0x11f
 515 0292 71020000 		.4byte	0x271
 516 0296 00       		.byte	0
 517 0297 0C       		.uleb128 0xc
 518 0298 723500   		.ascii	"r5\000"
 519 029b 07       		.byte	0x7
 520 029c 2001     		.2byte	0x120
 521 029e 71020000 		.4byte	0x271
 522 02a2 04       		.byte	0x4
 523 02a3 0C       		.uleb128 0xc
 524 02a4 723600   		.ascii	"r6\000"
 525 02a7 07       		.byte	0x7
 526 02a8 2101     		.2byte	0x121
 527 02aa 71020000 		.4byte	0x271
 528 02ae 08       		.byte	0x8
 529 02af 0C       		.uleb128 0xc
 530 02b0 723700   		.ascii	"r7\000"
 531 02b3 07       		.byte	0x7
 532 02b4 2201     		.2byte	0x122
 533 02b6 71020000 		.4byte	0x271
 534 02ba 0C       		.byte	0xc
 535 02bb 0C       		.uleb128 0xc
 536 02bc 723800   		.ascii	"r8\000"
 537 02bf 07       		.byte	0x7
 538 02c0 2301     		.2byte	0x123
 539 02c2 71020000 		.4byte	0x271
 540 02c6 10       		.byte	0x10
 541 02c7 0C       		.uleb128 0xc
 542 02c8 723900   		.ascii	"r9\000"
 543 02cb 07       		.byte	0x7
 544 02cc 2401     		.2byte	0x124
 545 02ce 71020000 		.4byte	0x271
 546 02d2 14       		.byte	0x14
 547 02d3 0C       		.uleb128 0xc
 548 02d4 72313000 		.ascii	"r10\000"
 549 02d8 07       		.byte	0x7
 550 02d9 2501     		.2byte	0x125
 551 02db 71020000 		.4byte	0x271
 552 02df 18       		.byte	0x18
 553 02e0 0C       		.uleb128 0xc
 554 02e1 72313100 		.ascii	"r11\000"
 555 02e5 07       		.byte	0x7
 556 02e6 2601     		.2byte	0x126
 557 02e8 71020000 		.4byte	0x271
 558 02ec 1C       		.byte	0x1c
 559 02ed 0C       		.uleb128 0xc
 560 02ee 6C7200   		.ascii	"lr\000"
 561 02f1 07       		.byte	0x7
 562 02f2 2701     		.2byte	0x127
 563 02f4 71020000 		.4byte	0x271
 564 02f8 20       		.byte	0x20
 565 02f9 00       		.byte	0
 566 02fa 0B       		.uleb128 0xb
 567 02fb 16010000 		.4byte	.LASF49
 568 02ff 04       		.byte	0x4
 569 0300 07       		.byte	0x7
ARM GAS  /tmp/ccv4VyZw.s 			page 11


 570 0301 3101     		.2byte	0x131
 571 0303 15030000 		.4byte	0x315
 572 0307 0C       		.uleb128 0xc
 573 0308 72313300 		.ascii	"r13\000"
 574 030c 07       		.byte	0x7
 575 030d 3201     		.2byte	0x132
 576 030f 15030000 		.4byte	0x315
 577 0313 00       		.byte	0
 578 0314 00       		.byte	0
 579 0315 09       		.uleb128 0x9
 580 0316 04       		.byte	0x4
 581 0317 7E020000 		.4byte	0x27e
 582 031b 03       		.uleb128 0x3
 583 031c 04       		.byte	0x4
 584 031d 07       		.byte	0x7
 585 031e BA010000 		.4byte	.LASF50
 586 0322 04       		.uleb128 0x4
 587 0323 0D010000 		.4byte	.LASF51
 588 0327 08       		.byte	0x8
 589 0328 58       		.byte	0x58
 590 0329 2D030000 		.4byte	0x32d
 591 032d 09       		.uleb128 0x9
 592 032e 04       		.byte	0x4
 593 032f 33030000 		.4byte	0x333
 594 0333 0D       		.uleb128 0xd
 595 0334 3E030000 		.4byte	0x33e
 596 0338 0E       		.uleb128 0xe
 597 0339 7C020000 		.4byte	0x27c
 598 033d 00       		.byte	0
 599 033e 04       		.uleb128 0x4
 600 033f 9B020000 		.4byte	.LASF52
 601 0343 08       		.byte	0x8
 602 0344 5D       		.byte	0x5d
 603 0345 49030000 		.4byte	0x349
 604 0349 05       		.uleb128 0x5
 605 034a 9B020000 		.4byte	.LASF52
 606 034e 14       		.byte	0x14
 607 034f 08       		.byte	0x8
 608 0350 64       		.byte	0x64
 609 0351 92030000 		.4byte	0x392
 610 0355 06       		.uleb128 0x6
 611 0356 F3000000 		.4byte	.LASF53
 612 035a 08       		.byte	0x8
 613 035b 65       		.byte	0x65
 614 035c 92030000 		.4byte	0x392
 615 0360 00       		.byte	0
 616 0361 06       		.uleb128 0x6
 617 0362 D2000000 		.4byte	.LASF54
 618 0366 08       		.byte	0x8
 619 0367 67       		.byte	0x67
 620 0368 92030000 		.4byte	0x392
 621 036c 04       		.byte	0x4
 622 036d 06       		.uleb128 0x6
 623 036e AC010000 		.4byte	.LASF55
 624 0372 08       		.byte	0x8
 625 0373 69       		.byte	0x69
 626 0374 0C010000 		.4byte	0x10c
ARM GAS  /tmp/ccv4VyZw.s 			page 12


 627 0378 08       		.byte	0x8
 628 0379 06       		.uleb128 0x6
 629 037a C3010000 		.4byte	.LASF56
 630 037e 08       		.byte	0x8
 631 037f 6A       		.byte	0x6a
 632 0380 22030000 		.4byte	0x322
 633 0384 0C       		.byte	0xc
 634 0385 06       		.uleb128 0x6
 635 0386 A2030000 		.4byte	.LASF57
 636 038a 08       		.byte	0x8
 637 038b 6C       		.byte	0x6c
 638 038c 7C020000 		.4byte	0x27c
 639 0390 10       		.byte	0x10
 640 0391 00       		.byte	0
 641 0392 09       		.uleb128 0x9
 642 0393 04       		.byte	0x4
 643 0394 3E030000 		.4byte	0x33e
 644 0398 0F       		.uleb128 0xf
 645 0399 0C010000 		.4byte	0x10c
 646 039d 05       		.uleb128 0x5
 647 039e 5F010000 		.4byte	.LASF58
 648 03a2 10       		.byte	0x10
 649 03a3 09       		.byte	0x9
 650 03a4 2C       		.byte	0x2c
 651 03a5 CE030000 		.4byte	0x3ce
 652 03a9 06       		.uleb128 0x6
 653 03aa 7D000000 		.4byte	.LASF59
 654 03ae 09       		.byte	0x9
 655 03af 2D       		.byte	0x2d
 656 03b0 46020000 		.4byte	0x246
 657 03b4 00       		.byte	0
 658 03b5 06       		.uleb128 0x6
 659 03b6 EE030000 		.4byte	.LASF60
 660 03ba 09       		.byte	0x9
 661 03bb 2F       		.byte	0x2f
 662 03bc 40020000 		.4byte	0x240
 663 03c0 08       		.byte	0x8
 664 03c1 06       		.uleb128 0x6
 665 03c2 5B030000 		.4byte	.LASF61
 666 03c6 09       		.byte	0x9
 667 03c7 31       		.byte	0x31
 668 03c8 CE030000 		.4byte	0x3ce
 669 03cc 0C       		.byte	0xc
 670 03cd 00       		.byte	0
 671 03ce 09       		.uleb128 0x9
 672 03cf 04       		.byte	0x4
 673 03d0 9D030000 		.4byte	0x39d
 674 03d4 04       		.uleb128 0x4
 675 03d5 5F010000 		.4byte	.LASF58
 676 03d9 09       		.byte	0x9
 677 03da 33       		.byte	0x33
 678 03db 9D030000 		.4byte	0x39d
 679 03df 04       		.uleb128 0x4
 680 03e0 C4030000 		.4byte	.LASF62
 681 03e4 0A       		.byte	0xa
 682 03e5 2C       		.byte	0x2c
 683 03e6 EA030000 		.4byte	0x3ea
ARM GAS  /tmp/ccv4VyZw.s 			page 13


 684 03ea 05       		.uleb128 0x5
 685 03eb C4030000 		.4byte	.LASF62
 686 03ef 10       		.byte	0x10
 687 03f0 0A       		.byte	0xa
 688 03f1 31       		.byte	0x31
 689 03f2 27040000 		.4byte	0x427
 690 03f6 06       		.uleb128 0x6
 691 03f7 37010000 		.4byte	.LASF63
 692 03fb 0A       		.byte	0xa
 693 03fc 32       		.byte	0x32
 694 03fd 27040000 		.4byte	0x427
 695 0401 00       		.byte	0
 696 0402 06       		.uleb128 0x6
 697 0403 24020000 		.4byte	.LASF64
 698 0407 0A       		.byte	0xa
 699 0408 35       		.byte	0x35
 700 0409 40020000 		.4byte	0x240
 701 040d 04       		.byte	0x4
 702 040e 06       		.uleb128 0x6
 703 040f E9010000 		.4byte	.LASF65
 704 0413 0A       		.byte	0xa
 705 0414 37       		.byte	0x37
 706 0415 F6000000 		.4byte	0xf6
 707 0419 08       		.byte	0x8
 708 041a 06       		.uleb128 0x6
 709 041b 30020000 		.4byte	.LASF66
 710 041f 0A       		.byte	0xa
 711 0420 3A       		.byte	0x3a
 712 0421 01010000 		.4byte	0x101
 713 0425 0C       		.byte	0xc
 714 0426 00       		.byte	0
 715 0427 09       		.uleb128 0x9
 716 0428 04       		.byte	0x4
 717 0429 DF030000 		.4byte	0x3df
 718 042d 05       		.uleb128 0x5
 719 042e DA000000 		.4byte	.LASF67
 720 0432 04       		.byte	0x4
 721 0433 0A       		.byte	0xa
 722 0434 41       		.byte	0x41
 723 0435 46040000 		.4byte	0x446
 724 0439 06       		.uleb128 0x6
 725 043a E0030000 		.4byte	.LASF68
 726 043e 0A       		.byte	0xa
 727 043f 42       		.byte	0x42
 728 0440 27040000 		.4byte	0x427
 729 0444 00       		.byte	0
 730 0445 00       		.byte	0
 731 0446 04       		.uleb128 0x4
 732 0447 DA000000 		.4byte	.LASF67
 733 044b 0A       		.byte	0xa
 734 044c 45       		.byte	0x45
 735 044d 2D040000 		.4byte	0x42d
 736 0451 10       		.uleb128 0x10
 737 0452 04       		.byte	0x4
 738 0453 06       		.byte	0x6
 739 0454 96       		.byte	0x96
 740 0455 86040000 		.4byte	0x486
ARM GAS  /tmp/ccv4VyZw.s 			page 14


 741 0459 11       		.uleb128 0x11
 742 045a 12000000 		.4byte	.LASF69
 743 045e 06       		.byte	0x6
 744 045f 9D       		.byte	0x9d
 745 0460 EB000000 		.4byte	0xeb
 746 0464 11       		.uleb128 0x11
 747 0465 3A000000 		.4byte	.LASF70
 748 0469 06       		.byte	0x6
 749 046a A4       		.byte	0xa4
 750 046b EB000000 		.4byte	0xeb
 751 046f 11       		.uleb128 0x11
 752 0470 D2030000 		.4byte	.LASF71
 753 0474 06       		.byte	0x6
 754 0475 AB       		.byte	0xab
 755 0476 7C020000 		.4byte	0x27c
 756 047a 11       		.uleb128 0x11
 757 047b 5F020000 		.4byte	.LASF72
 758 047f 06       		.byte	0x6
 759 0480 B2       		.byte	0xb2
 760 0481 F6000000 		.4byte	0xf6
 761 0485 00       		.byte	0
 762 0486 09       		.uleb128 0x9
 763 0487 04       		.byte	0x4
 764 0488 8C040000 		.4byte	0x48c
 765 048c 12       		.uleb128 0x12
 766 048d 91040000 		.4byte	0x491
 767 0491 03       		.uleb128 0x3
 768 0492 01       		.byte	0x1
 769 0493 08       		.byte	0x8
 770 0494 A8020000 		.4byte	.LASF73
 771 0498 09       		.uleb128 0x9
 772 0499 04       		.byte	0x4
 773 049a D4030000 		.4byte	0x3d4
 774 049e 08       		.uleb128 0x8
 775 049f 1C       		.byte	0x1c
 776 04a0 0B       		.byte	0xb
 777 04a1 27       		.byte	0x27
 778 04a2 CB040000 		.4byte	0x4cb
 779 04a6 06       		.uleb128 0x6
 780 04a7 E8030000 		.4byte	.LASF74
 781 04ab 0B       		.byte	0xb
 782 04ac 28       		.byte	0x28
 783 04ad 3E030000 		.4byte	0x33e
 784 04b1 00       		.byte	0
 785 04b2 06       		.uleb128 0x6
 786 04b3 B4010000 		.4byte	.LASF75
 787 04b7 0B       		.byte	0xb
 788 04b8 29       		.byte	0x29
 789 04b9 46040000 		.4byte	0x446
 790 04bd 14       		.byte	0x14
 791 04be 06       		.uleb128 0x6
 792 04bf 00000000 		.4byte	.LASF76
 793 04c3 0B       		.byte	0xb
 794 04c4 2A       		.byte	0x2a
 795 04c5 0C010000 		.4byte	0x10c
 796 04c9 18       		.byte	0x18
 797 04ca 00       		.byte	0
ARM GAS  /tmp/ccv4VyZw.s 			page 15


 798 04cb 04       		.uleb128 0x4
 799 04cc 6D000000 		.4byte	.LASF77
 800 04d0 0B       		.byte	0xb
 801 04d1 2B       		.byte	0x2b
 802 04d2 9E040000 		.4byte	0x49e
 803 04d6 13       		.uleb128 0x13
 804 04d7 55030000 		.4byte	.LASF85
 805 04db 01       		.byte	0x1
 806 04dc 1C       		.byte	0x1c
 807 04dd 00000000 		.4byte	.LFB7
 808 04e1 2C000000 		.4byte	.LFE7-.LFB7
 809 04e5 01       		.uleb128 0x1
 810 04e6 9C       		.byte	0x9c
 811 04e7 72050000 		.4byte	0x572
 812 04eb 14       		.uleb128 0x14
 813 04ec 7000     		.ascii	"p\000"
 814 04ee 01       		.byte	0x1
 815 04ef 1C       		.byte	0x1c
 816 04f0 7C020000 		.4byte	0x27c
 817 04f4 00000000 		.4byte	.LLST0
 818 04f8 15       		.uleb128 0x15
 819 04f9 65747000 		.ascii	"etp\000"
 820 04fd 01       		.byte	0x1
 821 04fe 1D       		.byte	0x1d
 822 04ff 72050000 		.4byte	0x572
 823 0503 1E000000 		.4byte	.LLST1
 824 0507 16       		.uleb128 0x16
 825 0508 00000000 		.4byte	.Ldebug_ranges0+0
 826 050c 1E050000 		.4byte	0x51e
 827 0510 17       		.uleb128 0x17
 828 0511 746D7000 		.ascii	"tmp\000"
 829 0515 01       		.byte	0x1
 830 0516 1F       		.byte	0x1f
 831 0517 A2000000 		.4byte	0xa2
 832 051b 01       		.uleb128 0x1
 833 051c 53       		.byte	0x53
 834 051d 00       		.byte	0
 835 051e 18       		.uleb128 0x18
 836 051f 24000000 		.4byte	.LBB4
 837 0523 08000000 		.4byte	.LBE4-.LBB4
 838 0527 39050000 		.4byte	0x539
 839 052b 17       		.uleb128 0x17
 840 052c 746D7000 		.ascii	"tmp\000"
 841 0530 01       		.byte	0x1
 842 0531 22       		.byte	0x22
 843 0532 A2000000 		.4byte	0xa2
 844 0536 01       		.uleb128 0x1
 845 0537 53       		.byte	0x53
 846 0538 00       		.byte	0
 847 0539 19       		.uleb128 0x19
 848 053a 12000000 		.4byte	.LVL3
 849 053e 5C060000 		.4byte	0x65c
 850 0542 52050000 		.4byte	0x552
 851 0546 1A       		.uleb128 0x1a
 852 0547 01       		.uleb128 0x1
 853 0548 51       		.byte	0x51
 854 0549 01       		.uleb128 0x1
ARM GAS  /tmp/ccv4VyZw.s 			page 16


 855 054a 30       		.byte	0x30
 856 054b 1A       		.uleb128 0x1a
 857 054c 01       		.uleb128 0x1
 858 054d 50       		.byte	0x50
 859 054e 02       		.uleb128 0x2
 860 054f 74       		.byte	0x74
 861 0550 14       		.sleb128 20
 862 0551 00       		.byte	0
 863 0552 1B       		.uleb128 0x1b
 864 0553 24000000 		.4byte	.LVL4
 865 0557 78060000 		.4byte	0x678
 866 055b 1A       		.uleb128 0x1a
 867 055c 01       		.uleb128 0x1
 868 055d 53       		.byte	0x53
 869 055e 02       		.uleb128 0x2
 870 055f 74       		.byte	0x74
 871 0560 00       		.sleb128 0
 872 0561 1A       		.uleb128 0x1a
 873 0562 01       		.uleb128 0x1
 874 0563 52       		.byte	0x52
 875 0564 05       		.uleb128 0x5
 876 0565 03       		.byte	0x3
 877 0566 00000000 		.4byte	tmrcb
 878 056a 1A       		.uleb128 0x1a
 879 056b 01       		.uleb128 0x1
 880 056c 50       		.byte	0x50
 881 056d 02       		.uleb128 0x2
 882 056e 74       		.byte	0x74
 883 056f 00       		.sleb128 0
 884 0570 00       		.byte	0
 885 0571 00       		.byte	0
 886 0572 09       		.uleb128 0x9
 887 0573 04       		.byte	0x4
 888 0574 CB040000 		.4byte	0x4cb
 889 0578 1C       		.uleb128 0x1c
 890 0579 43000000 		.4byte	.LASF78
 891 057d 01       		.byte	0x1
 892 057e 2B       		.byte	0x2b
 893 057f 00000000 		.4byte	.LFB8
 894 0583 2C000000 		.4byte	.LFE8-.LFB8
 895 0587 01       		.uleb128 0x1
 896 0588 9C       		.byte	0x9c
 897 0589 F0050000 		.4byte	0x5f0
 898 058d 14       		.uleb128 0x14
 899 058e 65747000 		.ascii	"etp\000"
 900 0592 01       		.byte	0x1
 901 0593 2B       		.byte	0x2b
 902 0594 72050000 		.4byte	0x572
 903 0598 3C000000 		.4byte	.LLST2
 904 059c 18       		.uleb128 0x18
 905 059d 02000000 		.4byte	.LBB5
 906 05a1 06000000 		.4byte	.LBE5-.LBB5
 907 05a5 B7050000 		.4byte	0x5b7
 908 05a9 17       		.uleb128 0x17
 909 05aa 746D7000 		.ascii	"tmp\000"
 910 05ae 01       		.byte	0x1
 911 05af 2D       		.byte	0x2d
ARM GAS  /tmp/ccv4VyZw.s 			page 17


 912 05b0 A2000000 		.4byte	0xa2
 913 05b4 01       		.uleb128 0x1
 914 05b5 53       		.byte	0x53
 915 05b6 00       		.byte	0
 916 05b7 16       		.uleb128 0x16
 917 05b8 18000000 		.4byte	.Ldebug_ranges0+0x18
 918 05bc CE050000 		.4byte	0x5ce
 919 05c0 17       		.uleb128 0x17
 920 05c1 746D7000 		.ascii	"tmp\000"
 921 05c5 01       		.byte	0x1
 922 05c6 32       		.byte	0x32
 923 05c7 A2000000 		.4byte	0xa2
 924 05cb 01       		.uleb128 0x1
 925 05cc 53       		.byte	0x53
 926 05cd 00       		.byte	0
 927 05ce 1B       		.uleb128 0x1b
 928 05cf 24000000 		.4byte	.LVL6
 929 05d3 78060000 		.4byte	0x678
 930 05d7 1A       		.uleb128 0x1a
 931 05d8 01       		.uleb128 0x1
 932 05d9 53       		.byte	0x53
 933 05da 03       		.uleb128 0x3
 934 05db F3       		.byte	0xf3
 935 05dc 01       		.uleb128 0x1
 936 05dd 50       		.byte	0x50
 937 05de 1A       		.uleb128 0x1a
 938 05df 01       		.uleb128 0x1
 939 05e0 52       		.byte	0x52
 940 05e1 05       		.uleb128 0x5
 941 05e2 03       		.byte	0x3
 942 05e3 00000000 		.4byte	tmrcb
 943 05e7 1A       		.uleb128 0x1a
 944 05e8 01       		.uleb128 0x1
 945 05e9 50       		.byte	0x50
 946 05ea 03       		.uleb128 0x3
 947 05eb F3       		.byte	0xf3
 948 05ec 01       		.uleb128 0x1
 949 05ed 50       		.byte	0x50
 950 05ee 00       		.byte	0
 951 05ef 00       		.byte	0
 952 05f0 1C       		.uleb128 0x1c
 953 05f1 81030000 		.4byte	.LASF79
 954 05f5 01       		.byte	0x1
 955 05f6 3B       		.byte	0x3b
 956 05f7 00000000 		.4byte	.LFB9
 957 05fb 18000000 		.4byte	.LFE9-.LFB9
 958 05ff 01       		.uleb128 0x1
 959 0600 9C       		.byte	0x9c
 960 0601 5C060000 		.4byte	0x65c
 961 0605 14       		.uleb128 0x14
 962 0606 65747000 		.ascii	"etp\000"
 963 060a 01       		.byte	0x1
 964 060b 3B       		.byte	0x3b
 965 060c 72050000 		.4byte	0x572
 966 0610 5D000000 		.4byte	.LLST3
 967 0614 18       		.uleb128 0x18
 968 0615 02000000 		.4byte	.LBB8
ARM GAS  /tmp/ccv4VyZw.s 			page 18


 969 0619 06000000 		.4byte	.LBE8-.LBB8
 970 061d 2F060000 		.4byte	0x62f
 971 0621 17       		.uleb128 0x17
 972 0622 746D7000 		.ascii	"tmp\000"
 973 0626 01       		.byte	0x1
 974 0627 3D       		.byte	0x3d
 975 0628 A2000000 		.4byte	0xa2
 976 062c 01       		.uleb128 0x1
 977 062d 53       		.byte	0x53
 978 062e 00       		.byte	0
 979 062f 18       		.uleb128 0x18
 980 0630 10000000 		.4byte	.LBB9
 981 0634 08000000 		.4byte	.LBE9-.LBB9
 982 0638 4A060000 		.4byte	0x64a
 983 063c 17       		.uleb128 0x17
 984 063d 746D7000 		.ascii	"tmp\000"
 985 0641 01       		.byte	0x1
 986 0642 3D       		.byte	0x3d
 987 0643 A2000000 		.4byte	0xa2
 988 0647 01       		.uleb128 0x1
 989 0648 53       		.byte	0x53
 990 0649 00       		.byte	0
 991 064a 1B       		.uleb128 0x1b
 992 064b 10000000 		.4byte	.LVL8
 993 064f 98060000 		.4byte	0x698
 994 0653 1A       		.uleb128 0x1a
 995 0654 01       		.uleb128 0x1
 996 0655 50       		.byte	0x50
 997 0656 03       		.uleb128 0x3
 998 0657 F3       		.byte	0xf3
 999 0658 01       		.uleb128 0x1
 1000 0659 50       		.byte	0x50
 1001 065a 00       		.byte	0
 1002 065b 00       		.byte	0
 1003 065c 1D       		.uleb128 0x1d
 1004 065d A1000000 		.4byte	.LASF80
 1005 0661 0A       		.byte	0xa
 1006 0662 BA       		.byte	0xba
 1007 0663 72060000 		.4byte	0x672
 1008 0667 0E       		.uleb128 0xe
 1009 0668 72060000 		.4byte	0x672
 1010 066c 0E       		.uleb128 0xe
 1011 066d 01010000 		.4byte	0x101
 1012 0671 00       		.byte	0
 1013 0672 09       		.uleb128 0x9
 1014 0673 04       		.byte	0x4
 1015 0674 46040000 		.4byte	0x446
 1016 0678 1D       		.uleb128 0x1d
 1017 0679 CB010000 		.4byte	.LASF81
 1018 067d 08       		.byte	0x8
 1019 067e FE       		.byte	0xfe
 1020 067f 98060000 		.4byte	0x698
 1021 0683 0E       		.uleb128 0xe
 1022 0684 92030000 		.4byte	0x392
 1023 0688 0E       		.uleb128 0xe
 1024 0689 0C010000 		.4byte	0x10c
 1025 068d 0E       		.uleb128 0xe
ARM GAS  /tmp/ccv4VyZw.s 			page 19


 1026 068e 22030000 		.4byte	0x322
 1027 0692 0E       		.uleb128 0xe
 1028 0693 7C020000 		.4byte	0x27c
 1029 0697 00       		.byte	0
 1030 0698 1E       		.uleb128 0x1e
 1031 0699 7C020000 		.4byte	.LASF86
 1032 069d 08       		.byte	0x8
 1033 069e FF       		.byte	0xff
 1034 069f 0E       		.uleb128 0xe
 1035 06a0 92030000 		.4byte	0x392
 1036 06a4 00       		.byte	0
 1037 06a5 00       		.byte	0
 1038              		.section	.debug_abbrev,"",%progbits
 1039              	.Ldebug_abbrev0:
 1040 0000 01       		.uleb128 0x1
 1041 0001 11       		.uleb128 0x11
 1042 0002 01       		.byte	0x1
 1043 0003 25       		.uleb128 0x25
 1044 0004 0E       		.uleb128 0xe
 1045 0005 13       		.uleb128 0x13
 1046 0006 0B       		.uleb128 0xb
 1047 0007 03       		.uleb128 0x3
 1048 0008 0E       		.uleb128 0xe
 1049 0009 1B       		.uleb128 0x1b
 1050 000a 0E       		.uleb128 0xe
 1051 000b 55       		.uleb128 0x55
 1052 000c 17       		.uleb128 0x17
 1053 000d 11       		.uleb128 0x11
 1054 000e 01       		.uleb128 0x1
 1055 000f 10       		.uleb128 0x10
 1056 0010 17       		.uleb128 0x17
 1057 0011 00       		.byte	0
 1058 0012 00       		.byte	0
 1059 0013 02       		.uleb128 0x2
 1060 0014 24       		.uleb128 0x24
 1061 0015 00       		.byte	0
 1062 0016 0B       		.uleb128 0xb
 1063 0017 0B       		.uleb128 0xb
 1064 0018 3E       		.uleb128 0x3e
 1065 0019 0B       		.uleb128 0xb
 1066 001a 03       		.uleb128 0x3
 1067 001b 08       		.uleb128 0x8
 1068 001c 00       		.byte	0
 1069 001d 00       		.byte	0
 1070 001e 03       		.uleb128 0x3
 1071 001f 24       		.uleb128 0x24
 1072 0020 00       		.byte	0
 1073 0021 0B       		.uleb128 0xb
 1074 0022 0B       		.uleb128 0xb
 1075 0023 3E       		.uleb128 0x3e
 1076 0024 0B       		.uleb128 0xb
 1077 0025 03       		.uleb128 0x3
 1078 0026 0E       		.uleb128 0xe
 1079 0027 00       		.byte	0
 1080 0028 00       		.byte	0
 1081 0029 04       		.uleb128 0x4
 1082 002a 16       		.uleb128 0x16
ARM GAS  /tmp/ccv4VyZw.s 			page 20


 1083 002b 00       		.byte	0
 1084 002c 03       		.uleb128 0x3
 1085 002d 0E       		.uleb128 0xe
 1086 002e 3A       		.uleb128 0x3a
 1087 002f 0B       		.uleb128 0xb
 1088 0030 3B       		.uleb128 0x3b
 1089 0031 0B       		.uleb128 0xb
 1090 0032 49       		.uleb128 0x49
 1091 0033 13       		.uleb128 0x13
 1092 0034 00       		.byte	0
 1093 0035 00       		.byte	0
 1094 0036 05       		.uleb128 0x5
 1095 0037 13       		.uleb128 0x13
 1096 0038 01       		.byte	0x1
 1097 0039 03       		.uleb128 0x3
 1098 003a 0E       		.uleb128 0xe
 1099 003b 0B       		.uleb128 0xb
 1100 003c 0B       		.uleb128 0xb
 1101 003d 3A       		.uleb128 0x3a
 1102 003e 0B       		.uleb128 0xb
 1103 003f 3B       		.uleb128 0x3b
 1104 0040 0B       		.uleb128 0xb
 1105 0041 01       		.uleb128 0x1
 1106 0042 13       		.uleb128 0x13
 1107 0043 00       		.byte	0
 1108 0044 00       		.byte	0
 1109 0045 06       		.uleb128 0x6
 1110 0046 0D       		.uleb128 0xd
 1111 0047 00       		.byte	0
 1112 0048 03       		.uleb128 0x3
 1113 0049 0E       		.uleb128 0xe
 1114 004a 3A       		.uleb128 0x3a
 1115 004b 0B       		.uleb128 0xb
 1116 004c 3B       		.uleb128 0x3b
 1117 004d 0B       		.uleb128 0xb
 1118 004e 49       		.uleb128 0x49
 1119 004f 13       		.uleb128 0x13
 1120 0050 38       		.uleb128 0x38
 1121 0051 0B       		.uleb128 0xb
 1122 0052 00       		.byte	0
 1123 0053 00       		.byte	0
 1124 0054 07       		.uleb128 0x7
 1125 0055 0D       		.uleb128 0xd
 1126 0056 00       		.byte	0
 1127 0057 03       		.uleb128 0x3
 1128 0058 08       		.uleb128 0x8
 1129 0059 3A       		.uleb128 0x3a
 1130 005a 0B       		.uleb128 0xb
 1131 005b 3B       		.uleb128 0x3b
 1132 005c 0B       		.uleb128 0xb
 1133 005d 49       		.uleb128 0x49
 1134 005e 13       		.uleb128 0x13
 1135 005f 38       		.uleb128 0x38
 1136 0060 0B       		.uleb128 0xb
 1137 0061 00       		.byte	0
 1138 0062 00       		.byte	0
 1139 0063 08       		.uleb128 0x8
ARM GAS  /tmp/ccv4VyZw.s 			page 21


 1140 0064 13       		.uleb128 0x13
 1141 0065 01       		.byte	0x1
 1142 0066 0B       		.uleb128 0xb
 1143 0067 0B       		.uleb128 0xb
 1144 0068 3A       		.uleb128 0x3a
 1145 0069 0B       		.uleb128 0xb
 1146 006a 3B       		.uleb128 0x3b
 1147 006b 0B       		.uleb128 0xb
 1148 006c 01       		.uleb128 0x1
 1149 006d 13       		.uleb128 0x13
 1150 006e 00       		.byte	0
 1151 006f 00       		.byte	0
 1152 0070 09       		.uleb128 0x9
 1153 0071 0F       		.uleb128 0xf
 1154 0072 00       		.byte	0
 1155 0073 0B       		.uleb128 0xb
 1156 0074 0B       		.uleb128 0xb
 1157 0075 49       		.uleb128 0x49
 1158 0076 13       		.uleb128 0x13
 1159 0077 00       		.byte	0
 1160 0078 00       		.byte	0
 1161 0079 0A       		.uleb128 0xa
 1162 007a 0F       		.uleb128 0xf
 1163 007b 00       		.byte	0
 1164 007c 0B       		.uleb128 0xb
 1165 007d 0B       		.uleb128 0xb
 1166 007e 00       		.byte	0
 1167 007f 00       		.byte	0
 1168 0080 0B       		.uleb128 0xb
 1169 0081 13       		.uleb128 0x13
 1170 0082 01       		.byte	0x1
 1171 0083 03       		.uleb128 0x3
 1172 0084 0E       		.uleb128 0xe
 1173 0085 0B       		.uleb128 0xb
 1174 0086 0B       		.uleb128 0xb
 1175 0087 3A       		.uleb128 0x3a
 1176 0088 0B       		.uleb128 0xb
 1177 0089 3B       		.uleb128 0x3b
 1178 008a 05       		.uleb128 0x5
 1179 008b 01       		.uleb128 0x1
 1180 008c 13       		.uleb128 0x13
 1181 008d 00       		.byte	0
 1182 008e 00       		.byte	0
 1183 008f 0C       		.uleb128 0xc
 1184 0090 0D       		.uleb128 0xd
 1185 0091 00       		.byte	0
 1186 0092 03       		.uleb128 0x3
 1187 0093 08       		.uleb128 0x8
 1188 0094 3A       		.uleb128 0x3a
 1189 0095 0B       		.uleb128 0xb
 1190 0096 3B       		.uleb128 0x3b
 1191 0097 05       		.uleb128 0x5
 1192 0098 49       		.uleb128 0x49
 1193 0099 13       		.uleb128 0x13
 1194 009a 38       		.uleb128 0x38
 1195 009b 0B       		.uleb128 0xb
 1196 009c 00       		.byte	0
ARM GAS  /tmp/ccv4VyZw.s 			page 22


 1197 009d 00       		.byte	0
 1198 009e 0D       		.uleb128 0xd
 1199 009f 15       		.uleb128 0x15
 1200 00a0 01       		.byte	0x1
 1201 00a1 27       		.uleb128 0x27
 1202 00a2 19       		.uleb128 0x19
 1203 00a3 01       		.uleb128 0x1
 1204 00a4 13       		.uleb128 0x13
 1205 00a5 00       		.byte	0
 1206 00a6 00       		.byte	0
 1207 00a7 0E       		.uleb128 0xe
 1208 00a8 05       		.uleb128 0x5
 1209 00a9 00       		.byte	0
 1210 00aa 49       		.uleb128 0x49
 1211 00ab 13       		.uleb128 0x13
 1212 00ac 00       		.byte	0
 1213 00ad 00       		.byte	0
 1214 00ae 0F       		.uleb128 0xf
 1215 00af 35       		.uleb128 0x35
 1216 00b0 00       		.byte	0
 1217 00b1 49       		.uleb128 0x49
 1218 00b2 13       		.uleb128 0x13
 1219 00b3 00       		.byte	0
 1220 00b4 00       		.byte	0
 1221 00b5 10       		.uleb128 0x10
 1222 00b6 17       		.uleb128 0x17
 1223 00b7 01       		.byte	0x1
 1224 00b8 0B       		.uleb128 0xb
 1225 00b9 0B       		.uleb128 0xb
 1226 00ba 3A       		.uleb128 0x3a
 1227 00bb 0B       		.uleb128 0xb
 1228 00bc 3B       		.uleb128 0x3b
 1229 00bd 0B       		.uleb128 0xb
 1230 00be 01       		.uleb128 0x1
 1231 00bf 13       		.uleb128 0x13
 1232 00c0 00       		.byte	0
 1233 00c1 00       		.byte	0
 1234 00c2 11       		.uleb128 0x11
 1235 00c3 0D       		.uleb128 0xd
 1236 00c4 00       		.byte	0
 1237 00c5 03       		.uleb128 0x3
 1238 00c6 0E       		.uleb128 0xe
 1239 00c7 3A       		.uleb128 0x3a
 1240 00c8 0B       		.uleb128 0xb
 1241 00c9 3B       		.uleb128 0x3b
 1242 00ca 0B       		.uleb128 0xb
 1243 00cb 49       		.uleb128 0x49
 1244 00cc 13       		.uleb128 0x13
 1245 00cd 00       		.byte	0
 1246 00ce 00       		.byte	0
 1247 00cf 12       		.uleb128 0x12
 1248 00d0 26       		.uleb128 0x26
 1249 00d1 00       		.byte	0
 1250 00d2 49       		.uleb128 0x49
 1251 00d3 13       		.uleb128 0x13
 1252 00d4 00       		.byte	0
 1253 00d5 00       		.byte	0
ARM GAS  /tmp/ccv4VyZw.s 			page 23


 1254 00d6 13       		.uleb128 0x13
 1255 00d7 2E       		.uleb128 0x2e
 1256 00d8 01       		.byte	0x1
 1257 00d9 03       		.uleb128 0x3
 1258 00da 0E       		.uleb128 0xe
 1259 00db 3A       		.uleb128 0x3a
 1260 00dc 0B       		.uleb128 0xb
 1261 00dd 3B       		.uleb128 0x3b
 1262 00de 0B       		.uleb128 0xb
 1263 00df 27       		.uleb128 0x27
 1264 00e0 19       		.uleb128 0x19
 1265 00e1 11       		.uleb128 0x11
 1266 00e2 01       		.uleb128 0x1
 1267 00e3 12       		.uleb128 0x12
 1268 00e4 06       		.uleb128 0x6
 1269 00e5 40       		.uleb128 0x40
 1270 00e6 18       		.uleb128 0x18
 1271 00e7 9742     		.uleb128 0x2117
 1272 00e9 19       		.uleb128 0x19
 1273 00ea 01       		.uleb128 0x1
 1274 00eb 13       		.uleb128 0x13
 1275 00ec 00       		.byte	0
 1276 00ed 00       		.byte	0
 1277 00ee 14       		.uleb128 0x14
 1278 00ef 05       		.uleb128 0x5
 1279 00f0 00       		.byte	0
 1280 00f1 03       		.uleb128 0x3
 1281 00f2 08       		.uleb128 0x8
 1282 00f3 3A       		.uleb128 0x3a
 1283 00f4 0B       		.uleb128 0xb
 1284 00f5 3B       		.uleb128 0x3b
 1285 00f6 0B       		.uleb128 0xb
 1286 00f7 49       		.uleb128 0x49
 1287 00f8 13       		.uleb128 0x13
 1288 00f9 02       		.uleb128 0x2
 1289 00fa 17       		.uleb128 0x17
 1290 00fb 00       		.byte	0
 1291 00fc 00       		.byte	0
 1292 00fd 15       		.uleb128 0x15
 1293 00fe 34       		.uleb128 0x34
 1294 00ff 00       		.byte	0
 1295 0100 03       		.uleb128 0x3
 1296 0101 08       		.uleb128 0x8
 1297 0102 3A       		.uleb128 0x3a
 1298 0103 0B       		.uleb128 0xb
 1299 0104 3B       		.uleb128 0x3b
 1300 0105 0B       		.uleb128 0xb
 1301 0106 49       		.uleb128 0x49
 1302 0107 13       		.uleb128 0x13
 1303 0108 02       		.uleb128 0x2
 1304 0109 17       		.uleb128 0x17
 1305 010a 00       		.byte	0
 1306 010b 00       		.byte	0
 1307 010c 16       		.uleb128 0x16
 1308 010d 0B       		.uleb128 0xb
 1309 010e 01       		.byte	0x1
 1310 010f 55       		.uleb128 0x55
ARM GAS  /tmp/ccv4VyZw.s 			page 24


 1311 0110 17       		.uleb128 0x17
 1312 0111 01       		.uleb128 0x1
 1313 0112 13       		.uleb128 0x13
 1314 0113 00       		.byte	0
 1315 0114 00       		.byte	0
 1316 0115 17       		.uleb128 0x17
 1317 0116 34       		.uleb128 0x34
 1318 0117 00       		.byte	0
 1319 0118 03       		.uleb128 0x3
 1320 0119 08       		.uleb128 0x8
 1321 011a 3A       		.uleb128 0x3a
 1322 011b 0B       		.uleb128 0xb
 1323 011c 3B       		.uleb128 0x3b
 1324 011d 0B       		.uleb128 0xb
 1325 011e 49       		.uleb128 0x49
 1326 011f 13       		.uleb128 0x13
 1327 0120 02       		.uleb128 0x2
 1328 0121 18       		.uleb128 0x18
 1329 0122 00       		.byte	0
 1330 0123 00       		.byte	0
 1331 0124 18       		.uleb128 0x18
 1332 0125 0B       		.uleb128 0xb
 1333 0126 01       		.byte	0x1
 1334 0127 11       		.uleb128 0x11
 1335 0128 01       		.uleb128 0x1
 1336 0129 12       		.uleb128 0x12
 1337 012a 06       		.uleb128 0x6
 1338 012b 01       		.uleb128 0x1
 1339 012c 13       		.uleb128 0x13
 1340 012d 00       		.byte	0
 1341 012e 00       		.byte	0
 1342 012f 19       		.uleb128 0x19
 1343 0130 898201   		.uleb128 0x4109
 1344 0133 01       		.byte	0x1
 1345 0134 11       		.uleb128 0x11
 1346 0135 01       		.uleb128 0x1
 1347 0136 31       		.uleb128 0x31
 1348 0137 13       		.uleb128 0x13
 1349 0138 01       		.uleb128 0x1
 1350 0139 13       		.uleb128 0x13
 1351 013a 00       		.byte	0
 1352 013b 00       		.byte	0
 1353 013c 1A       		.uleb128 0x1a
 1354 013d 8A8201   		.uleb128 0x410a
 1355 0140 00       		.byte	0
 1356 0141 02       		.uleb128 0x2
 1357 0142 18       		.uleb128 0x18
 1358 0143 9142     		.uleb128 0x2111
 1359 0145 18       		.uleb128 0x18
 1360 0146 00       		.byte	0
 1361 0147 00       		.byte	0
 1362 0148 1B       		.uleb128 0x1b
 1363 0149 898201   		.uleb128 0x4109
 1364 014c 01       		.byte	0x1
 1365 014d 11       		.uleb128 0x11
 1366 014e 01       		.uleb128 0x1
 1367 014f 31       		.uleb128 0x31
ARM GAS  /tmp/ccv4VyZw.s 			page 25


 1368 0150 13       		.uleb128 0x13
 1369 0151 00       		.byte	0
 1370 0152 00       		.byte	0
 1371 0153 1C       		.uleb128 0x1c
 1372 0154 2E       		.uleb128 0x2e
 1373 0155 01       		.byte	0x1
 1374 0156 3F       		.uleb128 0x3f
 1375 0157 19       		.uleb128 0x19
 1376 0158 03       		.uleb128 0x3
 1377 0159 0E       		.uleb128 0xe
 1378 015a 3A       		.uleb128 0x3a
 1379 015b 0B       		.uleb128 0xb
 1380 015c 3B       		.uleb128 0x3b
 1381 015d 0B       		.uleb128 0xb
 1382 015e 27       		.uleb128 0x27
 1383 015f 19       		.uleb128 0x19
 1384 0160 11       		.uleb128 0x11
 1385 0161 01       		.uleb128 0x1
 1386 0162 12       		.uleb128 0x12
 1387 0163 06       		.uleb128 0x6
 1388 0164 40       		.uleb128 0x40
 1389 0165 18       		.uleb128 0x18
 1390 0166 9742     		.uleb128 0x2117
 1391 0168 19       		.uleb128 0x19
 1392 0169 01       		.uleb128 0x1
 1393 016a 13       		.uleb128 0x13
 1394 016b 00       		.byte	0
 1395 016c 00       		.byte	0
 1396 016d 1D       		.uleb128 0x1d
 1397 016e 2E       		.uleb128 0x2e
 1398 016f 01       		.byte	0x1
 1399 0170 3F       		.uleb128 0x3f
 1400 0171 19       		.uleb128 0x19
 1401 0172 03       		.uleb128 0x3
 1402 0173 0E       		.uleb128 0xe
 1403 0174 3A       		.uleb128 0x3a
 1404 0175 0B       		.uleb128 0xb
 1405 0176 3B       		.uleb128 0x3b
 1406 0177 0B       		.uleb128 0xb
 1407 0178 27       		.uleb128 0x27
 1408 0179 19       		.uleb128 0x19
 1409 017a 3C       		.uleb128 0x3c
 1410 017b 19       		.uleb128 0x19
 1411 017c 01       		.uleb128 0x1
 1412 017d 13       		.uleb128 0x13
 1413 017e 00       		.byte	0
 1414 017f 00       		.byte	0
 1415 0180 1E       		.uleb128 0x1e
 1416 0181 2E       		.uleb128 0x2e
 1417 0182 01       		.byte	0x1
 1418 0183 3F       		.uleb128 0x3f
 1419 0184 19       		.uleb128 0x19
 1420 0185 03       		.uleb128 0x3
 1421 0186 0E       		.uleb128 0xe
 1422 0187 3A       		.uleb128 0x3a
 1423 0188 0B       		.uleb128 0xb
 1424 0189 3B       		.uleb128 0x3b
ARM GAS  /tmp/ccv4VyZw.s 			page 26


 1425 018a 0B       		.uleb128 0xb
 1426 018b 27       		.uleb128 0x27
 1427 018c 19       		.uleb128 0x19
 1428 018d 3C       		.uleb128 0x3c
 1429 018e 19       		.uleb128 0x19
 1430 018f 00       		.byte	0
 1431 0190 00       		.byte	0
 1432 0191 00       		.byte	0
 1433              		.section	.debug_loc,"",%progbits
 1434              	.Ldebug_loc0:
 1435              	.LLST0:
 1436 0000 00000000 		.4byte	.LVL0
 1437 0004 0E000000 		.4byte	.LVL2
 1438 0008 0100     		.2byte	0x1
 1439 000a 50       		.byte	0x50
 1440 000b 0E000000 		.4byte	.LVL2
 1441 000f 2C000000 		.4byte	.LFE7
 1442 0013 0100     		.2byte	0x1
 1443 0015 54       		.byte	0x54
 1444 0016 00000000 		.4byte	0
 1445 001a 00000000 		.4byte	0
 1446              	.LLST1:
 1447 001e 06000000 		.4byte	.LVL1
 1448 0022 0E000000 		.4byte	.LVL2
 1449 0026 0100     		.2byte	0x1
 1450 0028 50       		.byte	0x50
 1451 0029 0E000000 		.4byte	.LVL2
 1452 002d 2C000000 		.4byte	.LFE7
 1453 0031 0100     		.2byte	0x1
 1454 0033 54       		.byte	0x54
 1455 0034 00000000 		.4byte	0
 1456 0038 00000000 		.4byte	0
 1457              	.LLST2:
 1458 003c 00000000 		.4byte	.LVL5
 1459 0040 23000000 		.4byte	.LVL6-1
 1460 0044 0100     		.2byte	0x1
 1461 0046 50       		.byte	0x50
 1462 0047 23000000 		.4byte	.LVL6-1
 1463 004b 2C000000 		.4byte	.LFE8
 1464 004f 0400     		.2byte	0x4
 1465 0051 F3       		.byte	0xf3
 1466 0052 01       		.uleb128 0x1
 1467 0053 50       		.byte	0x50
 1468 0054 9F       		.byte	0x9f
 1469 0055 00000000 		.4byte	0
 1470 0059 00000000 		.4byte	0
 1471              	.LLST3:
 1472 005d 00000000 		.4byte	.LVL7
 1473 0061 0F000000 		.4byte	.LVL8-1
 1474 0065 0100     		.2byte	0x1
 1475 0067 50       		.byte	0x50
 1476 0068 0F000000 		.4byte	.LVL8-1
 1477 006c 18000000 		.4byte	.LFE9
 1478 0070 0400     		.2byte	0x4
 1479 0072 F3       		.byte	0xf3
 1480 0073 01       		.uleb128 0x1
 1481 0074 50       		.byte	0x50
ARM GAS  /tmp/ccv4VyZw.s 			page 27


 1482 0075 9F       		.byte	0x9f
 1483 0076 00000000 		.4byte	0
 1484 007a 00000000 		.4byte	0
 1485              		.section	.debug_aranges,"",%progbits
 1486 0000 2C000000 		.4byte	0x2c
 1487 0004 0200     		.2byte	0x2
 1488 0006 00000000 		.4byte	.Ldebug_info0
 1489 000a 04       		.byte	0x4
 1490 000b 00       		.byte	0
 1491 000c 0000     		.2byte	0
 1492 000e 0000     		.2byte	0
 1493 0010 00000000 		.4byte	.LFB7
 1494 0014 2C000000 		.4byte	.LFE7-.LFB7
 1495 0018 00000000 		.4byte	.LFB8
 1496 001c 2C000000 		.4byte	.LFE8-.LFB8
 1497 0020 00000000 		.4byte	.LFB9
 1498 0024 18000000 		.4byte	.LFE9-.LFB9
 1499 0028 00000000 		.4byte	0
 1500 002c 00000000 		.4byte	0
 1501              		.section	.debug_ranges,"",%progbits
 1502              	.Ldebug_ranges0:
 1503 0000 02000000 		.4byte	.LBB2
 1504 0004 04000000 		.4byte	.LBE2
 1505 0008 06000000 		.4byte	.LBB3
 1506 000c 0A000000 		.4byte	.LBE3
 1507 0010 00000000 		.4byte	0
 1508 0014 00000000 		.4byte	0
 1509 0018 0C000000 		.4byte	.LBB6
 1510 001c 14000000 		.4byte	.LBE6
 1511 0020 24000000 		.4byte	.LBB7
 1512 0024 2C000000 		.4byte	.LBE7
 1513 0028 00000000 		.4byte	0
 1514 002c 00000000 		.4byte	0
 1515 0030 00000000 		.4byte	.LFB7
 1516 0034 2C000000 		.4byte	.LFE7
 1517 0038 00000000 		.4byte	.LFB8
 1518 003c 2C000000 		.4byte	.LFE8
 1519 0040 00000000 		.4byte	.LFB9
 1520 0044 18000000 		.4byte	.LFE9
 1521 0048 00000000 		.4byte	0
 1522 004c 00000000 		.4byte	0
 1523              		.section	.debug_line,"",%progbits
 1524              	.Ldebug_line0:
 1525 0000 66010000 		.section	.debug_str,"MS",%progbits,1
 1525      02001C01 
 1525      00000201 
 1525      FB0E0D00 
 1525      01010101 
 1526              	.LASF76:
 1527 0000 65745F69 		.ascii	"et_interval\000"
 1527      6E746572 
 1527      76616C00 
 1528              	.LASF40:
 1529 000c 705F6D73 		.ascii	"p_msg\000"
 1529      6700
 1530              	.LASF69:
 1531 0012 7264796D 		.ascii	"rdymsg\000"
ARM GAS  /tmp/ccv4VyZw.s 			page 28


 1531      736700
 1532              	.LASF5:
 1533 0019 5F5F7569 		.ascii	"__uint8_t\000"
 1533      6E74385F 
 1533      7400
 1534              	.LASF11:
 1535 0023 6C6F6E67 		.ascii	"long long unsigned int\000"
 1535      206C6F6E 
 1535      6720756E 
 1535      7369676E 
 1535      65642069 
 1536              	.LASF70:
 1537 003a 65786974 		.ascii	"exitcode\000"
 1537      636F6465 
 1537      00
 1538              	.LASF78:
 1539 0043 65767453 		.ascii	"evtStart\000"
 1539      74617274 
 1539      00
 1540              	.LASF28:
 1541 004c 705F7072 		.ascii	"p_prio\000"
 1541      696F00
 1542              	.LASF10:
 1543 0053 6C6F6E67 		.ascii	"long long int\000"
 1543      206C6F6E 
 1543      6720696E 
 1543      7400
 1544              	.LASF1:
 1545 0061 7369676E 		.ascii	"signed char\000"
 1545      65642063 
 1545      68617200 
 1546              	.LASF77:
 1547 006d 45765469 		.ascii	"EvTimer\000"
 1547      6D657200 
 1548              	.LASF44:
 1549 0075 705F6D70 		.ascii	"p_mpool\000"
 1549      6F6F6C00 
 1550              	.LASF59:
 1551 007d 6D5F7175 		.ascii	"m_queue\000"
 1551      65756500 
 1552              	.LASF19:
 1553 0085 74736C69 		.ascii	"tslices_t\000"
 1553      6365735F 
 1553      7400
 1554              	.LASF7:
 1555 008f 6C6F6E67 		.ascii	"long int\000"
 1555      20696E74 
 1555      00
 1556              	.LASF17:
 1557 0098 74737461 		.ascii	"tstate_t\000"
 1557      74655F74 
 1557      00
 1558              	.LASF80:
 1559 00a1 63684576 		.ascii	"chEvtBroadcastFlagsI\000"
 1559      7442726F 
 1559      61646361 
 1559      7374466C 
ARM GAS  /tmp/ccv4VyZw.s 			page 29


 1559      61677349 
 1560              	.LASF30:
 1561 00b6 705F6E65 		.ascii	"p_newer\000"
 1561      77657200 
 1562              	.LASF8:
 1563 00be 5F5F7569 		.ascii	"__uint32_t\000"
 1563      6E743332 
 1563      5F7400
 1564              	.LASF47:
 1565 00c9 72656761 		.ascii	"regarm_t\000"
 1565      726D5F74 
 1565      00
 1566              	.LASF54:
 1567 00d2 76745F70 		.ascii	"vt_prev\000"
 1567      72657600 
 1568              	.LASF67:
 1569 00da 4576656E 		.ascii	"EventSource\000"
 1569      74536F75 
 1569      72636500 
 1570              	.LASF0:
 1571 00e6 756E7369 		.ascii	"unsigned int\000"
 1571      676E6564 
 1571      20696E74 
 1571      00
 1572              	.LASF53:
 1573 00f3 76745F6E 		.ascii	"vt_next\000"
 1573      65787400 
 1574              	.LASF9:
 1575 00fb 6C6F6E67 		.ascii	"long unsigned int\000"
 1575      20756E73 
 1575      69676E65 
 1575      6420696E 
 1575      7400
 1576              	.LASF51:
 1577 010d 76746675 		.ascii	"vtfunc_t\000"
 1577      6E635F74 
 1577      00
 1578              	.LASF49:
 1579 0116 636F6E74 		.ascii	"context\000"
 1579      65787400 
 1580              	.LASF4:
 1581 011e 73686F72 		.ascii	"short unsigned int\000"
 1581      7420756E 
 1581      7369676E 
 1581      65642069 
 1581      6E7400
 1582              	.LASF21:
 1583 0131 6D73675F 		.ascii	"msg_t\000"
 1583      7400
 1584              	.LASF63:
 1585 0137 656C5F6E 		.ascii	"el_next\000"
 1585      65787400 
 1586              	.LASF16:
 1587 013f 746D6F64 		.ascii	"tmode_t\000"
 1587      655F7400 
 1588              	.LASF46:
 1589 0147 54687265 		.ascii	"ThreadsList\000"
ARM GAS  /tmp/ccv4VyZw.s 			page 30


 1589      6164734C 
 1589      69737400 
 1590              	.LASF22:
 1591 0153 6576656E 		.ascii	"eventmask_t\000"
 1591      746D6173 
 1591      6B5F7400 
 1592              	.LASF58:
 1593 015f 4D757465 		.ascii	"Mutex\000"
 1593      7800
 1594              	.LASF84:
 1595 0165 2F686F6D 		.ascii	"/home/caroline/Documents/PAF/ChibiOS_2.6.4/demos/AR"
 1595      652F6361 
 1595      726F6C69 
 1595      6E652F44 
 1595      6F63756D 
 1596 0198 4D434D34 		.ascii	"MCM4-STM32F407-LWIP\000"
 1596      2D53544D 
 1596      33324634 
 1596      30372D4C 
 1596      57495000 
 1597              	.LASF55:
 1598 01ac 76745F74 		.ascii	"vt_time\000"
 1598      696D6500 
 1599              	.LASF75:
 1600 01b4 65745F65 		.ascii	"et_es\000"
 1600      7300
 1601              	.LASF50:
 1602 01ba 73697A65 		.ascii	"sizetype\000"
 1602      74797065 
 1602      00
 1603              	.LASF56:
 1604 01c3 76745F66 		.ascii	"vt_func\000"
 1604      756E6300 
 1605              	.LASF81:
 1606 01cb 63685654 		.ascii	"chVTSetI\000"
 1606      53657449 
 1606      00
 1607              	.LASF31:
 1608 01d4 705F6F6C 		.ascii	"p_older\000"
 1608      64657200 
 1609              	.LASF45:
 1610 01dc 54687265 		.ascii	"ThreadsQueue\000"
 1610      61647351 
 1610      75657565 
 1610      00
 1611              	.LASF65:
 1612 01e9 656C5F6D 		.ascii	"el_mask\000"
 1612      61736B00 
 1613              	.LASF18:
 1614 01f1 74726566 		.ascii	"trefs_t\000"
 1614      735F7400 
 1615              	.LASF27:
 1616 01f9 705F7072 		.ascii	"p_prev\000"
 1616      657600
 1617              	.LASF20:
 1618 0200 74707269 		.ascii	"tprio_t\000"
 1618      6F5F7400 
ARM GAS  /tmp/ccv4VyZw.s 			page 31


 1619              	.LASF15:
 1620 0208 5F426F6F 		.ascii	"_Bool\000"
 1620      6C00
 1621              	.LASF13:
 1622 020e 696E7433 		.ascii	"int32_t\000"
 1622      325F7400 
 1623              	.LASF2:
 1624 0216 756E7369 		.ascii	"unsigned char\000"
 1624      676E6564 
 1624      20636861 
 1624      7200
 1625              	.LASF64:
 1626 0224 656C5F6C 		.ascii	"el_listener\000"
 1626      69737465 
 1626      6E657200 
 1627              	.LASF66:
 1628 0230 656C5F66 		.ascii	"el_flags\000"
 1628      6C616773 
 1628      00
 1629              	.LASF42:
 1630 0239 705F6D74 		.ascii	"p_mtxlist\000"
 1630      786C6973 
 1630      7400
 1631              	.LASF3:
 1632 0243 73686F72 		.ascii	"short int\000"
 1632      7420696E 
 1632      7400
 1633              	.LASF33:
 1634 024d 705F7374 		.ascii	"p_state\000"
 1634      61746500 
 1635              	.LASF36:
 1636 0255 705F7072 		.ascii	"p_preempt\000"
 1636      65656D70 
 1636      7400
 1637              	.LASF72:
 1638 025f 65776D61 		.ascii	"ewmask\000"
 1638      736B00
 1639              	.LASF26:
 1640 0266 705F6E65 		.ascii	"p_next\000"
 1640      787400
 1641              	.LASF34:
 1642 026d 705F666C 		.ascii	"p_flags\000"
 1642      61677300 
 1643              	.LASF25:
 1644 0275 54687265 		.ascii	"Thread\000"
 1644      616400
 1645              	.LASF86:
 1646 027c 63685654 		.ascii	"chVTResetI\000"
 1646      52657365 
 1646      744900
 1647              	.LASF41:
 1648 0287 705F6570 		.ascii	"p_epending\000"
 1648      656E6469 
 1648      6E6700
 1649              	.LASF14:
 1650 0292 75696E74 		.ascii	"uint32_t\000"
 1650      33325F74 
ARM GAS  /tmp/ccv4VyZw.s 			page 32


 1650      00
 1651              	.LASF52:
 1652 029b 56697274 		.ascii	"VirtualTimer\000"
 1652      75616C54 
 1652      696D6572 
 1652      00
 1653              	.LASF73:
 1654 02a8 63686172 		.ascii	"char\000"
 1654      00
 1655              	.LASF82:
 1656 02ad 474E5520 		.ascii	"GNU C 4.8.2 -mcpu=cortex-m4 -mno-thumb-interwork -m"
 1656      4320342E 
 1656      382E3220 
 1656      2D6D6370 
 1656      753D636F 
 1657 02e0 7468756D 		.ascii	"thumb -ggdb -O2 -std=gnu99 -fomit-frame-pointer -fa"
 1657      62202D67 
 1657      67646220 
 1657      2D4F3220 
 1657      2D737464 
 1658 0313 6C69676E 		.ascii	"lign-functions=16 -ffunction-sections -fdata-sectio"
 1658      2D66756E 
 1658      6374696F 
 1658      6E733D31 
 1658      36202D66 
 1659 0346 6E73202D 		.ascii	"ns -fno-common\000"
 1659      666E6F2D 
 1659      636F6D6D 
 1659      6F6E00
 1660              	.LASF85:
 1661 0355 746D7263 		.ascii	"tmrcb\000"
 1661      6200
 1662              	.LASF61:
 1663 035b 6D5F6E65 		.ascii	"m_next\000"
 1663      787400
 1664              	.LASF24:
 1665 0362 73797374 		.ascii	"systime_t\000"
 1665      696D655F 
 1665      7400
 1666              	.LASF43:
 1667 036c 705F7265 		.ascii	"p_realprio\000"
 1667      616C7072 
 1667      696F00
 1668              	.LASF6:
 1669 0377 5F5F696E 		.ascii	"__int32_t\000"
 1669      7433325F 
 1669      7400
 1670              	.LASF79:
 1671 0381 65767453 		.ascii	"evtStop\000"
 1671      746F7000 
 1672              	.LASF37:
 1673 0389 705F7469 		.ascii	"p_time\000"
 1673      6D6500
 1674              	.LASF48:
 1675 0390 696E7463 		.ascii	"intctx\000"
 1675      747800
 1676              	.LASF39:
ARM GAS  /tmp/ccv4VyZw.s 			page 33


 1677 0397 705F6D73 		.ascii	"p_msgqueue\000"
 1677      67717565 
 1677      756500
 1678              	.LASF57:
 1679 03a2 76745F70 		.ascii	"vt_par\000"
 1679      617200
 1680              	.LASF23:
 1681 03a9 666C6167 		.ascii	"flagsmask_t\000"
 1681      736D6173 
 1681      6B5F7400 
 1682              	.LASF35:
 1683 03b5 705F7265 		.ascii	"p_refs\000"
 1683      667300
 1684              	.LASF12:
 1685 03bc 75696E74 		.ascii	"uint8_t\000"
 1685      385F7400 
 1686              	.LASF62:
 1687 03c4 4576656E 		.ascii	"EventListener\000"
 1687      744C6973 
 1687      74656E65 
 1687      7200
 1688              	.LASF71:
 1689 03d2 77746F62 		.ascii	"wtobjp\000"
 1689      6A7000
 1690              	.LASF32:
 1691 03d9 705F6E61 		.ascii	"p_name\000"
 1691      6D6500
 1692              	.LASF68:
 1693 03e0 65735F6E 		.ascii	"es_next\000"
 1693      65787400 
 1694              	.LASF74:
 1695 03e8 65745F76 		.ascii	"et_vt\000"
 1695      7400
 1696              	.LASF60:
 1697 03ee 6D5F6F77 		.ascii	"m_owner\000"
 1697      6E657200 
 1698              	.LASF29:
 1699 03f6 705F6374 		.ascii	"p_ctx\000"
 1699      7800
 1700              	.LASF38:
 1701 03fc 705F7761 		.ascii	"p_waiting\000"
 1701      6974696E 
 1701      6700
 1702              	.LASF83:
 1703 0406 2E2E2F2E 		.ascii	"../../os/various/evtimer.c\000"
 1703      2E2F6F73 
 1703      2F766172 
 1703      696F7573 
 1703      2F657674 
 1704              		.ident	"GCC: (4.8.2-14ubuntu1+6) 4.8.2"
ARM GAS  /tmp/ccv4VyZw.s 			page 34


DEFINED SYMBOLS
                            *ABS*:0000000000000000 evtimer.c
     /tmp/ccv4VyZw.s:19     .text.tmrcb:0000000000000000 $t
     /tmp/ccv4VyZw.s:24     .text.tmrcb:0000000000000000 tmrcb
     /tmp/ccv4VyZw.s:77     .text.evtStart:0000000000000000 $t
     /tmp/ccv4VyZw.s:83     .text.evtStart:0000000000000000 evtStart
     /tmp/ccv4VyZw.s:135    .text.evtStop:0000000000000000 $t
     /tmp/ccv4VyZw.s:141    .text.evtStop:0000000000000000 evtStop
                     .debug_frame:0000000000000010 $d

UNDEFINED SYMBOLS
chEvtBroadcastFlagsI
chVTSetI
chVTResetI
