ARM GAS  /tmp/ccH6OTGQ.s 			page 1


   1              		.syntax unified
   2              		.cpu cortex-m4
   3              		.fpu softvfp
   4              		.eabi_attribute 20, 1
   5              		.eabi_attribute 21, 1
   6              		.eabi_attribute 23, 3
   7              		.eabi_attribute 24, 1
   8              		.eabi_attribute 25, 1
   9              		.eabi_attribute 26, 1
  10              		.eabi_attribute 30, 2
  11              		.eabi_attribute 34, 1
  12              		.eabi_attribute 18, 4
  13              		.thumb
  14              		.file	"init.c"
  15              		.text
  16              	.Ltext0:
  17              		.cfi_sections	.debug_frame
  18              		.section	.text.lwip_init,"ax",%progbits
  19              		.align	2
  20              		.p2align 4,,15
  21              		.global	lwip_init
  22              		.thumb
  23              		.thumb_func
  24              		.type	lwip_init, %function
  25              	lwip_init:
  26              	.LFB7:
  27              		.file 1 "../../ext/lwip/src/core/init.c"
  28              		.loc 1 290 0
  29              		.cfi_startproc
  30              		@ args = 0, pretend = 0, frame = 0
  31              		@ frame_needed = 0, uses_anonymous_args = 0
  32 0000 08B5     		push	{r3, lr}
  33              		.cfi_def_cfa_offset 8
  34              		.cfi_offset 3, -8
  35              		.cfi_offset 14, -4
  36              		.loc 1 292 0
  37 0002 FFF7FEFF 		bl	stats_init
  38              	.LVL0:
  39              		.loc 1 294 0
  40 0006 FFF7FEFF 		bl	sys_init
  41              	.LVL1:
  42              		.loc 1 296 0
  43 000a FFF7FEFF 		bl	mem_init
  44              	.LVL2:
  45              		.loc 1 297 0
  46 000e FFF7FEFF 		bl	memp_init
  47              	.LVL3:
  48              		.loc 1 299 0
  49 0012 FFF7FEFF 		bl	netif_init
  50              	.LVL4:
  51              		.loc 1 301 0
  52 0016 FFF7FEFF 		bl	lwip_socket_init
  53              	.LVL5:
  54              		.loc 1 311 0
  55 001a FFF7FEFF 		bl	udp_init
  56              	.LVL6:
  57              		.loc 1 314 0
ARM GAS  /tmp/ccH6OTGQ.s 			page 2


  58 001e FFF7FEFF 		bl	tcp_init
  59              	.LVL7:
  60              		.loc 1 332 0
  61 0022 BDE80840 		pop	{r3, lr}
  62              		.loc 1 330 0
  63 0026 FFF7FEBF 		b	sys_timeouts_init
  64              	.LVL8:
  65              		.cfi_endproc
  66              	.LFE7:
  67              		.size	lwip_init, .-lwip_init
  68 002a 00BFAFF3 		.text
  68      0080
  69              	.Letext0:
  70              		.file 2 "../../ext/lwip/src/include/lwip/stats.h"
  71              		.file 3 "../../ext/lwip/src/include/lwip/sys.h"
  72              		.file 4 "../../ext/lwip/src/include/lwip/mem.h"
  73              		.file 5 "../../ext/lwip/src/include/lwip/memp.h"
  74              		.file 6 "../../ext/lwip/src/include/lwip/netif.h"
  75              		.file 7 "../../ext/lwip/src/include/lwip/sockets.h"
  76              		.file 8 "../../ext/lwip/src/include/lwip/udp.h"
  77              		.file 9 "../../ext/lwip/src/include/lwip/tcp_impl.h"
  78              		.file 10 "../../ext/lwip/src/include/lwip/timers.h"
  79              		.section	.debug_info,"",%progbits
  80              	.Ldebug_info0:
  81 0000 26010000 		.4byte	0x126
  82 0004 0400     		.2byte	0x4
  83 0006 00000000 		.4byte	.Ldebug_abbrev0
  84 000a 04       		.byte	0x4
  85 000b 01       		.uleb128 0x1
  86 000c 6F010000 		.4byte	.LASF21
  87 0010 01       		.byte	0x1
  88 0011 E5000000 		.4byte	.LASF22
  89 0015 04010000 		.4byte	.LASF23
  90 0019 00000000 		.4byte	.Ldebug_ranges0+0
  91 001d 00000000 		.4byte	0
  92 0021 00000000 		.4byte	.Ldebug_line0
  93 0025 02       		.uleb128 0x2
  94 0026 04       		.byte	0x4
  95 0027 05       		.byte	0x5
  96 0028 696E7400 		.ascii	"int\000"
  97 002c 03       		.uleb128 0x3
  98 002d 04       		.byte	0x4
  99 002e 07       		.byte	0x7
 100 002f 2B000000 		.4byte	.LASF0
 101 0033 03       		.uleb128 0x3
 102 0034 01       		.byte	0x1
 103 0035 06       		.byte	0x6
 104 0036 38000000 		.4byte	.LASF1
 105 003a 03       		.uleb128 0x3
 106 003b 01       		.byte	0x1
 107 003c 08       		.byte	0x8
 108 003d 9D000000 		.4byte	.LASF2
 109 0041 03       		.uleb128 0x3
 110 0042 02       		.byte	0x2
 111 0043 05       		.byte	0x5
 112 0044 C4000000 		.4byte	.LASF3
 113 0048 03       		.uleb128 0x3
ARM GAS  /tmp/ccH6OTGQ.s 			page 3


 114 0049 02       		.byte	0x2
 115 004a 07       		.byte	0x7
 116 004b 0E000000 		.4byte	.LASF4
 117 004f 03       		.uleb128 0x3
 118 0050 04       		.byte	0x4
 119 0051 05       		.byte	0x5
 120 0052 BB000000 		.4byte	.LASF5
 121 0056 03       		.uleb128 0x3
 122 0057 04       		.byte	0x4
 123 0058 07       		.byte	0x7
 124 0059 44000000 		.4byte	.LASF6
 125 005d 03       		.uleb128 0x3
 126 005e 08       		.byte	0x8
 127 005f 05       		.byte	0x5
 128 0060 00000000 		.4byte	.LASF7
 129 0064 03       		.uleb128 0x3
 130 0065 08       		.byte	0x8
 131 0066 07       		.byte	0x7
 132 0067 56000000 		.4byte	.LASF8
 133 006b 03       		.uleb128 0x3
 134 006c 01       		.byte	0x1
 135 006d 02       		.byte	0x2
 136 006e DF000000 		.4byte	.LASF9
 137 0072 03       		.uleb128 0x3
 138 0073 04       		.byte	0x4
 139 0074 07       		.byte	0x7
 140 0075 66010000 		.4byte	.LASF10
 141 0079 03       		.uleb128 0x3
 142 007a 01       		.byte	0x1
 143 007b 08       		.byte	0x8
 144 007c AB000000 		.4byte	.LASF11
 145 0080 04       		.uleb128 0x4
 146 0081 76000000 		.4byte	.LASF24
 147 0085 01       		.byte	0x1
 148 0086 2101     		.2byte	0x121
 149 0088 00000000 		.4byte	.LFB7
 150 008c 2A000000 		.4byte	.LFE7-.LFB7
 151 0090 01       		.uleb128 0x1
 152 0091 9C       		.byte	0x9c
 153 0092 E8000000 		.4byte	0xe8
 154 0096 05       		.uleb128 0x5
 155 0097 06000000 		.4byte	.LVL0
 156 009b E8000000 		.4byte	0xe8
 157 009f 05       		.uleb128 0x5
 158 00a0 0A000000 		.4byte	.LVL1
 159 00a4 EF000000 		.4byte	0xef
 160 00a8 05       		.uleb128 0x5
 161 00a9 0E000000 		.4byte	.LVL2
 162 00ad F6000000 		.4byte	0xf6
 163 00b1 05       		.uleb128 0x5
 164 00b2 12000000 		.4byte	.LVL3
 165 00b6 FD000000 		.4byte	0xfd
 166 00ba 05       		.uleb128 0x5
 167 00bb 16000000 		.4byte	.LVL4
 168 00bf 04010000 		.4byte	0x104
 169 00c3 05       		.uleb128 0x5
 170 00c4 1A000000 		.4byte	.LVL5
ARM GAS  /tmp/ccH6OTGQ.s 			page 4


 171 00c8 0C010000 		.4byte	0x10c
 172 00cc 05       		.uleb128 0x5
 173 00cd 1E000000 		.4byte	.LVL6
 174 00d1 14010000 		.4byte	0x114
 175 00d5 05       		.uleb128 0x5
 176 00d6 22000000 		.4byte	.LVL7
 177 00da 1B010000 		.4byte	0x11b
 178 00de 06       		.uleb128 0x6
 179 00df 2A000000 		.4byte	.LVL8
 180 00e3 22010000 		.4byte	0x122
 181 00e7 00       		.byte	0
 182 00e8 07       		.uleb128 0x7
 183 00e9 80000000 		.4byte	.LASF12
 184 00ed 02       		.byte	0x2
 185 00ee 97       		.byte	0x97
 186 00ef 07       		.uleb128 0x7
 187 00f0 54010000 		.4byte	.LASF13
 188 00f4 03       		.byte	0x3
 189 00f5 E8       		.byte	0xe8
 190 00f6 07       		.uleb128 0x7
 191 00f7 6D000000 		.4byte	.LASF14
 192 00fb 04       		.byte	0x4
 193 00fc 58       		.byte	0x58
 194 00fd 07       		.uleb128 0x7
 195 00fe 21000000 		.4byte	.LASF15
 196 0102 05       		.byte	0x5
 197 0103 64       		.byte	0x64
 198 0104 08       		.uleb128 0x8
 199 0105 B0000000 		.4byte	.LASF16
 200 0109 06       		.byte	0x6
 201 010a 0101     		.2byte	0x101
 202 010c 08       		.uleb128 0x8
 203 010d CE000000 		.4byte	.LASF17
 204 0111 07       		.byte	0x7
 205 0112 3F01     		.2byte	0x13f
 206 0114 07       		.uleb128 0x7
 207 0115 4B010000 		.4byte	.LASF18
 208 0119 08       		.byte	0x8
 209 011a 9D       		.byte	0x9d
 210 011b 07       		.uleb128 0x7
 211 011c 5D010000 		.4byte	.LASF19
 212 0120 09       		.byte	0x9
 213 0121 35       		.byte	0x35
 214 0122 07       		.uleb128 0x7
 215 0123 8B000000 		.4byte	.LASF20
 216 0127 0A       		.byte	0xa
 217 0128 4D       		.byte	0x4d
 218 0129 00       		.byte	0
 219              		.section	.debug_abbrev,"",%progbits
 220              	.Ldebug_abbrev0:
 221 0000 01       		.uleb128 0x1
 222 0001 11       		.uleb128 0x11
 223 0002 01       		.byte	0x1
 224 0003 25       		.uleb128 0x25
 225 0004 0E       		.uleb128 0xe
 226 0005 13       		.uleb128 0x13
 227 0006 0B       		.uleb128 0xb
ARM GAS  /tmp/ccH6OTGQ.s 			page 5


 228 0007 03       		.uleb128 0x3
 229 0008 0E       		.uleb128 0xe
 230 0009 1B       		.uleb128 0x1b
 231 000a 0E       		.uleb128 0xe
 232 000b 55       		.uleb128 0x55
 233 000c 17       		.uleb128 0x17
 234 000d 11       		.uleb128 0x11
 235 000e 01       		.uleb128 0x1
 236 000f 10       		.uleb128 0x10
 237 0010 17       		.uleb128 0x17
 238 0011 00       		.byte	0
 239 0012 00       		.byte	0
 240 0013 02       		.uleb128 0x2
 241 0014 24       		.uleb128 0x24
 242 0015 00       		.byte	0
 243 0016 0B       		.uleb128 0xb
 244 0017 0B       		.uleb128 0xb
 245 0018 3E       		.uleb128 0x3e
 246 0019 0B       		.uleb128 0xb
 247 001a 03       		.uleb128 0x3
 248 001b 08       		.uleb128 0x8
 249 001c 00       		.byte	0
 250 001d 00       		.byte	0
 251 001e 03       		.uleb128 0x3
 252 001f 24       		.uleb128 0x24
 253 0020 00       		.byte	0
 254 0021 0B       		.uleb128 0xb
 255 0022 0B       		.uleb128 0xb
 256 0023 3E       		.uleb128 0x3e
 257 0024 0B       		.uleb128 0xb
 258 0025 03       		.uleb128 0x3
 259 0026 0E       		.uleb128 0xe
 260 0027 00       		.byte	0
 261 0028 00       		.byte	0
 262 0029 04       		.uleb128 0x4
 263 002a 2E       		.uleb128 0x2e
 264 002b 01       		.byte	0x1
 265 002c 3F       		.uleb128 0x3f
 266 002d 19       		.uleb128 0x19
 267 002e 03       		.uleb128 0x3
 268 002f 0E       		.uleb128 0xe
 269 0030 3A       		.uleb128 0x3a
 270 0031 0B       		.uleb128 0xb
 271 0032 3B       		.uleb128 0x3b
 272 0033 05       		.uleb128 0x5
 273 0034 27       		.uleb128 0x27
 274 0035 19       		.uleb128 0x19
 275 0036 11       		.uleb128 0x11
 276 0037 01       		.uleb128 0x1
 277 0038 12       		.uleb128 0x12
 278 0039 06       		.uleb128 0x6
 279 003a 40       		.uleb128 0x40
 280 003b 18       		.uleb128 0x18
 281 003c 9742     		.uleb128 0x2117
 282 003e 19       		.uleb128 0x19
 283 003f 01       		.uleb128 0x1
 284 0040 13       		.uleb128 0x13
ARM GAS  /tmp/ccH6OTGQ.s 			page 6


 285 0041 00       		.byte	0
 286 0042 00       		.byte	0
 287 0043 05       		.uleb128 0x5
 288 0044 898201   		.uleb128 0x4109
 289 0047 00       		.byte	0
 290 0048 11       		.uleb128 0x11
 291 0049 01       		.uleb128 0x1
 292 004a 31       		.uleb128 0x31
 293 004b 13       		.uleb128 0x13
 294 004c 00       		.byte	0
 295 004d 00       		.byte	0
 296 004e 06       		.uleb128 0x6
 297 004f 898201   		.uleb128 0x4109
 298 0052 00       		.byte	0
 299 0053 11       		.uleb128 0x11
 300 0054 01       		.uleb128 0x1
 301 0055 9542     		.uleb128 0x2115
 302 0057 19       		.uleb128 0x19
 303 0058 31       		.uleb128 0x31
 304 0059 13       		.uleb128 0x13
 305 005a 00       		.byte	0
 306 005b 00       		.byte	0
 307 005c 07       		.uleb128 0x7
 308 005d 2E       		.uleb128 0x2e
 309 005e 00       		.byte	0
 310 005f 3F       		.uleb128 0x3f
 311 0060 19       		.uleb128 0x19
 312 0061 03       		.uleb128 0x3
 313 0062 0E       		.uleb128 0xe
 314 0063 3A       		.uleb128 0x3a
 315 0064 0B       		.uleb128 0xb
 316 0065 3B       		.uleb128 0x3b
 317 0066 0B       		.uleb128 0xb
 318 0067 27       		.uleb128 0x27
 319 0068 19       		.uleb128 0x19
 320 0069 3C       		.uleb128 0x3c
 321 006a 19       		.uleb128 0x19
 322 006b 00       		.byte	0
 323 006c 00       		.byte	0
 324 006d 08       		.uleb128 0x8
 325 006e 2E       		.uleb128 0x2e
 326 006f 00       		.byte	0
 327 0070 3F       		.uleb128 0x3f
 328 0071 19       		.uleb128 0x19
 329 0072 03       		.uleb128 0x3
 330 0073 0E       		.uleb128 0xe
 331 0074 3A       		.uleb128 0x3a
 332 0075 0B       		.uleb128 0xb
 333 0076 3B       		.uleb128 0x3b
 334 0077 05       		.uleb128 0x5
 335 0078 27       		.uleb128 0x27
 336 0079 19       		.uleb128 0x19
 337 007a 3C       		.uleb128 0x3c
 338 007b 19       		.uleb128 0x19
 339 007c 00       		.byte	0
 340 007d 00       		.byte	0
 341 007e 00       		.byte	0
ARM GAS  /tmp/ccH6OTGQ.s 			page 7


 342              		.section	.debug_aranges,"",%progbits
 343 0000 1C000000 		.4byte	0x1c
 344 0004 0200     		.2byte	0x2
 345 0006 00000000 		.4byte	.Ldebug_info0
 346 000a 04       		.byte	0x4
 347 000b 00       		.byte	0
 348 000c 0000     		.2byte	0
 349 000e 0000     		.2byte	0
 350 0010 00000000 		.4byte	.LFB7
 351 0014 2A000000 		.4byte	.LFE7-.LFB7
 352 0018 00000000 		.4byte	0
 353 001c 00000000 		.4byte	0
 354              		.section	.debug_ranges,"",%progbits
 355              	.Ldebug_ranges0:
 356 0000 00000000 		.4byte	.LFB7
 357 0004 2A000000 		.4byte	.LFE7
 358 0008 00000000 		.4byte	0
 359 000c 00000000 		.4byte	0
 360              		.section	.debug_line,"",%progbits
 361              	.Ldebug_line0:
 362 0000 DB000000 		.section	.debug_str,"MS",%progbits,1
 362      0200B700 
 362      00000201 
 362      FB0E0D00 
 362      01010101 
 363              	.LASF7:
 364 0000 6C6F6E67 		.ascii	"long long int\000"
 364      206C6F6E 
 364      6720696E 
 364      7400
 365              	.LASF4:
 366 000e 73686F72 		.ascii	"short unsigned int\000"
 366      7420756E 
 366      7369676E 
 366      65642069 
 366      6E7400
 367              	.LASF15:
 368 0021 6D656D70 		.ascii	"memp_init\000"
 368      5F696E69 
 368      7400
 369              	.LASF0:
 370 002b 756E7369 		.ascii	"unsigned int\000"
 370      676E6564 
 370      20696E74 
 370      00
 371              	.LASF1:
 372 0038 7369676E 		.ascii	"signed char\000"
 372      65642063 
 372      68617200 
 373              	.LASF6:
 374 0044 6C6F6E67 		.ascii	"long unsigned int\000"
 374      20756E73 
 374      69676E65 
 374      6420696E 
 374      7400
 375              	.LASF8:
 376 0056 6C6F6E67 		.ascii	"long long unsigned int\000"
ARM GAS  /tmp/ccH6OTGQ.s 			page 8


 376      206C6F6E 
 376      6720756E 
 376      7369676E 
 376      65642069 
 377              	.LASF14:
 378 006d 6D656D5F 		.ascii	"mem_init\000"
 378      696E6974 
 378      00
 379              	.LASF24:
 380 0076 6C776970 		.ascii	"lwip_init\000"
 380      5F696E69 
 380      7400
 381              	.LASF12:
 382 0080 73746174 		.ascii	"stats_init\000"
 382      735F696E 
 382      697400
 383              	.LASF20:
 384 008b 7379735F 		.ascii	"sys_timeouts_init\000"
 384      74696D65 
 384      6F757473 
 384      5F696E69 
 384      7400
 385              	.LASF2:
 386 009d 756E7369 		.ascii	"unsigned char\000"
 386      676E6564 
 386      20636861 
 386      7200
 387              	.LASF11:
 388 00ab 63686172 		.ascii	"char\000"
 388      00
 389              	.LASF16:
 390 00b0 6E657469 		.ascii	"netif_init\000"
 390      665F696E 
 390      697400
 391              	.LASF5:
 392 00bb 6C6F6E67 		.ascii	"long int\000"
 392      20696E74 
 392      00
 393              	.LASF3:
 394 00c4 73686F72 		.ascii	"short int\000"
 394      7420696E 
 394      7400
 395              	.LASF17:
 396 00ce 6C776970 		.ascii	"lwip_socket_init\000"
 396      5F736F63 
 396      6B65745F 
 396      696E6974 
 396      00
 397              	.LASF9:
 398 00df 5F426F6F 		.ascii	"_Bool\000"
 398      6C00
 399              	.LASF22:
 400 00e5 2E2E2F2E 		.ascii	"../../ext/lwip/src/core/init.c\000"
 400      2E2F6578 
 400      742F6C77 
 400      69702F73 
 400      72632F63 
ARM GAS  /tmp/ccH6OTGQ.s 			page 9


 401              	.LASF23:
 402 0104 2F686F6D 		.ascii	"/home/caroline/Documents/PAF/ChibiOS_2.6.4/demos/AR"
 402      652F6361 
 402      726F6C69 
 402      6E652F44 
 402      6F63756D 
 403 0137 4D434D34 		.ascii	"MCM4-STM32F407-LWIP\000"
 403      2D53544D 
 403      33324634 
 403      30372D4C 
 403      57495000 
 404              	.LASF18:
 405 014b 7564705F 		.ascii	"udp_init\000"
 405      696E6974 
 405      00
 406              	.LASF13:
 407 0154 7379735F 		.ascii	"sys_init\000"
 407      696E6974 
 407      00
 408              	.LASF19:
 409 015d 7463705F 		.ascii	"tcp_init\000"
 409      696E6974 
 409      00
 410              	.LASF10:
 411 0166 73697A65 		.ascii	"sizetype\000"
 411      74797065 
 411      00
 412              	.LASF21:
 413 016f 474E5520 		.ascii	"GNU C 4.8.2 -mcpu=cortex-m4 -mno-thumb-interwork -m"
 413      4320342E 
 413      382E3220 
 413      2D6D6370 
 413      753D636F 
 414 01a2 7468756D 		.ascii	"thumb -ggdb -O2 -std=gnu99 -fomit-frame-pointer -fa"
 414      62202D67 
 414      67646220 
 414      2D4F3220 
 414      2D737464 
 415 01d5 6C69676E 		.ascii	"lign-functions=16 -ffunction-sections -fdata-sectio"
 415      2D66756E 
 415      6374696F 
 415      6E733D31 
 415      36202D66 
 416 0208 6E73202D 		.ascii	"ns -fno-common\000"
 416      666E6F2D 
 416      636F6D6D 
 416      6F6E00
 417              		.ident	"GCC: (4.8.2-14ubuntu1+6) 4.8.2"
ARM GAS  /tmp/ccH6OTGQ.s 			page 10


DEFINED SYMBOLS
                            *ABS*:0000000000000000 init.c
     /tmp/ccH6OTGQ.s:19     .text.lwip_init:0000000000000000 $t
     /tmp/ccH6OTGQ.s:25     .text.lwip_init:0000000000000000 lwip_init
                     .debug_frame:0000000000000010 $d

UNDEFINED SYMBOLS
stats_init
sys_init
mem_init
memp_init
netif_init
lwip_socket_init
udp_init
tcp_init
sys_timeouts_init
