ARM GAS  /tmp/ccGchWqC.s 			page 1


   1              		.syntax unified
   2              		.cpu cortex-m4
   3              		.fpu softvfp
   4              		.eabi_attribute 20, 1
   5              		.eabi_attribute 21, 1
   6              		.eabi_attribute 23, 3
   7              		.eabi_attribute 24, 1
   8              		.eabi_attribute 25, 1
   9              		.eabi_attribute 26, 1
  10              		.eabi_attribute 30, 2
  11              		.eabi_attribute 34, 1
  12              		.eabi_attribute 18, 4
  13              		.thumb
  14              		.file	"stats.c"
  15              		.text
  16              	.Ltext0:
  17              		.cfi_sections	.debug_frame
  18              		.section	.text.stats_init,"ax",%progbits
  19              		.align	2
  20              		.p2align 4,,15
  21              		.global	stats_init
  22              		.thumb
  23              		.thumb_func
  24              		.type	stats_init, %function
  25              	stats_init:
  26              	.LFB7:
  27              		.file 1 "../../ext/lwip/src/core/stats.c"
  28              		.loc 1 52 0
  29              		.cfi_startproc
  30              		@ args = 0, pretend = 0, frame = 0
  31              		@ frame_needed = 0, uses_anonymous_args = 0
  32              		@ link register save eliminated.
  33 0000 7047     		bx	lr
  34              		.cfi_endproc
  35              	.LFE7:
  36              		.size	stats_init, .-stats_init
  37              		.global	lwip_stats
  38 0002 00BFAFF3 		.section	.bss.lwip_stats,"aw",%nobits
  38      0080AFF3 
  38      0080AFF3 
  38      0080
  39              		.align	2
  40              		.type	lwip_stats, %object
  41              		.size	lwip_stats, 336
  42              	lwip_stats:
  43 0000 00000000 		.space	336
  43      00000000 
  43      00000000 
  43      00000000 
  43      00000000 
  44              		.text
  45              	.Letext0:
  46              		.file 2 "/usr/include/newlib/machine/_default_types.h"
  47              		.file 3 "/usr/include/newlib/stdint.h"
  48              		.file 4 "../../os/various/lwip_bindings/arch/cc.h"
  49              		.file 5 "../../ext/lwip/src/include/lwip/mem.h"
  50              		.file 6 "../../ext/lwip/src/include/lwip/stats.h"
ARM GAS  /tmp/ccGchWqC.s 			page 2


  51              		.file 7 "../../ext/lwip/src/include/lwip/memp.h"
  52              		.section	.debug_info,"",%progbits
  53              	.Ldebug_info0:
  54 0000 0B030000 		.4byte	0x30b
  55 0004 0400     		.2byte	0x4
  56 0006 00000000 		.4byte	.Ldebug_abbrev0
  57 000a 04       		.byte	0x4
  58 000b 01       		.uleb128 0x1
  59 000c 3B020000 		.4byte	.LASF56
  60 0010 01       		.byte	0x1
  61 0011 43030000 		.4byte	.LASF57
  62 0015 69010000 		.4byte	.LASF58
  63 0019 00000000 		.4byte	.Ldebug_ranges0+0
  64 001d 00000000 		.4byte	0
  65 0021 00000000 		.4byte	.Ldebug_line0
  66 0025 02       		.uleb128 0x2
  67 0026 04       		.byte	0x4
  68 0027 05       		.byte	0x5
  69 0028 696E7400 		.ascii	"int\000"
  70 002c 03       		.uleb128 0x3
  71 002d 04       		.byte	0x4
  72 002e 07       		.byte	0x7
  73 002f 31030000 		.4byte	.LASF0
  74 0033 03       		.uleb128 0x3
  75 0034 01       		.byte	0x1
  76 0035 06       		.byte	0x6
  77 0036 F8000000 		.4byte	.LASF1
  78 003a 03       		.uleb128 0x3
  79 003b 01       		.byte	0x1
  80 003c 08       		.byte	0x8
  81 003d E1000000 		.4byte	.LASF2
  82 0041 03       		.uleb128 0x3
  83 0042 02       		.byte	0x2
  84 0043 05       		.byte	0x5
  85 0044 0F000000 		.4byte	.LASF3
  86 0048 04       		.uleb128 0x4
  87 0049 55000000 		.4byte	.LASF9
  88 004d 02       		.byte	0x2
  89 004e 26       		.byte	0x26
  90 004f 53000000 		.4byte	0x53
  91 0053 03       		.uleb128 0x3
  92 0054 02       		.byte	0x2
  93 0055 07       		.byte	0x7
  94 0056 42010000 		.4byte	.LASF4
  95 005a 03       		.uleb128 0x3
  96 005b 04       		.byte	0x4
  97 005c 05       		.byte	0x5
  98 005d C1000000 		.4byte	.LASF5
  99 0061 03       		.uleb128 0x3
 100 0062 04       		.byte	0x4
 101 0063 07       		.byte	0x7
 102 0064 11020000 		.4byte	.LASF6
 103 0068 03       		.uleb128 0x3
 104 0069 08       		.byte	0x8
 105 006a 05       		.byte	0x5
 106 006b B3000000 		.4byte	.LASF7
 107 006f 03       		.uleb128 0x3
ARM GAS  /tmp/ccGchWqC.s 			page 3


 108 0070 08       		.byte	0x8
 109 0071 07       		.byte	0x7
 110 0072 0E010000 		.4byte	.LASF8
 111 0076 04       		.uleb128 0x4
 112 0077 2C010000 		.4byte	.LASF10
 113 007b 03       		.byte	0x3
 114 007c 36       		.byte	0x36
 115 007d 48000000 		.4byte	0x48
 116 0081 03       		.uleb128 0x3
 117 0082 01       		.byte	0x1
 118 0083 02       		.byte	0x2
 119 0084 DB010000 		.4byte	.LASF11
 120 0088 03       		.uleb128 0x3
 121 0089 04       		.byte	0x4
 122 008a 07       		.byte	0x7
 123 008b 32000000 		.4byte	.LASF12
 124 008f 03       		.uleb128 0x3
 125 0090 01       		.byte	0x1
 126 0091 08       		.byte	0x8
 127 0092 64010000 		.4byte	.LASF13
 128 0096 04       		.uleb128 0x4
 129 0097 E3020000 		.4byte	.LASF14
 130 009b 04       		.byte	0x4
 131 009c 3A       		.byte	0x3a
 132 009d 76000000 		.4byte	0x76
 133 00a1 04       		.uleb128 0x4
 134 00a2 CA000000 		.4byte	.LASF15
 135 00a6 05       		.byte	0x5
 136 00a7 4C       		.byte	0x4c
 137 00a8 96000000 		.4byte	0x96
 138 00ac 05       		.uleb128 0x5
 139 00ad 01       		.byte	0x1
 140 00ae 07       		.byte	0x7
 141 00af 2B       		.byte	0x2b
 142 00b0 0F010000 		.4byte	0x10f
 143 00b4 06       		.uleb128 0x6
 144 00b5 28020000 		.4byte	.LASF16
 145 00b9 00       		.sleb128 0
 146 00ba 06       		.uleb128 0x6
 147 00bb 24030000 		.4byte	.LASF17
 148 00bf 01       		.sleb128 1
 149 00c0 06       		.uleb128 0x6
 150 00c1 10030000 		.4byte	.LASF18
 151 00c5 02       		.sleb128 2
 152 00c6 06       		.uleb128 0x6
 153 00c7 9A000000 		.4byte	.LASF19
 154 00cb 03       		.sleb128 3
 155 00cc 06       		.uleb128 0x6
 156 00cd 19000000 		.4byte	.LASF20
 157 00d1 04       		.sleb128 4
 158 00d2 06       		.uleb128 0x6
 159 00d3 55010000 		.4byte	.LASF21
 160 00d7 05       		.sleb128 5
 161 00d8 06       		.uleb128 0x6
 162 00d9 82000000 		.4byte	.LASF22
 163 00dd 06       		.sleb128 6
 164 00de 06       		.uleb128 0x6
ARM GAS  /tmp/ccGchWqC.s 			page 4


 165 00df 63030000 		.4byte	.LASF23
 166 00e3 07       		.sleb128 7
 167 00e4 06       		.uleb128 0x6
 168 00e5 03030000 		.4byte	.LASF24
 169 00e9 08       		.sleb128 8
 170 00ea 06       		.uleb128 0x6
 171 00eb B0010000 		.4byte	.LASF25
 172 00ef 09       		.sleb128 9
 173 00f0 06       		.uleb128 0x6
 174 00f1 40000000 		.4byte	.LASF26
 175 00f5 0A       		.sleb128 10
 176 00f6 06       		.uleb128 0x6
 177 00f7 71000000 		.4byte	.LASF27
 178 00fb 0B       		.sleb128 11
 179 00fc 06       		.uleb128 0x6
 180 00fd E9010000 		.4byte	.LASF28
 181 0101 0C       		.sleb128 12
 182 0102 06       		.uleb128 0x6
 183 0103 E9020000 		.4byte	.LASF29
 184 0107 0D       		.sleb128 13
 185 0108 06       		.uleb128 0x6
 186 0109 EF000000 		.4byte	.LASF30
 187 010d 0E       		.sleb128 14
 188 010e 00       		.byte	0
 189 010f 07       		.uleb128 0x7
 190 0110 26000000 		.4byte	.LASF41
 191 0114 18       		.byte	0x18
 192 0115 06       		.byte	0x6
 193 0116 3A       		.byte	0x3a
 194 0117 AB010000 		.4byte	0x1ab
 195 011b 08       		.uleb128 0x8
 196 011c 3B000000 		.4byte	.LASF31
 197 0120 06       		.byte	0x6
 198 0121 3B       		.byte	0x3b
 199 0122 96000000 		.4byte	0x96
 200 0126 00       		.byte	0
 201 0127 08       		.uleb128 0x8
 202 0128 F3010000 		.4byte	.LASF32
 203 012c 06       		.byte	0x6
 204 012d 3C       		.byte	0x3c
 205 012e 96000000 		.4byte	0x96
 206 0132 02       		.byte	0x2
 207 0133 09       		.uleb128 0x9
 208 0134 667700   		.ascii	"fw\000"
 209 0137 06       		.byte	0x6
 210 0138 3D       		.byte	0x3d
 211 0139 96000000 		.4byte	0x96
 212 013d 04       		.byte	0x4
 213 013e 08       		.uleb128 0x8
 214 013f DC000000 		.4byte	.LASF33
 215 0143 06       		.byte	0x6
 216 0144 3E       		.byte	0x3e
 217 0145 96000000 		.4byte	0x96
 218 0149 06       		.byte	0x6
 219 014a 08       		.uleb128 0x8
 220 014b 25010000 		.4byte	.LASF34
 221 014f 06       		.byte	0x6
ARM GAS  /tmp/ccGchWqC.s 			page 5


 222 0150 3F       		.byte	0x3f
 223 0151 96000000 		.4byte	0x96
 224 0155 08       		.byte	0x8
 225 0156 08       		.uleb128 0x8
 226 0157 6A000000 		.4byte	.LASF35
 227 015b 06       		.byte	0x6
 228 015c 40       		.byte	0x40
 229 015d 96000000 		.4byte	0x96
 230 0161 0A       		.byte	0xa
 231 0162 08       		.uleb128 0x8
 232 0163 D5000000 		.4byte	.LASF36
 233 0167 06       		.byte	0x6
 234 0168 41       		.byte	0x41
 235 0169 96000000 		.4byte	0x96
 236 016d 0C       		.byte	0xc
 237 016e 08       		.uleb128 0x8
 238 016f 35020000 		.4byte	.LASF37
 239 0173 06       		.byte	0x6
 240 0174 42       		.byte	0x42
 241 0175 96000000 		.4byte	0x96
 242 0179 0E       		.byte	0xe
 243 017a 08       		.uleb128 0x8
 244 017b CE010000 		.4byte	.LASF38
 245 017f 06       		.byte	0x6
 246 0180 43       		.byte	0x43
 247 0181 96000000 		.4byte	0x96
 248 0185 10       		.byte	0x10
 249 0186 08       		.uleb128 0x8
 250 0187 35010000 		.4byte	.LASF39
 251 018b 06       		.byte	0x6
 252 018c 44       		.byte	0x44
 253 018d 96000000 		.4byte	0x96
 254 0191 12       		.byte	0x12
 255 0192 09       		.uleb128 0x9
 256 0193 65727200 		.ascii	"err\000"
 257 0197 06       		.byte	0x6
 258 0198 45       		.byte	0x45
 259 0199 96000000 		.4byte	0x96
 260 019d 14       		.byte	0x14
 261 019e 08       		.uleb128 0x8
 262 019f 91000000 		.4byte	.LASF40
 263 01a3 06       		.byte	0x6
 264 01a4 46       		.byte	0x46
 265 01a5 96000000 		.4byte	0x96
 266 01a9 16       		.byte	0x16
 267 01aa 00       		.byte	0
 268 01ab 07       		.uleb128 0x7
 269 01ac 60000000 		.4byte	.LASF42
 270 01b0 0A       		.byte	0xa
 271 01b1 06       		.byte	0x6
 272 01b2 5A       		.byte	0x5a
 273 01b3 F4010000 		.4byte	0x1f4
 274 01b7 08       		.uleb128 0x8
 275 01b8 FD020000 		.4byte	.LASF43
 276 01bc 06       		.byte	0x6
 277 01bd 5E       		.byte	0x5e
 278 01be A1000000 		.4byte	0xa1
ARM GAS  /tmp/ccGchWqC.s 			page 6


 279 01c2 00       		.byte	0
 280 01c3 08       		.uleb128 0x8
 281 01c4 F8020000 		.4byte	.LASF44
 282 01c8 06       		.byte	0x6
 283 01c9 5F       		.byte	0x5f
 284 01ca A1000000 		.4byte	0xa1
 285 01ce 02       		.byte	0x2
 286 01cf 09       		.uleb128 0x9
 287 01d0 6D617800 		.ascii	"max\000"
 288 01d4 06       		.byte	0x6
 289 01d5 60       		.byte	0x60
 290 01d6 A1000000 		.4byte	0xa1
 291 01da 04       		.byte	0x4
 292 01db 09       		.uleb128 0x9
 293 01dc 65727200 		.ascii	"err\000"
 294 01e0 06       		.byte	0x6
 295 01e1 61       		.byte	0x61
 296 01e2 96000000 		.4byte	0x96
 297 01e6 06       		.byte	0x6
 298 01e7 08       		.uleb128 0x8
 299 01e8 E1010000 		.4byte	.LASF45
 300 01ec 06       		.byte	0x6
 301 01ed 62       		.byte	0x62
 302 01ee 96000000 		.4byte	0x96
 303 01f2 08       		.byte	0x8
 304 01f3 00       		.byte	0
 305 01f4 07       		.uleb128 0x7
 306 01f5 03020000 		.4byte	.LASF46
 307 01f9 06       		.byte	0x6
 308 01fa 06       		.byte	0x6
 309 01fb 65       		.byte	0x65
 310 01fc 25020000 		.4byte	0x225
 311 0200 08       		.uleb128 0x8
 312 0201 F8020000 		.4byte	.LASF44
 313 0205 06       		.byte	0x6
 314 0206 66       		.byte	0x66
 315 0207 96000000 		.4byte	0x96
 316 020b 00       		.byte	0
 317 020c 09       		.uleb128 0x9
 318 020d 6D617800 		.ascii	"max\000"
 319 0211 06       		.byte	0x6
 320 0212 67       		.byte	0x67
 321 0213 96000000 		.4byte	0x96
 322 0217 02       		.byte	0x2
 323 0218 09       		.uleb128 0x9
 324 0219 65727200 		.ascii	"err\000"
 325 021d 06       		.byte	0x6
 326 021e 68       		.byte	0x68
 327 021f 96000000 		.4byte	0x96
 328 0223 04       		.byte	0x4
 329 0224 00       		.byte	0
 330 0225 07       		.uleb128 0x7
 331 0226 04010000 		.4byte	.LASF47
 332 022a 12       		.byte	0x12
 333 022b 06       		.byte	0x6
 334 022c 6B       		.byte	0x6b
 335 022d 56020000 		.4byte	0x256
ARM GAS  /tmp/ccGchWqC.s 			page 7


 336 0231 09       		.uleb128 0x9
 337 0232 73656D00 		.ascii	"sem\000"
 338 0236 06       		.byte	0x6
 339 0237 6C       		.byte	0x6c
 340 0238 F4010000 		.4byte	0x1f4
 341 023c 00       		.byte	0
 342 023d 08       		.uleb128 0x8
 343 023e 3C010000 		.4byte	.LASF48
 344 0242 06       		.byte	0x6
 345 0243 6D       		.byte	0x6d
 346 0244 F4010000 		.4byte	0x1f4
 347 0248 06       		.byte	0x6
 348 0249 08       		.uleb128 0x8
 349 024a D6010000 		.4byte	.LASF49
 350 024e 06       		.byte	0x6
 351 024f 6E       		.byte	0x6e
 352 0250 F4010000 		.4byte	0x1f4
 353 0254 0C       		.byte	0xc
 354 0255 00       		.byte	0
 355 0256 0A       		.uleb128 0xa
 356 0257 00000000 		.4byte	.LASF50
 357 025b 5001     		.2byte	0x150
 358 025d 06       		.byte	0x6
 359 025e 71       		.byte	0x71
 360 025f DC020000 		.4byte	0x2dc
 361 0263 08       		.uleb128 0x8
 362 0264 AE000000 		.4byte	.LASF51
 363 0268 06       		.byte	0x6
 364 0269 73       		.byte	0x73
 365 026a 0F010000 		.4byte	0x10f
 366 026e 00       		.byte	0
 367 026f 08       		.uleb128 0x8
 368 0270 1D030000 		.4byte	.LASF52
 369 0274 06       		.byte	0x6
 370 0275 76       		.byte	0x76
 371 0276 0F010000 		.4byte	0x10f
 372 027a 18       		.byte	0x18
 373 027b 08       		.uleb128 0x8
 374 027c 07000000 		.4byte	.LASF53
 375 0280 06       		.byte	0x6
 376 0281 79       		.byte	0x79
 377 0282 0F010000 		.4byte	0x10f
 378 0286 30       		.byte	0x30
 379 0287 09       		.uleb128 0x9
 380 0288 697000   		.ascii	"ip\000"
 381 028b 06       		.byte	0x6
 382 028c 7C       		.byte	0x7c
 383 028d 0F010000 		.4byte	0x10f
 384 0291 48       		.byte	0x48
 385 0292 08       		.uleb128 0x8
 386 0293 3E030000 		.4byte	.LASF54
 387 0297 06       		.byte	0x6
 388 0298 7F       		.byte	0x7f
 389 0299 0F010000 		.4byte	0x10f
 390 029d 60       		.byte	0x60
 391 029e 09       		.uleb128 0x9
 392 029f 75647000 		.ascii	"udp\000"
ARM GAS  /tmp/ccGchWqC.s 			page 8


 393 02a3 06       		.byte	0x6
 394 02a4 85       		.byte	0x85
 395 02a5 0F010000 		.4byte	0x10f
 396 02a9 78       		.byte	0x78
 397 02aa 09       		.uleb128 0x9
 398 02ab 74637000 		.ascii	"tcp\000"
 399 02af 06       		.byte	0x6
 400 02b0 88       		.byte	0x88
 401 02b1 0F010000 		.4byte	0x10f
 402 02b5 90       		.byte	0x90
 403 02b6 09       		.uleb128 0x9
 404 02b7 6D656D00 		.ascii	"mem\000"
 405 02bb 06       		.byte	0x6
 406 02bc 8B       		.byte	0x8b
 407 02bd AB010000 		.4byte	0x1ab
 408 02c1 A8       		.byte	0xa8
 409 02c2 08       		.uleb128 0x8
 410 02c3 23020000 		.4byte	.LASF55
 411 02c7 06       		.byte	0x6
 412 02c8 8E       		.byte	0x8e
 413 02c9 DC020000 		.4byte	0x2dc
 414 02cd B2       		.byte	0xb2
 415 02ce 0B       		.uleb128 0xb
 416 02cf 73797300 		.ascii	"sys\000"
 417 02d3 06       		.byte	0x6
 418 02d4 91       		.byte	0x91
 419 02d5 25020000 		.4byte	0x225
 420 02d9 3E01     		.2byte	0x13e
 421 02db 00       		.byte	0
 422 02dc 0C       		.uleb128 0xc
 423 02dd AB010000 		.4byte	0x1ab
 424 02e1 EC020000 		.4byte	0x2ec
 425 02e5 0D       		.uleb128 0xd
 426 02e6 88000000 		.4byte	0x88
 427 02ea 0D       		.byte	0xd
 428 02eb 00       		.byte	0
 429 02ec 0E       		.uleb128 0xe
 430 02ed F8010000 		.4byte	.LASF59
 431 02f1 01       		.byte	0x1
 432 02f2 33       		.byte	0x33
 433 02f3 00000000 		.4byte	.LFB7
 434 02f7 02000000 		.4byte	.LFE7-.LFB7
 435 02fb 01       		.uleb128 0x1
 436 02fc 9C       		.byte	0x9c
 437 02fd 0F       		.uleb128 0xf
 438 02fe C3010000 		.4byte	.LASF60
 439 0302 01       		.byte	0x1
 440 0303 31       		.byte	0x31
 441 0304 56020000 		.4byte	0x256
 442 0308 05       		.uleb128 0x5
 443 0309 03       		.byte	0x3
 444 030a 00000000 		.4byte	lwip_stats
 445 030e 00       		.byte	0
 446              		.section	.debug_abbrev,"",%progbits
 447              	.Ldebug_abbrev0:
 448 0000 01       		.uleb128 0x1
 449 0001 11       		.uleb128 0x11
ARM GAS  /tmp/ccGchWqC.s 			page 9


 450 0002 01       		.byte	0x1
 451 0003 25       		.uleb128 0x25
 452 0004 0E       		.uleb128 0xe
 453 0005 13       		.uleb128 0x13
 454 0006 0B       		.uleb128 0xb
 455 0007 03       		.uleb128 0x3
 456 0008 0E       		.uleb128 0xe
 457 0009 1B       		.uleb128 0x1b
 458 000a 0E       		.uleb128 0xe
 459 000b 55       		.uleb128 0x55
 460 000c 17       		.uleb128 0x17
 461 000d 11       		.uleb128 0x11
 462 000e 01       		.uleb128 0x1
 463 000f 10       		.uleb128 0x10
 464 0010 17       		.uleb128 0x17
 465 0011 00       		.byte	0
 466 0012 00       		.byte	0
 467 0013 02       		.uleb128 0x2
 468 0014 24       		.uleb128 0x24
 469 0015 00       		.byte	0
 470 0016 0B       		.uleb128 0xb
 471 0017 0B       		.uleb128 0xb
 472 0018 3E       		.uleb128 0x3e
 473 0019 0B       		.uleb128 0xb
 474 001a 03       		.uleb128 0x3
 475 001b 08       		.uleb128 0x8
 476 001c 00       		.byte	0
 477 001d 00       		.byte	0
 478 001e 03       		.uleb128 0x3
 479 001f 24       		.uleb128 0x24
 480 0020 00       		.byte	0
 481 0021 0B       		.uleb128 0xb
 482 0022 0B       		.uleb128 0xb
 483 0023 3E       		.uleb128 0x3e
 484 0024 0B       		.uleb128 0xb
 485 0025 03       		.uleb128 0x3
 486 0026 0E       		.uleb128 0xe
 487 0027 00       		.byte	0
 488 0028 00       		.byte	0
 489 0029 04       		.uleb128 0x4
 490 002a 16       		.uleb128 0x16
 491 002b 00       		.byte	0
 492 002c 03       		.uleb128 0x3
 493 002d 0E       		.uleb128 0xe
 494 002e 3A       		.uleb128 0x3a
 495 002f 0B       		.uleb128 0xb
 496 0030 3B       		.uleb128 0x3b
 497 0031 0B       		.uleb128 0xb
 498 0032 49       		.uleb128 0x49
 499 0033 13       		.uleb128 0x13
 500 0034 00       		.byte	0
 501 0035 00       		.byte	0
 502 0036 05       		.uleb128 0x5
 503 0037 04       		.uleb128 0x4
 504 0038 01       		.byte	0x1
 505 0039 0B       		.uleb128 0xb
 506 003a 0B       		.uleb128 0xb
ARM GAS  /tmp/ccGchWqC.s 			page 10


 507 003b 3A       		.uleb128 0x3a
 508 003c 0B       		.uleb128 0xb
 509 003d 3B       		.uleb128 0x3b
 510 003e 0B       		.uleb128 0xb
 511 003f 01       		.uleb128 0x1
 512 0040 13       		.uleb128 0x13
 513 0041 00       		.byte	0
 514 0042 00       		.byte	0
 515 0043 06       		.uleb128 0x6
 516 0044 28       		.uleb128 0x28
 517 0045 00       		.byte	0
 518 0046 03       		.uleb128 0x3
 519 0047 0E       		.uleb128 0xe
 520 0048 1C       		.uleb128 0x1c
 521 0049 0D       		.uleb128 0xd
 522 004a 00       		.byte	0
 523 004b 00       		.byte	0
 524 004c 07       		.uleb128 0x7
 525 004d 13       		.uleb128 0x13
 526 004e 01       		.byte	0x1
 527 004f 03       		.uleb128 0x3
 528 0050 0E       		.uleb128 0xe
 529 0051 0B       		.uleb128 0xb
 530 0052 0B       		.uleb128 0xb
 531 0053 3A       		.uleb128 0x3a
 532 0054 0B       		.uleb128 0xb
 533 0055 3B       		.uleb128 0x3b
 534 0056 0B       		.uleb128 0xb
 535 0057 01       		.uleb128 0x1
 536 0058 13       		.uleb128 0x13
 537 0059 00       		.byte	0
 538 005a 00       		.byte	0
 539 005b 08       		.uleb128 0x8
 540 005c 0D       		.uleb128 0xd
 541 005d 00       		.byte	0
 542 005e 03       		.uleb128 0x3
 543 005f 0E       		.uleb128 0xe
 544 0060 3A       		.uleb128 0x3a
 545 0061 0B       		.uleb128 0xb
 546 0062 3B       		.uleb128 0x3b
 547 0063 0B       		.uleb128 0xb
 548 0064 49       		.uleb128 0x49
 549 0065 13       		.uleb128 0x13
 550 0066 38       		.uleb128 0x38
 551 0067 0B       		.uleb128 0xb
 552 0068 00       		.byte	0
 553 0069 00       		.byte	0
 554 006a 09       		.uleb128 0x9
 555 006b 0D       		.uleb128 0xd
 556 006c 00       		.byte	0
 557 006d 03       		.uleb128 0x3
 558 006e 08       		.uleb128 0x8
 559 006f 3A       		.uleb128 0x3a
 560 0070 0B       		.uleb128 0xb
 561 0071 3B       		.uleb128 0x3b
 562 0072 0B       		.uleb128 0xb
 563 0073 49       		.uleb128 0x49
ARM GAS  /tmp/ccGchWqC.s 			page 11


 564 0074 13       		.uleb128 0x13
 565 0075 38       		.uleb128 0x38
 566 0076 0B       		.uleb128 0xb
 567 0077 00       		.byte	0
 568 0078 00       		.byte	0
 569 0079 0A       		.uleb128 0xa
 570 007a 13       		.uleb128 0x13
 571 007b 01       		.byte	0x1
 572 007c 03       		.uleb128 0x3
 573 007d 0E       		.uleb128 0xe
 574 007e 0B       		.uleb128 0xb
 575 007f 05       		.uleb128 0x5
 576 0080 3A       		.uleb128 0x3a
 577 0081 0B       		.uleb128 0xb
 578 0082 3B       		.uleb128 0x3b
 579 0083 0B       		.uleb128 0xb
 580 0084 01       		.uleb128 0x1
 581 0085 13       		.uleb128 0x13
 582 0086 00       		.byte	0
 583 0087 00       		.byte	0
 584 0088 0B       		.uleb128 0xb
 585 0089 0D       		.uleb128 0xd
 586 008a 00       		.byte	0
 587 008b 03       		.uleb128 0x3
 588 008c 08       		.uleb128 0x8
 589 008d 3A       		.uleb128 0x3a
 590 008e 0B       		.uleb128 0xb
 591 008f 3B       		.uleb128 0x3b
 592 0090 0B       		.uleb128 0xb
 593 0091 49       		.uleb128 0x49
 594 0092 13       		.uleb128 0x13
 595 0093 38       		.uleb128 0x38
 596 0094 05       		.uleb128 0x5
 597 0095 00       		.byte	0
 598 0096 00       		.byte	0
 599 0097 0C       		.uleb128 0xc
 600 0098 01       		.uleb128 0x1
 601 0099 01       		.byte	0x1
 602 009a 49       		.uleb128 0x49
 603 009b 13       		.uleb128 0x13
 604 009c 01       		.uleb128 0x1
 605 009d 13       		.uleb128 0x13
 606 009e 00       		.byte	0
 607 009f 00       		.byte	0
 608 00a0 0D       		.uleb128 0xd
 609 00a1 21       		.uleb128 0x21
 610 00a2 00       		.byte	0
 611 00a3 49       		.uleb128 0x49
 612 00a4 13       		.uleb128 0x13
 613 00a5 2F       		.uleb128 0x2f
 614 00a6 0B       		.uleb128 0xb
 615 00a7 00       		.byte	0
 616 00a8 00       		.byte	0
 617 00a9 0E       		.uleb128 0xe
 618 00aa 2E       		.uleb128 0x2e
 619 00ab 00       		.byte	0
 620 00ac 3F       		.uleb128 0x3f
ARM GAS  /tmp/ccGchWqC.s 			page 12


 621 00ad 19       		.uleb128 0x19
 622 00ae 03       		.uleb128 0x3
 623 00af 0E       		.uleb128 0xe
 624 00b0 3A       		.uleb128 0x3a
 625 00b1 0B       		.uleb128 0xb
 626 00b2 3B       		.uleb128 0x3b
 627 00b3 0B       		.uleb128 0xb
 628 00b4 27       		.uleb128 0x27
 629 00b5 19       		.uleb128 0x19
 630 00b6 11       		.uleb128 0x11
 631 00b7 01       		.uleb128 0x1
 632 00b8 12       		.uleb128 0x12
 633 00b9 06       		.uleb128 0x6
 634 00ba 40       		.uleb128 0x40
 635 00bb 18       		.uleb128 0x18
 636 00bc 9742     		.uleb128 0x2117
 637 00be 19       		.uleb128 0x19
 638 00bf 00       		.byte	0
 639 00c0 00       		.byte	0
 640 00c1 0F       		.uleb128 0xf
 641 00c2 34       		.uleb128 0x34
 642 00c3 00       		.byte	0
 643 00c4 03       		.uleb128 0x3
 644 00c5 0E       		.uleb128 0xe
 645 00c6 3A       		.uleb128 0x3a
 646 00c7 0B       		.uleb128 0xb
 647 00c8 3B       		.uleb128 0x3b
 648 00c9 0B       		.uleb128 0xb
 649 00ca 49       		.uleb128 0x49
 650 00cb 13       		.uleb128 0x13
 651 00cc 3F       		.uleb128 0x3f
 652 00cd 19       		.uleb128 0x19
 653 00ce 02       		.uleb128 0x2
 654 00cf 18       		.uleb128 0x18
 655 00d0 00       		.byte	0
 656 00d1 00       		.byte	0
 657 00d2 00       		.byte	0
 658              		.section	.debug_aranges,"",%progbits
 659 0000 1C000000 		.4byte	0x1c
 660 0004 0200     		.2byte	0x2
 661 0006 00000000 		.4byte	.Ldebug_info0
 662 000a 04       		.byte	0x4
 663 000b 00       		.byte	0
 664 000c 0000     		.2byte	0
 665 000e 0000     		.2byte	0
 666 0010 00000000 		.4byte	.LFB7
 667 0014 02000000 		.4byte	.LFE7-.LFB7
 668 0018 00000000 		.4byte	0
 669 001c 00000000 		.4byte	0
 670              		.section	.debug_ranges,"",%progbits
 671              	.Ldebug_ranges0:
 672 0000 00000000 		.4byte	.LFB7
 673 0004 02000000 		.4byte	.LFE7
 674 0008 00000000 		.4byte	0
 675 000c 00000000 		.4byte	0
 676              		.section	.debug_line,"",%progbits
 677              	.Ldebug_line0:
ARM GAS  /tmp/ccGchWqC.s 			page 13


 678 0000 05010000 		.section	.debug_str,"MS",%progbits,1
 678      0200F000 
 678      00000201 
 678      FB0E0D00 
 678      01010101 
 679              	.LASF50:
 680 0000 73746174 		.ascii	"stats_\000"
 680      735F00
 681              	.LASF53:
 682 0007 69705F66 		.ascii	"ip_frag\000"
 682      72616700 
 683              	.LASF3:
 684 000f 73686F72 		.ascii	"short int\000"
 684      7420696E 
 684      7400
 685              	.LASF20:
 686 0019 4D454D50 		.ascii	"MEMP_TCP_SEG\000"
 686      5F544350 
 686      5F534547 
 686      00
 687              	.LASF41:
 688 0026 73746174 		.ascii	"stats_proto\000"
 688      735F7072 
 688      6F746F00 
 689              	.LASF12:
 690 0032 73697A65 		.ascii	"sizetype\000"
 690      74797065 
 690      00
 691              	.LASF31:
 692 003b 786D6974 		.ascii	"xmit\000"
 692      00
 693              	.LASF26:
 694 0040 4D454D50 		.ascii	"MEMP_TCPIP_MSG_INPKT\000"
 694      5F544350 
 694      49505F4D 
 694      53475F49 
 694      4E504B54 
 695              	.LASF9:
 696 0055 5F5F7569 		.ascii	"__uint16_t\000"
 696      6E743136 
 696      5F7400
 697              	.LASF42:
 698 0060 73746174 		.ascii	"stats_mem\000"
 698      735F6D65 
 698      6D00
 699              	.LASF35:
 700 006a 6C656E65 		.ascii	"lenerr\000"
 700      727200
 701              	.LASF27:
 702 0071 4D454D50 		.ascii	"MEMP_SYS_TIMEOUT\000"
 702      5F535953 
 702      5F54494D 
 702      454F5554 
 702      00
 703              	.LASF22:
 704 0082 4D454D50 		.ascii	"MEMP_FRAG_PBUF\000"
 704      5F465241 
ARM GAS  /tmp/ccGchWqC.s 			page 14


 704      475F5042 
 704      554600
 705              	.LASF40:
 706 0091 63616368 		.ascii	"cachehit\000"
 706      65686974 
 706      00
 707              	.LASF19:
 708 009a 4D454D50 		.ascii	"MEMP_TCP_PCB_LISTEN\000"
 708      5F544350 
 708      5F504342 
 708      5F4C4953 
 708      54454E00 
 709              	.LASF51:
 710 00ae 6C696E6B 		.ascii	"link\000"
 710      00
 711              	.LASF7:
 712 00b3 6C6F6E67 		.ascii	"long long int\000"
 712      206C6F6E 
 712      6720696E 
 712      7400
 713              	.LASF5:
 714 00c1 6C6F6E67 		.ascii	"long int\000"
 714      20696E74 
 714      00
 715              	.LASF15:
 716 00ca 6D656D5F 		.ascii	"mem_size_t\000"
 716      73697A65 
 716      5F7400
 717              	.LASF36:
 718 00d5 6D656D65 		.ascii	"memerr\000"
 718      727200
 719              	.LASF33:
 720 00dc 64726F70 		.ascii	"drop\000"
 720      00
 721              	.LASF2:
 722 00e1 756E7369 		.ascii	"unsigned char\000"
 722      676E6564 
 722      20636861 
 722      7200
 723              	.LASF30:
 724 00ef 4D454D50 		.ascii	"MEMP_MAX\000"
 724      5F4D4158 
 724      00
 725              	.LASF1:
 726 00f8 7369676E 		.ascii	"signed char\000"
 726      65642063 
 726      68617200 
 727              	.LASF47:
 728 0104 73746174 		.ascii	"stats_sys\000"
 728      735F7379 
 728      7300
 729              	.LASF8:
 730 010e 6C6F6E67 		.ascii	"long long unsigned int\000"
 730      206C6F6E 
 730      6720756E 
 730      7369676E 
 730      65642069 
ARM GAS  /tmp/ccGchWqC.s 			page 15


 731              	.LASF34:
 732 0125 63686B65 		.ascii	"chkerr\000"
 732      727200
 733              	.LASF10:
 734 012c 75696E74 		.ascii	"uint16_t\000"
 734      31365F74 
 734      00
 735              	.LASF39:
 736 0135 6F707465 		.ascii	"opterr\000"
 736      727200
 737              	.LASF48:
 738 013c 6D757465 		.ascii	"mutex\000"
 738      7800
 739              	.LASF4:
 740 0142 73686F72 		.ascii	"short unsigned int\000"
 740      7420756E 
 740      7369676E 
 740      65642069 
 740      6E7400
 741              	.LASF21:
 742 0155 4D454D50 		.ascii	"MEMP_REASSDATA\000"
 742      5F524541 
 742      53534441 
 742      544100
 743              	.LASF13:
 744 0164 63686172 		.ascii	"char\000"
 744      00
 745              	.LASF58:
 746 0169 2F686F6D 		.ascii	"/home/caroline/Documents/PAF/ChibiOS_2.6.4/demos/AR"
 746      652F6361 
 746      726F6C69 
 746      6E652F44 
 746      6F63756D 
 747 019c 4D434D34 		.ascii	"MCM4-STM32F407-LWIP\000"
 747      2D53544D 
 747      33324634 
 747      30372D4C 
 747      57495000 
 748              	.LASF25:
 749 01b0 4D454D50 		.ascii	"MEMP_TCPIP_MSG_API\000"
 749      5F544350 
 749      49505F4D 
 749      53475F41 
 749      504900
 750              	.LASF60:
 751 01c3 6C776970 		.ascii	"lwip_stats\000"
 751      5F737461 
 751      747300
 752              	.LASF38:
 753 01ce 70726F74 		.ascii	"proterr\000"
 753      65727200 
 754              	.LASF49:
 755 01d6 6D626F78 		.ascii	"mbox\000"
 755      00
 756              	.LASF11:
 757 01db 5F426F6F 		.ascii	"_Bool\000"
 757      6C00
ARM GAS  /tmp/ccGchWqC.s 			page 16


 758              	.LASF45:
 759 01e1 696C6C65 		.ascii	"illegal\000"
 759      67616C00 
 760              	.LASF28:
 761 01e9 4D454D50 		.ascii	"MEMP_PBUF\000"
 761      5F504255 
 761      4600
 762              	.LASF32:
 763 01f3 72656376 		.ascii	"recv\000"
 763      00
 764              	.LASF59:
 765 01f8 73746174 		.ascii	"stats_init\000"
 765      735F696E 
 765      697400
 766              	.LASF46:
 767 0203 73746174 		.ascii	"stats_syselem\000"
 767      735F7379 
 767      73656C65 
 767      6D00
 768              	.LASF6:
 769 0211 6C6F6E67 		.ascii	"long unsigned int\000"
 769      20756E73 
 769      69676E65 
 769      6420696E 
 769      7400
 770              	.LASF55:
 771 0223 6D656D70 		.ascii	"memp\000"
 771      00
 772              	.LASF16:
 773 0228 4D454D50 		.ascii	"MEMP_RAW_PCB\000"
 773      5F524157 
 773      5F504342 
 773      00
 774              	.LASF37:
 775 0235 72746572 		.ascii	"rterr\000"
 775      7200
 776              	.LASF56:
 777 023b 474E5520 		.ascii	"GNU C 4.8.2 -mcpu=cortex-m4 -mno-thumb-interwork -m"
 777      4320342E 
 777      382E3220 
 777      2D6D6370 
 777      753D636F 
 778 026e 7468756D 		.ascii	"thumb -ggdb -O2 -std=gnu99 -fomit-frame-pointer -fa"
 778      62202D67 
 778      67646220 
 778      2D4F3220 
 778      2D737464 
 779 02a1 6C69676E 		.ascii	"lign-functions=16 -ffunction-sections -fdata-sectio"
 779      2D66756E 
 779      6374696F 
 779      6E733D31 
 779      36202D66 
 780 02d4 6E73202D 		.ascii	"ns -fno-common\000"
 780      666E6F2D 
 780      636F6D6D 
 780      6F6E00
 781              	.LASF14:
ARM GAS  /tmp/ccGchWqC.s 			page 17


 782 02e3 7531365F 		.ascii	"u16_t\000"
 782      7400
 783              	.LASF29:
 784 02e9 4D454D50 		.ascii	"MEMP_PBUF_POOL\000"
 784      5F504255 
 784      465F504F 
 784      4F4C00
 785              	.LASF44:
 786 02f8 75736564 		.ascii	"used\000"
 786      00
 787              	.LASF43:
 788 02fd 61766169 		.ascii	"avail\000"
 788      6C00
 789              	.LASF24:
 790 0303 4D454D50 		.ascii	"MEMP_NETCONN\000"
 790      5F4E4554 
 790      434F4E4E 
 790      00
 791              	.LASF18:
 792 0310 4D454D50 		.ascii	"MEMP_TCP_PCB\000"
 792      5F544350 
 792      5F504342 
 792      00
 793              	.LASF52:
 794 031d 65746861 		.ascii	"etharp\000"
 794      727000
 795              	.LASF17:
 796 0324 4D454D50 		.ascii	"MEMP_UDP_PCB\000"
 796      5F554450 
 796      5F504342 
 796      00
 797              	.LASF0:
 798 0331 756E7369 		.ascii	"unsigned int\000"
 798      676E6564 
 798      20696E74 
 798      00
 799              	.LASF54:
 800 033e 69636D70 		.ascii	"icmp\000"
 800      00
 801              	.LASF57:
 802 0343 2E2E2F2E 		.ascii	"../../ext/lwip/src/core/stats.c\000"
 802      2E2F6578 
 802      742F6C77 
 802      69702F73 
 802      72632F63 
 803              	.LASF23:
 804 0363 4D454D50 		.ascii	"MEMP_NETBUF\000"
 804      5F4E4554 
 804      42554600 
 805              		.ident	"GCC: (4.8.2-14ubuntu1+6) 4.8.2"
ARM GAS  /tmp/ccGchWqC.s 			page 18


DEFINED SYMBOLS
                            *ABS*:0000000000000000 stats.c
     /tmp/ccGchWqC.s:19     .text.stats_init:0000000000000000 $t
     /tmp/ccGchWqC.s:25     .text.stats_init:0000000000000000 stats_init
     /tmp/ccGchWqC.s:42     .bss.lwip_stats:0000000000000000 lwip_stats
     /tmp/ccGchWqC.s:39     .bss.lwip_stats:0000000000000000 $d
                     .debug_frame:0000000000000010 $d

NO UNDEFINED SYMBOLS
