ARM GAS  /tmp/ccQitejE.s 			page 1


   1              		.syntax unified
   2              		.cpu cortex-m4
   3              		.fpu softvfp
   4              		.eabi_attribute 20, 1
   5              		.eabi_attribute 21, 1
   6              		.eabi_attribute 23, 3
   7              		.eabi_attribute 24, 1
   8              		.eabi_attribute 25, 1
   9              		.eabi_attribute 26, 1
  10              		.eabi_attribute 30, 2
  11              		.eabi_attribute 34, 1
  12              		.eabi_attribute 18, 4
  13              		.thumb
  14              		.file	"sys.c"
  15              		.text
  16              	.Ltext0:
  17              		.cfi_sections	.debug_frame
  18              		.section	.text.sys_msleep,"ax",%progbits
  19              		.align	2
  20              		.p2align 4,,15
  21              		.global	sys_msleep
  22              		.thumb
  23              		.thumb_func
  24              		.type	sys_msleep, %function
  25              	sys_msleep:
  26              	.LFB7:
  27              		.file 1 "../../ext/lwip/src/core/sys.c"
  28              		.loc 1 56 0
  29              		.cfi_startproc
  30              		@ args = 0, pretend = 0, frame = 8
  31              		@ frame_needed = 0, uses_anonymous_args = 0
  32              	.LVL0:
  33 0000 10B5     		push	{r4, lr}
  34              		.cfi_def_cfa_offset 8
  35              		.cfi_offset 4, -8
  36              		.cfi_offset 14, -4
  37              		.loc 1 57 0
  38 0002 0446     		mov	r4, r0
  39              		.loc 1 56 0
  40 0004 82B0     		sub	sp, sp, #8
  41              		.cfi_def_cfa_offset 16
  42              		.loc 1 57 0
  43 0006 08B9     		cbnz	r0, .L8
  44              	.LVL1:
  45              	.L1:
  46              		.loc 1 65 0
  47 0008 02B0     		add	sp, sp, #8
  48              		@ sp needed
  49 000a 10BD     		pop	{r4, pc}
  50              	.LVL2:
  51              	.L8:
  52              	.LBB2:
  53              		.loc 1 59 0
  54 000c 01A8     		add	r0, sp, #4
  55              	.LVL3:
  56 000e 0021     		movs	r1, #0
  57 0010 FFF7FEFF 		bl	sys_sem_new
ARM GAS  /tmp/ccQitejE.s 			page 2


  58              	.LVL4:
  59              		.loc 1 60 0
  60 0014 0028     		cmp	r0, #0
  61 0016 F7D1     		bne	.L1
  62              		.loc 1 61 0
  63 0018 2146     		mov	r1, r4
  64 001a 01A8     		add	r0, sp, #4
  65              	.LVL5:
  66 001c FFF7FEFF 		bl	sys_arch_sem_wait
  67              	.LVL6:
  68              		.loc 1 62 0
  69 0020 01A8     		add	r0, sp, #4
  70 0022 FFF7FEFF 		bl	sys_sem_free
  71              	.LVL7:
  72              	.LBE2:
  73              		.loc 1 65 0
  74 0026 02B0     		add	sp, sp, #8
  75              		@ sp needed
  76 0028 10BD     		pop	{r4, pc}
  77              		.cfi_endproc
  78              	.LFE7:
  79              		.size	sys_msleep, .-sys_msleep
  80 002a 00BFAFF3 		.text
  80      0080
  81              	.Letext0:
  82              		.file 2 "/usr/include/newlib/machine/_default_types.h"
  83              		.file 3 "/usr/include/newlib/stdint.h"
  84              		.file 4 "../../os/ports/GCC/ARMCMx/chtypes.h"
  85              		.file 5 "../../os/kernel/include/chlists.h"
  86              		.file 6 "../../os/kernel/include/chthreads.h"
  87              		.file 7 "../../os/ports/GCC/ARMCMx/chcore_v7m.h"
  88              		.file 8 "../../os/kernel/include/chsem.h"
  89              		.file 9 "../../os/kernel/include/chmtx.h"
  90              		.file 10 "../../os/various/lwip_bindings/arch/cc.h"
  91              		.file 11 "../../ext/lwip/src/include/lwip/err.h"
  92              		.file 12 "../../os/various/lwip_bindings/arch/sys_arch.h"
  93              		.file 13 "../../ext/lwip/src/include/lwip/sys.h"
  94              		.section	.debug_info,"",%progbits
  95              	.Ldebug_info0:
  96 0000 0B050000 		.4byte	0x50b
  97 0004 0400     		.2byte	0x4
  98 0006 00000000 		.4byte	.Ldebug_abbrev0
  99 000a 04       		.byte	0x4
 100 000b 01       		.uleb128 0x1
 101 000c 8F020000 		.4byte	.LASF73
 102 0010 01       		.byte	0x1
 103 0011 7B000000 		.4byte	.LASF74
 104 0015 91010000 		.4byte	.LASF75
 105 0019 00000000 		.4byte	.Ldebug_ranges0+0
 106 001d 00000000 		.4byte	0
 107 0021 00000000 		.4byte	.Ldebug_line0
 108 0025 02       		.uleb128 0x2
 109 0026 04       		.byte	0x4
 110 0027 05       		.byte	0x5
 111 0028 696E7400 		.ascii	"int\000"
 112 002c 03       		.uleb128 0x3
 113 002d 04       		.byte	0x4
ARM GAS  /tmp/ccQitejE.s 			page 3


 114 002e 07       		.byte	0x7
 115 002f 01010000 		.4byte	.LASF0
 116 0033 04       		.uleb128 0x4
 117 0034 47000000 		.4byte	.LASF2
 118 0038 02       		.byte	0x2
 119 0039 1B       		.byte	0x1b
 120 003a 3E000000 		.4byte	0x3e
 121 003e 03       		.uleb128 0x3
 122 003f 01       		.byte	0x1
 123 0040 06       		.byte	0x6
 124 0041 6F000000 		.4byte	.LASF1
 125 0045 04       		.uleb128 0x4
 126 0046 1D000000 		.4byte	.LASF3
 127 004a 02       		.byte	0x2
 128 004b 1C       		.byte	0x1c
 129 004c 50000000 		.4byte	0x50
 130 0050 03       		.uleb128 0x3
 131 0051 01       		.byte	0x1
 132 0052 08       		.byte	0x8
 133 0053 20020000 		.4byte	.LASF4
 134 0057 03       		.uleb128 0x3
 135 0058 02       		.byte	0x2
 136 0059 05       		.byte	0x5
 137 005a 38020000 		.4byte	.LASF5
 138 005e 03       		.uleb128 0x3
 139 005f 02       		.byte	0x2
 140 0060 07       		.byte	0x7
 141 0061 3F010000 		.4byte	.LASF6
 142 0065 04       		.uleb128 0x4
 143 0066 53030000 		.4byte	.LASF7
 144 006a 02       		.byte	0x2
 145 006b 37       		.byte	0x37
 146 006c 70000000 		.4byte	0x70
 147 0070 03       		.uleb128 0x3
 148 0071 04       		.byte	0x4
 149 0072 05       		.byte	0x5
 150 0073 B3000000 		.4byte	.LASF8
 151 0077 04       		.uleb128 0x4
 152 0078 E7000000 		.4byte	.LASF9
 153 007c 02       		.byte	0x2
 154 007d 38       		.byte	0x38
 155 007e 82000000 		.4byte	0x82
 156 0082 03       		.uleb128 0x3
 157 0083 04       		.byte	0x4
 158 0084 07       		.byte	0x7
 159 0085 19010000 		.4byte	.LASF10
 160 0089 03       		.uleb128 0x3
 161 008a 08       		.byte	0x8
 162 008b 05       		.byte	0x5
 163 008c 61000000 		.4byte	.LASF11
 164 0090 03       		.uleb128 0x3
 165 0091 08       		.byte	0x8
 166 0092 07       		.byte	0x7
 167 0093 27000000 		.4byte	.LASF12
 168 0097 04       		.uleb128 0x4
 169 0098 64030000 		.4byte	.LASF13
 170 009c 03       		.byte	0x3
ARM GAS  /tmp/ccQitejE.s 			page 4


 171 009d 29       		.byte	0x29
 172 009e 33000000 		.4byte	0x33
 173 00a2 04       		.uleb128 0x4
 174 00a3 93030000 		.4byte	.LASF14
 175 00a7 03       		.byte	0x3
 176 00a8 2A       		.byte	0x2a
 177 00a9 45000000 		.4byte	0x45
 178 00ad 04       		.uleb128 0x4
 179 00ae 18020000 		.4byte	.LASF15
 180 00b2 03       		.byte	0x3
 181 00b3 41       		.byte	0x41
 182 00b4 65000000 		.4byte	0x65
 183 00b8 04       		.uleb128 0x4
 184 00b9 81020000 		.4byte	.LASF16
 185 00bd 03       		.byte	0x3
 186 00be 42       		.byte	0x42
 187 00bf 77000000 		.4byte	0x77
 188 00c3 03       		.uleb128 0x3
 189 00c4 01       		.byte	0x1
 190 00c5 02       		.byte	0x2
 191 00c6 12020000 		.4byte	.LASF17
 192 00ca 04       		.uleb128 0x4
 193 00cb 58010000 		.4byte	.LASF18
 194 00cf 04       		.byte	0x4
 195 00d0 2C       		.byte	0x2c
 196 00d1 A2000000 		.4byte	0xa2
 197 00d5 04       		.uleb128 0x4
 198 00d6 BC000000 		.4byte	.LASF19
 199 00da 04       		.byte	0x4
 200 00db 2D       		.byte	0x2d
 201 00dc A2000000 		.4byte	0xa2
 202 00e0 04       		.uleb128 0x4
 203 00e1 FB010000 		.4byte	.LASF20
 204 00e5 04       		.byte	0x4
 205 00e6 2E       		.byte	0x2e
 206 00e7 A2000000 		.4byte	0xa2
 207 00eb 04       		.uleb128 0x4
 208 00ec A9000000 		.4byte	.LASF21
 209 00f0 04       		.byte	0x4
 210 00f1 2F       		.byte	0x2f
 211 00f2 A2000000 		.4byte	0xa2
 212 00f6 04       		.uleb128 0x4
 213 00f7 0A020000 		.4byte	.LASF22
 214 00fb 04       		.byte	0x4
 215 00fc 30       		.byte	0x30
 216 00fd B8000000 		.4byte	0xb8
 217 0101 04       		.uleb128 0x4
 218 0102 52010000 		.4byte	.LASF23
 219 0106 04       		.byte	0x4
 220 0107 31       		.byte	0x31
 221 0108 AD000000 		.4byte	0xad
 222 010c 04       		.uleb128 0x4
 223 010d 6C010000 		.4byte	.LASF24
 224 0111 04       		.byte	0x4
 225 0112 33       		.byte	0x33
 226 0113 B8000000 		.4byte	0xb8
 227 0117 04       		.uleb128 0x4
ARM GAS  /tmp/ccQitejE.s 			page 5


 228 0118 3E030000 		.4byte	.LASF25
 229 011c 04       		.byte	0x4
 230 011d 35       		.byte	0x35
 231 011e B8000000 		.4byte	0xb8
 232 0122 04       		.uleb128 0x4
 233 0123 FB000000 		.4byte	.LASF26
 234 0127 04       		.byte	0x4
 235 0128 36       		.byte	0x36
 236 0129 AD000000 		.4byte	0xad
 237 012d 04       		.uleb128 0x4
 238 012e 6A020000 		.4byte	.LASF27
 239 0132 05       		.byte	0x5
 240 0133 2A       		.byte	0x2a
 241 0134 38010000 		.4byte	0x138
 242 0138 05       		.uleb128 0x5
 243 0139 6A020000 		.4byte	.LASF27
 244 013d 48       		.byte	0x48
 245 013e 06       		.byte	0x6
 246 013f 5E       		.byte	0x5e
 247 0140 35020000 		.4byte	0x235
 248 0144 06       		.uleb128 0x6
 249 0145 5B020000 		.4byte	.LASF28
 250 0149 06       		.byte	0x6
 251 014a 5F       		.byte	0x5f
 252 014b 56020000 		.4byte	0x256
 253 014f 00       		.byte	0
 254 0150 06       		.uleb128 0x6
 255 0151 03020000 		.4byte	.LASF29
 256 0155 06       		.byte	0x6
 257 0156 61       		.byte	0x61
 258 0157 56020000 		.4byte	0x256
 259 015b 04       		.byte	0x4
 260 015c 06       		.uleb128 0x6
 261 015d 50000000 		.4byte	.LASF30
 262 0161 06       		.byte	0x6
 263 0162 63       		.byte	0x63
 264 0163 F6000000 		.4byte	0xf6
 265 0167 08       		.byte	0x8
 266 0168 06       		.uleb128 0x6
 267 0169 B1030000 		.4byte	.LASF31
 268 016d 06       		.byte	0x6
 269 016e 64       		.byte	0x64
 270 016f 10030000 		.4byte	0x310
 271 0173 0C       		.byte	0xc
 272 0174 06       		.uleb128 0x6
 273 0175 C5000000 		.4byte	.LASF32
 274 0179 06       		.byte	0x6
 275 017a 66       		.byte	0x66
 276 017b 56020000 		.4byte	0x256
 277 017f 10       		.byte	0x10
 278 0180 06       		.uleb128 0x6
 279 0181 E6010000 		.4byte	.LASF33
 280 0185 06       		.byte	0x6
 281 0186 67       		.byte	0x67
 282 0187 56020000 		.4byte	0x256
 283 018b 14       		.byte	0x14
 284 018c 06       		.uleb128 0x6
ARM GAS  /tmp/ccQitejE.s 			page 6


 285 018d A2030000 		.4byte	.LASF34
 286 0191 06       		.byte	0x6
 287 0192 6E       		.byte	0x6e
 288 0193 E4030000 		.4byte	0x3e4
 289 0197 18       		.byte	0x18
 290 0198 06       		.uleb128 0x6
 291 0199 42020000 		.4byte	.LASF35
 292 019d 06       		.byte	0x6
 293 019e 79       		.byte	0x79
 294 019f D5000000 		.4byte	0xd5
 295 01a3 1C       		.byte	0x1c
 296 01a4 06       		.uleb128 0x6
 297 01a5 62020000 		.4byte	.LASF36
 298 01a9 06       		.byte	0x6
 299 01aa 7D       		.byte	0x7d
 300 01ab CA000000 		.4byte	0xca
 301 01af 1D       		.byte	0x1d
 302 01b0 06       		.uleb128 0x6
 303 01b1 8C030000 		.4byte	.LASF37
 304 01b5 06       		.byte	0x6
 305 01b6 82       		.byte	0x82
 306 01b7 E0000000 		.4byte	0xe0
 307 01bb 1E       		.byte	0x1e
 308 01bc 06       		.uleb128 0x6
 309 01bd 4A020000 		.4byte	.LASF38
 310 01c1 06       		.byte	0x6
 311 01c2 88       		.byte	0x88
 312 01c3 EB000000 		.4byte	0xeb
 313 01c7 1F       		.byte	0x1f
 314 01c8 06       		.uleb128 0x6
 315 01c9 5D030000 		.4byte	.LASF39
 316 01cd 06       		.byte	0x6
 317 01ce 8F       		.byte	0x8f
 318 01cf 38030000 		.4byte	0x338
 319 01d3 20       		.byte	0x20
 320 01d4 07       		.uleb128 0x7
 321 01d5 705F7500 		.ascii	"p_u\000"
 322 01d9 06       		.byte	0x6
 323 01da B4       		.byte	0xb4
 324 01db AF030000 		.4byte	0x3af
 325 01df 24       		.byte	0x24
 326 01e0 06       		.uleb128 0x6
 327 01e1 B7030000 		.4byte	.LASF40
 328 01e5 06       		.byte	0x6
 329 01e6 B9       		.byte	0xb9
 330 01e7 7C020000 		.4byte	0x27c
 331 01eb 28       		.byte	0x28
 332 01ec 06       		.uleb128 0x6
 333 01ed 6B030000 		.4byte	.LASF41
 334 01f1 06       		.byte	0x6
 335 01f2 BF       		.byte	0xbf
 336 01f3 5C020000 		.4byte	0x25c
 337 01f7 2C       		.byte	0x2c
 338 01f8 06       		.uleb128 0x6
 339 01f9 07000000 		.4byte	.LASF42
 340 01fd 06       		.byte	0x6
 341 01fe C3       		.byte	0xc3
ARM GAS  /tmp/ccQitejE.s 			page 7


 342 01ff 01010000 		.4byte	0x101
 343 0203 34       		.byte	0x34
 344 0204 06       		.uleb128 0x6
 345 0205 76020000 		.4byte	.LASF43
 346 0209 06       		.byte	0x6
 347 020a C9       		.byte	0xc9
 348 020b 0C010000 		.4byte	0x10c
 349 020f 38       		.byte	0x38
 350 0210 06       		.uleb128 0x6
 351 0211 2E020000 		.4byte	.LASF44
 352 0215 06       		.byte	0x6
 353 0216 D0       		.byte	0xd0
 354 0217 F6030000 		.4byte	0x3f6
 355 021b 3C       		.byte	0x3c
 356 021c 06       		.uleb128 0x6
 357 021d 48030000 		.4byte	.LASF45
 358 0221 06       		.byte	0x6
 359 0222 D4       		.byte	0xd4
 360 0223 F6000000 		.4byte	0xf6
 361 0227 40       		.byte	0x40
 362 0228 06       		.uleb128 0x6
 363 0229 99000000 		.4byte	.LASF46
 364 022d 06       		.byte	0x6
 365 022e DA       		.byte	0xda
 366 022f 92020000 		.4byte	0x292
 367 0233 44       		.byte	0x44
 368 0234 00       		.byte	0
 369 0235 08       		.uleb128 0x8
 370 0236 08       		.byte	0x8
 371 0237 05       		.byte	0x5
 372 0238 61       		.byte	0x61
 373 0239 56020000 		.4byte	0x256
 374 023d 06       		.uleb128 0x6
 375 023e 5B020000 		.4byte	.LASF28
 376 0242 05       		.byte	0x5
 377 0243 62       		.byte	0x62
 378 0244 56020000 		.4byte	0x256
 379 0248 00       		.byte	0
 380 0249 06       		.uleb128 0x6
 381 024a 03020000 		.4byte	.LASF29
 382 024e 05       		.byte	0x5
 383 024f 64       		.byte	0x64
 384 0250 56020000 		.4byte	0x256
 385 0254 04       		.byte	0x4
 386 0255 00       		.byte	0
 387 0256 09       		.uleb128 0x9
 388 0257 04       		.byte	0x4
 389 0258 2D010000 		.4byte	0x12d
 390 025c 04       		.uleb128 0x4
 391 025d EE010000 		.4byte	.LASF47
 392 0261 05       		.byte	0x5
 393 0262 66       		.byte	0x66
 394 0263 35020000 		.4byte	0x235
 395 0267 08       		.uleb128 0x8
 396 0268 04       		.byte	0x4
 397 0269 05       		.byte	0x5
 398 026a 6B       		.byte	0x6b
ARM GAS  /tmp/ccQitejE.s 			page 8


 399 026b 7C020000 		.4byte	0x27c
 400 026f 06       		.uleb128 0x6
 401 0270 5B020000 		.4byte	.LASF28
 402 0274 05       		.byte	0x5
 403 0275 6D       		.byte	0x6d
 404 0276 56020000 		.4byte	0x256
 405 027a 00       		.byte	0
 406 027b 00       		.byte	0
 407 027c 04       		.uleb128 0x4
 408 027d 60010000 		.4byte	.LASF48
 409 0281 05       		.byte	0x5
 410 0282 70       		.byte	0x70
 411 0283 67020000 		.4byte	0x267
 412 0287 04       		.uleb128 0x4
 413 0288 F2000000 		.4byte	.LASF49
 414 028c 07       		.byte	0x7
 415 028d E5       		.byte	0xe5
 416 028e 92020000 		.4byte	0x292
 417 0292 0A       		.uleb128 0xa
 418 0293 04       		.byte	0x4
 419 0294 0B       		.uleb128 0xb
 420 0295 00000000 		.4byte	.LASF50
 421 0299 24       		.byte	0x24
 422 029a 07       		.byte	0x7
 423 029b 0C01     		.2byte	0x10c
 424 029d 10030000 		.4byte	0x310
 425 02a1 0C       		.uleb128 0xc
 426 02a2 723400   		.ascii	"r4\000"
 427 02a5 07       		.byte	0x7
 428 02a6 1F01     		.2byte	0x11f
 429 02a8 87020000 		.4byte	0x287
 430 02ac 00       		.byte	0
 431 02ad 0C       		.uleb128 0xc
 432 02ae 723500   		.ascii	"r5\000"
 433 02b1 07       		.byte	0x7
 434 02b2 2001     		.2byte	0x120
 435 02b4 87020000 		.4byte	0x287
 436 02b8 04       		.byte	0x4
 437 02b9 0C       		.uleb128 0xc
 438 02ba 723600   		.ascii	"r6\000"
 439 02bd 07       		.byte	0x7
 440 02be 2101     		.2byte	0x121
 441 02c0 87020000 		.4byte	0x287
 442 02c4 08       		.byte	0x8
 443 02c5 0C       		.uleb128 0xc
 444 02c6 723700   		.ascii	"r7\000"
 445 02c9 07       		.byte	0x7
 446 02ca 2201     		.2byte	0x122
 447 02cc 87020000 		.4byte	0x287
 448 02d0 0C       		.byte	0xc
 449 02d1 0C       		.uleb128 0xc
 450 02d2 723800   		.ascii	"r8\000"
 451 02d5 07       		.byte	0x7
 452 02d6 2301     		.2byte	0x123
 453 02d8 87020000 		.4byte	0x287
 454 02dc 10       		.byte	0x10
 455 02dd 0C       		.uleb128 0xc
ARM GAS  /tmp/ccQitejE.s 			page 9


 456 02de 723900   		.ascii	"r9\000"
 457 02e1 07       		.byte	0x7
 458 02e2 2401     		.2byte	0x124
 459 02e4 87020000 		.4byte	0x287
 460 02e8 14       		.byte	0x14
 461 02e9 0C       		.uleb128 0xc
 462 02ea 72313000 		.ascii	"r10\000"
 463 02ee 07       		.byte	0x7
 464 02ef 2501     		.2byte	0x125
 465 02f1 87020000 		.4byte	0x287
 466 02f5 18       		.byte	0x18
 467 02f6 0C       		.uleb128 0xc
 468 02f7 72313100 		.ascii	"r11\000"
 469 02fb 07       		.byte	0x7
 470 02fc 2601     		.2byte	0x126
 471 02fe 87020000 		.4byte	0x287
 472 0302 1C       		.byte	0x1c
 473 0303 0C       		.uleb128 0xc
 474 0304 6C7200   		.ascii	"lr\000"
 475 0307 07       		.byte	0x7
 476 0308 2701     		.2byte	0x127
 477 030a 87020000 		.4byte	0x287
 478 030e 20       		.byte	0x20
 479 030f 00       		.byte	0
 480 0310 0B       		.uleb128 0xb
 481 0311 37010000 		.4byte	.LASF51
 482 0315 04       		.byte	0x4
 483 0316 07       		.byte	0x7
 484 0317 3101     		.2byte	0x131
 485 0319 2B030000 		.4byte	0x32b
 486 031d 0C       		.uleb128 0xc
 487 031e 72313300 		.ascii	"r13\000"
 488 0322 07       		.byte	0x7
 489 0323 3201     		.2byte	0x132
 490 0325 2B030000 		.4byte	0x32b
 491 0329 00       		.byte	0
 492 032a 00       		.byte	0
 493 032b 09       		.uleb128 0x9
 494 032c 04       		.byte	0x4
 495 032d 94020000 		.4byte	0x294
 496 0331 03       		.uleb128 0x3
 497 0332 04       		.byte	0x4
 498 0333 07       		.byte	0x7
 499 0334 DD010000 		.4byte	.LASF52
 500 0338 0D       		.uleb128 0xd
 501 0339 17010000 		.4byte	0x117
 502 033d 05       		.uleb128 0x5
 503 033e 76030000 		.4byte	.LASF53
 504 0342 0C       		.byte	0xc
 505 0343 08       		.byte	0x8
 506 0344 2C       		.byte	0x2c
 507 0345 62030000 		.4byte	0x362
 508 0349 06       		.uleb128 0x6
 509 034a CD000000 		.4byte	.LASF54
 510 034e 08       		.byte	0x8
 511 034f 2D       		.byte	0x2d
 512 0350 5C020000 		.4byte	0x25c
ARM GAS  /tmp/ccQitejE.s 			page 10


 513 0354 00       		.byte	0
 514 0355 06       		.uleb128 0x6
 515 0356 31010000 		.4byte	.LASF55
 516 035a 08       		.byte	0x8
 517 035b 2F       		.byte	0x2f
 518 035c 22010000 		.4byte	0x122
 519 0360 08       		.byte	0x8
 520 0361 00       		.byte	0
 521 0362 04       		.uleb128 0x4
 522 0363 76030000 		.4byte	.LASF53
 523 0367 08       		.byte	0x8
 524 0368 30       		.byte	0x30
 525 0369 3D030000 		.4byte	0x33d
 526 036d 05       		.uleb128 0x5
 527 036e 78010000 		.4byte	.LASF56
 528 0372 10       		.byte	0x10
 529 0373 09       		.byte	0x9
 530 0374 2C       		.byte	0x2c
 531 0375 9E030000 		.4byte	0x39e
 532 0379 06       		.uleb128 0x6
 533 037a A1000000 		.4byte	.LASF57
 534 037e 09       		.byte	0x9
 535 037f 2D       		.byte	0x2d
 536 0380 5C020000 		.4byte	0x25c
 537 0384 00       		.byte	0
 538 0385 06       		.uleb128 0x6
 539 0386 A9030000 		.4byte	.LASF58
 540 038a 09       		.byte	0x9
 541 038b 2F       		.byte	0x2f
 542 038c 56020000 		.4byte	0x256
 543 0390 08       		.byte	0x8
 544 0391 06       		.uleb128 0x6
 545 0392 37030000 		.4byte	.LASF59
 546 0396 09       		.byte	0x9
 547 0397 31       		.byte	0x31
 548 0398 9E030000 		.4byte	0x39e
 549 039c 0C       		.byte	0xc
 550 039d 00       		.byte	0
 551 039e 09       		.uleb128 0x9
 552 039f 04       		.byte	0x4
 553 03a0 6D030000 		.4byte	0x36d
 554 03a4 04       		.uleb128 0x4
 555 03a5 78010000 		.4byte	.LASF56
 556 03a9 09       		.byte	0x9
 557 03aa 33       		.byte	0x33
 558 03ab 6D030000 		.4byte	0x36d
 559 03af 0E       		.uleb128 0xe
 560 03b0 04       		.byte	0x4
 561 03b1 06       		.byte	0x6
 562 03b2 96       		.byte	0x96
 563 03b3 E4030000 		.4byte	0x3e4
 564 03b7 0F       		.uleb128 0xf
 565 03b8 0D000000 		.4byte	.LASF60
 566 03bc 06       		.byte	0x6
 567 03bd 9D       		.byte	0x9d
 568 03be 01010000 		.4byte	0x101
 569 03c2 0F       		.uleb128 0xf
ARM GAS  /tmp/ccQitejE.s 			page 11


 570 03c3 3E000000 		.4byte	.LASF61
 571 03c7 06       		.byte	0x6
 572 03c8 A4       		.byte	0xa4
 573 03c9 01010000 		.4byte	0x101
 574 03cd 0F       		.uleb128 0xf
 575 03ce 9B030000 		.4byte	.LASF62
 576 03d2 06       		.byte	0x6
 577 03d3 AB       		.byte	0xab
 578 03d4 92020000 		.4byte	0x292
 579 03d8 0F       		.uleb128 0xf
 580 03d9 54020000 		.4byte	.LASF63
 581 03dd 06       		.byte	0x6
 582 03de B2       		.byte	0xb2
 583 03df 0C010000 		.4byte	0x10c
 584 03e3 00       		.byte	0
 585 03e4 09       		.uleb128 0x9
 586 03e5 04       		.byte	0x4
 587 03e6 EA030000 		.4byte	0x3ea
 588 03ea 10       		.uleb128 0x10
 589 03eb EF030000 		.4byte	0x3ef
 590 03ef 03       		.uleb128 0x3
 591 03f0 01       		.byte	0x1
 592 03f1 08       		.byte	0x8
 593 03f2 8A020000 		.4byte	.LASF64
 594 03f6 09       		.uleb128 0x9
 595 03f7 04       		.byte	0x4
 596 03f8 A4030000 		.4byte	0x3a4
 597 03fc 04       		.uleb128 0x4
 598 03fd D8010000 		.4byte	.LASF65
 599 0401 0A       		.byte	0xa
 600 0402 38       		.byte	0x38
 601 0403 A2000000 		.4byte	0xa2
 602 0407 04       		.uleb128 0x4
 603 0408 71020000 		.4byte	.LASF66
 604 040c 0A       		.byte	0xa
 605 040d 39       		.byte	0x39
 606 040e 97000000 		.4byte	0x97
 607 0412 04       		.uleb128 0x4
 608 0413 2B010000 		.4byte	.LASF67
 609 0417 0A       		.byte	0xa
 610 0418 3C       		.byte	0x3c
 611 0419 B8000000 		.4byte	0xb8
 612 041d 04       		.uleb128 0x4
 613 041e 8B010000 		.4byte	.LASF68
 614 0422 0B       		.byte	0xb
 615 0423 2F       		.byte	0x2f
 616 0424 07040000 		.4byte	0x407
 617 0428 04       		.uleb128 0x4
 618 0429 57000000 		.4byte	.LASF69
 619 042d 0C       		.byte	0xc
 620 042e 38       		.byte	0x38
 621 042f 33040000 		.4byte	0x433
 622 0433 09       		.uleb128 0x9
 623 0434 04       		.byte	0x4
 624 0435 62030000 		.4byte	0x362
 625 0439 11       		.uleb128 0x11
 626 043a 0E010000 		.4byte	.LASF76
ARM GAS  /tmp/ccQitejE.s 			page 12


 627 043e 01       		.byte	0x1
 628 043f 37       		.byte	0x37
 629 0440 00000000 		.4byte	.LFB7
 630 0444 2A000000 		.4byte	.LFE7-.LFB7
 631 0448 01       		.uleb128 0x1
 632 0449 9C       		.byte	0x9c
 633 044a C7040000 		.4byte	0x4c7
 634 044e 12       		.uleb128 0x12
 635 044f 6D7300   		.ascii	"ms\000"
 636 0452 01       		.byte	0x1
 637 0453 37       		.byte	0x37
 638 0454 12040000 		.4byte	0x412
 639 0458 00000000 		.4byte	.LLST0
 640 045c 13       		.uleb128 0x13
 641 045d 0C000000 		.4byte	.LBB2
 642 0461 1A000000 		.4byte	.LBE2-.LBB2
 643 0465 14       		.uleb128 0x14
 644 0466 14000000 		.4byte	.LASF70
 645 046a 01       		.byte	0x1
 646 046b 3A       		.byte	0x3a
 647 046c 28040000 		.4byte	0x428
 648 0470 02       		.uleb128 0x2
 649 0471 91       		.byte	0x91
 650 0472 74       		.sleb128 -12
 651 0473 15       		.uleb128 0x15
 652 0474 65727200 		.ascii	"err\000"
 653 0478 01       		.byte	0x1
 654 0479 3B       		.byte	0x3b
 655 047a 1D040000 		.4byte	0x41d
 656 047e 34000000 		.4byte	.LLST1
 657 0482 16       		.uleb128 0x16
 658 0483 14000000 		.4byte	.LVL4
 659 0487 C7040000 		.4byte	0x4c7
 660 048b 9B040000 		.4byte	0x49b
 661 048f 17       		.uleb128 0x17
 662 0490 01       		.uleb128 0x1
 663 0491 51       		.byte	0x51
 664 0492 01       		.uleb128 0x1
 665 0493 30       		.byte	0x30
 666 0494 17       		.uleb128 0x17
 667 0495 01       		.uleb128 0x1
 668 0496 50       		.byte	0x50
 669 0497 02       		.uleb128 0x2
 670 0498 91       		.byte	0x91
 671 0499 74       		.sleb128 -12
 672 049a 00       		.byte	0
 673 049b 16       		.uleb128 0x16
 674 049c 20000000 		.4byte	.LVL6
 675 04a0 E7040000 		.4byte	0x4e7
 676 04a4 B5040000 		.4byte	0x4b5
 677 04a8 17       		.uleb128 0x17
 678 04a9 01       		.uleb128 0x1
 679 04aa 51       		.byte	0x51
 680 04ab 02       		.uleb128 0x2
 681 04ac 74       		.byte	0x74
 682 04ad 00       		.sleb128 0
 683 04ae 17       		.uleb128 0x17
ARM GAS  /tmp/ccQitejE.s 			page 13


 684 04af 01       		.uleb128 0x1
 685 04b0 50       		.byte	0x50
 686 04b1 02       		.uleb128 0x2
 687 04b2 91       		.byte	0x91
 688 04b3 74       		.sleb128 -12
 689 04b4 00       		.byte	0
 690 04b5 18       		.uleb128 0x18
 691 04b6 26000000 		.4byte	.LVL7
 692 04ba 01050000 		.4byte	0x501
 693 04be 17       		.uleb128 0x17
 694 04bf 01       		.uleb128 0x1
 695 04c0 50       		.byte	0x50
 696 04c1 02       		.uleb128 0x2
 697 04c2 91       		.byte	0x91
 698 04c3 74       		.sleb128 -12
 699 04c4 00       		.byte	0
 700 04c5 00       		.byte	0
 701 04c6 00       		.byte	0
 702 04c7 19       		.uleb128 0x19
 703 04c8 80030000 		.4byte	.LASF71
 704 04cc 0D       		.byte	0xd
 705 04cd 8B       		.byte	0x8b
 706 04ce 1D040000 		.4byte	0x41d
 707 04d2 E1040000 		.4byte	0x4e1
 708 04d6 1A       		.uleb128 0x1a
 709 04d7 E1040000 		.4byte	0x4e1
 710 04db 1A       		.uleb128 0x1a
 711 04dc FC030000 		.4byte	0x3fc
 712 04e0 00       		.byte	0
 713 04e1 09       		.uleb128 0x9
 714 04e2 04       		.byte	0x4
 715 04e3 28040000 		.4byte	0x428
 716 04e7 19       		.uleb128 0x19
 717 04e8 D5000000 		.4byte	.LASF72
 718 04ec 0D       		.byte	0xd
 719 04ed 97       		.byte	0x97
 720 04ee 12040000 		.4byte	0x412
 721 04f2 01050000 		.4byte	0x501
 722 04f6 1A       		.uleb128 0x1a
 723 04f7 E1040000 		.4byte	0x4e1
 724 04fb 1A       		.uleb128 0x1a
 725 04fc 12040000 		.4byte	0x412
 726 0500 00       		.byte	0
 727 0501 1B       		.uleb128 0x1b
 728 0502 7E010000 		.4byte	.LASF77
 729 0506 0D       		.byte	0xd
 730 0507 9A       		.byte	0x9a
 731 0508 1A       		.uleb128 0x1a
 732 0509 E1040000 		.4byte	0x4e1
 733 050d 00       		.byte	0
 734 050e 00       		.byte	0
 735              		.section	.debug_abbrev,"",%progbits
 736              	.Ldebug_abbrev0:
 737 0000 01       		.uleb128 0x1
 738 0001 11       		.uleb128 0x11
 739 0002 01       		.byte	0x1
 740 0003 25       		.uleb128 0x25
ARM GAS  /tmp/ccQitejE.s 			page 14


 741 0004 0E       		.uleb128 0xe
 742 0005 13       		.uleb128 0x13
 743 0006 0B       		.uleb128 0xb
 744 0007 03       		.uleb128 0x3
 745 0008 0E       		.uleb128 0xe
 746 0009 1B       		.uleb128 0x1b
 747 000a 0E       		.uleb128 0xe
 748 000b 55       		.uleb128 0x55
 749 000c 17       		.uleb128 0x17
 750 000d 11       		.uleb128 0x11
 751 000e 01       		.uleb128 0x1
 752 000f 10       		.uleb128 0x10
 753 0010 17       		.uleb128 0x17
 754 0011 00       		.byte	0
 755 0012 00       		.byte	0
 756 0013 02       		.uleb128 0x2
 757 0014 24       		.uleb128 0x24
 758 0015 00       		.byte	0
 759 0016 0B       		.uleb128 0xb
 760 0017 0B       		.uleb128 0xb
 761 0018 3E       		.uleb128 0x3e
 762 0019 0B       		.uleb128 0xb
 763 001a 03       		.uleb128 0x3
 764 001b 08       		.uleb128 0x8
 765 001c 00       		.byte	0
 766 001d 00       		.byte	0
 767 001e 03       		.uleb128 0x3
 768 001f 24       		.uleb128 0x24
 769 0020 00       		.byte	0
 770 0021 0B       		.uleb128 0xb
 771 0022 0B       		.uleb128 0xb
 772 0023 3E       		.uleb128 0x3e
 773 0024 0B       		.uleb128 0xb
 774 0025 03       		.uleb128 0x3
 775 0026 0E       		.uleb128 0xe
 776 0027 00       		.byte	0
 777 0028 00       		.byte	0
 778 0029 04       		.uleb128 0x4
 779 002a 16       		.uleb128 0x16
 780 002b 00       		.byte	0
 781 002c 03       		.uleb128 0x3
 782 002d 0E       		.uleb128 0xe
 783 002e 3A       		.uleb128 0x3a
 784 002f 0B       		.uleb128 0xb
 785 0030 3B       		.uleb128 0x3b
 786 0031 0B       		.uleb128 0xb
 787 0032 49       		.uleb128 0x49
 788 0033 13       		.uleb128 0x13
 789 0034 00       		.byte	0
 790 0035 00       		.byte	0
 791 0036 05       		.uleb128 0x5
 792 0037 13       		.uleb128 0x13
 793 0038 01       		.byte	0x1
 794 0039 03       		.uleb128 0x3
 795 003a 0E       		.uleb128 0xe
 796 003b 0B       		.uleb128 0xb
 797 003c 0B       		.uleb128 0xb
ARM GAS  /tmp/ccQitejE.s 			page 15


 798 003d 3A       		.uleb128 0x3a
 799 003e 0B       		.uleb128 0xb
 800 003f 3B       		.uleb128 0x3b
 801 0040 0B       		.uleb128 0xb
 802 0041 01       		.uleb128 0x1
 803 0042 13       		.uleb128 0x13
 804 0043 00       		.byte	0
 805 0044 00       		.byte	0
 806 0045 06       		.uleb128 0x6
 807 0046 0D       		.uleb128 0xd
 808 0047 00       		.byte	0
 809 0048 03       		.uleb128 0x3
 810 0049 0E       		.uleb128 0xe
 811 004a 3A       		.uleb128 0x3a
 812 004b 0B       		.uleb128 0xb
 813 004c 3B       		.uleb128 0x3b
 814 004d 0B       		.uleb128 0xb
 815 004e 49       		.uleb128 0x49
 816 004f 13       		.uleb128 0x13
 817 0050 38       		.uleb128 0x38
 818 0051 0B       		.uleb128 0xb
 819 0052 00       		.byte	0
 820 0053 00       		.byte	0
 821 0054 07       		.uleb128 0x7
 822 0055 0D       		.uleb128 0xd
 823 0056 00       		.byte	0
 824 0057 03       		.uleb128 0x3
 825 0058 08       		.uleb128 0x8
 826 0059 3A       		.uleb128 0x3a
 827 005a 0B       		.uleb128 0xb
 828 005b 3B       		.uleb128 0x3b
 829 005c 0B       		.uleb128 0xb
 830 005d 49       		.uleb128 0x49
 831 005e 13       		.uleb128 0x13
 832 005f 38       		.uleb128 0x38
 833 0060 0B       		.uleb128 0xb
 834 0061 00       		.byte	0
 835 0062 00       		.byte	0
 836 0063 08       		.uleb128 0x8
 837 0064 13       		.uleb128 0x13
 838 0065 01       		.byte	0x1
 839 0066 0B       		.uleb128 0xb
 840 0067 0B       		.uleb128 0xb
 841 0068 3A       		.uleb128 0x3a
 842 0069 0B       		.uleb128 0xb
 843 006a 3B       		.uleb128 0x3b
 844 006b 0B       		.uleb128 0xb
 845 006c 01       		.uleb128 0x1
 846 006d 13       		.uleb128 0x13
 847 006e 00       		.byte	0
 848 006f 00       		.byte	0
 849 0070 09       		.uleb128 0x9
 850 0071 0F       		.uleb128 0xf
 851 0072 00       		.byte	0
 852 0073 0B       		.uleb128 0xb
 853 0074 0B       		.uleb128 0xb
 854 0075 49       		.uleb128 0x49
ARM GAS  /tmp/ccQitejE.s 			page 16


 855 0076 13       		.uleb128 0x13
 856 0077 00       		.byte	0
 857 0078 00       		.byte	0
 858 0079 0A       		.uleb128 0xa
 859 007a 0F       		.uleb128 0xf
 860 007b 00       		.byte	0
 861 007c 0B       		.uleb128 0xb
 862 007d 0B       		.uleb128 0xb
 863 007e 00       		.byte	0
 864 007f 00       		.byte	0
 865 0080 0B       		.uleb128 0xb
 866 0081 13       		.uleb128 0x13
 867 0082 01       		.byte	0x1
 868 0083 03       		.uleb128 0x3
 869 0084 0E       		.uleb128 0xe
 870 0085 0B       		.uleb128 0xb
 871 0086 0B       		.uleb128 0xb
 872 0087 3A       		.uleb128 0x3a
 873 0088 0B       		.uleb128 0xb
 874 0089 3B       		.uleb128 0x3b
 875 008a 05       		.uleb128 0x5
 876 008b 01       		.uleb128 0x1
 877 008c 13       		.uleb128 0x13
 878 008d 00       		.byte	0
 879 008e 00       		.byte	0
 880 008f 0C       		.uleb128 0xc
 881 0090 0D       		.uleb128 0xd
 882 0091 00       		.byte	0
 883 0092 03       		.uleb128 0x3
 884 0093 08       		.uleb128 0x8
 885 0094 3A       		.uleb128 0x3a
 886 0095 0B       		.uleb128 0xb
 887 0096 3B       		.uleb128 0x3b
 888 0097 05       		.uleb128 0x5
 889 0098 49       		.uleb128 0x49
 890 0099 13       		.uleb128 0x13
 891 009a 38       		.uleb128 0x38
 892 009b 0B       		.uleb128 0xb
 893 009c 00       		.byte	0
 894 009d 00       		.byte	0
 895 009e 0D       		.uleb128 0xd
 896 009f 35       		.uleb128 0x35
 897 00a0 00       		.byte	0
 898 00a1 49       		.uleb128 0x49
 899 00a2 13       		.uleb128 0x13
 900 00a3 00       		.byte	0
 901 00a4 00       		.byte	0
 902 00a5 0E       		.uleb128 0xe
 903 00a6 17       		.uleb128 0x17
 904 00a7 01       		.byte	0x1
 905 00a8 0B       		.uleb128 0xb
 906 00a9 0B       		.uleb128 0xb
 907 00aa 3A       		.uleb128 0x3a
 908 00ab 0B       		.uleb128 0xb
 909 00ac 3B       		.uleb128 0x3b
 910 00ad 0B       		.uleb128 0xb
 911 00ae 01       		.uleb128 0x1
ARM GAS  /tmp/ccQitejE.s 			page 17


 912 00af 13       		.uleb128 0x13
 913 00b0 00       		.byte	0
 914 00b1 00       		.byte	0
 915 00b2 0F       		.uleb128 0xf
 916 00b3 0D       		.uleb128 0xd
 917 00b4 00       		.byte	0
 918 00b5 03       		.uleb128 0x3
 919 00b6 0E       		.uleb128 0xe
 920 00b7 3A       		.uleb128 0x3a
 921 00b8 0B       		.uleb128 0xb
 922 00b9 3B       		.uleb128 0x3b
 923 00ba 0B       		.uleb128 0xb
 924 00bb 49       		.uleb128 0x49
 925 00bc 13       		.uleb128 0x13
 926 00bd 00       		.byte	0
 927 00be 00       		.byte	0
 928 00bf 10       		.uleb128 0x10
 929 00c0 26       		.uleb128 0x26
 930 00c1 00       		.byte	0
 931 00c2 49       		.uleb128 0x49
 932 00c3 13       		.uleb128 0x13
 933 00c4 00       		.byte	0
 934 00c5 00       		.byte	0
 935 00c6 11       		.uleb128 0x11
 936 00c7 2E       		.uleb128 0x2e
 937 00c8 01       		.byte	0x1
 938 00c9 3F       		.uleb128 0x3f
 939 00ca 19       		.uleb128 0x19
 940 00cb 03       		.uleb128 0x3
 941 00cc 0E       		.uleb128 0xe
 942 00cd 3A       		.uleb128 0x3a
 943 00ce 0B       		.uleb128 0xb
 944 00cf 3B       		.uleb128 0x3b
 945 00d0 0B       		.uleb128 0xb
 946 00d1 27       		.uleb128 0x27
 947 00d2 19       		.uleb128 0x19
 948 00d3 11       		.uleb128 0x11
 949 00d4 01       		.uleb128 0x1
 950 00d5 12       		.uleb128 0x12
 951 00d6 06       		.uleb128 0x6
 952 00d7 40       		.uleb128 0x40
 953 00d8 18       		.uleb128 0x18
 954 00d9 9742     		.uleb128 0x2117
 955 00db 19       		.uleb128 0x19
 956 00dc 01       		.uleb128 0x1
 957 00dd 13       		.uleb128 0x13
 958 00de 00       		.byte	0
 959 00df 00       		.byte	0
 960 00e0 12       		.uleb128 0x12
 961 00e1 05       		.uleb128 0x5
 962 00e2 00       		.byte	0
 963 00e3 03       		.uleb128 0x3
 964 00e4 08       		.uleb128 0x8
 965 00e5 3A       		.uleb128 0x3a
 966 00e6 0B       		.uleb128 0xb
 967 00e7 3B       		.uleb128 0x3b
 968 00e8 0B       		.uleb128 0xb
ARM GAS  /tmp/ccQitejE.s 			page 18


 969 00e9 49       		.uleb128 0x49
 970 00ea 13       		.uleb128 0x13
 971 00eb 02       		.uleb128 0x2
 972 00ec 17       		.uleb128 0x17
 973 00ed 00       		.byte	0
 974 00ee 00       		.byte	0
 975 00ef 13       		.uleb128 0x13
 976 00f0 0B       		.uleb128 0xb
 977 00f1 01       		.byte	0x1
 978 00f2 11       		.uleb128 0x11
 979 00f3 01       		.uleb128 0x1
 980 00f4 12       		.uleb128 0x12
 981 00f5 06       		.uleb128 0x6
 982 00f6 00       		.byte	0
 983 00f7 00       		.byte	0
 984 00f8 14       		.uleb128 0x14
 985 00f9 34       		.uleb128 0x34
 986 00fa 00       		.byte	0
 987 00fb 03       		.uleb128 0x3
 988 00fc 0E       		.uleb128 0xe
 989 00fd 3A       		.uleb128 0x3a
 990 00fe 0B       		.uleb128 0xb
 991 00ff 3B       		.uleb128 0x3b
 992 0100 0B       		.uleb128 0xb
 993 0101 49       		.uleb128 0x49
 994 0102 13       		.uleb128 0x13
 995 0103 02       		.uleb128 0x2
 996 0104 18       		.uleb128 0x18
 997 0105 00       		.byte	0
 998 0106 00       		.byte	0
 999 0107 15       		.uleb128 0x15
 1000 0108 34       		.uleb128 0x34
 1001 0109 00       		.byte	0
 1002 010a 03       		.uleb128 0x3
 1003 010b 08       		.uleb128 0x8
 1004 010c 3A       		.uleb128 0x3a
 1005 010d 0B       		.uleb128 0xb
 1006 010e 3B       		.uleb128 0x3b
 1007 010f 0B       		.uleb128 0xb
 1008 0110 49       		.uleb128 0x49
 1009 0111 13       		.uleb128 0x13
 1010 0112 02       		.uleb128 0x2
 1011 0113 17       		.uleb128 0x17
 1012 0114 00       		.byte	0
 1013 0115 00       		.byte	0
 1014 0116 16       		.uleb128 0x16
 1015 0117 898201   		.uleb128 0x4109
 1016 011a 01       		.byte	0x1
 1017 011b 11       		.uleb128 0x11
 1018 011c 01       		.uleb128 0x1
 1019 011d 31       		.uleb128 0x31
 1020 011e 13       		.uleb128 0x13
 1021 011f 01       		.uleb128 0x1
 1022 0120 13       		.uleb128 0x13
 1023 0121 00       		.byte	0
 1024 0122 00       		.byte	0
 1025 0123 17       		.uleb128 0x17
ARM GAS  /tmp/ccQitejE.s 			page 19


 1026 0124 8A8201   		.uleb128 0x410a
 1027 0127 00       		.byte	0
 1028 0128 02       		.uleb128 0x2
 1029 0129 18       		.uleb128 0x18
 1030 012a 9142     		.uleb128 0x2111
 1031 012c 18       		.uleb128 0x18
 1032 012d 00       		.byte	0
 1033 012e 00       		.byte	0
 1034 012f 18       		.uleb128 0x18
 1035 0130 898201   		.uleb128 0x4109
 1036 0133 01       		.byte	0x1
 1037 0134 11       		.uleb128 0x11
 1038 0135 01       		.uleb128 0x1
 1039 0136 31       		.uleb128 0x31
 1040 0137 13       		.uleb128 0x13
 1041 0138 00       		.byte	0
 1042 0139 00       		.byte	0
 1043 013a 19       		.uleb128 0x19
 1044 013b 2E       		.uleb128 0x2e
 1045 013c 01       		.byte	0x1
 1046 013d 3F       		.uleb128 0x3f
 1047 013e 19       		.uleb128 0x19
 1048 013f 03       		.uleb128 0x3
 1049 0140 0E       		.uleb128 0xe
 1050 0141 3A       		.uleb128 0x3a
 1051 0142 0B       		.uleb128 0xb
 1052 0143 3B       		.uleb128 0x3b
 1053 0144 0B       		.uleb128 0xb
 1054 0145 27       		.uleb128 0x27
 1055 0146 19       		.uleb128 0x19
 1056 0147 49       		.uleb128 0x49
 1057 0148 13       		.uleb128 0x13
 1058 0149 3C       		.uleb128 0x3c
 1059 014a 19       		.uleb128 0x19
 1060 014b 01       		.uleb128 0x1
 1061 014c 13       		.uleb128 0x13
 1062 014d 00       		.byte	0
 1063 014e 00       		.byte	0
 1064 014f 1A       		.uleb128 0x1a
 1065 0150 05       		.uleb128 0x5
 1066 0151 00       		.byte	0
 1067 0152 49       		.uleb128 0x49
 1068 0153 13       		.uleb128 0x13
 1069 0154 00       		.byte	0
 1070 0155 00       		.byte	0
 1071 0156 1B       		.uleb128 0x1b
 1072 0157 2E       		.uleb128 0x2e
 1073 0158 01       		.byte	0x1
 1074 0159 3F       		.uleb128 0x3f
 1075 015a 19       		.uleb128 0x19
 1076 015b 03       		.uleb128 0x3
 1077 015c 0E       		.uleb128 0xe
 1078 015d 3A       		.uleb128 0x3a
 1079 015e 0B       		.uleb128 0xb
 1080 015f 3B       		.uleb128 0x3b
 1081 0160 0B       		.uleb128 0xb
 1082 0161 27       		.uleb128 0x27
ARM GAS  /tmp/ccQitejE.s 			page 20


 1083 0162 19       		.uleb128 0x19
 1084 0163 3C       		.uleb128 0x3c
 1085 0164 19       		.uleb128 0x19
 1086 0165 00       		.byte	0
 1087 0166 00       		.byte	0
 1088 0167 00       		.byte	0
 1089              		.section	.debug_loc,"",%progbits
 1090              	.Ldebug_loc0:
 1091              	.LLST0:
 1092 0000 00000000 		.4byte	.LVL0
 1093 0004 08000000 		.4byte	.LVL1
 1094 0008 0100     		.2byte	0x1
 1095 000a 50       		.byte	0x50
 1096 000b 08000000 		.4byte	.LVL1
 1097 000f 0C000000 		.4byte	.LVL2
 1098 0013 0100     		.2byte	0x1
 1099 0015 54       		.byte	0x54
 1100 0016 0C000000 		.4byte	.LVL2
 1101 001a 0E000000 		.4byte	.LVL3
 1102 001e 0100     		.2byte	0x1
 1103 0020 50       		.byte	0x50
 1104 0021 0E000000 		.4byte	.LVL3
 1105 0025 2A000000 		.4byte	.LFE7
 1106 0029 0100     		.2byte	0x1
 1107 002b 54       		.byte	0x54
 1108 002c 00000000 		.4byte	0
 1109 0030 00000000 		.4byte	0
 1110              	.LLST1:
 1111 0034 14000000 		.4byte	.LVL4
 1112 0038 1C000000 		.4byte	.LVL5
 1113 003c 0100     		.2byte	0x1
 1114 003e 50       		.byte	0x50
 1115 003f 00000000 		.4byte	0
 1116 0043 00000000 		.4byte	0
 1117              		.section	.debug_aranges,"",%progbits
 1118 0000 1C000000 		.4byte	0x1c
 1119 0004 0200     		.2byte	0x2
 1120 0006 00000000 		.4byte	.Ldebug_info0
 1121 000a 04       		.byte	0x4
 1122 000b 00       		.byte	0
 1123 000c 0000     		.2byte	0
 1124 000e 0000     		.2byte	0
 1125 0010 00000000 		.4byte	.LFB7
 1126 0014 2A000000 		.4byte	.LFE7-.LFB7
 1127 0018 00000000 		.4byte	0
 1128 001c 00000000 		.4byte	0
 1129              		.section	.debug_ranges,"",%progbits
 1130              	.Ldebug_ranges0:
 1131 0000 00000000 		.4byte	.LFB7
 1132 0004 2A000000 		.4byte	.LFE7
 1133 0008 00000000 		.4byte	0
 1134 000c 00000000 		.4byte	0
 1135              		.section	.debug_line,"",%progbits
 1136              	.Ldebug_line0:
 1137 0000 91010000 		.section	.debug_str,"MS",%progbits,1
 1137      02007101 
 1137      00000201 
ARM GAS  /tmp/ccQitejE.s 			page 21


 1137      FB0E0D00 
 1137      01010101 
 1138              	.LASF50:
 1139 0000 696E7463 		.ascii	"intctx\000"
 1139      747800
 1140              	.LASF42:
 1141 0007 705F6D73 		.ascii	"p_msg\000"
 1141      6700
 1142              	.LASF60:
 1143 000d 7264796D 		.ascii	"rdymsg\000"
 1143      736700
 1144              	.LASF70:
 1145 0014 64656C61 		.ascii	"delaysem\000"
 1145      7973656D 
 1145      00
 1146              	.LASF3:
 1147 001d 5F5F7569 		.ascii	"__uint8_t\000"
 1147      6E74385F 
 1147      7400
 1148              	.LASF12:
 1149 0027 6C6F6E67 		.ascii	"long long unsigned int\000"
 1149      206C6F6E 
 1149      6720756E 
 1149      7369676E 
 1149      65642069 
 1150              	.LASF61:
 1151 003e 65786974 		.ascii	"exitcode\000"
 1151      636F6465 
 1151      00
 1152              	.LASF2:
 1153 0047 5F5F696E 		.ascii	"__int8_t\000"
 1153      74385F74 
 1153      00
 1154              	.LASF30:
 1155 0050 705F7072 		.ascii	"p_prio\000"
 1155      696F00
 1156              	.LASF69:
 1157 0057 7379735F 		.ascii	"sys_sem_t\000"
 1157      73656D5F 
 1157      7400
 1158              	.LASF11:
 1159 0061 6C6F6E67 		.ascii	"long long int\000"
 1159      206C6F6E 
 1159      6720696E 
 1159      7400
 1160              	.LASF1:
 1161 006f 7369676E 		.ascii	"signed char\000"
 1161      65642063 
 1161      68617200 
 1162              	.LASF74:
 1163 007b 2E2E2F2E 		.ascii	"../../ext/lwip/src/core/sys.c\000"
 1163      2E2F6578 
 1163      742F6C77 
 1163      69702F73 
 1163      72632F63 
 1164              	.LASF46:
 1165 0099 705F6D70 		.ascii	"p_mpool\000"
ARM GAS  /tmp/ccQitejE.s 			page 22


 1165      6F6F6C00 
 1166              	.LASF57:
 1167 00a1 6D5F7175 		.ascii	"m_queue\000"
 1167      65756500 
 1168              	.LASF21:
 1169 00a9 74736C69 		.ascii	"tslices_t\000"
 1169      6365735F 
 1169      7400
 1170              	.LASF8:
 1171 00b3 6C6F6E67 		.ascii	"long int\000"
 1171      20696E74 
 1171      00
 1172              	.LASF19:
 1173 00bc 74737461 		.ascii	"tstate_t\000"
 1173      74655F74 
 1173      00
 1174              	.LASF32:
 1175 00c5 705F6E65 		.ascii	"p_newer\000"
 1175      77657200 
 1176              	.LASF54:
 1177 00cd 735F7175 		.ascii	"s_queue\000"
 1177      65756500 
 1178              	.LASF72:
 1179 00d5 7379735F 		.ascii	"sys_arch_sem_wait\000"
 1179      61726368 
 1179      5F73656D 
 1179      5F776169 
 1179      7400
 1180              	.LASF9:
 1181 00e7 5F5F7569 		.ascii	"__uint32_t\000"
 1181      6E743332 
 1181      5F7400
 1182              	.LASF49:
 1183 00f2 72656761 		.ascii	"regarm_t\000"
 1183      726D5F74 
 1183      00
 1184              	.LASF26:
 1185 00fb 636E745F 		.ascii	"cnt_t\000"
 1185      7400
 1186              	.LASF0:
 1187 0101 756E7369 		.ascii	"unsigned int\000"
 1187      676E6564 
 1187      20696E74 
 1187      00
 1188              	.LASF76:
 1189 010e 7379735F 		.ascii	"sys_msleep\000"
 1189      6D736C65 
 1189      657000
 1190              	.LASF10:
 1191 0119 6C6F6E67 		.ascii	"long unsigned int\000"
 1191      20756E73 
 1191      69676E65 
 1191      6420696E 
 1191      7400
 1192              	.LASF67:
 1193 012b 7533325F 		.ascii	"u32_t\000"
 1193      7400
ARM GAS  /tmp/ccQitejE.s 			page 23


 1194              	.LASF55:
 1195 0131 735F636E 		.ascii	"s_cnt\000"
 1195      7400
 1196              	.LASF51:
 1197 0137 636F6E74 		.ascii	"context\000"
 1197      65787400 
 1198              	.LASF6:
 1199 013f 73686F72 		.ascii	"short unsigned int\000"
 1199      7420756E 
 1199      7369676E 
 1199      65642069 
 1199      6E7400
 1200              	.LASF23:
 1201 0152 6D73675F 		.ascii	"msg_t\000"
 1201      7400
 1202              	.LASF18:
 1203 0158 746D6F64 		.ascii	"tmode_t\000"
 1203      655F7400 
 1204              	.LASF48:
 1205 0160 54687265 		.ascii	"ThreadsList\000"
 1205      6164734C 
 1205      69737400 
 1206              	.LASF24:
 1207 016c 6576656E 		.ascii	"eventmask_t\000"
 1207      746D6173 
 1207      6B5F7400 
 1208              	.LASF56:
 1209 0178 4D757465 		.ascii	"Mutex\000"
 1209      7800
 1210              	.LASF77:
 1211 017e 7379735F 		.ascii	"sys_sem_free\000"
 1211      73656D5F 
 1211      66726565 
 1211      00
 1212              	.LASF68:
 1213 018b 6572725F 		.ascii	"err_t\000"
 1213      7400
 1214              	.LASF75:
 1215 0191 2F686F6D 		.ascii	"/home/caroline/Documents/PAF/ChibiOS_2.6.4/demos/AR"
 1215      652F6361 
 1215      726F6C69 
 1215      6E652F44 
 1215      6F63756D 
 1216 01c4 4D434D34 		.ascii	"MCM4-STM32F407-LWIP\000"
 1216      2D53544D 
 1216      33324634 
 1216      30372D4C 
 1216      57495000 
 1217              	.LASF65:
 1218 01d8 75385F74 		.ascii	"u8_t\000"
 1218      00
 1219              	.LASF52:
 1220 01dd 73697A65 		.ascii	"sizetype\000"
 1220      74797065 
 1220      00
 1221              	.LASF33:
 1222 01e6 705F6F6C 		.ascii	"p_older\000"
ARM GAS  /tmp/ccQitejE.s 			page 24


 1222      64657200 
 1223              	.LASF47:
 1224 01ee 54687265 		.ascii	"ThreadsQueue\000"
 1224      61647351 
 1224      75657565 
 1224      00
 1225              	.LASF20:
 1226 01fb 74726566 		.ascii	"trefs_t\000"
 1226      735F7400 
 1227              	.LASF29:
 1228 0203 705F7072 		.ascii	"p_prev\000"
 1228      657600
 1229              	.LASF22:
 1230 020a 74707269 		.ascii	"tprio_t\000"
 1230      6F5F7400 
 1231              	.LASF17:
 1232 0212 5F426F6F 		.ascii	"_Bool\000"
 1232      6C00
 1233              	.LASF15:
 1234 0218 696E7433 		.ascii	"int32_t\000"
 1234      325F7400 
 1235              	.LASF4:
 1236 0220 756E7369 		.ascii	"unsigned char\000"
 1236      676E6564 
 1236      20636861 
 1236      7200
 1237              	.LASF44:
 1238 022e 705F6D74 		.ascii	"p_mtxlist\000"
 1238      786C6973 
 1238      7400
 1239              	.LASF5:
 1240 0238 73686F72 		.ascii	"short int\000"
 1240      7420696E 
 1240      7400
 1241              	.LASF35:
 1242 0242 705F7374 		.ascii	"p_state\000"
 1242      61746500 
 1243              	.LASF38:
 1244 024a 705F7072 		.ascii	"p_preempt\000"
 1244      65656D70 
 1244      7400
 1245              	.LASF63:
 1246 0254 65776D61 		.ascii	"ewmask\000"
 1246      736B00
 1247              	.LASF28:
 1248 025b 705F6E65 		.ascii	"p_next\000"
 1248      787400
 1249              	.LASF36:
 1250 0262 705F666C 		.ascii	"p_flags\000"
 1250      61677300 
 1251              	.LASF27:
 1252 026a 54687265 		.ascii	"Thread\000"
 1252      616400
 1253              	.LASF66:
 1254 0271 73385F74 		.ascii	"s8_t\000"
 1254      00
 1255              	.LASF43:
ARM GAS  /tmp/ccQitejE.s 			page 25


 1256 0276 705F6570 		.ascii	"p_epending\000"
 1256      656E6469 
 1256      6E6700
 1257              	.LASF16:
 1258 0281 75696E74 		.ascii	"uint32_t\000"
 1258      33325F74 
 1258      00
 1259              	.LASF64:
 1260 028a 63686172 		.ascii	"char\000"
 1260      00
 1261              	.LASF73:
 1262 028f 474E5520 		.ascii	"GNU C 4.8.2 -mcpu=cortex-m4 -mno-thumb-interwork -m"
 1262      4320342E 
 1262      382E3220 
 1262      2D6D6370 
 1262      753D636F 
 1263 02c2 7468756D 		.ascii	"thumb -ggdb -O2 -std=gnu99 -fomit-frame-pointer -fa"
 1263      62202D67 
 1263      67646220 
 1263      2D4F3220 
 1263      2D737464 
 1264 02f5 6C69676E 		.ascii	"lign-functions=16 -ffunction-sections -fdata-sectio"
 1264      2D66756E 
 1264      6374696F 
 1264      6E733D31 
 1264      36202D66 
 1265 0328 6E73202D 		.ascii	"ns -fno-common\000"
 1265      666E6F2D 
 1265      636F6D6D 
 1265      6F6E00
 1266              	.LASF59:
 1267 0337 6D5F6E65 		.ascii	"m_next\000"
 1267      787400
 1268              	.LASF25:
 1269 033e 73797374 		.ascii	"systime_t\000"
 1269      696D655F 
 1269      7400
 1270              	.LASF45:
 1271 0348 705F7265 		.ascii	"p_realprio\000"
 1271      616C7072 
 1271      696F00
 1272              	.LASF7:
 1273 0353 5F5F696E 		.ascii	"__int32_t\000"
 1273      7433325F 
 1273      7400
 1274              	.LASF39:
 1275 035d 705F7469 		.ascii	"p_time\000"
 1275      6D6500
 1276              	.LASF13:
 1277 0364 696E7438 		.ascii	"int8_t\000"
 1277      5F7400
 1278              	.LASF41:
 1279 036b 705F6D73 		.ascii	"p_msgqueue\000"
 1279      67717565 
 1279      756500
 1280              	.LASF53:
 1281 0376 53656D61 		.ascii	"Semaphore\000"
ARM GAS  /tmp/ccQitejE.s 			page 26


 1281      70686F72 
 1281      6500
 1282              	.LASF71:
 1283 0380 7379735F 		.ascii	"sys_sem_new\000"
 1283      73656D5F 
 1283      6E657700 
 1284              	.LASF37:
 1285 038c 705F7265 		.ascii	"p_refs\000"
 1285      667300
 1286              	.LASF14:
 1287 0393 75696E74 		.ascii	"uint8_t\000"
 1287      385F7400 
 1288              	.LASF62:
 1289 039b 77746F62 		.ascii	"wtobjp\000"
 1289      6A7000
 1290              	.LASF34:
 1291 03a2 705F6E61 		.ascii	"p_name\000"
 1291      6D6500
 1292              	.LASF58:
 1293 03a9 6D5F6F77 		.ascii	"m_owner\000"
 1293      6E657200 
 1294              	.LASF31:
 1295 03b1 705F6374 		.ascii	"p_ctx\000"
 1295      7800
 1296              	.LASF40:
 1297 03b7 705F7761 		.ascii	"p_waiting\000"
 1297      6974696E 
 1297      6700
 1298              		.ident	"GCC: (4.8.2-14ubuntu1+6) 4.8.2"
ARM GAS  /tmp/ccQitejE.s 			page 27


DEFINED SYMBOLS
                            *ABS*:0000000000000000 sys.c
     /tmp/ccQitejE.s:19     .text.sys_msleep:0000000000000000 $t
     /tmp/ccQitejE.s:25     .text.sys_msleep:0000000000000000 sys_msleep
                     .debug_frame:0000000000000010 $d

UNDEFINED SYMBOLS
sys_sem_new
sys_arch_sem_wait
sys_sem_free
